2023-12-06 22:00:47.092 [info] Added views:workbench.panel.markers.view in workbench.panel.markers
2023-12-06 22:00:47.092 [info] Added views:workbench.panel.output in workbench.panel.output
2023-12-06 22:00:47.092 [info] Added views:terminal in terminal
2023-12-06 22:00:47.092 [info] Added views:outline in workbench.view.explorer
2023-12-06 22:00:47.092 [info] Added views:workbench.scm in workbench.view.scm
2023-12-06 22:00:47.092 [info] Added views:workbench.view.search in workbench.view.search
2023-12-06 22:00:47.092 [info] Added views:timeline in workbench.view.explorer
2023-12-06 22:00:47.092 [info] Added views:workbench.explorer.openEditorsView,workbench.explorer.emptyView in workbench.view.explorer
2023-12-06 22:00:47.496 [info] Added views:workbench.debug.variablesView,workbench.debug.watchExpressionsView,workbench.debug.callStackView,workbench.debug.breakPointsView in workbench.view.debug
2023-12-06 22:00:48.268 [info] Added views:pr:github,issues:github in workbench.view.extension.github-pull-requests
2023-12-06 22:00:48.898 [info] Added views:workbench.panel.repl.view in workbench.panel.repl
2023-12-06 22:00:48.898 [info] Removed views:workbench.debug.breakPointsView,workbench.debug.callStackView,workbench.debug.watchExpressionsView,workbench.debug.variablesView from workbench.view.debug
2023-12-06 22:00:48.904 [info] Added views:workbench.debug.welcome in workbench.view.debug
2023-12-06 22:00:49.144 [info] Added views:~remote.forwardedPorts in ~remote.forwardedPortsContainer
2023-12-06 22:01:01.103 [info] Added views:workbench.panel.markers.view in workbench.panel.markers
2023-12-06 22:01:01.103 [info] Added views:workbench.panel.output in workbench.panel.output
2023-12-06 22:01:01.103 [info] Added views:terminal in terminal
2023-12-06 22:01:01.103 [info] Added views:outline in workbench.view.explorer
2023-12-06 22:01:01.103 [info] Added views:workbench.scm in workbench.view.scm
2023-12-06 22:01:01.103 [info] Added views:workbench.view.search in workbench.view.search
2023-12-06 22:01:01.103 [info] Added views:timeline in workbench.view.explorer
2023-12-06 22:01:01.103 [info] Added views:workbench.explorer.openEditorsView,workbench.explorer.fileView in workbench.view.explorer
2023-12-06 22:01:01.580 [info] Added views:workbench.debug.welcome in workbench.view.debug
2023-12-06 22:01:02.189 [info] Added views:pr:github,issues:github in workbench.view.extension.github-pull-requests
2023-12-06 22:01:03.620 [info] Added views:workbench.panel.repl.view in workbench.panel.repl
2023-12-06 22:01:07.341 [info] Added views:~remote.forwardedPorts in ~remote.forwardedPortsContainer
2023-12-06 22:01:08.306 [info] Added views:workbench.view.testing in workbench.view.extension.test
2023-12-06 22:01:14.233 [info] Added views:workbench.panel.comments in workbench.panel.comments
2023-12-06 22:01:15.879 [info] Added views:github:activePullRequest:welcome in workbench.view.extension.github-pull-request
2023-12-06 22:01:15.908 [info] Added views:prStatus:github,github:activePullRequest in workbench.view.extension.github-pull-request
2023-12-06 22:01:16.629 [info] Removed views:github:activePullRequest:welcome from workbench.view.extension.github-pull-request
2023-12-06 22:06:08.622 [info] Added views:workbench.views.extensions.installed,workbench.views.extensions.popular,extensions.recommendedList in workbench.view.extensions
2023-12-06 22:06:08.628 [info] Removed views:workbench.views.extensions.popular from workbench.view.extensions
2023-12-06 22:06:13.151 [info] Removed views:extensions.recommendedList,workbench.views.extensions.installed from workbench.view.extensions
2023-12-06 22:06:13.175 [info] Added views:workbench.views.extensions.marketplace in workbench.view.extensions
2023-12-06 22:10:02.630 [info] Removed views:workbench.views.extensions.marketplace from workbench.view.extensions
2023-12-06 22:10:02.654 [info] Added views:workbench.views.extensions.installed,extensions.recommendedList in workbench.view.extensions
2023-12-06 22:10:08.458 [info] Removed views:extensions.recommendedList,workbench.views.extensions.installed from workbench.view.extensions
2023-12-06 22:10:08.470 [info] Added views:workbench.views.extensions.marketplace in workbench.view.extensions
2023-12-06 22:41:53.123 [info] Removed views:workbench.view.testing from workbench.view.extension.test
