2023-11-30 16:57:22.020 [warning] /home/main/.ssh/config: ENOENT: no such file or directory, open '/home/main/.ssh/config'
2023-11-30 16:57:22.020 [info] Activation> Extension version: 0.76.1
2023-11-30 16:57:22.738 [info] Looking for git repository
2023-11-30 16:57:22.738 [info] Found 0 repositories during activation
2023-11-30 16:57:22.738 [info] Git repository found, initializing review manager and pr tree view.
2023-11-30 16:57:22.749 [info] Registering git provider
2023-11-30 16:57:22.749 [info] Review> Validate state in progress
2023-11-30 16:57:22.749 [info] Review> Validating state...
2023-11-30 16:57:22.800 [info] Found GitHub remote for folder /home/main/Desktop/uni/oop/assignment_1_OOP
2023-11-30 16:57:23.218 [info] Trying to use globalState for assignableUsers.
2023-11-30 16:57:23.353 [info] Using globalState assignableUsers for 2.
2023-11-30 16:57:23.422 [info] Repo state for file:///home/main/Desktop/uni/oop/assignment_1_OOP changed.
2023-11-30 16:57:23.422 [info] Repo file:///home/main/Desktop/uni/oop/assignment_1_OOP has already been setup.
2023-11-30 16:57:23.425 [info] Review> No matching pull request metadata found locally for current branch main
2023-11-30 16:57:24.120 [info] Review> No matching pull request metadata found on GitHub for current branch main
2023-11-30 17:03:57.101 [info] Review> Validate state in progress
2023-11-30 17:03:57.103 [info] Review> Validating state...
2023-11-30 17:03:57.252 [info] Found GitHub remote for folder /home/main/Desktop/uni/oop/assignment_1_OOP
2023-11-30 17:03:57.254 [info] Using in-memory cached assignable users.
2023-11-30 17:03:57.361 [info] Review> No matching pull request metadata found locally for current branch main
2023-11-30 17:03:57.977 [info] Review> No matching pull request metadata found on GitHub for current branch main
2023-11-30 17:04:04.211 [info] Review> Validate state in progress
2023-11-30 17:04:04.211 [info] Review> Validating state...
2023-11-30 17:04:04.263 [info] Found GitHub remote for folder /home/main/Desktop/uni/oop/assignment_1_OOP
2023-11-30 17:04:04.264 [info] Using in-memory cached assignable users.
2023-11-30 17:04:04.445 [info] Review> No matching pull request metadata found locally for current branch main
2023-11-30 17:04:05.157 [info] Review> No matching pull request metadata found on GitHub for current branch main
2023-11-30 17:26:17.502 [info] Review> Validate state in progress
2023-11-30 17:26:17.503 [info] Review> Validating state...
2023-11-30 17:26:17.848 [info] Found GitHub remote for folder /home/main/Desktop/uni/oop/assignment_1_OOP
2023-11-30 17:26:17.853 [info] Using in-memory cached assignable users.
2023-11-30 17:26:17.982 [info] Review> No matching pull request metadata found locally for current branch main
2023-11-30 17:26:18.579 [info] Review> No matching pull request metadata found on GitHub for current branch main
2023-11-30 17:26:31.772 [info] Review> Validate state in progress
2023-11-30 17:26:31.772 [info] Review> Validating state...
2023-11-30 17:26:31.931 [info] Found GitHub remote for folder /home/main/Desktop/uni/oop/assignment_1_OOP
2023-11-30 17:26:31.933 [info] Using in-memory cached assignable users.
2023-11-30 17:26:32.075 [info] Review> No matching pull request metadata found locally for current branch main
2023-11-30 17:26:32.769 [info] Review> No matching pull request metadata found on GitHub for current branch main
2023-11-30 17:26:37.589 [info] Review> Validate state in progress
2023-11-30 17:26:37.589 [info] Review> Validating state...
2023-11-30 17:26:37.642 [info] Found GitHub remote for folder /home/main/Desktop/uni/oop/assignment_1_OOP
2023-11-30 17:26:37.644 [info] Using in-memory cached assignable users.
2023-11-30 17:26:37.799 [info] Review> No matching pull request metadata found locally for current branch main
2023-11-30 17:26:38.420 [info] Review> No matching pull request metadata found on GitHub for current branch main
