2023-12-06 23:16:06.620 [info] Log level: Info
2023-12-06 23:16:06.621 [info] Validating found git in: "git"
2023-12-06 23:16:06.621 [info] Using git "2.43.0" from "git"
2023-12-06 23:16:06.621 [info] > git rev-parse --show-toplevel [84ms]
2023-12-06 23:16:06.621 [info] fatal: not a git repository (or any of the parent directories): .git
2023-12-06 23:16:06.621 [info] > git rev-parse --show-toplevel [15ms]
2023-12-06 23:16:06.621 [info] fatal: not a git repository (or any of the parent directories): .git
2023-12-06 23:16:06.630 [info] > git rev-parse --show-toplevel [13ms]
2023-12-06 23:16:06.630 [info] fatal: not a git repository (or any of the parent directories): .git
2023-12-06 23:16:06.689 [info] > git rev-parse --show-toplevel [23ms]
2023-12-06 23:16:06.689 [info] fatal: not a git repository (or any of the parent directories): .git
2023-12-06 23:16:06.716 [info] > git rev-parse --show-toplevel [8ms]
2023-12-06 23:16:06.716 [info] fatal: not a git repository (or any of the parent directories): .git
2023-12-06 23:16:06.760 [info] > git rev-parse --show-toplevel [5ms]
2023-12-06 23:16:06.760 [info] fatal: not a git repository (or any of the parent directories): .git
2023-12-06 23:16:06.785 [info] > git rev-parse --show-toplevel [8ms]
2023-12-06 23:16:06.785 [info] fatal: not a git repository (or any of the parent directories): .git
2023-12-06 23:16:06.808 [info] > git rev-parse --show-toplevel [3ms]
2023-12-06 23:16:06.808 [info] fatal: not a git repository (or any of the parent directories): .git
2023-12-06 23:16:20.562 [info] > git rev-parse --show-toplevel [3ms]
2023-12-06 23:16:20.562 [info] fatal: not a git repository (or any of the parent directories): .git
2023-12-06 23:16:29.219 [info] > git rev-parse --show-toplevel [4ms]
2023-12-06 23:16:29.247 [info] > git rev-parse --git-dir --git-common-dir [2ms]
2023-12-06 23:16:29.296 [info] Open repository: /home/main/Desktop/uni/oop/assignment_1_OOP
2023-12-06 23:16:29.350 [info] > git config --get commit.template [7ms]
2023-12-06 23:16:29.379 [info] > git for-each-ref --format=%(refname)%00%(upstream:short)%00%(objectname)%00%(upstream:track)%00%(upstream:remotename)%00%(upstream:remoteref) refs/heads/main refs/remotes/main [6ms]
2023-12-06 23:16:29.404 [info] > git status -z -uall [4ms]
2023-12-06 23:16:29.531 [info] > git config --get commit.template [38ms]
2023-12-06 23:16:29.571 [info] > git for-each-ref --format=%(refname)%00%(upstream:short)%00%(objectname)%00%(upstream:track)%00%(upstream:remotename)%00%(upstream:remoteref) refs/heads/main refs/remotes/main [9ms]
2023-12-06 23:16:29.606 [info] > git status -z -uall [7ms]
2023-12-06 23:16:29.939 [info] > git show --textconv :src/model_saver.py [29ms]
2023-12-06 23:16:29.945 [info] > git ls-files --stage -- /home/main/Desktop/uni/oop/assignment_1_OOP/src/model_saver.py [10ms]
2023-12-06 23:16:29.972 [info] > git cat-file -s 0727e46b5e6506d37c8aca3b6df34b82b5269303 [3ms]
2023-12-06 23:16:30.619 [info] > git check-ignore -v -z --stdin [3ms]
2023-12-06 23:16:30.623 [info] > git config --local branch.main.github-pr-owner-number [233ms]
2023-12-06 23:16:30.653 [info] > git config --get commit.template [4ms]
2023-12-06 23:16:30.703 [info] > git ls-files --stage -- /home/main/Desktop/uni/oop/assignment_1_OOP/src/model_saver.py [31ms]
2023-12-06 23:16:30.719 [info] > git fetch [1423ms]
2023-12-06 23:16:30.719 [info] Missing or invalid credentials.
Skip silent fetch commands
git@github.com: Permission denied (publickey).
fatal: Could not read from remote repository.

Please make sure you have the correct access rights
and the repository exists.
2023-12-06 23:16:30.757 [info] > git cat-file -s 0727e46b5e6506d37c8aca3b6df34b82b5269303 [39ms]
2023-12-06 23:16:30.760 [info] > git config --get commit.template [4ms]
2023-12-06 23:16:30.760 [info] > git for-each-ref --format=%(refname)%00%(upstream:short)%00%(objectname)%00%(upstream:track)%00%(upstream:remotename)%00%(upstream:remoteref) refs/heads/main refs/remotes/main [20ms]
2023-12-06 23:16:30.816 [info] > git show --textconv :src/model_saver.py [15ms]
2023-12-06 23:16:30.818 [info] > git for-each-ref --format=%(refname)%00%(upstream:short)%00%(objectname)%00%(upstream:track)%00%(upstream:remotename)%00%(upstream:remoteref) refs/heads/main refs/remotes/main [4ms]
2023-12-06 23:16:30.835 [info] > git status -z -uall [3ms]
2023-12-06 23:16:32.702 [info] > git show --textconv e7de2ef916f7d711b54ef03ac5509bfe98318616:main.py [132ms]
2023-12-06 23:16:32.702 [info] > git show --textconv e7de2ef916f7d711b54ef03ac5509bfe98318616:requirements.txt [117ms]
2023-12-06 23:16:32.702 [info] > git show --textconv e7de2ef916f7d711b54ef03ac5509bfe98318616:src/model_saver.py [103ms]
2023-12-06 23:16:32.702 [info] > git show --textconv e7de2ef916f7d711b54ef03ac5509bfe98318616:src/multi_linear_regression.py [91ms]
2023-12-06 23:16:32.702 [info] > git show --textconv e7de2ef916f7d711b54ef03ac5509bfe98318616:src/regression_plotter.py [75ms]
2023-12-06 23:16:32.755 [info] > git diff f2ccac3c2da92e37561692e26d8c7b9d481b5883 -- src/model_saver.py [3ms]
2023-12-06 23:16:32.757 [info] > git diff f2ccac3c2da92e37561692e26d8c7b9d481b5883 -- src/model_saver.py [20ms]
2023-12-06 23:16:33.958 [info] > git ls-files --stage -- /home/main/Desktop/uni/oop/assignment_1_OOP/src/model_saver.py [3ms]
2023-12-06 23:16:33.971 [info] > git cat-file -s 0727e46b5e6506d37c8aca3b6df34b82b5269303 [3ms]
2023-12-06 23:16:33.992 [info] > git show --textconv :src/model_saver.py [2ms]
2023-12-06 23:16:41.411 [info] > git rev-parse --show-toplevel [7ms]
2023-12-06 23:16:41.411 [info] fatal: not a git repository (or any of the parent directories): .git
2023-12-06 23:16:43.220 [info] > git fetch origin main [11429ms]
2023-12-06 23:16:43.220 [info] git@github.com: Permission denied (publickey).
fatal: Could not read from remote repository.

Please make sure you have the correct access rights
and the repository exists.
2023-12-06 23:16:43.246 [info] > git config --get commit.template [11ms]
2023-12-06 23:16:43.246 [info] > git for-each-ref --format=%(refname)%00%(upstream:short)%00%(objectname)%00%(upstream:track)%00%(upstream:remotename)%00%(upstream:remoteref) refs/heads/main refs/remotes/main [1ms]
2023-12-06 23:16:43.258 [info] > git status -z -uall [2ms]
