2023-12-06 23:16:06.688 [info] Name: Flake8
2023-12-06 23:16:06.688 [info] Module: flake8
2023-12-06 23:16:06.688 [info] Python extension loading
2023-12-06 23:16:06.688 [info] Waiting for interpreter from Python extension.
2023-12-06 23:16:06.688 [info] No interpreter found from setting flake8.interpreter
2023-12-06 23:16:06.688 [info] Getting interpreter from ms-python.python extension for workspace /home/main/Desktop/uni
2023-12-06 23:16:06.688 [info] Python extension loaded
2023-12-06 23:16:06.688 [info] Interpreter from ms-python.python extension for /home/main/Desktop/uni: /home/main/Desktop/uni/oop/assignment_1_OOP/.conda/bin/python
2023-12-06 23:16:06.688 [info] No interpreter found from setting flake8.interpreter
2023-12-06 23:16:06.688 [info] Getting interpreter from ms-python.python extension for workspace /home/main/Desktop/uni
2023-12-06 23:16:06.688 [info] Interpreter from ms-python.python extension for /home/main/Desktop/uni: /home/main/Desktop/uni/oop/assignment_1_OOP/.conda/bin/python
2023-12-06 23:16:06.688 [info] Server run command: /home/main/Desktop/uni/oop/assignment_1_OOP/.conda/bin/python /home/main/.vscode-oss/extensions/ms-python.flake8-2023.10.0-universal/bundled/tool/lsp_server.py
2023-12-06 23:16:06.688 [info] Server: Start requested.
2023-12-06 23:16:07.833 [info] CWD Server: /home/main/Desktop/uni
2023-12-06 23:16:07.833 [info] sys.path used to run Server:
   /home/main/.vscode-oss/extensions/ms-python.flake8-2023.10.0-universal/bundled/libs
   /home/main/.vscode-oss/extensions/ms-python.flake8-2023.10.0-universal/bundled/tool
   /home/main/Desktop/uni/oop/assignment_1_OOP/.conda/lib/python310.zip
   /home/main/Desktop/uni/oop/assignment_1_OOP/.conda/lib/python3.10
   /home/main/Desktop/uni/oop/assignment_1_OOP/.conda/lib/python3.10/lib-dynload
   /home/main/Desktop/uni/oop/assignment_1_OOP/.conda/lib/python3.10/site-packages
2023-12-06 23:16:07.834 [info] Settings used to run Server:
[
    {
        "cwd": "/home/main/Desktop/uni",
        "workspace": "file:///home/main/Desktop/uni",
        "args": [],
        "severity": {
            "E": "Error",
            "F": "Error",
            "I": "Information",
            "W": "Warning"
        },
        "path": [],
        "ignorePatterns": [],
        "interpreter": [
            "/home/main/Desktop/uni/oop/assignment_1_OOP/.conda/bin/python"
        ],
        "importStrategy": "useBundled",
        "showNotifications": "off"
    }
]

2023-12-06 23:16:07.834 [info] Global settings:
{
    "cwd": "${workspaceFolder}",
    "workspace": "/home/main",
    "args": [],
    "severity": {
        "E": "Error",
        "F": "Error",
        "I": "Information",
        "W": "Warning"
    },
    "path": [],
    "ignorePatterns": [],
    "interpreter": [],
    "importStrategy": "useBundled",
    "showNotifications": "off"
}

2023-12-06 23:16:07.837 [info] /home/main/Desktop/uni/oop/assignment_1_OOP/.conda/bin/python -m flake8 --version
2023-12-06 23:16:07.837 [info] CWD Linter: /home/main/Desktop/uni
2023-12-06 23:16:07.899 [info] 
6.1.0 (mccabe: 0.7.0, pycodestyle: 2.11.1, pyflakes: 3.1.0) CPython 3.10.13 on
Linux


2023-12-06 23:16:07.899 [info] Version info for linter running for /home/main/Desktop/uni:
6.1.0 (mccabe: 0.7.0, pycodestyle: 2.11.1, pyflakes: 3.1.0) CPython 3.10.13 on
Linux

2023-12-06 23:16:07.899 [info] SUPPORTED flake8>=5.0.0
FOUND flake8==6.1.0

2023-12-06 23:16:07.938 [info] [Trace - 11:16:07 PM] Received notification 'window/logMessage'.
2023-12-06 23:16:07.938 [info] /home/main/Desktop/uni/oop/assignment_1_OOP/.conda/bin/python -m flake8 --format='%(row)d,%(col)d,%(code).1s,%(code)s:%(text)s' /home/main/Desktop/uni/oop/assignment_1_OOP/src/model_saver.py
2023-12-06 23:16:07.938 [info] [Trace - 11:16:07 PM] Received notification 'window/logMessage'.
2023-12-06 23:16:07.938 [info] CWD Linter: /home/main/Desktop/uni
2023-12-06 23:16:07.978 [info] [Trace - 11:16:07 PM] Received notification 'textDocument/publishDiagnostics'.
2023-12-06 23:16:29.185 [info] [Trace - 11:16:29 PM] Sending request 'textDocument/codeAction - (1)'.
2023-12-06 23:16:29.215 [info] [Trace - 11:16:29 PM] Received response 'textDocument/codeAction - (1)' in 30ms.
2023-12-06 23:16:29.511 [info] [Trace - 11:16:29 PM] Sending request 'textDocument/codeAction - (2)'.
2023-12-06 23:16:29.570 [info] [Trace - 11:16:29 PM] Received response 'textDocument/codeAction - (2)' in 59ms.
