2023-12-14 13:16:13.854 [info] Default formatter is set to ms-python.flake8 for workspace /home/main/Desktop/uni
2023-12-14 13:16:13.854 [info] Test server listening.
2023-12-14 13:16:13.854 [info] Python interpreter path: ./oop/assignment_1_OOP/.conda/bin/python
2023-12-14 13:16:13.961 [error] [
  'Failed to activate a workspace, Class name = g, completed in 609ms, has a falsy return value, Arg 1: <Uri:/home/main/Desktop/uni/oop/assignment_1_OOP/src/multi_linear_regression.py>, Return Value: undefined',
  [Error: Extension 'ms-python.python' CANNOT use API proposal: testObserver.
  Its package.json#enabledApiProposals-property declares:  but NOT testObserver.
   The missing proposal MUST be added and you must start in extension development mode or use the following command line switch: --enable-proposed-api ms-python.python
  	at y (/usr/lib/code/out/vs/workbench/api/node/extensionHostProcess.js:122:45185)
  	at get testResults [as testResults] (/usr/lib/code/out/vs/workbench/api/node/extensionHostProcess.js:140:23805)
  	at T.activate (/home/main/.vscode-oss/extensions/ms-python.python-2023.20.0-universal/out/client/extension.js:2:791840)
  	at /home/main/.vscode-oss/extensions/ms-python.python-2023.20.0-universal/out/client/extension.js:2:2386
  	at Array.map (<anonymous>)
  	at g.activateWorkspace (/home/main/.vscode-oss/extensions/ms-python.python-2023.20.0-universal/out/client/extension.js:2:2376)]
]
2023-12-14 13:16:13.962 [error] Failure during activation. [Error: Extension 'ms-python.python' CANNOT use API proposal: testObserver.
Its package.json#enabledApiProposals-property declares:  but NOT testObserver.
 The missing proposal MUST be added and you must start in extension development mode or use the following command line switch: --enable-proposed-api ms-python.python
	at y (/usr/lib/code/out/vs/workbench/api/node/extensionHostProcess.js:122:45185)
	at get testResults [as testResults] (/usr/lib/code/out/vs/workbench/api/node/extensionHostProcess.js:140:23805)
	at T.activate (/home/main/.vscode-oss/extensions/ms-python.python-2023.20.0-universal/out/client/extension.js:2:791840)
	at /home/main/.vscode-oss/extensions/ms-python.python-2023.20.0-universal/out/client/extension.js:2:2386
	at Array.map (<anonymous>)
	at g.activateWorkspace (/home/main/.vscode-oss/extensions/ms-python.python-2023.20.0-universal/out/client/extension.js:2:2376)]
2023-12-14 13:16:13.962 [error] sendStartupTelemetry() failed. [Error: Extension 'ms-python.python' CANNOT use API proposal: testObserver.
Its package.json#enabledApiProposals-property declares:  but NOT testObserver.
 The missing proposal MUST be added and you must start in extension development mode or use the following command line switch: --enable-proposed-api ms-python.python
	at y (/usr/lib/code/out/vs/workbench/api/node/extensionHostProcess.js:122:45185)
	at get testResults [as testResults] (/usr/lib/code/out/vs/workbench/api/node/extensionHostProcess.js:140:23805)
	at T.activate (/home/main/.vscode-oss/extensions/ms-python.python-2023.20.0-universal/out/client/extension.js:2:791840)
	at /home/main/.vscode-oss/extensions/ms-python.python-2023.20.0-universal/out/client/extension.js:2:2386
	at Array.map (<anonymous>)
	at g.activateWorkspace (/home/main/.vscode-oss/extensions/ms-python.python-2023.20.0-universal/out/client/extension.js:2:2376)]
2023-12-14 13:16:14.144 [info] > conda info --json
2023-12-14 13:16:16.211 [info] Starting Jedi language server for uni.
2023-12-14 13:16:16.881 [info] > ~/anaconda3/bin/python -I ~/.vscode-oss/extensions/ms-python.python-2023.20.0-universal/pythonFiles/get_output_via_markers.py ~/.vscode-oss/extensions/ms-python.python-2023.20.0-universal/pythonFiles/interpreterInfo.py
2023-12-14 13:24:05.153 [info] Discover tests for workspace name: uni - uri: /home/main/Desktop/uni/oop/assignment_2_OOP/part_2/src/multi_linear_regression.py
2023-12-14 13:24:05.899 [info] Discover tests for workspace name: uni - uri: /home/main/Desktop/uni/oop/assignment_2_OOP/part_2/src/multi_linear_regression.py
2023-12-14 13:25:28.162 [info] Discover tests for workspace name: uni - uri: /home/main/Desktop/uni/oop/assignment_2_OOP/part_2/src/multi_linear_regression.py
2023-12-14 13:25:30.082 [info] Discover tests for workspace name: uni - uri: /home/main/Desktop/uni/oop/assignment_2_OOP/part_2/src/multi_linear_regression.py
2023-12-14 13:26:00.978 [info] Discover tests for workspace name: uni - uri: /home/main/Desktop/uni/oop/assignment_2_OOP/.vscode/settings.json
2023-12-14 13:26:03.304 [info] Discover tests for workspace name: uni - uri: /home/main/Desktop/uni/oop/assignment_2_OOP/part_2/src/multi_linear_regression.py
