2023-12-14 21:06:25.391 [info] Log level: Info
2023-12-14 21:06:25.391 [info] Validating found git in: "git"
2023-12-14 21:06:25.391 [info] Using git "2.43.0" from "git"
2023-12-14 21:06:25.391 [info] > git rev-parse --show-toplevel [11ms]
2023-12-14 21:06:25.391 [info] fatal: not a git repository (or any of the parent directories): .git
2023-12-14 21:06:25.391 [info] > git rev-parse --show-toplevel [11ms]
2023-12-14 21:06:25.391 [info] fatal: not a git repository (or any of the parent directories): .git
2023-12-14 21:06:25.391 [info] > git rev-parse --show-toplevel [167ms]
2023-12-14 21:06:25.391 [info] fatal: not a git repository (or any of the parent directories): .git
2023-12-14 21:06:25.391 [info] > git rev-parse --show-toplevel [25ms]
2023-12-14 21:06:25.417 [info] > git rev-parse --git-dir --git-common-dir [2ms]
2023-12-14 21:06:25.467 [info] Open repository: /home/main/Desktop/uni/oop/assignment_1_OOP
2023-12-14 21:06:25.739 [info] > git rev-parse --show-toplevel [244ms]
2023-12-14 21:06:25.740 [info] > git config --get commit.template [256ms]
2023-12-14 21:06:25.926 [info] > git for-each-ref --format=%(refname)%00%(upstream:short)%00%(objectname)%00%(upstream:track)%00%(upstream:remotename)%00%(upstream:remoteref) refs/heads/main refs/remotes/main [148ms]
2023-12-14 21:06:25.927 [info] > git rev-parse --git-dir --git-common-dir [164ms]
2023-12-14 21:06:25.958 [info] Open repository: /home/main/Desktop/uni/oop/assignment_2_OOP
2023-12-14 21:06:25.997 [info] > git config --get commit.template [3ms]
2023-12-14 21:06:26.051 [info] > git status -z -uall [32ms]
2023-12-14 21:06:26.119 [info] > git for-each-ref --format=%(refname)%00%(upstream:short)%00%(objectname)%00%(upstream:track)%00%(upstream:remotename)%00%(upstream:remoteref) refs/heads/part2 refs/remotes/part2 [73ms]
2023-12-14 21:06:26.134 [info] > git config --get commit.template [15ms]
2023-12-14 21:06:26.234 [info] > git for-each-ref --format=%(refname)%00%(upstream:short)%00%(objectname)%00%(upstream:track)%00%(upstream:remotename)%00%(upstream:remoteref) refs/heads/main refs/remotes/main [62ms]
2023-12-14 21:06:26.244 [info] > git status -z -uall [20ms]
2023-12-14 21:06:26.329 [info] > git config --get commit.template [10ms]
2023-12-14 21:06:26.397 [info] > git status -z -uall [48ms]
2023-12-14 21:06:26.439 [info] > git for-each-ref --format=%(refname)%00%(upstream:short)%00%(objectname)%00%(upstream:track)%00%(upstream:remotename)%00%(upstream:remoteref) refs/heads/part2 refs/remotes/part2 [43ms]
2023-12-14 21:06:26.475 [info] > git status -z -uall [2ms]
2023-12-14 21:06:26.918 [info] > git check-ignore -v -z --stdin [64ms]
2023-12-14 21:06:26.924 [info] > git check-ignore -v -z --stdin [41ms]
2023-12-14 21:06:27.101 [info] > git rev-parse --show-toplevel [186ms]
2023-12-14 21:06:27.102 [info] fatal: not a git repository (or any of the parent directories): .git
2023-12-14 21:06:27.102 [info] > git fetch [1636ms]
2023-12-14 21:06:27.102 [info] Missing or invalid credentials.
Skip silent fetch commands
git@github.com: Permission denied (publickey).
fatal: Could not read from remote repository.

Please make sure you have the correct access rights
and the repository exists.
2023-12-14 21:06:27.130 [info] > git config --get commit.template [4ms]
2023-12-14 21:06:27.238 [info] > git for-each-ref --format=%(refname)%00%(upstream:short)%00%(objectname)%00%(upstream:track)%00%(upstream:remotename)%00%(upstream:remoteref) refs/heads/main refs/remotes/main [84ms]
2023-12-14 21:06:27.316 [info] > git status -z -uall [41ms]
2023-12-14 21:06:27.331 [info] > git fetch [1374ms]
2023-12-14 21:06:27.331 [info] Missing or invalid credentials.
Skip silent fetch commands
git@github.com: Permission denied (publickey).
fatal: Could not read from remote repository.

Please make sure you have the correct access rights
and the repository exists.
2023-12-14 21:06:27.383 [info] > git config --get commit.template [31ms]
2023-12-14 21:06:27.406 [info] > git for-each-ref --format=%(refname)%00%(upstream:short)%00%(objectname)%00%(upstream:track)%00%(upstream:remotename)%00%(upstream:remoteref) refs/heads/part2 refs/remotes/part2 [3ms]
2023-12-14 21:06:27.425 [info] > git status -z -uall [3ms]
2023-12-14 21:06:27.668 [info] > git rev-parse --show-toplevel [62ms]
2023-12-14 21:06:27.668 [info] fatal: not a git repository (or any of the parent directories): .git
2023-12-14 21:06:28.498 [info] > git rev-parse --show-toplevel [34ms]
2023-12-14 21:06:28.498 [info] fatal: not a git repository (or any of the parent directories): .git
2023-12-14 21:06:28.825 [info] > git config --local branch.part2.github-pr-owner-number [43ms]
2023-12-14 21:06:28.859 [info] > git config --local branch.main.github-pr-owner-number [300ms]
2023-12-14 21:06:29.725 [info] > git config --local branch.part2.github-pr-owner-number SerbanDumitru#assignment_2_OOP#2 [2ms]
2023-12-14 21:06:29.750 [info] > git config --get commit.template [12ms]
2023-12-14 21:06:29.751 [info] > git for-each-ref --format=%(refname)%00%(upstream:short)%00%(objectname)%00%(upstream:track)%00%(upstream:remotename)%00%(upstream:remoteref) refs/heads/part2 refs/remotes/part2 [2ms]
2023-12-14 21:06:29.765 [info] > git status -z -uall [5ms]
2023-12-14 21:06:30.890 [info] > git config --local -l [119ms]
2023-12-14 21:06:31.183 [info] > git show --textconv e7de2ef916f7d711b54ef03ac5509bfe98318616:main.py [163ms]
2023-12-14 21:06:31.183 [info] > git show --textconv e7de2ef916f7d711b54ef03ac5509bfe98318616:requirements.txt [136ms]
2023-12-14 21:06:31.183 [info] > git show --textconv e7de2ef916f7d711b54ef03ac5509bfe98318616:src/model_saver.py [105ms]
2023-12-14 21:06:31.183 [info] > git show --textconv e7de2ef916f7d711b54ef03ac5509bfe98318616:src/multi_linear_regression.py [83ms]
2023-12-14 21:06:31.183 [info] > git show --textconv e7de2ef916f7d711b54ef03ac5509bfe98318616:src/regression_plotter.py [46ms]
2023-12-14 21:06:31.750 [info] > git show --textconv cd08947e221ee7f266fc369fe4d87d4b03f0e6f1:.gitignore [152ms]
2023-12-14 21:06:31.750 [info] > git show --textconv cd08947e221ee7f266fc369fe4d87d4b03f0e6f1:part_2/main.py [137ms]
2023-12-14 21:06:31.750 [info] > git show --textconv cd08947e221ee7f266fc369fe4d87d4b03f0e6f1:part_2/src/model_saver.py [121ms]
2023-12-14 21:06:31.750 [info] > git show --textconv cd08947e221ee7f266fc369fe4d87d4b03f0e6f1:part_2/src/multi_linear_regression.py [104ms]
2023-12-14 21:06:31.750 [info] > git show --textconv cd08947e221ee7f266fc369fe4d87d4b03f0e6f1:saving_file.sav [85ms]
2023-12-14 21:06:31.779 [info] > git ls-tree -l cd08947e221ee7f266fc369fe4d87d4b03f0e6f1 -- ./ [7ms]
2023-12-14 21:06:31.873 [info] > git fetch origin main [1715ms]
2023-12-14 21:06:31.873 [info] git@github.com: Permission denied (publickey).
fatal: Could not read from remote repository.

Please make sure you have the correct access rights
and the repository exists.
2023-12-14 21:06:31.892 [info] > git config --get commit.template [3ms]
2023-12-14 21:06:31.903 [info] > git for-each-ref --format=%(refname)%00%(upstream:short)%00%(objectname)%00%(upstream:track)%00%(upstream:remotename)%00%(upstream:remoteref) refs/heads/main refs/remotes/main [2ms]
2023-12-14 21:06:31.916 [info] > git status -z -uall [2ms]
2023-12-14 21:06:38.132 [info] > git fetch origin part2 [7401ms]
2023-12-14 21:06:38.132 [info] From github.com:SerbanDumitru/assignment_2_OOP
 * branch            part2      -> FETCH_HEAD
2023-12-14 21:06:38.151 [info] > git config --get commit.template [10ms]
2023-12-14 21:06:38.152 [info] > git for-each-ref --format=%(refname)%00%(upstream:short)%00%(objectname)%00%(upstream:track)%00%(upstream:remotename)%00%(upstream:remoteref) refs/heads/part2 refs/remotes/part2 [2ms]
2023-12-14 21:06:38.164 [info] > git status -z -uall [3ms]
2023-12-14 21:07:10.484 [info] > git rev-parse --show-toplevel [3ms]
2023-12-14 21:07:10.484 [info] fatal: not a git repository (or any of the parent directories): .git
2023-12-14 21:07:10.518 [info] > git rev-parse --show-toplevel [1ms]
2023-12-14 21:07:10.518 [info] fatal: not a git repository (or any of the parent directories): .git
2023-12-14 21:07:10.639 [info] > git merge-base refs/heads/main refs/remotes/origin/main [18ms]
2023-12-14 21:07:10.654 [info] > git merge-base refs/heads/part2 refs/remotes/origin/part2 [17ms]
2023-12-14 21:07:10.681 [info] > git rev-list --count --left-right refs/heads/part2...refs/remotes/origin/part2 [8ms]
2023-12-14 21:07:10.684 [info] > git rev-list --count --left-right refs/heads/main...refs/remotes/origin/main [31ms]
2023-12-14 21:07:14.498 [info] > git log --format=%H%n%aN%n%aE%n%at%n%ct%n%P%n%D%n%B -z --shortstat --diff-merges=first-parent --author-date-order 8e1fa8353a787446dc013678c71500a6ab0f1ac3..21a3e7c6a84fd5a17f3ab246e3431a15d6ac54ba [19ms]
2023-12-14 21:07:14.501 [info] > git diff --shortstat 8e1fa8353a787446dc013678c71500a6ab0f1ac3...21a3e7c6a84fd5a17f3ab246e3431a15d6ac54ba [4ms]
2023-12-14 21:07:24.411 [info] > git add -A -- . [4ms]
2023-12-14 21:07:25.410 [info] > git show --textconv :.git/COMMIT_EDITMSG [37ms]
2023-12-14 21:07:25.411 [info] > git ls-files --stage -- /home/main/Desktop/uni/oop/assignment_2_OOP/.git/COMMIT_EDITMSG [2ms]
2023-12-14 21:07:25.664 [info] > git check-ignore -v -z --stdin [2ms]
2023-12-14 21:07:25.729 [info] > git ls-files --stage -- /home/main/Desktop/uni/oop/assignment_2_OOP/.git/COMMIT_EDITMSG [2ms]
2023-12-14 21:07:25.745 [info] > git show --textconv :.git/COMMIT_EDITMSG [2ms]
2023-12-14 21:07:35.796 [info] > git ls-files --stage -- /home/main/Desktop/uni/oop/assignment_2_OOP/.git/COMMIT_EDITMSG [2ms]
2023-12-14 21:07:35.813 [info] > git show --textconv :.git/COMMIT_EDITMSG [3ms]
2023-12-14 21:07:36.762 [info] > git -c user.useConfigOnly=true commit --quiet [12340ms]
2023-12-14 21:07:36.781 [info] > git config --get commit.template [2ms]
2023-12-14 21:07:36.795 [info] > git for-each-ref --format=%(refname)%00%(upstream:short)%00%(objectname)%00%(upstream:track)%00%(upstream:remotename)%00%(upstream:remoteref) refs/heads/part2 refs/remotes/part2 [2ms]
2023-12-14 21:07:36.815 [info] > git status -z -uall [3ms]
2023-12-14 21:07:37.096 [info] > git config --local branch.part2.github-pr-owner-number [103ms]
2023-12-14 21:07:37.164 [info] > git merge-base refs/heads/part2 refs/remotes/origin/part2 [34ms]
2023-12-14 21:07:37.302 [info] > git rev-list --count --left-right refs/heads/part2...refs/remotes/origin/part2 [109ms]
2023-12-14 21:07:37.304 [info] > git config --get commit.template [158ms]
2023-12-14 21:07:37.340 [info] > git for-each-ref --format=%(refname)%00%(upstream:short)%00%(objectname)%00%(upstream:track)%00%(upstream:remotename)%00%(upstream:remoteref) refs/heads/part2 refs/remotes/part2 [16ms]
2023-12-14 21:07:37.384 [info] > git status -z -uall [30ms]
2023-12-14 21:07:37.384 [info] > git log --format=%H%n%aN%n%aE%n%at%n%ct%n%P%n%D%n%B -z --shortstat --diff-merges=first-parent --author-date-order 8e1fa8353a787446dc013678c71500a6ab0f1ac3..7e519cbb157c857264f349b80660b275ffbaf4ea [17ms]
2023-12-14 21:07:37.413 [info] > git diff --shortstat 8e1fa8353a787446dc013678c71500a6ab0f1ac3...7e519cbb157c857264f349b80660b275ffbaf4ea [32ms]
2023-12-14 21:07:43.903 [info] > git log --oneline --cherry part2...part2@{upstream} -- [3ms]
2023-12-14 21:07:48.703 [info] > git pull --tags origin part2 [4784ms]
2023-12-14 21:07:48.703 [info] From github.com:SerbanDumitru/assignment_2_OOP
 * branch            part2      -> FETCH_HEAD
2023-12-14 21:07:53.527 [info] > git push origin part2:part2 [4814ms]
2023-12-14 21:07:53.527 [info] To github.com:SerbanDumitru/assignment_2_OOP.git
   8e1fa83..7e519cb  part2 -> part2
2023-12-14 21:07:53.557 [info] > git config --get commit.template [15ms]
2023-12-14 21:07:53.558 [info] > git for-each-ref --format=%(refname)%00%(upstream:short)%00%(objectname)%00%(upstream:track)%00%(upstream:remotename)%00%(upstream:remoteref) refs/heads/part2 refs/remotes/part2 [2ms]
2023-12-14 21:07:53.574 [info] > git status -z -uall [3ms]
2023-12-14 21:07:53.811 [info] > git config --local branch.part2.github-pr-owner-number [149ms]
2023-12-14 21:07:53.853 [info] > git merge-base refs/heads/part2 refs/remotes/origin/part2 [8ms]
2023-12-14 21:07:53.893 [info] > git rev-list --count --left-right refs/heads/part2...refs/remotes/origin/part2 [25ms]
2023-12-14 21:07:54.640 [info] > git config --get commit.template [4ms]
2023-12-14 21:07:54.655 [info] > git for-each-ref --format=%(refname)%00%(upstream:short)%00%(objectname)%00%(upstream:track)%00%(upstream:remotename)%00%(upstream:remoteref) refs/heads/part2 refs/remotes/part2 [3ms]
2023-12-14 21:07:54.670 [info] > git status -z -uall [4ms]
2023-12-14 21:07:54.998 [info] > git config --local -l [150ms]
2023-12-14 21:07:55.898 [info] > git show --textconv cd08947e221ee7f266fc369fe4d87d4b03f0e6f1:.gitignore [125ms]
2023-12-14 21:07:55.898 [info] > git show --textconv cd08947e221ee7f266fc369fe4d87d4b03f0e6f1:part_2/main.py [104ms]
2023-12-14 21:07:55.898 [info] > git show --textconv cd08947e221ee7f266fc369fe4d87d4b03f0e6f1:part_2/src/model_saver.py [80ms]
2023-12-14 21:07:55.898 [info] > git show --textconv cd08947e221ee7f266fc369fe4d87d4b03f0e6f1:part_2/src/multi_linear_regression.py [58ms]
2023-12-14 21:07:55.898 [info] > git show --textconv cd08947e221ee7f266fc369fe4d87d4b03f0e6f1:saving_file.sav [39ms]
2023-12-14 21:07:55.916 [info] > git ls-tree -l cd08947e221ee7f266fc369fe4d87d4b03f0e6f1 -- ./ [7ms]
2023-12-14 21:09:28.390 [info] > git fetch [1041ms]
2023-12-14 21:09:28.390 [info] Missing or invalid credentials.
Skip silent fetch commands
git@github.com: Permission denied (publickey).
fatal: Could not read from remote repository.

Please make sure you have the correct access rights
and the repository exists.
2023-12-14 21:09:28.410 [info] > git config --get commit.template [10ms]
2023-12-14 21:09:28.411 [info] > git for-each-ref --format=%(refname)%00%(upstream:short)%00%(objectname)%00%(upstream:track)%00%(upstream:remotename)%00%(upstream:remoteref) refs/heads/main refs/remotes/main [3ms]
2023-12-14 21:09:28.422 [info] > git fetch [974ms]
2023-12-14 21:09:28.422 [info] Missing or invalid credentials.
Skip silent fetch commands
git@github.com: Permission denied (publickey).
fatal: Could not read from remote repository.

Please make sure you have the correct access rights
and the repository exists.
2023-12-14 21:09:28.431 [info] > git status -z -uall [11ms]
2023-12-14 21:09:28.435 [info] > git config --get commit.template [5ms]
2023-12-14 21:09:28.447 [info] > git for-each-ref --format=%(refname)%00%(upstream:short)%00%(objectname)%00%(upstream:track)%00%(upstream:remotename)%00%(upstream:remoteref) refs/heads/part2 refs/remotes/part2 [2ms]
2023-12-14 21:09:28.458 [info] > git status -z -uall [2ms]
2023-12-14 21:11:27.528 [info] > git config --local branch.main.github-pr-owner-number [10ms]
2023-12-14 21:11:27.542 [info] > git config --local branch.part2.github-pr-owner-number [15ms]
2023-12-14 21:11:29.241 [info] > git show --textconv cd08947e221ee7f266fc369fe4d87d4b03f0e6f1:.gitignore [63ms]
2023-12-14 21:11:29.241 [info] > git show --textconv cd08947e221ee7f266fc369fe4d87d4b03f0e6f1:part_2/main.py [55ms]
2023-12-14 21:11:29.241 [info] > git show --textconv cd08947e221ee7f266fc369fe4d87d4b03f0e6f1:part_2/src/model_saver.py [46ms]
2023-12-14 21:11:29.241 [info] > git show --textconv cd08947e221ee7f266fc369fe4d87d4b03f0e6f1:part_2/src/multi_linear_regression.py [37ms]
2023-12-14 21:11:29.241 [info] > git show --textconv cd08947e221ee7f266fc369fe4d87d4b03f0e6f1:saving_file.sav [28ms]
2023-12-14 21:11:29.254 [info] > git ls-tree -l cd08947e221ee7f266fc369fe4d87d4b03f0e6f1 -- ./ [5ms]
2023-12-14 21:11:30.686 [info] > git show --textconv e7de2ef916f7d711b54ef03ac5509bfe98318616:main.py [68ms]
2023-12-14 21:11:30.686 [info] > git show --textconv e7de2ef916f7d711b54ef03ac5509bfe98318616:requirements.txt [59ms]
2023-12-14 21:11:30.686 [info] > git show --textconv e7de2ef916f7d711b54ef03ac5509bfe98318616:src/model_saver.py [46ms]
2023-12-14 21:11:30.686 [info] > git show --textconv e7de2ef916f7d711b54ef03ac5509bfe98318616:src/multi_linear_regression.py [37ms]
2023-12-14 21:11:30.686 [info] > git show --textconv e7de2ef916f7d711b54ef03ac5509bfe98318616:src/regression_plotter.py [28ms]
2023-12-14 21:12:29.456 [info] > git fetch [983ms]
2023-12-14 21:12:29.456 [info] Missing or invalid credentials.
Skip silent fetch commands
git@github.com: Permission denied (publickey).
fatal: Could not read from remote repository.

Please make sure you have the correct access rights
and the repository exists.
2023-12-14 21:12:29.466 [info] > git fetch [1019ms]
2023-12-14 21:12:29.466 [info] Missing or invalid credentials.
Skip silent fetch commands
git@github.com: Permission denied (publickey).
fatal: Could not read from remote repository.

Please make sure you have the correct access rights
and the repository exists.
2023-12-14 21:12:29.475 [info] > git config --get commit.template [10ms]
2023-12-14 21:12:29.484 [info] > git config --get commit.template [9ms]
2023-12-14 21:12:29.493 [info] > git for-each-ref --format=%(refname)%00%(upstream:short)%00%(objectname)%00%(upstream:track)%00%(upstream:remotename)%00%(upstream:remoteref) refs/heads/part2 refs/remotes/part2 [9ms]
2023-12-14 21:12:29.494 [info] > git for-each-ref --format=%(refname)%00%(upstream:short)%00%(objectname)%00%(upstream:track)%00%(upstream:remotename)%00%(upstream:remoteref) refs/heads/main refs/remotes/main [2ms]
2023-12-14 21:12:29.512 [info] > git status -z -uall [10ms]
2023-12-14 21:12:29.516 [info] > git status -z -uall [5ms]
2023-12-14 21:15:30.498 [info] > git fetch [949ms]
2023-12-14 21:15:30.498 [info] Missing or invalid credentials.
Skip silent fetch commands
git@github.com: Permission denied (publickey).
fatal: Could not read from remote repository.

Please make sure you have the correct access rights
and the repository exists.
2023-12-14 21:15:30.518 [info] > git config --get commit.template [10ms]
2023-12-14 21:15:30.519 [info] > git for-each-ref --format=%(refname)%00%(upstream:short)%00%(objectname)%00%(upstream:track)%00%(upstream:remotename)%00%(upstream:remoteref) refs/heads/main refs/remotes/main [3ms]
2023-12-14 21:15:30.530 [info] > git status -z -uall [2ms]
2023-12-14 21:15:30.543 [info] > git fetch [1006ms]
2023-12-14 21:15:30.543 [info] Missing or invalid credentials.
Skip silent fetch commands
git@github.com: Permission denied (publickey).
fatal: Could not read from remote repository.

Please make sure you have the correct access rights
and the repository exists.
2023-12-14 21:15:30.561 [info] > git config --get commit.template [9ms]
2023-12-14 21:15:30.562 [info] > git for-each-ref --format=%(refname)%00%(upstream:short)%00%(objectname)%00%(upstream:track)%00%(upstream:remotename)%00%(upstream:remoteref) refs/heads/part2 refs/remotes/part2 [2ms]
2023-12-14 21:15:30.572 [info] > git status -z -uall [2ms]
2023-12-14 21:16:29.926 [info] > git config --local branch.part2.github-pr-owner-number [1ms]
2023-12-14 21:16:31.700 [info] > git show --textconv cd08947e221ee7f266fc369fe4d87d4b03f0e6f1:.gitignore [65ms]
2023-12-14 21:16:31.700 [info] > git show --textconv cd08947e221ee7f266fc369fe4d87d4b03f0e6f1:part_2/main.py [56ms]
2023-12-14 21:16:31.700 [info] > git show --textconv cd08947e221ee7f266fc369fe4d87d4b03f0e6f1:part_2/src/model_saver.py [47ms]
2023-12-14 21:16:31.700 [info] > git show --textconv cd08947e221ee7f266fc369fe4d87d4b03f0e6f1:part_2/src/multi_linear_regression.py [37ms]
2023-12-14 21:16:31.700 [info] > git show --textconv cd08947e221ee7f266fc369fe4d87d4b03f0e6f1:saving_file.sav [27ms]
2023-12-14 21:16:31.713 [info] > git ls-tree -l cd08947e221ee7f266fc369fe4d87d4b03f0e6f1 -- ./ [5ms]
2023-12-14 21:16:36.962 [info] > git config --local branch.main.github-pr-owner-number [2ms]
2023-12-14 21:16:38.664 [info] > git show --textconv e7de2ef916f7d711b54ef03ac5509bfe98318616:main.py [64ms]
2023-12-14 21:16:38.664 [info] > git show --textconv e7de2ef916f7d711b54ef03ac5509bfe98318616:requirements.txt [55ms]
2023-12-14 21:16:38.664 [info] > git show --textconv e7de2ef916f7d711b54ef03ac5509bfe98318616:src/model_saver.py [45ms]
2023-12-14 21:16:38.664 [info] > git show --textconv e7de2ef916f7d711b54ef03ac5509bfe98318616:src/multi_linear_regression.py [35ms]
2023-12-14 21:16:38.664 [info] > git show --textconv e7de2ef916f7d711b54ef03ac5509bfe98318616:src/regression_plotter.py [26ms]
2023-12-14 21:18:31.491 [info] > git fetch [931ms]
2023-12-14 21:18:31.491 [info] Missing or invalid credentials.
Skip silent fetch commands
git@github.com: Permission denied (publickey).
fatal: Could not read from remote repository.

Please make sure you have the correct access rights
and the repository exists.
2023-12-14 21:18:31.514 [info] > git config --get commit.template [12ms]
2023-12-14 21:18:31.514 [info] > git for-each-ref --format=%(refname)%00%(upstream:short)%00%(objectname)%00%(upstream:track)%00%(upstream:remotename)%00%(upstream:remoteref) refs/heads/main refs/remotes/main [2ms]
2023-12-14 21:18:31.529 [info] > git status -z -uall [3ms]
2023-12-14 21:18:31.566 [info] > git fetch [980ms]
2023-12-14 21:18:31.566 [info] Missing or invalid credentials.
Skip silent fetch commands
git@github.com: Permission denied (publickey).
fatal: Could not read from remote repository.

Please make sure you have the correct access rights
and the repository exists.
2023-12-14 21:18:31.584 [info] > git config --get commit.template [9ms]
2023-12-14 21:18:31.585 [info] > git for-each-ref --format=%(refname)%00%(upstream:short)%00%(objectname)%00%(upstream:track)%00%(upstream:remotename)%00%(upstream:remoteref) refs/heads/part2 refs/remotes/part2 [2ms]
2023-12-14 21:18:31.596 [info] > git status -z -uall [2ms]
2023-12-14 21:21:32.392 [info] > git config --local branch.part2.github-pr-owner-number [2ms]
2023-12-14 21:21:32.536 [info] > git fetch [976ms]
2023-12-14 21:21:32.536 [info] Missing or invalid credentials.
Skip silent fetch commands
git@github.com: Permission denied (publickey).
fatal: Could not read from remote repository.

Please make sure you have the correct access rights
and the repository exists.
2023-12-14 21:21:32.561 [info] > git config --get commit.template [14ms]
2023-12-14 21:21:32.562 [info] > git for-each-ref --format=%(refname)%00%(upstream:short)%00%(objectname)%00%(upstream:track)%00%(upstream:remotename)%00%(upstream:remoteref) refs/heads/main refs/remotes/main [2ms]
2023-12-14 21:21:32.578 [info] > git status -z -uall [3ms]
2023-12-14 21:21:32.583 [info] > git fetch [974ms]
2023-12-14 21:21:32.583 [info] Missing or invalid credentials.
Skip silent fetch commands
git@github.com: Permission denied (publickey).
fatal: Could not read from remote repository.

Please make sure you have the correct access rights
and the repository exists.
2023-12-14 21:21:32.603 [info] > git config --get commit.template [11ms]
2023-12-14 21:21:32.604 [info] > git for-each-ref --format=%(refname)%00%(upstream:short)%00%(objectname)%00%(upstream:track)%00%(upstream:remotename)%00%(upstream:remoteref) refs/heads/part2 refs/remotes/part2 [2ms]
2023-12-14 21:21:32.615 [info] > git status -z -uall [2ms]
2023-12-14 21:21:34.031 [info] > git show --textconv cd08947e221ee7f266fc369fe4d87d4b03f0e6f1:.gitignore [68ms]
2023-12-14 21:21:34.031 [info] > git show --textconv cd08947e221ee7f266fc369fe4d87d4b03f0e6f1:part_2/main.py [58ms]
2023-12-14 21:21:34.031 [info] > git show --textconv cd08947e221ee7f266fc369fe4d87d4b03f0e6f1:part_2/src/model_saver.py [49ms]
2023-12-14 21:21:34.031 [info] > git show --textconv cd08947e221ee7f266fc369fe4d87d4b03f0e6f1:part_2/src/multi_linear_regression.py [39ms]
2023-12-14 21:21:34.031 [info] > git show --textconv cd08947e221ee7f266fc369fe4d87d4b03f0e6f1:saving_file.sav [28ms]
2023-12-14 21:21:34.055 [info] > git ls-tree -l cd08947e221ee7f266fc369fe4d87d4b03f0e6f1 -- ./ [11ms]
2023-12-14 21:21:39.371 [info] > git config --local branch.main.github-pr-owner-number [1ms]
2023-12-14 21:21:41.020 [info] > git show --textconv e7de2ef916f7d711b54ef03ac5509bfe98318616:main.py [67ms]
2023-12-14 21:21:41.020 [info] > git show --textconv e7de2ef916f7d711b54ef03ac5509bfe98318616:requirements.txt [57ms]
2023-12-14 21:21:41.020 [info] > git show --textconv e7de2ef916f7d711b54ef03ac5509bfe98318616:src/model_saver.py [46ms]
2023-12-14 21:21:41.020 [info] > git show --textconv e7de2ef916f7d711b54ef03ac5509bfe98318616:src/multi_linear_regression.py [37ms]
2023-12-14 21:21:41.020 [info] > git show --textconv e7de2ef916f7d711b54ef03ac5509bfe98318616:src/regression_plotter.py [27ms]
2023-12-14 21:24:33.560 [info] > git fetch [953ms]
2023-12-14 21:24:33.560 [info] Missing or invalid credentials.
Skip silent fetch commands
git@github.com: Permission denied (publickey).
fatal: Could not read from remote repository.

Please make sure you have the correct access rights
and the repository exists.
2023-12-14 21:24:33.581 [info] > git config --get commit.template [11ms]
2023-12-14 21:24:33.581 [info] > git for-each-ref --format=%(refname)%00%(upstream:short)%00%(objectname)%00%(upstream:track)%00%(upstream:remotename)%00%(upstream:remoteref) refs/heads/main refs/remotes/main [2ms]
2023-12-14 21:24:33.594 [info] > git status -z -uall [2ms]
2023-12-14 21:24:33.610 [info] > git fetch [982ms]
2023-12-14 21:24:33.610 [info] Missing or invalid credentials.
Skip silent fetch commands
git@github.com: Permission denied (publickey).
fatal: Could not read from remote repository.

Please make sure you have the correct access rights
and the repository exists.
2023-12-14 21:24:33.627 [info] > git config --get commit.template [8ms]
2023-12-14 21:24:33.628 [info] > git for-each-ref --format=%(refname)%00%(upstream:short)%00%(objectname)%00%(upstream:track)%00%(upstream:remotename)%00%(upstream:remoteref) refs/heads/part2 refs/remotes/part2 [1ms]
2023-12-14 21:24:33.638 [info] > git status -z -uall [2ms]
2023-12-14 21:26:34.745 [info] > git config --local branch.part2.github-pr-owner-number [2ms]
2023-12-14 21:26:36.445 [info] > git show --textconv cd08947e221ee7f266fc369fe4d87d4b03f0e6f1:.gitignore [60ms]
2023-12-14 21:26:36.445 [info] > git show --textconv cd08947e221ee7f266fc369fe4d87d4b03f0e6f1:part_2/main.py [51ms]
2023-12-14 21:26:36.445 [info] > git show --textconv cd08947e221ee7f266fc369fe4d87d4b03f0e6f1:part_2/src/model_saver.py [43ms]
2023-12-14 21:26:36.445 [info] > git show --textconv cd08947e221ee7f266fc369fe4d87d4b03f0e6f1:part_2/src/multi_linear_regression.py [35ms]
2023-12-14 21:26:36.445 [info] > git show --textconv cd08947e221ee7f266fc369fe4d87d4b03f0e6f1:saving_file.sav [27ms]
2023-12-14 21:26:36.457 [info] > git ls-tree -l cd08947e221ee7f266fc369fe4d87d4b03f0e6f1 -- ./ [5ms]
2023-12-14 21:26:41.700 [info] > git config --local branch.main.github-pr-owner-number [1ms]
2023-12-14 21:26:43.348 [info] > git show --textconv e7de2ef916f7d711b54ef03ac5509bfe98318616:main.py [62ms]
2023-12-14 21:26:43.348 [info] > git show --textconv e7de2ef916f7d711b54ef03ac5509bfe98318616:requirements.txt [54ms]
2023-12-14 21:26:43.348 [info] > git show --textconv e7de2ef916f7d711b54ef03ac5509bfe98318616:src/model_saver.py [45ms]
2023-12-14 21:26:43.348 [info] > git show --textconv e7de2ef916f7d711b54ef03ac5509bfe98318616:src/multi_linear_regression.py [37ms]
2023-12-14 21:26:43.348 [info] > git show --textconv e7de2ef916f7d711b54ef03ac5509bfe98318616:src/regression_plotter.py [28ms]
2023-12-14 21:27:34.596 [info] > git fetch [972ms]
2023-12-14 21:27:34.596 [info] Missing or invalid credentials.
Skip silent fetch commands
git@github.com: Permission denied (publickey).
fatal: Could not read from remote repository.

Please make sure you have the correct access rights
and the repository exists.
2023-12-14 21:27:34.618 [info] > git config --get commit.template [11ms]
2023-12-14 21:27:34.618 [info] > git for-each-ref --format=%(refname)%00%(upstream:short)%00%(objectname)%00%(upstream:track)%00%(upstream:remotename)%00%(upstream:remoteref) refs/heads/main refs/remotes/main [3ms]
2023-12-14 21:27:34.629 [info] > git status -z -uall [2ms]
2023-12-14 21:27:34.640 [info] > git fetch [986ms]
2023-12-14 21:27:34.640 [info] Missing or invalid credentials.
Skip silent fetch commands
git@github.com: Permission denied (publickey).
fatal: Could not read from remote repository.

Please make sure you have the correct access rights
and the repository exists.
2023-12-14 21:27:34.656 [info] > git config --get commit.template [8ms]
2023-12-14 21:27:34.657 [info] > git for-each-ref --format=%(refname)%00%(upstream:short)%00%(objectname)%00%(upstream:track)%00%(upstream:remotename)%00%(upstream:remoteref) refs/heads/part2 refs/remotes/part2 [2ms]
2023-12-14 21:27:34.667 [info] > git status -z -uall [2ms]
2023-12-14 21:30:35.616 [info] > git fetch [956ms]
2023-12-14 21:30:35.616 [info] Missing or invalid credentials.
Skip silent fetch commands
git@github.com: Permission denied (publickey).
fatal: Could not read from remote repository.

Please make sure you have the correct access rights
and the repository exists.
2023-12-14 21:30:35.635 [info] > git fetch [955ms]
2023-12-14 21:30:35.635 [info] Missing or invalid credentials.
Skip silent fetch commands
git@github.com: Permission denied (publickey).
fatal: Could not read from remote repository.

Please make sure you have the correct access rights
and the repository exists.
2023-12-14 21:30:35.635 [info] > git config --get commit.template [10ms]
2023-12-14 21:30:35.643 [info] > git for-each-ref --format=%(refname)%00%(upstream:short)%00%(objectname)%00%(upstream:track)%00%(upstream:remotename)%00%(upstream:remoteref) refs/heads/main refs/remotes/main [9ms]
2023-12-14 21:30:35.645 [info] > git config --get commit.template [2ms]
2023-12-14 21:30:35.663 [info] > git for-each-ref --format=%(refname)%00%(upstream:short)%00%(objectname)%00%(upstream:track)%00%(upstream:remotename)%00%(upstream:remoteref) refs/heads/part2 refs/remotes/part2 [10ms]
2023-12-14 21:30:35.672 [info] > git status -z -uall [10ms]
2023-12-14 21:30:35.677 [info] > git status -z -uall [6ms]
2023-12-14 21:31:37.112 [info] > git config --local branch.part2.github-pr-owner-number [2ms]
2023-12-14 21:31:38.818 [info] > git show --textconv cd08947e221ee7f266fc369fe4d87d4b03f0e6f1:.gitignore [67ms]
2023-12-14 21:31:38.818 [info] > git show --textconv cd08947e221ee7f266fc369fe4d87d4b03f0e6f1:part_2/main.py [58ms]
2023-12-14 21:31:38.818 [info] > git show --textconv cd08947e221ee7f266fc369fe4d87d4b03f0e6f1:part_2/src/model_saver.py [49ms]
2023-12-14 21:31:38.819 [info] > git show --textconv cd08947e221ee7f266fc369fe4d87d4b03f0e6f1:part_2/src/multi_linear_regression.py [39ms]
2023-12-14 21:31:38.819 [info] > git show --textconv cd08947e221ee7f266fc369fe4d87d4b03f0e6f1:saving_file.sav [31ms]
2023-12-14 21:31:38.832 [info] > git ls-tree -l cd08947e221ee7f266fc369fe4d87d4b03f0e6f1 -- ./ [5ms]
2023-12-14 21:31:44.018 [info] > git config --local branch.main.github-pr-owner-number [1ms]
2023-12-14 21:31:45.714 [info] > git show --textconv e7de2ef916f7d711b54ef03ac5509bfe98318616:main.py [60ms]
2023-12-14 21:31:45.714 [info] > git show --textconv e7de2ef916f7d711b54ef03ac5509bfe98318616:requirements.txt [51ms]
2023-12-14 21:31:45.714 [info] > git show --textconv e7de2ef916f7d711b54ef03ac5509bfe98318616:src/model_saver.py [43ms]
2023-12-14 21:31:45.714 [info] > git show --textconv e7de2ef916f7d711b54ef03ac5509bfe98318616:src/multi_linear_regression.py [34ms]
2023-12-14 21:31:45.714 [info] > git show --textconv e7de2ef916f7d711b54ef03ac5509bfe98318616:src/regression_plotter.py [25ms]
2023-12-14 21:33:36.692 [info] > git fetch [987ms]
2023-12-14 21:33:36.693 [info] Missing or invalid credentials.
Skip silent fetch commands
git@github.com: Permission denied (publickey).
fatal: Could not read from remote repository.

Please make sure you have the correct access rights
and the repository exists.
2023-12-14 21:33:36.714 [info] > git config --get commit.template [11ms]
2023-12-14 21:33:36.715 [info] > git for-each-ref --format=%(refname)%00%(upstream:short)%00%(objectname)%00%(upstream:track)%00%(upstream:remotename)%00%(upstream:remoteref) refs/heads/part2 refs/remotes/part2 [2ms]
2023-12-14 21:33:36.716 [info] > git fetch [1020ms]
2023-12-14 21:33:36.716 [info] Missing or invalid credentials.
Skip silent fetch commands
git@github.com: Permission denied (publickey).
fatal: Could not read from remote repository.

Please make sure you have the correct access rights
and the repository exists.
2023-12-14 21:33:36.732 [info] > git config --get commit.template [9ms]
2023-12-14 21:33:36.741 [info] > git status -z -uall [10ms]
2023-12-14 21:33:36.746 [info] > git for-each-ref --format=%(refname)%00%(upstream:short)%00%(objectname)%00%(upstream:track)%00%(upstream:remotename)%00%(upstream:remoteref) refs/heads/main refs/remotes/main [6ms]
2023-12-14 21:33:36.757 [info] > git status -z -uall [2ms]
2023-12-14 21:36:37.716 [info] > git fetch [953ms]
2023-12-14 21:36:37.716 [info] Missing or invalid credentials.
Skip silent fetch commands
git@github.com: Permission denied (publickey).
fatal: Could not read from remote repository.

Please make sure you have the correct access rights
and the repository exists.
2023-12-14 21:36:37.734 [info] > git config --get commit.template [10ms]
2023-12-14 21:36:37.735 [info] > git for-each-ref --format=%(refname)%00%(upstream:short)%00%(objectname)%00%(upstream:track)%00%(upstream:remotename)%00%(upstream:remoteref) refs/heads/part2 refs/remotes/part2 [2ms]
2023-12-14 21:36:37.747 [info] > git status -z -uall [3ms]
2023-12-14 21:36:37.755 [info] > git fetch [982ms]
2023-12-14 21:36:37.755 [info] Missing or invalid credentials.
Skip silent fetch commands
git@github.com: Permission denied (publickey).
fatal: Could not read from remote repository.

Please make sure you have the correct access rights
and the repository exists.
2023-12-14 21:36:37.774 [info] > git config --get commit.template [10ms]
2023-12-14 21:36:37.775 [info] > git for-each-ref --format=%(refname)%00%(upstream:short)%00%(objectname)%00%(upstream:track)%00%(upstream:remotename)%00%(upstream:remoteref) refs/heads/main refs/remotes/main [2ms]
2023-12-14 21:36:37.785 [info] > git status -z -uall [2ms]
2023-12-14 21:36:39.476 [info] > git config --local branch.part2.github-pr-owner-number [2ms]
2023-12-14 21:36:41.158 [info] > git show --textconv cd08947e221ee7f266fc369fe4d87d4b03f0e6f1:.gitignore [60ms]
2023-12-14 21:36:41.158 [info] > git show --textconv cd08947e221ee7f266fc369fe4d87d4b03f0e6f1:part_2/main.py [51ms]
2023-12-14 21:36:41.158 [info] > git show --textconv cd08947e221ee7f266fc369fe4d87d4b03f0e6f1:part_2/src/model_saver.py [43ms]
2023-12-14 21:36:41.158 [info] > git show --textconv cd08947e221ee7f266fc369fe4d87d4b03f0e6f1:part_2/src/multi_linear_regression.py [35ms]
2023-12-14 21:36:41.158 [info] > git show --textconv cd08947e221ee7f266fc369fe4d87d4b03f0e6f1:saving_file.sav [26ms]
2023-12-14 21:36:41.171 [info] > git ls-tree -l cd08947e221ee7f266fc369fe4d87d4b03f0e6f1 -- ./ [5ms]
2023-12-14 21:36:46.450 [info] > git config --local branch.main.github-pr-owner-number [1ms]
2023-12-14 21:36:48.233 [info] > git show --textconv e7de2ef916f7d711b54ef03ac5509bfe98318616:main.py [60ms]
2023-12-14 21:36:48.233 [info] > git show --textconv e7de2ef916f7d711b54ef03ac5509bfe98318616:requirements.txt [52ms]
2023-12-14 21:36:48.233 [info] > git show --textconv e7de2ef916f7d711b54ef03ac5509bfe98318616:src/model_saver.py [43ms]
2023-12-14 21:36:48.233 [info] > git show --textconv e7de2ef916f7d711b54ef03ac5509bfe98318616:src/multi_linear_regression.py [35ms]
2023-12-14 21:36:48.233 [info] > git show --textconv e7de2ef916f7d711b54ef03ac5509bfe98318616:src/regression_plotter.py [26ms]
2023-12-14 21:39:38.738 [info] > git fetch [967ms]
2023-12-14 21:39:38.738 [info] Missing or invalid credentials.
Skip silent fetch commands
git@github.com: Permission denied (publickey).
fatal: Could not read from remote repository.

Please make sure you have the correct access rights
and the repository exists.
2023-12-14 21:39:38.761 [info] > git config --get commit.template [12ms]
2023-12-14 21:39:38.763 [info] > git for-each-ref --format=%(refname)%00%(upstream:short)%00%(objectname)%00%(upstream:track)%00%(upstream:remotename)%00%(upstream:remoteref) refs/heads/part2 refs/remotes/part2 [3ms]
2023-12-14 21:39:38.772 [info] > git fetch [973ms]
2023-12-14 21:39:38.772 [info] Missing or invalid credentials.
Skip silent fetch commands
git@github.com: Permission denied (publickey).
fatal: Could not read from remote repository.

Please make sure you have the correct access rights
and the repository exists.
2023-12-14 21:39:38.781 [info] > git status -z -uall [10ms]
2023-12-14 21:39:38.785 [info] > git config --get commit.template [4ms]
2023-12-14 21:39:38.796 [info] > git for-each-ref --format=%(refname)%00%(upstream:short)%00%(objectname)%00%(upstream:track)%00%(upstream:remotename)%00%(upstream:remoteref) refs/heads/main refs/remotes/main [2ms]
2023-12-14 21:39:38.806 [info] > git status -z -uall [2ms]
2023-12-14 21:41:41.829 [info] > git config --local branch.part2.github-pr-owner-number [2ms]
2023-12-14 21:41:43.390 [info] > git show --textconv cd08947e221ee7f266fc369fe4d87d4b03f0e6f1:.gitignore [64ms]
2023-12-14 21:41:43.390 [info] > git show --textconv cd08947e221ee7f266fc369fe4d87d4b03f0e6f1:part_2/main.py [55ms]
2023-12-14 21:41:43.390 [info] > git show --textconv cd08947e221ee7f266fc369fe4d87d4b03f0e6f1:part_2/src/model_saver.py [46ms]
2023-12-14 21:41:43.390 [info] > git show --textconv cd08947e221ee7f266fc369fe4d87d4b03f0e6f1:part_2/src/multi_linear_regression.py [37ms]
2023-12-14 21:41:43.390 [info] > git show --textconv cd08947e221ee7f266fc369fe4d87d4b03f0e6f1:saving_file.sav [28ms]
2023-12-14 21:41:43.402 [info] > git ls-tree -l cd08947e221ee7f266fc369fe4d87d4b03f0e6f1 -- ./ [5ms]
2023-12-14 21:41:49.092 [info] > git config --local branch.main.github-pr-owner-number [2ms]
2023-12-14 21:41:50.823 [info] > git show --textconv e7de2ef916f7d711b54ef03ac5509bfe98318616:main.py [63ms]
2023-12-14 21:41:50.823 [info] > git show --textconv e7de2ef916f7d711b54ef03ac5509bfe98318616:requirements.txt [53ms]
2023-12-14 21:41:50.823 [info] > git show --textconv e7de2ef916f7d711b54ef03ac5509bfe98318616:src/model_saver.py [45ms]
2023-12-14 21:41:50.823 [info] > git show --textconv e7de2ef916f7d711b54ef03ac5509bfe98318616:src/multi_linear_regression.py [35ms]
2023-12-14 21:41:50.823 [info] > git show --textconv e7de2ef916f7d711b54ef03ac5509bfe98318616:src/regression_plotter.py [26ms]
2023-12-14 21:42:39.740 [info] > git fetch [936ms]
2023-12-14 21:42:39.740 [info] Missing or invalid credentials.
Skip silent fetch commands
git@github.com: Permission denied (publickey).
fatal: Could not read from remote repository.

Please make sure you have the correct access rights
and the repository exists.
2023-12-14 21:42:39.764 [info] > git for-each-ref --format=%(refname)%00%(upstream:short)%00%(objectname)%00%(upstream:track)%00%(upstream:remotename)%00%(upstream:remoteref) refs/heads/part2 refs/remotes/part2 [2ms]
2023-12-14 21:42:39.765 [info] > git config --get commit.template [14ms]
2023-12-14 21:42:39.778 [info] > git status -z -uall [2ms]
2023-12-14 21:42:39.854 [info] > git fetch [1036ms]
2023-12-14 21:42:39.854 [info] Missing or invalid credentials.
Skip silent fetch commands
git@github.com: Permission denied (publickey).
fatal: Could not read from remote repository.

Please make sure you have the correct access rights
and the repository exists.
2023-12-14 21:42:39.871 [info] > git config --get commit.template [8ms]
2023-12-14 21:42:39.872 [info] > git for-each-ref --format=%(refname)%00%(upstream:short)%00%(objectname)%00%(upstream:track)%00%(upstream:remotename)%00%(upstream:remoteref) refs/heads/main refs/remotes/main [1ms]
2023-12-14 21:42:39.883 [info] > git status -z -uall [2ms]
2023-12-14 21:45:40.740 [info] > git fetch [927ms]
2023-12-14 21:45:40.740 [info] Missing or invalid credentials.
Skip silent fetch commands
git@github.com: Permission denied (publickey).
fatal: Could not read from remote repository.

Please make sure you have the correct access rights
and the repository exists.
2023-12-14 21:45:40.760 [info] > git config --get commit.template [11ms]
2023-12-14 21:45:40.761 [info] > git for-each-ref --format=%(refname)%00%(upstream:short)%00%(objectname)%00%(upstream:track)%00%(upstream:remotename)%00%(upstream:remoteref) refs/heads/part2 refs/remotes/part2 [2ms]
2023-12-14 21:45:40.774 [info] > git status -z -uall [2ms]
2023-12-14 21:45:40.914 [info] > git fetch [1014ms]
2023-12-14 21:45:40.914 [info] Missing or invalid credentials.
Skip silent fetch commands
git@github.com: Permission denied (publickey).
fatal: Could not read from remote repository.

Please make sure you have the correct access rights
and the repository exists.
2023-12-14 21:45:40.931 [info] > git config --get commit.template [9ms]
2023-12-14 21:45:40.932 [info] > git for-each-ref --format=%(refname)%00%(upstream:short)%00%(objectname)%00%(upstream:track)%00%(upstream:remotename)%00%(upstream:remoteref) refs/heads/main refs/remotes/main [2ms]
2023-12-14 21:45:40.942 [info] > git status -z -uall [2ms]
2023-12-14 21:46:44.051 [info] > git config --local branch.part2.github-pr-owner-number [2ms]
2023-12-14 21:46:45.740 [info] > git show --textconv cd08947e221ee7f266fc369fe4d87d4b03f0e6f1:.gitignore [64ms]
2023-12-14 21:46:45.740 [info] > git show --textconv cd08947e221ee7f266fc369fe4d87d4b03f0e6f1:part_2/main.py [53ms]
2023-12-14 21:46:45.740 [info] > git show --textconv cd08947e221ee7f266fc369fe4d87d4b03f0e6f1:part_2/src/model_saver.py [44ms]
2023-12-14 21:46:45.740 [info] > git show --textconv cd08947e221ee7f266fc369fe4d87d4b03f0e6f1:part_2/src/multi_linear_regression.py [36ms]
2023-12-14 21:46:45.740 [info] > git show --textconv cd08947e221ee7f266fc369fe4d87d4b03f0e6f1:saving_file.sav [27ms]
2023-12-14 21:46:45.751 [info] > git ls-tree -l cd08947e221ee7f266fc369fe4d87d4b03f0e6f1 -- ./ [3ms]
2023-12-14 21:46:51.478 [info] > git config --local branch.main.github-pr-owner-number [2ms]
2023-12-14 21:46:53.189 [info] > git show --textconv e7de2ef916f7d711b54ef03ac5509bfe98318616:main.py [62ms]
2023-12-14 21:46:53.189 [info] > git show --textconv e7de2ef916f7d711b54ef03ac5509bfe98318616:requirements.txt [54ms]
2023-12-14 21:46:53.189 [info] > git show --textconv e7de2ef916f7d711b54ef03ac5509bfe98318616:src/model_saver.py [45ms]
2023-12-14 21:46:53.189 [info] > git show --textconv e7de2ef916f7d711b54ef03ac5509bfe98318616:src/multi_linear_regression.py [36ms]
2023-12-14 21:46:53.189 [info] > git show --textconv e7de2ef916f7d711b54ef03ac5509bfe98318616:src/regression_plotter.py [27ms]
2023-12-14 21:48:41.775 [info] > git fetch [968ms]
2023-12-14 21:48:41.775 [info] Missing or invalid credentials.
Skip silent fetch commands
git@github.com: Permission denied (publickey).
fatal: Could not read from remote repository.

Please make sure you have the correct access rights
and the repository exists.
2023-12-14 21:48:41.795 [info] > git config --get commit.template [10ms]
2023-12-14 21:48:41.796 [info] > git for-each-ref --format=%(refname)%00%(upstream:short)%00%(objectname)%00%(upstream:track)%00%(upstream:remotename)%00%(upstream:remoteref) refs/heads/part2 refs/remotes/part2 [2ms]
2023-12-14 21:48:41.808 [info] > git status -z -uall [3ms]
2023-12-14 21:48:41.911 [info] > git fetch [948ms]
2023-12-14 21:48:41.911 [info] Missing or invalid credentials.
Skip silent fetch commands
git@github.com: Permission denied (publickey).
fatal: Could not read from remote repository.

Please make sure you have the correct access rights
and the repository exists.
2023-12-14 21:48:41.930 [info] > git config --get commit.template [9ms]
2023-12-14 21:48:41.931 [info] > git for-each-ref --format=%(refname)%00%(upstream:short)%00%(objectname)%00%(upstream:track)%00%(upstream:remotename)%00%(upstream:remoteref) refs/heads/main refs/remotes/main [2ms]
2023-12-14 21:48:41.942 [info] > git status -z -uall [2ms]
2023-12-14 21:51:42.819 [info] > git fetch [976ms]
2023-12-14 21:51:42.819 [info] Missing or invalid credentials.
Skip silent fetch commands
git@github.com: Permission denied (publickey).
fatal: Could not read from remote repository.

Please make sure you have the correct access rights
and the repository exists.
2023-12-14 21:51:42.842 [info] > git config --get commit.template [12ms]
2023-12-14 21:51:42.843 [info] > git for-each-ref --format=%(refname)%00%(upstream:short)%00%(objectname)%00%(upstream:track)%00%(upstream:remotename)%00%(upstream:remoteref) refs/heads/part2 refs/remotes/part2 [2ms]
2023-12-14 21:51:42.856 [info] > git status -z -uall [2ms]
2023-12-14 21:51:42.936 [info] > git fetch [974ms]
2023-12-14 21:51:42.936 [info] Missing or invalid credentials.
Skip silent fetch commands
git@github.com: Permission denied (publickey).
fatal: Could not read from remote repository.

Please make sure you have the correct access rights
and the repository exists.
2023-12-14 21:51:42.953 [info] > git config --get commit.template [8ms]
2023-12-14 21:51:42.954 [info] > git for-each-ref --format=%(refname)%00%(upstream:short)%00%(objectname)%00%(upstream:track)%00%(upstream:remotename)%00%(upstream:remoteref) refs/heads/main refs/remotes/main [1ms]
2023-12-14 21:51:42.964 [info] > git status -z -uall [1ms]
2023-12-14 21:51:46.512 [info] > git config --local branch.part2.github-pr-owner-number [2ms]
2023-12-14 21:51:48.089 [info] > git show --textconv cd08947e221ee7f266fc369fe4d87d4b03f0e6f1:.gitignore [61ms]
2023-12-14 21:51:48.089 [info] > git show --textconv cd08947e221ee7f266fc369fe4d87d4b03f0e6f1:part_2/main.py [52ms]
2023-12-14 21:51:48.090 [info] > git show --textconv cd08947e221ee7f266fc369fe4d87d4b03f0e6f1:part_2/src/model_saver.py [44ms]
2023-12-14 21:51:48.090 [info] > git show --textconv cd08947e221ee7f266fc369fe4d87d4b03f0e6f1:part_2/src/multi_linear_regression.py [35ms]
2023-12-14 21:51:48.090 [info] > git show --textconv cd08947e221ee7f266fc369fe4d87d4b03f0e6f1:saving_file.sav [26ms]
2023-12-14 21:51:48.103 [info] > git ls-tree -l cd08947e221ee7f266fc369fe4d87d4b03f0e6f1 -- ./ [6ms]
2023-12-14 21:51:53.884 [info] > git config --local branch.main.github-pr-owner-number [1ms]
2023-12-14 21:51:55.659 [info] > git show --textconv e7de2ef916f7d711b54ef03ac5509bfe98318616:main.py [66ms]
2023-12-14 21:51:55.659 [info] > git show --textconv e7de2ef916f7d711b54ef03ac5509bfe98318616:requirements.txt [57ms]
2023-12-14 21:51:55.659 [info] > git show --textconv e7de2ef916f7d711b54ef03ac5509bfe98318616:src/model_saver.py [48ms]
2023-12-14 21:51:55.659 [info] > git show --textconv e7de2ef916f7d711b54ef03ac5509bfe98318616:src/multi_linear_regression.py [38ms]
2023-12-14 21:51:55.659 [info] > git show --textconv e7de2ef916f7d711b54ef03ac5509bfe98318616:src/regression_plotter.py [29ms]
2023-12-14 21:54:43.783 [info] > git fetch [893ms]
2023-12-14 21:54:43.783 [info] Missing or invalid credentials.
Skip silent fetch commands
git@github.com: Permission denied (publickey).
fatal: Could not read from remote repository.

Please make sure you have the correct access rights
and the repository exists.
2023-12-14 21:54:43.803 [info] > git config --get commit.template [10ms]
2023-12-14 21:54:43.804 [info] > git for-each-ref --format=%(refname)%00%(upstream:short)%00%(objectname)%00%(upstream:track)%00%(upstream:remotename)%00%(upstream:remoteref) refs/heads/part2 refs/remotes/part2 [3ms]
2023-12-14 21:54:43.815 [info] > git status -z -uall [2ms]
2023-12-14 21:54:43.966 [info] > git fetch [982ms]
2023-12-14 21:54:43.966 [info] Missing or invalid credentials.
Skip silent fetch commands
git@github.com: Permission denied (publickey).
fatal: Could not read from remote repository.

Please make sure you have the correct access rights
and the repository exists.
2023-12-14 21:54:43.984 [info] > git config --get commit.template [9ms]
2023-12-14 21:54:43.985 [info] > git for-each-ref --format=%(refname)%00%(upstream:short)%00%(objectname)%00%(upstream:track)%00%(upstream:remotename)%00%(upstream:remoteref) refs/heads/main refs/remotes/main [2ms]
2023-12-14 21:54:43.997 [info] > git status -z -uall [2ms]
2023-12-14 21:56:48.835 [info] > git config --local branch.part2.github-pr-owner-number [2ms]
2023-12-14 21:56:50.452 [info] > git show --textconv cd08947e221ee7f266fc369fe4d87d4b03f0e6f1:.gitignore [69ms]
2023-12-14 21:56:50.452 [info] > git show --textconv cd08947e221ee7f266fc369fe4d87d4b03f0e6f1:part_2/main.py [57ms]
2023-12-14 21:56:50.452 [info] > git show --textconv cd08947e221ee7f266fc369fe4d87d4b03f0e6f1:part_2/src/model_saver.py [47ms]
2023-12-14 21:56:50.452 [info] > git show --textconv cd08947e221ee7f266fc369fe4d87d4b03f0e6f1:part_2/src/multi_linear_regression.py [37ms]
2023-12-14 21:56:50.452 [info] > git show --textconv cd08947e221ee7f266fc369fe4d87d4b03f0e6f1:saving_file.sav [26ms]
2023-12-14 21:56:50.466 [info] > git ls-tree -l cd08947e221ee7f266fc369fe4d87d4b03f0e6f1 -- ./ [6ms]
2023-12-14 21:56:56.384 [info] > git config --local branch.main.github-pr-owner-number [1ms]
2023-12-14 21:56:58.041 [info] > git show --textconv e7de2ef916f7d711b54ef03ac5509bfe98318616:main.py [58ms]
2023-12-14 21:56:58.042 [info] > git show --textconv e7de2ef916f7d711b54ef03ac5509bfe98318616:requirements.txt [51ms]
2023-12-14 21:56:58.042 [info] > git show --textconv e7de2ef916f7d711b54ef03ac5509bfe98318616:src/model_saver.py [43ms]
2023-12-14 21:56:58.042 [info] > git show --textconv e7de2ef916f7d711b54ef03ac5509bfe98318616:src/multi_linear_regression.py [34ms]
2023-12-14 21:56:58.042 [info] > git show --textconv e7de2ef916f7d711b54ef03ac5509bfe98318616:src/regression_plotter.py [26ms]
2023-12-14 21:57:44.819 [info] > git fetch [966ms]
2023-12-14 21:57:44.819 [info] Missing or invalid credentials.
Skip silent fetch commands
git@github.com: Permission denied (publickey).
fatal: Could not read from remote repository.

Please make sure you have the correct access rights
and the repository exists.
2023-12-14 21:57:44.841 [info] > git config --get commit.template [11ms]
2023-12-14 21:57:44.842 [info] > git for-each-ref --format=%(refname)%00%(upstream:short)%00%(objectname)%00%(upstream:track)%00%(upstream:remotename)%00%(upstream:remoteref) refs/heads/part2 refs/remotes/part2 [2ms]
2023-12-14 21:57:44.854 [info] > git status -z -uall [2ms]
2023-12-14 21:57:45.023 [info] > git fetch [1006ms]
2023-12-14 21:57:45.023 [info] Missing or invalid credentials.
Skip silent fetch commands
git@github.com: Permission denied (publickey).
fatal: Could not read from remote repository.

Please make sure you have the correct access rights
and the repository exists.
2023-12-14 21:57:45.039 [info] > git config --get commit.template [8ms]
2023-12-14 21:57:45.040 [info] > git for-each-ref --format=%(refname)%00%(upstream:short)%00%(objectname)%00%(upstream:track)%00%(upstream:remotename)%00%(upstream:remoteref) refs/heads/main refs/remotes/main [1ms]
2023-12-14 21:57:45.051 [info] > git status -z -uall [2ms]
2023-12-14 22:00:45.868 [info] > git fetch [978ms]
2023-12-14 22:00:45.868 [info] Missing or invalid credentials.
Skip silent fetch commands
git@github.com: Permission denied (publickey).
fatal: Could not read from remote repository.

Please make sure you have the correct access rights
and the repository exists.
2023-12-14 22:00:45.888 [info] > git config --get commit.template [12ms]
2023-12-14 22:00:45.889 [info] > git for-each-ref --format=%(refname)%00%(upstream:short)%00%(objectname)%00%(upstream:track)%00%(upstream:remotename)%00%(upstream:remoteref) refs/heads/part2 refs/remotes/part2 [2ms]
2023-12-14 22:00:45.902 [info] > git status -z -uall [2ms]
2023-12-14 22:00:46.050 [info] > git fetch [980ms]
2023-12-14 22:00:46.050 [info] Missing or invalid credentials.
Skip silent fetch commands
git@github.com: Permission denied (publickey).
fatal: Could not read from remote repository.

Please make sure you have the correct access rights
and the repository exists.
2023-12-14 22:00:46.067 [info] > git config --get commit.template [9ms]
2023-12-14 22:00:46.068 [info] > git for-each-ref --format=%(refname)%00%(upstream:short)%00%(objectname)%00%(upstream:track)%00%(upstream:remotename)%00%(upstream:remoteref) refs/heads/main refs/remotes/main [2ms]
2023-12-14 22:00:46.078 [info] > git status -z -uall [2ms]
2023-12-14 22:01:51.144 [info] > git config --local branch.part2.github-pr-owner-number [2ms]
2023-12-14 22:01:52.746 [info] > git show --textconv cd08947e221ee7f266fc369fe4d87d4b03f0e6f1:.gitignore [67ms]
2023-12-14 22:01:52.746 [info] > git show --textconv cd08947e221ee7f266fc369fe4d87d4b03f0e6f1:part_2/main.py [56ms]
2023-12-14 22:01:52.746 [info] > git show --textconv cd08947e221ee7f266fc369fe4d87d4b03f0e6f1:part_2/src/model_saver.py [46ms]
2023-12-14 22:01:52.746 [info] > git show --textconv cd08947e221ee7f266fc369fe4d87d4b03f0e6f1:part_2/src/multi_linear_regression.py [36ms]
2023-12-14 22:01:52.746 [info] > git show --textconv cd08947e221ee7f266fc369fe4d87d4b03f0e6f1:saving_file.sav [27ms]
2023-12-14 22:01:52.758 [info] > git ls-tree -l cd08947e221ee7f266fc369fe4d87d4b03f0e6f1 -- ./ [4ms]
2023-12-14 22:01:58.672 [info] > git config --local branch.main.github-pr-owner-number [2ms]
2023-12-14 22:02:00.378 [info] > git show --textconv e7de2ef916f7d711b54ef03ac5509bfe98318616:main.py [60ms]
2023-12-14 22:02:00.378 [info] > git show --textconv e7de2ef916f7d711b54ef03ac5509bfe98318616:requirements.txt [51ms]
2023-12-14 22:02:00.378 [info] > git show --textconv e7de2ef916f7d711b54ef03ac5509bfe98318616:src/model_saver.py [43ms]
2023-12-14 22:02:00.378 [info] > git show --textconv e7de2ef916f7d711b54ef03ac5509bfe98318616:src/multi_linear_regression.py [33ms]
2023-12-14 22:02:00.378 [info] > git show --textconv e7de2ef916f7d711b54ef03ac5509bfe98318616:src/regression_plotter.py [25ms]
2023-12-14 22:03:46.890 [info] > git fetch [946ms]
2023-12-14 22:03:46.890 [info] Missing or invalid credentials.
Skip silent fetch commands
git@github.com: Permission denied (publickey).
fatal: Could not read from remote repository.

Please make sure you have the correct access rights
and the repository exists.
2023-12-14 22:03:46.914 [info] > git config --get commit.template [12ms]
2023-12-14 22:03:46.915 [info] > git for-each-ref --format=%(refname)%00%(upstream:short)%00%(objectname)%00%(upstream:track)%00%(upstream:remotename)%00%(upstream:remoteref) refs/heads/part2 refs/remotes/part2 [2ms]
2023-12-14 22:03:46.929 [info] > git status -z -uall [2ms]
2023-12-14 22:03:47.077 [info] > git fetch [978ms]
2023-12-14 22:03:47.077 [info] Missing or invalid credentials.
Skip silent fetch commands
git@github.com: Permission denied (publickey).
fatal: Could not read from remote repository.

Please make sure you have the correct access rights
and the repository exists.
2023-12-14 22:03:47.094 [info] > git config --get commit.template [9ms]
2023-12-14 22:03:47.095 [info] > git for-each-ref --format=%(refname)%00%(upstream:short)%00%(objectname)%00%(upstream:track)%00%(upstream:remotename)%00%(upstream:remoteref) refs/heads/main refs/remotes/main [2ms]
2023-12-14 22:03:47.105 [info] > git status -z -uall [2ms]
2023-12-14 22:06:47.944 [info] > git fetch [974ms]
2023-12-14 22:06:47.944 [info] Missing or invalid credentials.
Skip silent fetch commands
git@github.com: Permission denied (publickey).
fatal: Could not read from remote repository.

Please make sure you have the correct access rights
and the repository exists.
2023-12-14 22:06:47.962 [info] > git config --get commit.template [10ms]
2023-12-14 22:06:47.963 [info] > git for-each-ref --format=%(refname)%00%(upstream:short)%00%(objectname)%00%(upstream:track)%00%(upstream:remotename)%00%(upstream:remoteref) refs/heads/part2 refs/remotes/part2 [2ms]
2023-12-14 22:06:47.976 [info] > git status -z -uall [2ms]
2023-12-14 22:06:48.067 [info] > git fetch [941ms]
2023-12-14 22:06:48.067 [info] Missing or invalid credentials.
Skip silent fetch commands
git@github.com: Permission denied (publickey).
fatal: Could not read from remote repository.

Please make sure you have the correct access rights
and the repository exists.
2023-12-14 22:06:48.085 [info] > git config --get commit.template [9ms]
2023-12-14 22:06:48.086 [info] > git for-each-ref --format=%(refname)%00%(upstream:short)%00%(objectname)%00%(upstream:track)%00%(upstream:remotename)%00%(upstream:remoteref) refs/heads/main refs/remotes/main [2ms]
2023-12-14 22:06:48.096 [info] > git status -z -uall [2ms]
2023-12-14 22:06:53.388 [info] > git config --local branch.part2.github-pr-owner-number [1ms]
2023-12-14 22:06:55.097 [info] > git show --textconv cd08947e221ee7f266fc369fe4d87d4b03f0e6f1:.gitignore [63ms]
2023-12-14 22:06:55.097 [info] > git show --textconv cd08947e221ee7f266fc369fe4d87d4b03f0e6f1:part_2/main.py [53ms]
2023-12-14 22:06:55.097 [info] > git show --textconv cd08947e221ee7f266fc369fe4d87d4b03f0e6f1:part_2/src/model_saver.py [44ms]
2023-12-14 22:06:55.097 [info] > git show --textconv cd08947e221ee7f266fc369fe4d87d4b03f0e6f1:part_2/src/multi_linear_regression.py [36ms]
2023-12-14 22:06:55.097 [info] > git show --textconv cd08947e221ee7f266fc369fe4d87d4b03f0e6f1:saving_file.sav [27ms]
2023-12-14 22:06:55.109 [info] > git ls-tree -l cd08947e221ee7f266fc369fe4d87d4b03f0e6f1 -- ./ [4ms]
2023-12-14 22:07:01.082 [info] > git config --local branch.main.github-pr-owner-number [2ms]
2023-12-14 22:07:02.831 [info] > git show --textconv e7de2ef916f7d711b54ef03ac5509bfe98318616:main.py [62ms]
2023-12-14 22:07:02.831 [info] > git show --textconv e7de2ef916f7d711b54ef03ac5509bfe98318616:requirements.txt [53ms]
2023-12-14 22:07:02.831 [info] > git show --textconv e7de2ef916f7d711b54ef03ac5509bfe98318616:src/model_saver.py [45ms]
2023-12-14 22:07:02.831 [info] > git show --textconv e7de2ef916f7d711b54ef03ac5509bfe98318616:src/multi_linear_regression.py [37ms]
2023-12-14 22:07:02.831 [info] > git show --textconv e7de2ef916f7d711b54ef03ac5509bfe98318616:src/regression_plotter.py [27ms]
2023-12-14 22:09:49.031 [info] > git fetch [1014ms]
2023-12-14 22:09:49.031 [info] Missing or invalid credentials.
Skip silent fetch commands
git@github.com: Permission denied (publickey).
fatal: Could not read from remote repository.

Please make sure you have the correct access rights
and the repository exists.
2023-12-14 22:09:49.050 [info] > git config --get commit.template [10ms]
2023-12-14 22:09:49.052 [info] > git for-each-ref --format=%(refname)%00%(upstream:short)%00%(objectname)%00%(upstream:track)%00%(upstream:remotename)%00%(upstream:remoteref) refs/heads/part2 refs/remotes/part2 [3ms]
2023-12-14 22:09:49.063 [info] > git status -z -uall [3ms]
2023-12-14 22:09:49.110 [info] > git fetch [992ms]
2023-12-14 22:09:49.110 [info] Missing or invalid credentials.
Skip silent fetch commands
git@github.com: Permission denied (publickey).
fatal: Could not read from remote repository.

Please make sure you have the correct access rights
and the repository exists.
2023-12-14 22:09:49.127 [info] > git config --get commit.template [8ms]
2023-12-14 22:09:49.128 [info] > git for-each-ref --format=%(refname)%00%(upstream:short)%00%(objectname)%00%(upstream:track)%00%(upstream:remotename)%00%(upstream:remoteref) refs/heads/main refs/remotes/main [1ms]
2023-12-14 22:09:49.138 [info] > git status -z -uall [2ms]
2023-12-14 22:11:55.818 [info] > git config --local branch.part2.github-pr-owner-number [2ms]
2023-12-14 22:11:57.517 [info] > git show --textconv cd08947e221ee7f266fc369fe4d87d4b03f0e6f1:.gitignore [62ms]
2023-12-14 22:11:57.517 [info] > git show --textconv cd08947e221ee7f266fc369fe4d87d4b03f0e6f1:part_2/main.py [54ms]
2023-12-14 22:11:57.517 [info] > git show --textconv cd08947e221ee7f266fc369fe4d87d4b03f0e6f1:part_2/src/model_saver.py [45ms]
2023-12-14 22:11:57.517 [info] > git show --textconv cd08947e221ee7f266fc369fe4d87d4b03f0e6f1:part_2/src/multi_linear_regression.py [36ms]
2023-12-14 22:11:57.517 [info] > git show --textconv cd08947e221ee7f266fc369fe4d87d4b03f0e6f1:saving_file.sav [27ms]
2023-12-14 22:11:57.530 [info] > git ls-tree -l cd08947e221ee7f266fc369fe4d87d4b03f0e6f1 -- ./ [6ms]
2023-12-14 22:12:03.556 [info] > git config --local branch.main.github-pr-owner-number [2ms]
2023-12-14 22:12:05.239 [info] > git show --textconv e7de2ef916f7d711b54ef03ac5509bfe98318616:main.py [70ms]
2023-12-14 22:12:05.239 [info] > git show --textconv e7de2ef916f7d711b54ef03ac5509bfe98318616:requirements.txt [61ms]
2023-12-14 22:12:05.239 [info] > git show --textconv e7de2ef916f7d711b54ef03ac5509bfe98318616:src/model_saver.py [53ms]
2023-12-14 22:12:05.239 [info] > git show --textconv e7de2ef916f7d711b54ef03ac5509bfe98318616:src/multi_linear_regression.py [45ms]
2023-12-14 22:12:05.240 [info] > git show --textconv e7de2ef916f7d711b54ef03ac5509bfe98318616:src/regression_plotter.py [37ms]
2023-12-14 22:12:50.056 [info] > git fetch [953ms]
2023-12-14 22:12:50.056 [info] Missing or invalid credentials.
Skip silent fetch commands
git@github.com: Permission denied (publickey).
fatal: Could not read from remote repository.

Please make sure you have the correct access rights
and the repository exists.
2023-12-14 22:12:50.079 [info] > git config --get commit.template [12ms]
2023-12-14 22:12:50.080 [info] > git for-each-ref --format=%(refname)%00%(upstream:short)%00%(objectname)%00%(upstream:track)%00%(upstream:remotename)%00%(upstream:remoteref) refs/heads/part2 refs/remotes/part2 [2ms]
2023-12-14 22:12:50.093 [info] > git status -z -uall [2ms]
2023-12-14 22:12:50.113 [info] > git fetch [962ms]
2023-12-14 22:12:50.113 [info] Missing or invalid credentials.
Skip silent fetch commands
git@github.com: Permission denied (publickey).
fatal: Could not read from remote repository.

Please make sure you have the correct access rights
and the repository exists.
2023-12-14 22:12:50.130 [info] > git config --get commit.template [8ms]
2023-12-14 22:12:50.131 [info] > git for-each-ref --format=%(refname)%00%(upstream:short)%00%(objectname)%00%(upstream:track)%00%(upstream:remotename)%00%(upstream:remoteref) refs/heads/main refs/remotes/main [1ms]
2023-12-14 22:12:50.142 [info] > git status -z -uall [2ms]
2023-12-14 22:15:51.101 [info] > git fetch [978ms]
2023-12-14 22:15:51.101 [info] Missing or invalid credentials.
Skip silent fetch commands
git@github.com: Permission denied (publickey).
fatal: Could not read from remote repository.

Please make sure you have the correct access rights
and the repository exists.
2023-12-14 22:15:51.124 [info] > git config --get commit.template [12ms]
2023-12-14 22:15:51.125 [info] > git for-each-ref --format=%(refname)%00%(upstream:short)%00%(objectname)%00%(upstream:track)%00%(upstream:remotename)%00%(upstream:remoteref) refs/heads/part2 refs/remotes/part2 [1ms]
2023-12-14 22:15:51.138 [info] > git status -z -uall [2ms]
2023-12-14 22:15:51.164 [info] > git fetch [1010ms]
2023-12-14 22:15:51.164 [info] Missing or invalid credentials.
Skip silent fetch commands
git@github.com: Permission denied (publickey).
fatal: Could not read from remote repository.

Please make sure you have the correct access rights
and the repository exists.
2023-12-14 22:15:51.181 [info] > git config --get commit.template [9ms]
2023-12-14 22:15:51.182 [info] > git for-each-ref --format=%(refname)%00%(upstream:short)%00%(objectname)%00%(upstream:track)%00%(upstream:remotename)%00%(upstream:remoteref) refs/heads/main refs/remotes/main [2ms]
2023-12-14 22:15:51.193 [info] > git status -z -uall [3ms]
2023-12-14 22:16:58.276 [info] > git config --local branch.part2.github-pr-owner-number [2ms]
2023-12-14 22:16:59.879 [info] > git show --textconv cd08947e221ee7f266fc369fe4d87d4b03f0e6f1:.gitignore [62ms]
2023-12-14 22:16:59.879 [info] > git show --textconv cd08947e221ee7f266fc369fe4d87d4b03f0e6f1:part_2/main.py [52ms]
2023-12-14 22:16:59.879 [info] > git show --textconv cd08947e221ee7f266fc369fe4d87d4b03f0e6f1:part_2/src/model_saver.py [43ms]
2023-12-14 22:16:59.879 [info] > git show --textconv cd08947e221ee7f266fc369fe4d87d4b03f0e6f1:part_2/src/multi_linear_regression.py [34ms]
2023-12-14 22:16:59.879 [info] > git show --textconv cd08947e221ee7f266fc369fe4d87d4b03f0e6f1:saving_file.sav [26ms]
2023-12-14 22:16:59.891 [info] > git ls-tree -l cd08947e221ee7f266fc369fe4d87d4b03f0e6f1 -- ./ [4ms]
2023-12-14 22:17:05.923 [info] > git config --local branch.main.github-pr-owner-number [2ms]
2023-12-14 22:17:07.686 [info] > git show --textconv e7de2ef916f7d711b54ef03ac5509bfe98318616:main.py [63ms]
2023-12-14 22:17:07.686 [info] > git show --textconv e7de2ef916f7d711b54ef03ac5509bfe98318616:requirements.txt [53ms]
2023-12-14 22:17:07.686 [info] > git show --textconv e7de2ef916f7d711b54ef03ac5509bfe98318616:src/model_saver.py [45ms]
2023-12-14 22:17:07.686 [info] > git show --textconv e7de2ef916f7d711b54ef03ac5509bfe98318616:src/multi_linear_regression.py [36ms]
2023-12-14 22:17:07.686 [info] > git show --textconv e7de2ef916f7d711b54ef03ac5509bfe98318616:src/regression_plotter.py [25ms]
2023-12-14 22:18:52.119 [info] > git fetch [942ms]
2023-12-14 22:18:52.119 [info] Missing or invalid credentials.
Skip silent fetch commands
git@github.com: Permission denied (publickey).
fatal: Could not read from remote repository.

Please make sure you have the correct access rights
and the repository exists.
2023-12-14 22:18:52.140 [info] > git config --get commit.template [12ms]
2023-12-14 22:18:52.140 [info] > git for-each-ref --format=%(refname)%00%(upstream:short)%00%(objectname)%00%(upstream:track)%00%(upstream:remotename)%00%(upstream:remoteref) refs/heads/part2 refs/remotes/part2 [1ms]
2023-12-14 22:18:52.154 [info] > git status -z -uall [3ms]
2023-12-14 22:18:52.219 [info] > git fetch [1013ms]
2023-12-14 22:18:52.219 [info] Missing or invalid credentials.
Skip silent fetch commands
git@github.com: Permission denied (publickey).
fatal: Could not read from remote repository.

Please make sure you have the correct access rights
and the repository exists.
2023-12-14 22:18:52.236 [info] > git config --get commit.template [9ms]
2023-12-14 22:18:52.237 [info] > git for-each-ref --format=%(refname)%00%(upstream:short)%00%(objectname)%00%(upstream:track)%00%(upstream:remotename)%00%(upstream:remoteref) refs/heads/main refs/remotes/main [2ms]
2023-12-14 22:18:52.248 [info] > git status -z -uall [2ms]
2023-12-14 22:21:53.153 [info] > git fetch [961ms]
2023-12-14 22:21:53.153 [info] Missing or invalid credentials.
Skip silent fetch commands
git@github.com: Permission denied (publickey).
fatal: Could not read from remote repository.

Please make sure you have the correct access rights
and the repository exists.
2023-12-14 22:21:53.173 [info] > git config --get commit.template [10ms]
2023-12-14 22:21:53.174 [info] > git for-each-ref --format=%(refname)%00%(upstream:short)%00%(objectname)%00%(upstream:track)%00%(upstream:remotename)%00%(upstream:remoteref) refs/heads/part2 refs/remotes/part2 [2ms]
2023-12-14 22:21:53.185 [info] > git status -z -uall [2ms]
2023-12-14 22:21:53.269 [info] > git fetch [1009ms]
2023-12-14 22:21:53.269 [info] Missing or invalid credentials.
Skip silent fetch commands
git@github.com: Permission denied (publickey).
fatal: Could not read from remote repository.

Please make sure you have the correct access rights
and the repository exists.
2023-12-14 22:21:53.287 [info] > git config --get commit.template [9ms]
2023-12-14 22:21:53.288 [info] > git for-each-ref --format=%(refname)%00%(upstream:short)%00%(objectname)%00%(upstream:track)%00%(upstream:remotename)%00%(upstream:remoteref) refs/heads/main refs/remotes/main [1ms]
2023-12-14 22:21:53.298 [info] > git status -z -uall [1ms]
2023-12-14 22:22:00.544 [info] > git config --local branch.part2.github-pr-owner-number [2ms]
2023-12-14 22:22:02.346 [info] > git show --textconv cd08947e221ee7f266fc369fe4d87d4b03f0e6f1:.gitignore [65ms]
2023-12-14 22:22:02.346 [info] > git show --textconv cd08947e221ee7f266fc369fe4d87d4b03f0e6f1:part_2/main.py [56ms]
2023-12-14 22:22:02.346 [info] > git show --textconv cd08947e221ee7f266fc369fe4d87d4b03f0e6f1:part_2/src/model_saver.py [47ms]
2023-12-14 22:22:02.346 [info] > git show --textconv cd08947e221ee7f266fc369fe4d87d4b03f0e6f1:part_2/src/multi_linear_regression.py [38ms]
2023-12-14 22:22:02.346 [info] > git show --textconv cd08947e221ee7f266fc369fe4d87d4b03f0e6f1:saving_file.sav [26ms]
2023-12-14 22:22:02.359 [info] > git ls-tree -l cd08947e221ee7f266fc369fe4d87d4b03f0e6f1 -- ./ [5ms]
2023-12-14 22:22:08.375 [info] > git config --local branch.main.github-pr-owner-number [2ms]
2023-12-14 22:22:10.030 [info] > git show --textconv e7de2ef916f7d711b54ef03ac5509bfe98318616:main.py [63ms]
2023-12-14 22:22:10.030 [info] > git show --textconv e7de2ef916f7d711b54ef03ac5509bfe98318616:requirements.txt [54ms]
2023-12-14 22:22:10.030 [info] > git show --textconv e7de2ef916f7d711b54ef03ac5509bfe98318616:src/model_saver.py [45ms]
2023-12-14 22:22:10.030 [info] > git show --textconv e7de2ef916f7d711b54ef03ac5509bfe98318616:src/multi_linear_regression.py [36ms]
2023-12-14 22:22:10.030 [info] > git show --textconv e7de2ef916f7d711b54ef03ac5509bfe98318616:src/regression_plotter.py [26ms]
2023-12-14 22:24:54.184 [info] > git fetch [951ms]
2023-12-14 22:24:54.184 [info] Missing or invalid credentials.
Skip silent fetch commands
git@github.com: Permission denied (publickey).
fatal: Could not read from remote repository.

Please make sure you have the correct access rights
and the repository exists.
2023-12-14 22:24:54.204 [info] > git config --get commit.template [10ms]
2023-12-14 22:24:54.205 [info] > git for-each-ref --format=%(refname)%00%(upstream:short)%00%(objectname)%00%(upstream:track)%00%(upstream:remotename)%00%(upstream:remoteref) refs/heads/part2 refs/remotes/part2 [2ms]
2023-12-14 22:24:54.217 [info] > git status -z -uall [3ms]
2023-12-14 22:24:54.263 [info] > git fetch [949ms]
2023-12-14 22:24:54.263 [info] Missing or invalid credentials.
Skip silent fetch commands
git@github.com: Permission denied (publickey).
fatal: Could not read from remote repository.

Please make sure you have the correct access rights
and the repository exists.
2023-12-14 22:24:54.281 [info] > git config --get commit.template [9ms]
2023-12-14 22:24:54.281 [info] > git for-each-ref --format=%(refname)%00%(upstream:short)%00%(objectname)%00%(upstream:track)%00%(upstream:remotename)%00%(upstream:remoteref) refs/heads/main refs/remotes/main [1ms]
2023-12-14 22:24:54.292 [info] > git status -z -uall [2ms]
2023-12-14 22:27:03.295 [info] > git config --local branch.part2.github-pr-owner-number [2ms]
2023-12-14 22:27:04.928 [info] > git show --textconv cd08947e221ee7f266fc369fe4d87d4b03f0e6f1:.gitignore [62ms]
2023-12-14 22:27:04.928 [info] > git show --textconv cd08947e221ee7f266fc369fe4d87d4b03f0e6f1:part_2/main.py [53ms]
2023-12-14 22:27:04.928 [info] > git show --textconv cd08947e221ee7f266fc369fe4d87d4b03f0e6f1:part_2/src/model_saver.py [44ms]
2023-12-14 22:27:04.928 [info] > git show --textconv cd08947e221ee7f266fc369fe4d87d4b03f0e6f1:part_2/src/multi_linear_regression.py [35ms]
2023-12-14 22:27:04.928 [info] > git show --textconv cd08947e221ee7f266fc369fe4d87d4b03f0e6f1:saving_file.sav [26ms]
2023-12-14 22:27:04.939 [info] > git ls-tree -l cd08947e221ee7f266fc369fe4d87d4b03f0e6f1 -- ./ [3ms]
2023-12-14 22:27:10.665 [info] > git config --local branch.main.github-pr-owner-number [2ms]
2023-12-14 22:27:12.270 [info] > git show --textconv e7de2ef916f7d711b54ef03ac5509bfe98318616:main.py [63ms]
2023-12-14 22:27:12.270 [info] > git show --textconv e7de2ef916f7d711b54ef03ac5509bfe98318616:requirements.txt [55ms]
2023-12-14 22:27:12.270 [info] > git show --textconv e7de2ef916f7d711b54ef03ac5509bfe98318616:src/model_saver.py [46ms]
2023-12-14 22:27:12.270 [info] > git show --textconv e7de2ef916f7d711b54ef03ac5509bfe98318616:src/multi_linear_regression.py [37ms]
2023-12-14 22:27:12.270 [info] > git show --textconv e7de2ef916f7d711b54ef03ac5509bfe98318616:src/regression_plotter.py [28ms]
2023-12-14 22:27:55.236 [info] > git fetch [981ms]
2023-12-14 22:27:55.236 [info] Missing or invalid credentials.
Skip silent fetch commands
git@github.com: Permission denied (publickey).
fatal: Could not read from remote repository.

Please make sure you have the correct access rights
and the repository exists.
2023-12-14 22:27:55.260 [info] > git config --get commit.template [12ms]
2023-12-14 22:27:55.260 [info] > git for-each-ref --format=%(refname)%00%(upstream:short)%00%(objectname)%00%(upstream:track)%00%(upstream:remotename)%00%(upstream:remoteref) refs/heads/part2 refs/remotes/part2 [2ms]
2023-12-14 22:27:55.274 [info] > git status -z -uall [2ms]
2023-12-14 22:27:55.286 [info] > git fetch [980ms]
2023-12-14 22:27:55.286 [info] Missing or invalid credentials.
Skip silent fetch commands
git@github.com: Permission denied (publickey).
fatal: Could not read from remote repository.

Please make sure you have the correct access rights
and the repository exists.
2023-12-14 22:27:55.306 [info] > git config --get commit.template [10ms]
2023-12-14 22:27:55.309 [info] > git for-each-ref --format=%(refname)%00%(upstream:short)%00%(objectname)%00%(upstream:track)%00%(upstream:remotename)%00%(upstream:remoteref) refs/heads/main refs/remotes/main [3ms]
2023-12-14 22:27:55.320 [info] > git status -z -uall [1ms]
2023-12-14 22:30:56.405 [info] > git fetch [1093ms]
2023-12-14 22:30:56.405 [info] Missing or invalid credentials.
Skip silent fetch commands
git@github.com: Permission denied (publickey).
fatal: Could not read from remote repository.

Please make sure you have the correct access rights
and the repository exists.
2023-12-14 22:30:56.426 [info] > git fetch [1090ms]
2023-12-14 22:30:56.426 [info] Missing or invalid credentials.
Skip silent fetch commands
git@github.com: Permission denied (publickey).
fatal: Could not read from remote repository.

Please make sure you have the correct access rights
and the repository exists.
2023-12-14 22:30:56.426 [info] > git config --get commit.template [11ms]
2023-12-14 22:30:56.435 [info] > git for-each-ref --format=%(refname)%00%(upstream:short)%00%(objectname)%00%(upstream:track)%00%(upstream:remotename)%00%(upstream:remoteref) refs/heads/part2 refs/remotes/part2 [11ms]
2023-12-14 22:30:56.435 [info] > git config --get commit.template [1ms]
2023-12-14 22:30:56.452 [info] > git for-each-ref --format=%(refname)%00%(upstream:short)%00%(objectname)%00%(upstream:track)%00%(upstream:remotename)%00%(upstream:remoteref) refs/heads/main refs/remotes/main [9ms]
2023-12-14 22:30:56.461 [info] > git status -z -uall [9ms]
2023-12-14 22:30:56.465 [info] > git status -z -uall [5ms]
2023-12-14 22:32:05.718 [info] > git config --local branch.part2.github-pr-owner-number [2ms]
2023-12-14 22:32:07.451 [info] > git show --textconv cd08947e221ee7f266fc369fe4d87d4b03f0e6f1:.gitignore [63ms]
2023-12-14 22:32:07.451 [info] > git show --textconv cd08947e221ee7f266fc369fe4d87d4b03f0e6f1:part_2/main.py [54ms]
2023-12-14 22:32:07.451 [info] > git show --textconv cd08947e221ee7f266fc369fe4d87d4b03f0e6f1:part_2/src/model_saver.py [45ms]
2023-12-14 22:32:07.451 [info] > git show --textconv cd08947e221ee7f266fc369fe4d87d4b03f0e6f1:part_2/src/multi_linear_regression.py [36ms]
2023-12-14 22:32:07.451 [info] > git show --textconv cd08947e221ee7f266fc369fe4d87d4b03f0e6f1:saving_file.sav [27ms]
2023-12-14 22:32:07.464 [info] > git ls-tree -l cd08947e221ee7f266fc369fe4d87d4b03f0e6f1 -- ./ [5ms]
2023-12-14 22:32:12.905 [info] > git config --local branch.main.github-pr-owner-number [1ms]
2023-12-14 22:32:14.511 [info] > git show --textconv e7de2ef916f7d711b54ef03ac5509bfe98318616:main.py [64ms]
2023-12-14 22:32:14.511 [info] > git show --textconv e7de2ef916f7d711b54ef03ac5509bfe98318616:requirements.txt [56ms]
2023-12-14 22:32:14.511 [info] > git show --textconv e7de2ef916f7d711b54ef03ac5509bfe98318616:src/model_saver.py [47ms]
2023-12-14 22:32:14.511 [info] > git show --textconv e7de2ef916f7d711b54ef03ac5509bfe98318616:src/multi_linear_regression.py [38ms]
2023-12-14 22:32:14.511 [info] > git show --textconv e7de2ef916f7d711b54ef03ac5509bfe98318616:src/regression_plotter.py [29ms]
2023-12-14 22:33:57.463 [info] > git fetch [943ms]
2023-12-14 22:33:57.463 [info] Missing or invalid credentials.
Skip silent fetch commands
git@github.com: Permission denied (publickey).
fatal: Could not read from remote repository.

Please make sure you have the correct access rights
and the repository exists.
2023-12-14 22:33:57.483 [info] > git config --get commit.template [10ms]
2023-12-14 22:33:57.484 [info] > git for-each-ref --format=%(refname)%00%(upstream:short)%00%(objectname)%00%(upstream:track)%00%(upstream:remotename)%00%(upstream:remoteref) refs/heads/main refs/remotes/main [3ms]
2023-12-14 22:33:57.499 [info] > git status -z -uall [2ms]
2023-12-14 22:33:57.529 [info] > git fetch [1019ms]
2023-12-14 22:33:57.529 [info] Missing or invalid credentials.
Skip silent fetch commands
git@github.com: Permission denied (publickey).
fatal: Could not read from remote repository.

Please make sure you have the correct access rights
and the repository exists.
2023-12-14 22:33:57.546 [info] > git config --get commit.template [9ms]
2023-12-14 22:33:57.547 [info] > git for-each-ref --format=%(refname)%00%(upstream:short)%00%(objectname)%00%(upstream:track)%00%(upstream:remotename)%00%(upstream:remoteref) refs/heads/part2 refs/remotes/part2 [2ms]
2023-12-14 22:33:57.560 [info] > git status -z -uall [3ms]
2023-12-14 22:36:58.514 [info] > git fetch [942ms]
2023-12-14 22:36:58.514 [info] Missing or invalid credentials.
Skip silent fetch commands
git@github.com: Permission denied (publickey).
fatal: Could not read from remote repository.

Please make sure you have the correct access rights
and the repository exists.
2023-12-14 22:36:58.534 [info] > git config --get commit.template [10ms]
2023-12-14 22:36:58.535 [info] > git for-each-ref --format=%(refname)%00%(upstream:short)%00%(objectname)%00%(upstream:track)%00%(upstream:remotename)%00%(upstream:remoteref) refs/heads/part2 refs/remotes/part2 [3ms]
2023-12-14 22:36:58.546 [info] > git status -z -uall [2ms]
2023-12-14 22:36:58.563 [info] > git fetch [1017ms]
2023-12-14 22:36:58.563 [info] Missing or invalid credentials.
Skip silent fetch commands
git@github.com: Permission denied (publickey).
fatal: Could not read from remote repository.

Please make sure you have the correct access rights
and the repository exists.
2023-12-14 22:36:58.580 [info] > git config --get commit.template [9ms]
2023-12-14 22:36:58.581 [info] > git for-each-ref --format=%(refname)%00%(upstream:short)%00%(objectname)%00%(upstream:track)%00%(upstream:remotename)%00%(upstream:remoteref) refs/heads/main refs/remotes/main [2ms]
2023-12-14 22:36:58.591 [info] > git status -z -uall [2ms]
2023-12-14 22:37:08.152 [info] > git config --local branch.part2.github-pr-owner-number [2ms]
2023-12-14 22:37:09.721 [info] > git show --textconv cd08947e221ee7f266fc369fe4d87d4b03f0e6f1:.gitignore [60ms]
2023-12-14 22:37:09.721 [info] > git show --textconv cd08947e221ee7f266fc369fe4d87d4b03f0e6f1:part_2/main.py [51ms]
2023-12-14 22:37:09.721 [info] > git show --textconv cd08947e221ee7f266fc369fe4d87d4b03f0e6f1:part_2/src/model_saver.py [43ms]
2023-12-14 22:37:09.721 [info] > git show --textconv cd08947e221ee7f266fc369fe4d87d4b03f0e6f1:part_2/src/multi_linear_regression.py [34ms]
2023-12-14 22:37:09.721 [info] > git show --textconv cd08947e221ee7f266fc369fe4d87d4b03f0e6f1:saving_file.sav [26ms]
2023-12-14 22:37:09.732 [info] > git ls-tree -l cd08947e221ee7f266fc369fe4d87d4b03f0e6f1 -- ./ [4ms]
2023-12-14 22:37:15.161 [info] > git config --local branch.main.github-pr-owner-number [2ms]
2023-12-14 22:37:16.757 [info] > git show --textconv e7de2ef916f7d711b54ef03ac5509bfe98318616:main.py [62ms]
2023-12-14 22:37:16.757 [info] > git show --textconv e7de2ef916f7d711b54ef03ac5509bfe98318616:requirements.txt [53ms]
2023-12-14 22:37:16.757 [info] > git show --textconv e7de2ef916f7d711b54ef03ac5509bfe98318616:src/model_saver.py [44ms]
2023-12-14 22:37:16.757 [info] > git show --textconv e7de2ef916f7d711b54ef03ac5509bfe98318616:src/multi_linear_regression.py [34ms]
2023-12-14 22:37:16.757 [info] > git show --textconv e7de2ef916f7d711b54ef03ac5509bfe98318616:src/regression_plotter.py [26ms]
2023-12-14 22:39:59.545 [info] > git fetch [980ms]
2023-12-14 22:39:59.545 [info] Missing or invalid credentials.
Skip silent fetch commands
git@github.com: Permission denied (publickey).
fatal: Could not read from remote repository.

Please make sure you have the correct access rights
and the repository exists.
2023-12-14 22:39:59.564 [info] > git config --get commit.template [10ms]
2023-12-14 22:39:59.565 [info] > git for-each-ref --format=%(refname)%00%(upstream:short)%00%(objectname)%00%(upstream:track)%00%(upstream:remotename)%00%(upstream:remoteref) refs/heads/part2 refs/remotes/part2 [2ms]
2023-12-14 22:39:59.578 [info] > git status -z -uall [3ms]
2023-12-14 22:39:59.588 [info] > git fetch [984ms]
2023-12-14 22:39:59.588 [info] Missing or invalid credentials.
Skip silent fetch commands
git@github.com: Permission denied (publickey).
fatal: Could not read from remote repository.

Please make sure you have the correct access rights
and the repository exists.
2023-12-14 22:39:59.605 [info] > git config --get commit.template [9ms]
2023-12-14 22:39:59.606 [info] > git for-each-ref --format=%(refname)%00%(upstream:short)%00%(objectname)%00%(upstream:track)%00%(upstream:remotename)%00%(upstream:remoteref) refs/heads/main refs/remotes/main [2ms]
2023-12-14 22:39:59.616 [info] > git status -z -uall [2ms]
2023-12-14 22:42:10.452 [info] > git config --local branch.part2.github-pr-owner-number [2ms]
2023-12-14 22:42:12.118 [info] > git show --textconv cd08947e221ee7f266fc369fe4d87d4b03f0e6f1:.gitignore [63ms]
2023-12-14 22:42:12.118 [info] > git show --textconv cd08947e221ee7f266fc369fe4d87d4b03f0e6f1:part_2/main.py [55ms]
2023-12-14 22:42:12.118 [info] > git show --textconv cd08947e221ee7f266fc369fe4d87d4b03f0e6f1:part_2/src/model_saver.py [44ms]
2023-12-14 22:42:12.118 [info] > git show --textconv cd08947e221ee7f266fc369fe4d87d4b03f0e6f1:part_2/src/multi_linear_regression.py [36ms]
2023-12-14 22:42:12.118 [info] > git show --textconv cd08947e221ee7f266fc369fe4d87d4b03f0e6f1:saving_file.sav [27ms]
2023-12-14 22:42:12.131 [info] > git ls-tree -l cd08947e221ee7f266fc369fe4d87d4b03f0e6f1 -- ./ [5ms]
2023-12-14 22:42:17.513 [info] > git config --local branch.main.github-pr-owner-number [2ms]
2023-12-14 22:42:19.244 [info] > git show --textconv e7de2ef916f7d711b54ef03ac5509bfe98318616:main.py [60ms]
2023-12-14 22:42:19.244 [info] > git show --textconv e7de2ef916f7d711b54ef03ac5509bfe98318616:requirements.txt [51ms]
2023-12-14 22:42:19.244 [info] > git show --textconv e7de2ef916f7d711b54ef03ac5509bfe98318616:src/model_saver.py [43ms]
2023-12-14 22:42:19.244 [info] > git show --textconv e7de2ef916f7d711b54ef03ac5509bfe98318616:src/multi_linear_regression.py [34ms]
2023-12-14 22:42:19.244 [info] > git show --textconv e7de2ef916f7d711b54ef03ac5509bfe98318616:src/regression_plotter.py [26ms]
2023-12-14 22:43:00.600 [info] > git fetch [971ms]
2023-12-14 22:43:00.600 [info] Missing or invalid credentials.
Skip silent fetch commands
git@github.com: Permission denied (publickey).
fatal: Could not read from remote repository.

Please make sure you have the correct access rights
and the repository exists.
2023-12-14 22:43:00.600 [info] > git fetch [1001ms]
2023-12-14 22:43:00.600 [info] Missing or invalid credentials.
Skip silent fetch commands
git@github.com: Permission denied (publickey).
fatal: Could not read from remote repository.

Please make sure you have the correct access rights
and the repository exists.
2023-12-14 22:43:00.617 [info] > git config --get commit.template [9ms]
2023-12-14 22:43:00.618 [info] > git config --get commit.template [2ms]
2023-12-14 22:43:00.635 [info] > git for-each-ref --format=%(refname)%00%(upstream:short)%00%(objectname)%00%(upstream:track)%00%(upstream:remotename)%00%(upstream:remoteref) refs/heads/main refs/remotes/main [9ms]
2023-12-14 22:43:00.644 [info] > git for-each-ref --format=%(refname)%00%(upstream:short)%00%(objectname)%00%(upstream:track)%00%(upstream:remotename)%00%(upstream:remoteref) refs/heads/part2 refs/remotes/part2 [10ms]
2023-12-14 22:43:00.653 [info] > git status -z -uall [10ms]
2023-12-14 22:43:00.657 [info] > git status -z -uall [4ms]
2023-12-14 22:46:01.634 [info] > git fetch [957ms]
2023-12-14 22:46:01.634 [info] Missing or invalid credentials.
Skip silent fetch commands
git@github.com: Permission denied (publickey).
fatal: Could not read from remote repository.

Please make sure you have the correct access rights
and the repository exists.
2023-12-14 22:46:01.653 [info] > git config --get commit.template [10ms]
2023-12-14 22:46:01.654 [info] > git for-each-ref --format=%(refname)%00%(upstream:short)%00%(objectname)%00%(upstream:track)%00%(upstream:remotename)%00%(upstream:remoteref) refs/heads/main refs/remotes/main [2ms]
2023-12-14 22:46:01.665 [info] > git status -z -uall [2ms]
2023-12-14 22:46:01.713 [info] > git fetch [1025ms]
2023-12-14 22:46:01.713 [info] Missing or invalid credentials.
Skip silent fetch commands
git@github.com: Permission denied (publickey).
fatal: Could not read from remote repository.

Please make sure you have the correct access rights
and the repository exists.
2023-12-14 22:46:01.731 [info] > git config --get commit.template [9ms]
2023-12-14 22:46:01.732 [info] > git for-each-ref --format=%(refname)%00%(upstream:short)%00%(objectname)%00%(upstream:track)%00%(upstream:remotename)%00%(upstream:remoteref) refs/heads/part2 refs/remotes/part2 [2ms]
2023-12-14 22:46:01.743 [info] > git status -z -uall [2ms]
2023-12-14 22:47:12.785 [info] > git config --local branch.part2.github-pr-owner-number [2ms]
2023-12-14 22:47:14.527 [info] > git show --textconv cd08947e221ee7f266fc369fe4d87d4b03f0e6f1:.gitignore [62ms]
2023-12-14 22:47:14.527 [info] > git show --textconv cd08947e221ee7f266fc369fe4d87d4b03f0e6f1:part_2/main.py [54ms]
2023-12-14 22:47:14.527 [info] > git show --textconv cd08947e221ee7f266fc369fe4d87d4b03f0e6f1:part_2/src/model_saver.py [45ms]
2023-12-14 22:47:14.527 [info] > git show --textconv cd08947e221ee7f266fc369fe4d87d4b03f0e6f1:part_2/src/multi_linear_regression.py [36ms]
2023-12-14 22:47:14.527 [info] > git show --textconv cd08947e221ee7f266fc369fe4d87d4b03f0e6f1:saving_file.sav [27ms]
2023-12-14 22:47:14.540 [info] > git ls-tree -l cd08947e221ee7f266fc369fe4d87d4b03f0e6f1 -- ./ [4ms]
2023-12-14 22:47:19.897 [info] > git config --local branch.main.github-pr-owner-number [2ms]
2023-12-14 22:47:21.462 [info] > git show --textconv e7de2ef916f7d711b54ef03ac5509bfe98318616:main.py [59ms]
2023-12-14 22:47:21.462 [info] > git show --textconv e7de2ef916f7d711b54ef03ac5509bfe98318616:requirements.txt [51ms]
2023-12-14 22:47:21.462 [info] > git show --textconv e7de2ef916f7d711b54ef03ac5509bfe98318616:src/model_saver.py [43ms]
2023-12-14 22:47:21.462 [info] > git show --textconv e7de2ef916f7d711b54ef03ac5509bfe98318616:src/multi_linear_regression.py [33ms]
2023-12-14 22:47:21.462 [info] > git show --textconv e7de2ef916f7d711b54ef03ac5509bfe98318616:src/regression_plotter.py [24ms]
2023-12-14 22:49:03.295 [info] > git fetch [1601ms]
2023-12-14 22:49:03.295 [info] Missing or invalid credentials.
Skip silent fetch commands
git@github.com: Permission denied (publickey).
fatal: Could not read from remote repository.

Please make sure you have the correct access rights
and the repository exists.
2023-12-14 22:49:03.321 [info] > git config --get commit.template [2ms]
2023-12-14 22:49:03.322 [info] > git fetch [1553ms]
2023-12-14 22:49:03.322 [info] Missing or invalid credentials.
Skip silent fetch commands
git@github.com: Permission denied (publickey).
fatal: Could not read from remote repository.

Please make sure you have the correct access rights
and the repository exists.
2023-12-14 22:49:03.373 [info] > git config --get commit.template [24ms]
2023-12-14 22:49:03.396 [info] > git for-each-ref --format=%(refname)%00%(upstream:short)%00%(objectname)%00%(upstream:track)%00%(upstream:remotename)%00%(upstream:remoteref) refs/heads/main refs/remotes/main [25ms]
2023-12-14 22:49:03.421 [info] > git for-each-ref --format=%(refname)%00%(upstream:short)%00%(objectname)%00%(upstream:track)%00%(upstream:remotename)%00%(upstream:remoteref) refs/heads/part2 refs/remotes/part2 [27ms]
2023-12-14 22:49:03.445 [info] > git status -z -uall [26ms]
2023-12-14 22:49:03.456 [info] > git status -z -uall [13ms]
2023-12-14 22:52:05.044 [info] > git fetch [1531ms]
2023-12-14 22:52:05.044 [info] Missing or invalid credentials.
Skip silent fetch commands
git@github.com: Permission denied (publickey).
fatal: Could not read from remote repository.

Please make sure you have the correct access rights
and the repository exists.
2023-12-14 22:52:05.095 [info] > git config --get commit.template [29ms]
2023-12-14 22:52:05.096 [info] > git for-each-ref --format=%(refname)%00%(upstream:short)%00%(objectname)%00%(upstream:track)%00%(upstream:remotename)%00%(upstream:remoteref) refs/heads/main refs/remotes/main [7ms]
2023-12-14 22:52:05.123 [info] > git status -z -uall [5ms]
2023-12-14 22:52:05.157 [info] > git fetch [1581ms]
2023-12-14 22:52:05.157 [info] Missing or invalid credentials.
Skip silent fetch commands
git@github.com: Permission denied (publickey).
fatal: Could not read from remote repository.

Please make sure you have the correct access rights
and the repository exists.
2023-12-14 22:52:05.200 [info] > git config --get commit.template [23ms]
2023-12-14 22:52:05.204 [info] > git for-each-ref --format=%(refname)%00%(upstream:short)%00%(objectname)%00%(upstream:track)%00%(upstream:remotename)%00%(upstream:remoteref) refs/heads/part2 refs/remotes/part2 [6ms]
2023-12-14 22:52:05.230 [info] > git status -z -uall [6ms]
2023-12-14 22:52:15.192 [info] > git config --local branch.part2.github-pr-owner-number [5ms]
2023-12-14 22:52:17.251 [info] > git show --textconv cd08947e221ee7f266fc369fe4d87d4b03f0e6f1:.gitignore [186ms]
2023-12-14 22:52:17.251 [info] > git show --textconv cd08947e221ee7f266fc369fe4d87d4b03f0e6f1:part_2/main.py [155ms]
2023-12-14 22:52:17.252 [info] > git show --textconv cd08947e221ee7f266fc369fe4d87d4b03f0e6f1:part_2/src/model_saver.py [131ms]
2023-12-14 22:52:17.252 [info] > git show --textconv cd08947e221ee7f266fc369fe4d87d4b03f0e6f1:part_2/src/multi_linear_regression.py [108ms]
2023-12-14 22:52:17.252 [info] > git show --textconv cd08947e221ee7f266fc369fe4d87d4b03f0e6f1:saving_file.sav [86ms]
2023-12-14 22:52:17.284 [info] > git ls-tree -l cd08947e221ee7f266fc369fe4d87d4b03f0e6f1 -- ./ [12ms]
2023-12-14 22:52:22.168 [info] > git config --local branch.main.github-pr-owner-number [5ms]
2023-12-14 22:52:24.241 [info] > git show --textconv e7de2ef916f7d711b54ef03ac5509bfe98318616:main.py [172ms]
2023-12-14 22:52:24.241 [info] > git show --textconv e7de2ef916f7d711b54ef03ac5509bfe98318616:requirements.txt [151ms]
2023-12-14 22:52:24.241 [info] > git show --textconv e7de2ef916f7d711b54ef03ac5509bfe98318616:src/model_saver.py [129ms]
2023-12-14 22:52:24.241 [info] > git show --textconv e7de2ef916f7d711b54ef03ac5509bfe98318616:src/multi_linear_regression.py [107ms]
2023-12-14 22:52:24.241 [info] > git show --textconv e7de2ef916f7d711b54ef03ac5509bfe98318616:src/regression_plotter.py [84ms]
2023-12-14 22:55:06.626 [info] > git fetch [1468ms]
2023-12-14 22:55:06.626 [info] Missing or invalid credentials.
Skip silent fetch commands
git@github.com: Permission denied (publickey).
fatal: Could not read from remote repository.

Please make sure you have the correct access rights
and the repository exists.
2023-12-14 22:55:06.679 [info] > git config --get commit.template [25ms]
2023-12-14 22:55:06.682 [info] > git for-each-ref --format=%(refname)%00%(upstream:short)%00%(objectname)%00%(upstream:track)%00%(upstream:remotename)%00%(upstream:remoteref) refs/heads/main refs/remotes/main [6ms]
2023-12-14 22:55:06.711 [info] > git status -z -uall [5ms]
2023-12-14 22:55:06.757 [info] > git fetch [1498ms]
2023-12-14 22:55:06.757 [info] Missing or invalid credentials.
Skip silent fetch commands
git@github.com: Permission denied (publickey).
fatal: Could not read from remote repository.

Please make sure you have the correct access rights
and the repository exists.
2023-12-14 22:55:06.800 [info] > git config --get commit.template [23ms]
2023-12-14 22:55:06.803 [info] > git for-each-ref --format=%(refname)%00%(upstream:short)%00%(objectname)%00%(upstream:track)%00%(upstream:remotename)%00%(upstream:remoteref) refs/heads/part2 refs/remotes/part2 [5ms]
2023-12-14 22:55:06.829 [info] > git status -z -uall [6ms]
2023-12-14 22:57:17.991 [info] > git config --local branch.part2.github-pr-owner-number [4ms]
2023-12-14 22:57:19.822 [info] > git show --textconv cd08947e221ee7f266fc369fe4d87d4b03f0e6f1:.gitignore [170ms]
2023-12-14 22:57:19.822 [info] > git show --textconv cd08947e221ee7f266fc369fe4d87d4b03f0e6f1:part_2/main.py [148ms]
2023-12-14 22:57:19.823 [info] > git show --textconv cd08947e221ee7f266fc369fe4d87d4b03f0e6f1:part_2/src/model_saver.py [124ms]
2023-12-14 22:57:19.823 [info] > git show --textconv cd08947e221ee7f266fc369fe4d87d4b03f0e6f1:part_2/src/multi_linear_regression.py [103ms]
2023-12-14 22:57:19.823 [info] > git show --textconv cd08947e221ee7f266fc369fe4d87d4b03f0e6f1:saving_file.sav [82ms]
2023-12-14 22:57:19.853 [info] > git ls-tree -l cd08947e221ee7f266fc369fe4d87d4b03f0e6f1 -- ./ [11ms]
2023-12-14 22:57:24.966 [info] > git config --local branch.main.github-pr-owner-number [4ms]
2023-12-14 22:57:26.857 [info] > git show --textconv e7de2ef916f7d711b54ef03ac5509bfe98318616:main.py [167ms]
2023-12-14 22:57:26.857 [info] > git show --textconv e7de2ef916f7d711b54ef03ac5509bfe98318616:requirements.txt [146ms]
2023-12-14 22:57:26.857 [info] > git show --textconv e7de2ef916f7d711b54ef03ac5509bfe98318616:src/model_saver.py [125ms]
2023-12-14 22:57:26.857 [info] > git show --textconv e7de2ef916f7d711b54ef03ac5509bfe98318616:src/multi_linear_regression.py [104ms]
2023-12-14 22:57:26.857 [info] > git show --textconv e7de2ef916f7d711b54ef03ac5509bfe98318616:src/regression_plotter.py [81ms]
2023-12-14 22:58:08.202 [info] > git fetch [1449ms]
2023-12-14 22:58:08.202 [info] Missing or invalid credentials.
Skip silent fetch commands
git@github.com: Permission denied (publickey).
fatal: Could not read from remote repository.

Please make sure you have the correct access rights
and the repository exists.
2023-12-14 22:58:08.249 [info] > git config --get commit.template [25ms]
2023-12-14 22:58:08.252 [info] > git for-each-ref --format=%(refname)%00%(upstream:short)%00%(objectname)%00%(upstream:track)%00%(upstream:remotename)%00%(upstream:remoteref) refs/heads/main refs/remotes/main [6ms]
2023-12-14 22:58:08.281 [info] > git status -z -uall [7ms]
2023-12-14 22:58:08.335 [info] > git fetch [1476ms]
2023-12-14 22:58:08.335 [info] Missing or invalid credentials.
Skip silent fetch commands
git@github.com: Permission denied (publickey).
fatal: Could not read from remote repository.

Please make sure you have the correct access rights
and the repository exists.
2023-12-14 22:58:08.379 [info] > git config --get commit.template [22ms]
2023-12-14 22:58:08.382 [info] > git for-each-ref --format=%(refname)%00%(upstream:short)%00%(objectname)%00%(upstream:track)%00%(upstream:remotename)%00%(upstream:remoteref) refs/heads/part2 refs/remotes/part2 [4ms]
2023-12-14 22:58:08.408 [info] > git status -z -uall [6ms]
