2024-01-17 15:47:22.444 [info] Default formatter is set to ms-python.black-formatter for workspace /home/main/Desktop/uni/oop
2024-01-17 15:47:22.444 [info] Default formatter is set to ms-python.black-formatter for workspace /home/main/Desktop/uni/sigsys
2024-01-17 15:47:22.488 [info] Test server listening.
2024-01-17 15:47:22.489 [info] Python interpreter path: ./assignment_1_OOP/.conda/bin/python
2024-01-17 15:47:22.828 [warning] Retry failed, storage update failed for key PYTHON_GLOBAL_STORAGE_KEYS
2024-01-17 15:47:22.828 [warning] Retry failed, storage update failed for key PYTHON_GLOBAL_STORAGE_KEYS
2024-01-17 15:47:22.891 [error] [
  'Failed to activate a workspace, Class name = g, completed in 421ms, has a falsy return value, Arg 1: <Uri:/home/main/Desktop/uni/oop/assignment_2_OOP/part_2/src/model_saver.py>, Return Value: undefined',
  [Error: Extension 'ms-python.python' CANNOT use API proposal: testObserver.
  Its package.json#enabledApiProposals-property declares:  but NOT testObserver.
   The missing proposal MUST be added and you must start in extension development mode or use the following command line switch: --enable-proposed-api ms-python.python
  	at v (/usr/lib/code/out/vs/workbench/api/node/extensionHostProcess.js:138:48007)
  	at get testResults [as testResults] (/usr/lib/code/out/vs/workbench/api/node/extensionHostProcess.js:158:23805)
  	at T.activate (/home/main/.vscode-oss/extensions/ms-python.python-2023.20.0-universal/out/client/extension.js:2:791840)
  	at /home/main/.vscode-oss/extensions/ms-python.python-2023.20.0-universal/out/client/extension.js:2:2386
  	at Array.map (<anonymous>)
  	at g.activateWorkspace (/home/main/.vscode-oss/extensions/ms-python.python-2023.20.0-universal/out/client/extension.js:2:2376)]
]
2024-01-17 15:47:22.891 [error] Failure during activation. [Error: Extension 'ms-python.python' CANNOT use API proposal: testObserver.
Its package.json#enabledApiProposals-property declares:  but NOT testObserver.
 The missing proposal MUST be added and you must start in extension development mode or use the following command line switch: --enable-proposed-api ms-python.python
	at v (/usr/lib/code/out/vs/workbench/api/node/extensionHostProcess.js:138:48007)
	at get testResults [as testResults] (/usr/lib/code/out/vs/workbench/api/node/extensionHostProcess.js:158:23805)
	at T.activate (/home/main/.vscode-oss/extensions/ms-python.python-2023.20.0-universal/out/client/extension.js:2:791840)
	at /home/main/.vscode-oss/extensions/ms-python.python-2023.20.0-universal/out/client/extension.js:2:2386
	at Array.map (<anonymous>)
	at g.activateWorkspace (/home/main/.vscode-oss/extensions/ms-python.python-2023.20.0-universal/out/client/extension.js:2:2376)]
2024-01-17 15:47:22.891 [error] sendStartupTelemetry() failed. [Error: Extension 'ms-python.python' CANNOT use API proposal: testObserver.
Its package.json#enabledApiProposals-property declares:  but NOT testObserver.
 The missing proposal MUST be added and you must start in extension development mode or use the following command line switch: --enable-proposed-api ms-python.python
	at v (/usr/lib/code/out/vs/workbench/api/node/extensionHostProcess.js:138:48007)
	at get testResults [as testResults] (/usr/lib/code/out/vs/workbench/api/node/extensionHostProcess.js:158:23805)
	at T.activate (/home/main/.vscode-oss/extensions/ms-python.python-2023.20.0-universal/out/client/extension.js:2:791840)
	at /home/main/.vscode-oss/extensions/ms-python.python-2023.20.0-universal/out/client/extension.js:2:2386
	at Array.map (<anonymous>)
	at g.activateWorkspace (/home/main/.vscode-oss/extensions/ms-python.python-2023.20.0-universal/out/client/extension.js:2:2376)]
2024-01-17 15:47:23.143 [warning] Retry failed, storage update failed for key PYTHON_GLOBAL_STORAGE_KEYS
2024-01-17 15:47:23.143 [warning] Retry failed, storage update failed for key PYTHON_GLOBAL_STORAGE_KEYS
2024-01-17 15:47:23.143 [warning] Retry failed, storage update failed for key PYTHON_GLOBAL_STORAGE_KEYS
2024-01-17 15:47:23.143 [warning] Retry failed, storage update failed for key PYTHON_GLOBAL_STORAGE_KEYS
2024-01-17 15:47:23.143 [warning] Retry failed, storage update failed for key PYTHON_GLOBAL_STORAGE_KEYS
2024-01-17 15:47:23.143 [warning] Retry failed, storage update failed for key PYTHON_GLOBAL_STORAGE_KEYS
2024-01-17 15:47:23.143 [warning] Retry failed, storage update failed for key PYTHON_GLOBAL_STORAGE_KEYS
2024-01-17 15:47:23.143 [warning] Retry failed, storage update failed for key PYTHON_GLOBAL_STORAGE_KEYS
2024-01-17 15:47:23.144 [warning] Retry failed, storage update failed for key PYTHON_WORKSPACE_STORAGE_KEYS
2024-01-17 15:47:23.144 [warning] Retry failed, storage update failed for key PYTHON_WORKSPACE_STORAGE_KEYS
2024-01-17 15:47:23.144 [warning] Retry failed, storage update failed for key PYTHON_WORKSPACE_STORAGE_KEYS
2024-01-17 15:47:23.144 [warning] Retry failed, storage update failed for key PYTHON_WORKSPACE_STORAGE_KEYS
2024-01-17 15:47:25.799 [info] Starting Jedi language server for oop.
2024-01-17 15:56:35.279 [info] > conda info --json
2024-01-17 15:56:36.498 [info] Send text to terminal: conda activate /home/main/Desktop/uni/oop/assignment_1_OOP/.conda
2024-01-17 15:56:37.000 [info] Send text to terminal: /home/main/Desktop/uni/oop/assignment_1_OOP/.conda/bin/python /home/main/Desktop/uni/oop/assignment_2_OOP/part_2/main.py
2024-01-17 16:01:35.681 [info] Discover tests for workspace name: oop - uri: /home/main/Desktop/uni/oop/assignment_2_OOP/testing/src/test.py
2024-01-17 16:01:52.709 [info] Discover tests for workspace name: oop - uri: /home/main/Desktop/uni/oop/assignment_2_OOP/testing/src/test.py
2024-01-17 16:03:44.244 [info] Discover tests for workspace name: oop - uri: /home/main/Desktop/uni/oop/assignment_2_OOP/testing/main.py
2024-01-17 16:03:52.133 [info] Send text to terminal: /home/main/Desktop/uni/oop/assignment_1_OOP/.conda/bin/python /home/main/Desktop/uni/oop/assignment_2_OOP/testing/main.py
2024-01-17 16:04:10.396 [info] Discover tests for workspace name: oop - uri: /home/main/Desktop/uni/oop/assignment_2_OOP/testing/main.py
2024-01-17 16:05:41.270 [info] Discover tests for workspace name: oop - uri: /home/main/Desktop/uni/oop/assignment_2_OOP/testing/src/test.py
2024-01-17 16:07:52.480 [info] Discover tests for workspace name: oop - uri: /home/main/Desktop/uni/oop/assignment_2_OOP/testing/main.py
