2023-11-30 16:31:45.001 [info] Default formatter is set to null for workspace /home/main/Desktop/uni/oop/assignment_1_OOP
2023-11-30 16:31:45.002 [info] Test server listening.
2023-11-30 16:31:45.002 [info] > conda info --json
2023-11-30 16:31:45.002 [warning] Retry failed, storage update failed for key PYTHON_GLOBAL_STORAGE_KEYS
2023-11-30 16:31:45.002 [warning] Retry failed, storage update failed for key PYTHON_GLOBAL_STORAGE_KEYS
2023-11-30 16:31:45.007 [info] Found: /bin/python --> /bin/python3.11
2023-11-30 16:31:45.011 [warning] Retry failed, storage update failed for key PYTHON_GLOBAL_STORAGE_KEYS
2023-11-30 16:31:45.011 [warning] Retry failed, storage update failed for key PYTHON_GLOBAL_STORAGE_KEYS
2023-11-30 16:31:45.011 [warning] Retry failed, storage update failed for key PYTHON_GLOBAL_STORAGE_KEYS
2023-11-30 16:31:45.011 [warning] Retry failed, storage update failed for key PYTHON_GLOBAL_STORAGE_KEYS
2023-11-30 16:31:45.011 [warning] Retry failed, storage update failed for key PYTHON_GLOBAL_STORAGE_KEYS
2023-11-30 16:31:45.013 [info] Found: /bin/python3 --> /bin/python3.11
2023-11-30 16:31:45.013 [info] Found: /bin/python3.11 --> /bin/python3.11
2023-11-30 16:31:45.014 [warning] Retry failed, storage update failed for key PYTHON_WORKSPACE_STORAGE_KEYS
2023-11-30 16:31:45.014 [warning] Retry failed, storage update failed for key PYTHON_WORKSPACE_STORAGE_KEYS
2023-11-30 16:31:45.014 [warning] Retry failed, storage update failed for key PYTHON_WORKSPACE_STORAGE_KEYS
2023-11-30 16:31:45.044 [info] Found: /sbin/python --> /sbin/python3.11
2023-11-30 16:31:45.045 [info] Found: /sbin/python3 --> /sbin/python3.11
2023-11-30 16:31:45.045 [info] Found: /sbin/python3.11 --> /sbin/python3.11
2023-11-30 16:31:45.051 [info] Found: /usr/bin/python --> /usr/bin/python3.11
2023-11-30 16:31:45.052 [info] Found: /usr/bin/python3 --> /usr/bin/python3.11
2023-11-30 16:31:45.052 [info] Found: /usr/bin/python3.11 --> /usr/bin/python3.11
2023-11-30 16:31:45.093 [info] Found: /usr/sbin/python --> /usr/sbin/python3.11
2023-11-30 16:31:45.095 [info] Found: /usr/sbin/python3 --> /usr/sbin/python3.11
2023-11-30 16:31:45.095 [info] Found: /usr/sbin/python3.11 --> /usr/sbin/python3.11
2023-11-30 16:31:45.156 [info] > /bin/python -I ~/.vscode-oss/extensions/ms-python.python-2023.20.0-universal/pythonFiles/get_output_via_markers.py ~/.vscode-oss/extensions/ms-python.python-2023.20.0-universal/pythonFiles/interpreterInfo.py
2023-11-30 16:31:45.193 [info] > /sbin/python -I ~/.vscode-oss/extensions/ms-python.python-2023.20.0-universal/pythonFiles/get_output_via_markers.py ~/.vscode-oss/extensions/ms-python.python-2023.20.0-universal/pythonFiles/interpreterInfo.py
2023-11-30 16:31:45.261 [info] > /usr/bin/python -I ~/.vscode-oss/extensions/ms-python.python-2023.20.0-universal/pythonFiles/get_output_via_markers.py ~/.vscode-oss/extensions/ms-python.python-2023.20.0-universal/pythonFiles/interpreterInfo.py
2023-11-30 16:31:45.277 [info] > /usr/sbin/python -I ~/.vscode-oss/extensions/ms-python.python-2023.20.0-universal/pythonFiles/get_output_via_markers.py ~/.vscode-oss/extensions/ms-python.python-2023.20.0-universal/pythonFiles/interpreterInfo.py
2023-11-30 16:31:45.410 [error] [
  'Failed to activate a workspace, Class name = g, completed in 508ms, has a falsy return value, Arg 1: <Uri:/home/main/Desktop/uni/oop/assignment_1_OOP>, Return Value: undefined',
  [Error: Extension 'ms-python.python' CANNOT use API proposal: testObserver.
  Its package.json#enabledApiProposals-property declares:  but NOT testObserver.
   The missing proposal MUST be added and you must start in extension development mode or use the following command line switch: --enable-proposed-api ms-python.python
  	at y (/usr/lib/code/out/vs/workbench/api/node/extensionHostProcess.js:122:45185)
  	at get testResults [as testResults] (/usr/lib/code/out/vs/workbench/api/node/extensionHostProcess.js:140:23805)
  	at T.activate (/home/main/.vscode-oss/extensions/ms-python.python-2023.20.0-universal/out/client/extension.js:2:791840)
  	at /home/main/.vscode-oss/extensions/ms-python.python-2023.20.0-universal/out/client/extension.js:2:2386
  	at Array.map (<anonymous>)
  	at g.activateWorkspace (/home/main/.vscode-oss/extensions/ms-python.python-2023.20.0-universal/out/client/extension.js:2:2376)]
]
2023-11-30 16:31:45.411 [error] Failure during activation. [Error: Extension 'ms-python.python' CANNOT use API proposal: testObserver.
Its package.json#enabledApiProposals-property declares:  but NOT testObserver.
 The missing proposal MUST be added and you must start in extension development mode or use the following command line switch: --enable-proposed-api ms-python.python
	at y (/usr/lib/code/out/vs/workbench/api/node/extensionHostProcess.js:122:45185)
	at get testResults [as testResults] (/usr/lib/code/out/vs/workbench/api/node/extensionHostProcess.js:140:23805)
	at T.activate (/home/main/.vscode-oss/extensions/ms-python.python-2023.20.0-universal/out/client/extension.js:2:791840)
	at /home/main/.vscode-oss/extensions/ms-python.python-2023.20.0-universal/out/client/extension.js:2:2386
	at Array.map (<anonymous>)
	at g.activateWorkspace (/home/main/.vscode-oss/extensions/ms-python.python-2023.20.0-universal/out/client/extension.js:2:2376)]
2023-11-30 16:31:45.411 [error] sendStartupTelemetry() failed. [Error: Extension 'ms-python.python' CANNOT use API proposal: testObserver.
Its package.json#enabledApiProposals-property declares:  but NOT testObserver.
 The missing proposal MUST be added and you must start in extension development mode or use the following command line switch: --enable-proposed-api ms-python.python
	at y (/usr/lib/code/out/vs/workbench/api/node/extensionHostProcess.js:122:45185)
	at get testResults [as testResults] (/usr/lib/code/out/vs/workbench/api/node/extensionHostProcess.js:140:23805)
	at T.activate (/home/main/.vscode-oss/extensions/ms-python.python-2023.20.0-universal/out/client/extension.js:2:791840)
	at /home/main/.vscode-oss/extensions/ms-python.python-2023.20.0-universal/out/client/extension.js:2:2386
	at Array.map (<anonymous>)
	at g.activateWorkspace (/home/main/.vscode-oss/extensions/ms-python.python-2023.20.0-universal/out/client/extension.js:2:2376)]
2023-11-30 16:31:45.413 [info] Python interpreter path: /bin/python
2023-11-30 16:31:45.416 [warning] Retry failed, storage update failed for key PYTHON_GLOBAL_STORAGE_KEYS
2023-11-30 16:31:47.392 [info] Starting Jedi language server for assignment_1_OOP.
