2023-12-06 21:44:27.785 [info] Reading sessions from keychain...
2023-12-06 21:44:27.785 [info] Getting sessions for all scopes...
2023-12-06 21:44:28.158 [info] Getting sessions for all scopes...
2023-12-06 21:44:28.159 [info] Got stored sessions!
2023-12-06 21:44:28.160 [info] Got 1 verified sessions.
2023-12-06 21:44:28.160 [info] Got 1 sessions for ...
2023-12-06 21:44:28.161 [info] Got 1 sessions for ...
2023-12-06 21:44:28.410 [info] Getting sessions for project,read:org,read:user,repo,user:email,workflow...
2023-12-06 21:44:28.410 [info] Got 0 sessions for project,read:org,read:user,repo,user:email,workflow...
2023-12-06 21:44:28.460 [info] Getting sessions for read:user,repo,user:email,workflow...
2023-12-06 21:44:28.460 [info] Got 1 sessions for read:user,repo,user:email,workflow...
2023-12-06 21:44:59.912 [info] Reading sessions from keychain...
2023-12-06 21:44:59.913 [info] Getting sessions for all scopes...
2023-12-06 21:44:59.913 [info] Got stored sessions!
2023-12-06 21:44:59.913 [info] Got 1 verified sessions.
2023-12-06 21:44:59.913 [info] Got 1 sessions for ...
2023-12-06 21:44:59.913 [info] Getting sessions for read:user,repo,user:email,workflow...
2023-12-06 21:44:59.913 [info] Got 1 sessions for read:user,repo,user:email,workflow...
2023-12-06 21:45:00.190 [info] Getting sessions for all scopes...
2023-12-06 21:45:00.190 [info] Got 1 sessions for ...
2023-12-06 21:45:00.230 [info] Getting sessions for project,read:org,read:user,repo,user:email,workflow...
2023-12-06 21:45:00.230 [info] Got 0 sessions for project,read:org,read:user,repo,user:email,workflow...
2023-12-06 21:45:00.392 [info] Getting sessions for read:user,repo,user:email,workflow...
2023-12-06 21:45:00.393 [info] Got 1 sessions for read:user,repo,user:email,workflow...
2023-12-06 21:45:00.673 [info] Getting sessions for all scopes...
2023-12-06 21:45:00.673 [info] Got 1 sessions for ...
2023-12-06 21:45:00.799 [info] Getting sessions for read:user,repo,user:email,workflow...
2023-12-06 21:45:00.799 [info] Got 1 sessions for read:user,repo,user:email,workflow...
