2023-12-06 21:44:57.907 [info] Default formatter is set to null for workspace /home/main/Desktop/uni/oop/assignment_1_OOP
2023-12-06 21:44:57.907 [info] Test server listening.
2023-12-06 21:44:57.907 [info] Python interpreter path: ~/.conda/envs/assignment1/bin/python
2023-12-06 21:44:59.285 [error] [
  'Failed to activate a workspace, Class name = g, completed in 1504ms, has a falsy return value, Arg 1: <Uri:/home/main/Desktop/uni/oop/assignment_1_OOP>, Return Value: undefined',
  [Error: Extension 'ms-python.python' CANNOT use API proposal: testObserver.
  Its package.json#enabledApiProposals-property declares:  but NOT testObserver.
   The missing proposal MUST be added and you must start in extension development mode or use the following command line switch: --enable-proposed-api ms-python.python
  	at y (/usr/lib/code/out/vs/workbench/api/node/extensionHostProcess.js:122:45185)
  	at get testResults [as testResults] (/usr/lib/code/out/vs/workbench/api/node/extensionHostProcess.js:140:23805)
  	at T.activate (/home/main/.vscode-oss/extensions/ms-python.python-2023.20.0-universal/out/client/extension.js:2:791840)
  	at /home/main/.vscode-oss/extensions/ms-python.python-2023.20.0-universal/out/client/extension.js:2:2386
  	at Array.map (<anonymous>)
  	at g.activateWorkspace (/home/main/.vscode-oss/extensions/ms-python.python-2023.20.0-universal/out/client/extension.js:2:2376)]
]
2023-12-06 21:44:59.286 [error] Failure during activation. [Error: Extension 'ms-python.python' CANNOT use API proposal: testObserver.
Its package.json#enabledApiProposals-property declares:  but NOT testObserver.
 The missing proposal MUST be added and you must start in extension development mode or use the following command line switch: --enable-proposed-api ms-python.python
	at y (/usr/lib/code/out/vs/workbench/api/node/extensionHostProcess.js:122:45185)
	at get testResults [as testResults] (/usr/lib/code/out/vs/workbench/api/node/extensionHostProcess.js:140:23805)
	at T.activate (/home/main/.vscode-oss/extensions/ms-python.python-2023.20.0-universal/out/client/extension.js:2:791840)
	at /home/main/.vscode-oss/extensions/ms-python.python-2023.20.0-universal/out/client/extension.js:2:2386
	at Array.map (<anonymous>)
	at g.activateWorkspace (/home/main/.vscode-oss/extensions/ms-python.python-2023.20.0-universal/out/client/extension.js:2:2376)]
2023-12-06 21:44:59.286 [error] sendStartupTelemetry() failed. [Error: Extension 'ms-python.python' CANNOT use API proposal: testObserver.
Its package.json#enabledApiProposals-property declares:  but NOT testObserver.
 The missing proposal MUST be added and you must start in extension development mode or use the following command line switch: --enable-proposed-api ms-python.python
	at y (/usr/lib/code/out/vs/workbench/api/node/extensionHostProcess.js:122:45185)
	at get testResults [as testResults] (/usr/lib/code/out/vs/workbench/api/node/extensionHostProcess.js:140:23805)
	at T.activate (/home/main/.vscode-oss/extensions/ms-python.python-2023.20.0-universal/out/client/extension.js:2:791840)
	at /home/main/.vscode-oss/extensions/ms-python.python-2023.20.0-universal/out/client/extension.js:2:2386
	at Array.map (<anonymous>)
	at g.activateWorkspace (/home/main/.vscode-oss/extensions/ms-python.python-2023.20.0-universal/out/client/extension.js:2:2376)]
2023-12-06 21:45:02.176 [info] Starting Jedi language server for assignment_1_OOP.
2023-12-06 21:56:03.804 [info] Discover tests for workspace name: assignment_1_OOP - uri: /home/main/Desktop/uni/oop/assignment_1_OOP/.vscode/settings.json
2023-12-06 21:58:55.040 [info] Discover tests for workspace name: assignment_1_OOP - uri: /home/main/Desktop/uni/oop/assignment_1_OOP/.vscode/settings.json
2023-12-06 21:59:02.762 [info] Discover tests for workspace name: assignment_1_OOP - uri: /home/main/Desktop/uni/oop/assignment_1_OOP/src/model_saver.py
2023-12-06 21:59:05.565 [info] Discover tests for workspace name: assignment_1_OOP - uri: /home/main/Desktop/uni/oop/assignment_1_OOP/src/model_saver.py
2023-12-06 21:59:10.241 [info] Discover tests for workspace name: assignment_1_OOP - uri: /home/main/Desktop/uni/oop/assignment_1_OOP/src/model_saver.py
2023-12-06 21:59:16.582 [info] Discover tests for workspace name: assignment_1_OOP - uri: /home/main/Desktop/uni/oop/assignment_1_OOP/.vscode/settings.json
2023-12-06 21:59:41.771 [info] Discover tests for workspace name: assignment_1_OOP - uri: /home/main/Desktop/uni/oop/assignment_1_OOP/src/multi_linear_regression.py
2023-12-06 21:59:43.738 [info] Discover tests for workspace name: assignment_1_OOP - uri: /home/main/Desktop/uni/oop/assignment_1_OOP/src/regression_plotter.py
2023-12-06 21:59:44.958 [info] Discover tests for workspace name: assignment_1_OOP - uri: /home/main/Desktop/uni/oop/assignment_1_OOP/src/regression_plotter.py
2023-12-06 21:59:45.439 [info] Discover tests for workspace name: assignment_1_OOP - uri: /home/main/Desktop/uni/oop/assignment_1_OOP/src/regression_plotter.py
