2023-12-14 13:26:27.866 [info] Default formatter is set to ms-python.flake8 for workspace /home/main/Desktop/uni
2023-12-14 13:26:27.866 [info] Test server listening.
2023-12-14 13:26:27.866 [info] Python interpreter path: ./oop/assignment_1_OOP/.conda/bin/python
2023-12-14 13:26:27.968 [error] [
  'Failed to activate a workspace, Class name = g, completed in 550ms, has a falsy return value, Arg 1: <Uri:/home/main/Desktop/uni/oop/assignment_2_OOP/part_2/src/multi_linear_regression.py>, Return Value: undefined',
  [Error: Extension 'ms-python.python' CANNOT use API proposal: testObserver.
  Its package.json#enabledApiProposals-property declares:  but NOT testObserver.
   The missing proposal MUST be added and you must start in extension development mode or use the following command line switch: --enable-proposed-api ms-python.python
  	at y (/usr/lib/code/out/vs/workbench/api/node/extensionHostProcess.js:122:45185)
  	at get testResults [as testResults] (/usr/lib/code/out/vs/workbench/api/node/extensionHostProcess.js:140:23805)
  	at T.activate (/home/main/.vscode-oss/extensions/ms-python.python-2023.20.0-universal/out/client/extension.js:2:791840)
  	at /home/main/.vscode-oss/extensions/ms-python.python-2023.20.0-universal/out/client/extension.js:2:2386
  	at Array.map (<anonymous>)
  	at g.activateWorkspace (/home/main/.vscode-oss/extensions/ms-python.python-2023.20.0-universal/out/client/extension.js:2:2376)]
]
2023-12-14 13:26:27.969 [error] Failure during activation. [Error: Extension 'ms-python.python' CANNOT use API proposal: testObserver.
Its package.json#enabledApiProposals-property declares:  but NOT testObserver.
 The missing proposal MUST be added and you must start in extension development mode or use the following command line switch: --enable-proposed-api ms-python.python
	at y (/usr/lib/code/out/vs/workbench/api/node/extensionHostProcess.js:122:45185)
	at get testResults [as testResults] (/usr/lib/code/out/vs/workbench/api/node/extensionHostProcess.js:140:23805)
	at T.activate (/home/main/.vscode-oss/extensions/ms-python.python-2023.20.0-universal/out/client/extension.js:2:791840)
	at /home/main/.vscode-oss/extensions/ms-python.python-2023.20.0-universal/out/client/extension.js:2:2386
	at Array.map (<anonymous>)
	at g.activateWorkspace (/home/main/.vscode-oss/extensions/ms-python.python-2023.20.0-universal/out/client/extension.js:2:2376)]
2023-12-14 13:26:27.969 [error] sendStartupTelemetry() failed. [Error: Extension 'ms-python.python' CANNOT use API proposal: testObserver.
Its package.json#enabledApiProposals-property declares:  but NOT testObserver.
 The missing proposal MUST be added and you must start in extension development mode or use the following command line switch: --enable-proposed-api ms-python.python
	at y (/usr/lib/code/out/vs/workbench/api/node/extensionHostProcess.js:122:45185)
	at get testResults [as testResults] (/usr/lib/code/out/vs/workbench/api/node/extensionHostProcess.js:140:23805)
	at T.activate (/home/main/.vscode-oss/extensions/ms-python.python-2023.20.0-universal/out/client/extension.js:2:791840)
	at /home/main/.vscode-oss/extensions/ms-python.python-2023.20.0-universal/out/client/extension.js:2:2386
	at Array.map (<anonymous>)
	at g.activateWorkspace (/home/main/.vscode-oss/extensions/ms-python.python-2023.20.0-universal/out/client/extension.js:2:2376)]
2023-12-14 13:26:30.428 [info] Starting Jedi language server for uni.
2023-12-14 13:26:30.492 [info] Discover tests for workspace name: uni - uri: /home/main/Desktop/uni/oop/assignment_2_OOP/part_2/src/multi_linear_regression.py
2023-12-14 13:26:32.152 [info] Discover tests for workspace name: uni - uri: /home/main/Desktop/uni/oop/assignment_2_OOP/part_2/src/multi_linear_regression.py
2023-12-14 13:26:41.849 [info] Discover tests for workspace name: uni - uri: /home/main/Desktop/uni/oop/assignment_2_OOP/part_2/src/multi_linear_regression.py
2023-12-14 13:26:43.262 [info] Discover tests for workspace name: uni - uri: /home/main/Desktop/uni/oop/assignment_2_OOP/part_2/src/multi_linear_regression.py
2023-12-14 13:26:53.885 [info] Discover tests for workspace name: uni - uri: /home/main/Desktop/uni/oop/assignment_2_OOP/.vscode/settings.json
2023-12-14 13:27:26.592 [info] Discover tests for workspace name: uni - uri: /home/main/Desktop/uni/oop/assignment_2_OOP/part_2/src/model_saver.py
2023-12-14 13:27:30.896 [info] Discover tests for workspace name: uni - uri: /home/main/Desktop/uni/oop/assignment_2_OOP/part_2/src/multi_linear_regression.py
2023-12-14 13:27:31.353 [info] Discover tests for workspace name: uni - uri: /home/main/Desktop/uni/oop/assignment_2_OOP/part_2/src/multi_linear_regression.py
2023-12-14 13:27:32.049 [info] Discover tests for workspace name: uni - uri: /home/main/Desktop/uni/oop/assignment_2_OOP/part_2/src/multi_linear_regression.py
2023-12-14 13:27:32.619 [info] Discover tests for workspace name: uni - uri: /home/main/Desktop/uni/oop/assignment_2_OOP/part_2/src/multi_linear_regression.py
2023-12-14 13:27:32.921 [info] Discover tests for workspace name: uni - uri: /home/main/Desktop/uni/oop/assignment_2_OOP/part_2/src/multi_linear_regression.py
2023-12-14 13:27:33.782 [info] Discover tests for workspace name: uni - uri: /home/main/Desktop/uni/oop/assignment_2_OOP/part_2/src/multi_linear_regression.py
2023-12-14 13:27:36.058 [info] Discover tests for workspace name: uni - uri: /home/main/Desktop/uni/oop/assignment_2_OOP/.vscode/settings.json
2023-12-14 13:35:10.977 [info] Default formatter is set to ms-python.black-formatter for workspace /home/main/Desktop/uni/oop
2023-12-14 13:35:10.982 [info] Test server listening.
2023-12-14 13:35:11.322 [warning] Retry failed, storage update failed for key PYTHON_WORKSPACE_STORAGE_KEYS
2023-12-14 13:35:11.322 [warning] Retry failed, storage update failed for key PYTHON_WORKSPACE_STORAGE_KEYS
2023-12-14 13:35:11.323 [warning] Retry failed, storage update failed for key PYTHON_WORKSPACE_STORAGE_KEYS
2023-12-14 13:35:11.323 [warning] Retry failed, storage update failed for key PYTHON_WORKSPACE_STORAGE_KEYS
2023-12-14 13:35:11.428 [info] > conda info --json
2023-12-14 13:35:11.443 [error] [
  'Failed to activate a workspace, Class name = g, completed in 515ms, has a falsy return value, Arg 1: <Uri:/home/main/Desktop/uni/oop/assignment_2_OOP/part_2/src/multi_linear_regression.py>, Return Value: undefined',
  [Error: Extension 'ms-python.python' CANNOT use API proposal: testObserver.
  Its package.json#enabledApiProposals-property declares:  but NOT testObserver.
   The missing proposal MUST be added and you must start in extension development mode or use the following command line switch: --enable-proposed-api ms-python.python
  	at y (/usr/lib/code/out/vs/workbench/api/node/extensionHostProcess.js:122:45185)
  	at get testResults [as testResults] (/usr/lib/code/out/vs/workbench/api/node/extensionHostProcess.js:140:23805)
  	at T.activate (/home/main/.vscode-oss/extensions/ms-python.python-2023.20.0-universal/out/client/extension.js:2:791840)
  	at /home/main/.vscode-oss/extensions/ms-python.python-2023.20.0-universal/out/client/extension.js:2:2386
  	at Array.map (<anonymous>)
  	at g.activateWorkspace (/home/main/.vscode-oss/extensions/ms-python.python-2023.20.0-universal/out/client/extension.js:2:2376)]
]
2023-12-14 13:35:11.444 [error] Failure during activation. [Error: Extension 'ms-python.python' CANNOT use API proposal: testObserver.
Its package.json#enabledApiProposals-property declares:  but NOT testObserver.
 The missing proposal MUST be added and you must start in extension development mode or use the following command line switch: --enable-proposed-api ms-python.python
	at y (/usr/lib/code/out/vs/workbench/api/node/extensionHostProcess.js:122:45185)
	at get testResults [as testResults] (/usr/lib/code/out/vs/workbench/api/node/extensionHostProcess.js:140:23805)
	at T.activate (/home/main/.vscode-oss/extensions/ms-python.python-2023.20.0-universal/out/client/extension.js:2:791840)
	at /home/main/.vscode-oss/extensions/ms-python.python-2023.20.0-universal/out/client/extension.js:2:2386
	at Array.map (<anonymous>)
	at g.activateWorkspace (/home/main/.vscode-oss/extensions/ms-python.python-2023.20.0-universal/out/client/extension.js:2:2376)]
2023-12-14 13:35:11.444 [error] sendStartupTelemetry() failed. [Error: Extension 'ms-python.python' CANNOT use API proposal: testObserver.
Its package.json#enabledApiProposals-property declares:  but NOT testObserver.
 The missing proposal MUST be added and you must start in extension development mode or use the following command line switch: --enable-proposed-api ms-python.python
	at y (/usr/lib/code/out/vs/workbench/api/node/extensionHostProcess.js:122:45185)
	at get testResults [as testResults] (/usr/lib/code/out/vs/workbench/api/node/extensionHostProcess.js:140:23805)
	at T.activate (/home/main/.vscode-oss/extensions/ms-python.python-2023.20.0-universal/out/client/extension.js:2:791840)
	at /home/main/.vscode-oss/extensions/ms-python.python-2023.20.0-universal/out/client/extension.js:2:2386
	at Array.map (<anonymous>)
	at g.activateWorkspace (/home/main/.vscode-oss/extensions/ms-python.python-2023.20.0-universal/out/client/extension.js:2:2376)]
2023-12-14 13:35:12.873 [info] Starting Jedi language server for oop.
2023-12-14 13:35:12.896 [info] Python interpreter path: ./assignment_1_OOP/.conda/bin/python
2023-12-14 13:35:16.254 [info] Discover tests for workspace name: oop - uri: /home/main/Desktop/uni/oop/assignment_2_OOP/part_2/src/multi_linear_regression.py
2023-12-14 13:35:27.557 [info] Send text to terminal: conda activate /home/main/Desktop/uni/oop/assignment_1_OOP/.conda
2023-12-14 13:37:08.551 [info] Discover tests for workspace name: oop - uri: /home/main/Desktop/uni/oop/assignment_2_OOP/part_2/src/multi_linear_regression.py
2023-12-14 13:37:27.049 [info] > conda info --json
2023-12-14 13:37:28.273 [info] Send text to terminal: conda activate /home/main/Desktop/uni/oop/assignment_1_OOP/.conda
2023-12-14 13:44:37.025 [info] Discover tests for workspace name: oop - uri: /home/main/Desktop/uni/oop/assignment_2_OOP/part_2/main.py
2023-12-14 13:44:40.402 [info] > conda info --json
2023-12-14 13:44:41.524 [info] Send text to terminal: conda activate /home/main/Desktop/uni/oop/assignment_1_OOP/.conda
2023-12-14 13:44:42.025 [info] Send text to terminal: /home/main/Desktop/uni/oop/assignment_1_OOP/.conda/bin/python /home/main/Desktop/uni/oop/assignment_2_OOP/part_2/main.py
2023-12-14 13:45:04.883 [info] Discover tests for workspace name: oop - uri: /home/main/Desktop/uni/oop/assignment_2_OOP/part_2/main.py
2023-12-14 13:45:05.541 [info] Send text to terminal: /home/main/Desktop/uni/oop/assignment_1_OOP/.conda/bin/python /home/main/Desktop/uni/oop/assignment_2_OOP/part_2/main.py
2023-12-14 13:46:13.778 [info] Discover tests for workspace name: oop - uri: /home/main/Desktop/uni/oop/assignment_2_OOP/part_2/src/model_saver.py
2023-12-14 14:10:28.179 [info] Discover tests for workspace name: oop - uri: /home/main/Desktop/uni/oop/assignment_2_OOP/part_2/src/multi_linear_regression.py
2023-12-14 14:11:36.620 [info] Discover tests for workspace name: oop - uri: /home/main/Desktop/uni/oop/assignment_2_OOP/part_2/src/multi_linear_regression.py
2023-12-14 14:12:33.093 [info] Discover tests for workspace name: oop - uri: /home/main/Desktop/uni/oop/assignment_2_OOP/part_2/src/multi_linear_regression.py
2023-12-14 14:12:35.903 [info] Discover tests for workspace name: oop - uri: /home/main/Desktop/uni/oop/assignment_2_OOP/part_2/src/multi_linear_regression.py
2023-12-14 14:13:20.430 [info] Discover tests for workspace name: oop - uri: /home/main/Desktop/uni/oop/assignment_2_OOP/part_2/src/multi_linear_regression.py
2023-12-14 14:14:12.744 [info] Discover tests for workspace name: oop - uri: /home/main/Desktop/uni/oop/assignment_2_OOP/part_2/src/multi_linear_regression.py
2023-12-14 14:40:28.870 [info] Discover tests for workspace name: oop - uri: /home/main/Desktop/uni/oop/assignment_2_OOP/part_2/src/multi_linear_regression.py
2023-12-14 14:47:46.139 [info] Discover tests for workspace name: oop - uri: /home/main/Desktop/uni/oop/assignment_2_OOP/part_2/src/multi_linear_regression.py
2023-12-14 14:47:58.276 [info] Discover tests for workspace name: oop - uri: /home/main/Desktop/uni/oop/assignment_2_OOP/part_2/src/multi_linear_regression.py
2023-12-14 14:48:10.336 [info] Discover tests for workspace name: oop - uri: /home/main/Desktop/uni/oop/assignment_2_OOP/part_2/src/multi_linear_regression.py
2023-12-14 14:50:04.883 [info] Discover tests for workspace name: oop - uri: /home/main/Desktop/uni/oop/assignment_2_OOP/part_2/src/multi_linear_regression.py
2023-12-14 14:50:18.241 [info] Discover tests for workspace name: oop - uri: /home/main/Desktop/uni/oop/assignment_2_OOP/part_2/src/multi_linear_regression.py
2023-12-14 14:50:30.988 [info] Discover tests for workspace name: oop - uri: /home/main/Desktop/uni/oop/assignment_2_OOP/part_2/src/multi_linear_regression.py
2023-12-14 14:55:43.966 [info] Discover tests for workspace name: oop - uri: /home/main/Desktop/uni/oop/assignment_2_OOP/part_2/src/multi_linear_regression.py
2023-12-14 14:56:29.167 [info] Discover tests for workspace name: oop - uri: /home/main/Desktop/uni/oop/assignment_2_OOP/part_2/src/multi_linear_regression.py
2023-12-14 14:56:36.624 [info] Discover tests for workspace name: oop - uri: /home/main/Desktop/uni/oop/assignment_2_OOP/part_2/src/multi_linear_regression.py
2023-12-14 15:00:22.493 [info] Discover tests for workspace name: oop - uri: /home/main/Desktop/uni/oop/assignment_2_OOP/part_2/main.py
2023-12-14 15:00:46.855 [info] Discover tests for workspace name: oop - uri: /home/main/Desktop/uni/oop/assignment_2_OOP/part_2/src/multi_linear_regression.py
2023-12-14 15:01:48.440 [info] Discover tests for workspace name: oop - uri: /home/main/Desktop/uni/oop/assignment_2_OOP/part_2/src/multi_linear_regression.py
2023-12-14 15:02:36.317 [info] Discover tests for workspace name: oop - uri: /home/main/Desktop/uni/oop/assignment_2_OOP/part_2/src/multi_linear_regression.py
2023-12-14 15:03:24.284 [info] Discover tests for workspace name: oop - uri: /home/main/Desktop/uni/oop/assignment_2_OOP/part_2/src/multi_linear_regression.py
2023-12-14 15:09:30.559 [info] Discover tests for workspace name: oop - uri: /home/main/Desktop/uni/oop/assignment_2_OOP/part_2/src/multi_linear_regression.py
2023-12-14 15:09:40.050 [info] Discover tests for workspace name: oop - uri: /home/main/Desktop/uni/oop/assignment_2_OOP/part_2/src/multi_linear_regression.py
2023-12-14 15:13:47.169 [info] Discover tests for workspace name: undefined - uri: /home/main/.config/Code - OSS/User/settings.json
2023-12-14 15:16:44.948 [info] Discover tests for workspace name: oop - uri: /home/main/Desktop/uni/oop/assignment_2_OOP/part_2/src/model_saver.py
2023-12-14 15:20:03.279 [info] Discover tests for workspace name: oop - uri: /home/main/Desktop/uni/oop/assignment_2_OOP/part_2/src/multi_linear_regression.py
2023-12-14 15:20:34.893 [info] Discover tests for workspace name: oop - uri: /home/main/Desktop/uni/oop/assignment_2_OOP/part_2/src/multi_linear_regression.py
2023-12-14 15:21:29.665 [info] Discover tests for workspace name: oop - uri: /home/main/Desktop/uni/oop/assignment_2_OOP/part_2/src/model_saver.py
2023-12-14 15:22:12.163 [info] Discover tests for workspace name: oop - uri: /home/main/Desktop/uni/oop/assignment_2_OOP/part_2/src/multi_linear_regression.py
2023-12-14 15:22:21.666 [info] Discover tests for workspace name: oop - uri: /home/main/Desktop/uni/oop/assignment_2_OOP/part_2/src/multi_linear_regression.py
2023-12-14 15:22:26.407 [info] Send text to terminal: /home/main/Desktop/uni/oop/assignment_1_OOP/.conda/bin/python /home/main/Desktop/uni/oop/assignment_2_OOP/part_2/main.py
2023-12-14 15:23:17.045 [info] Discover tests for workspace name: oop - uri: /home/main/Desktop/uni/oop/assignment_2_OOP/part_2/src/multi_linear_regression.py
2023-12-14 15:23:27.000 [info] Discover tests for workspace name: oop - uri: /home/main/Desktop/uni/oop/assignment_2_OOP/part_2/src/multi_linear_regression.py
2023-12-14 15:24:59.985 [info] Discover tests for workspace name: oop - uri: /home/main/Desktop/uni/oop/assignment_2_OOP/part_2/src/multi_linear_regression.py
2023-12-14 15:25:47.995 [info] Discover tests for workspace name: oop - uri: /home/main/Desktop/uni/oop/assignment_2_OOP/part_2/src/multi_linear_regression.py
2023-12-14 15:25:50.198 [info] Discover tests for workspace name: oop - uri: /home/main/Desktop/uni/oop/assignment_2_OOP/part_2/src/multi_linear_regression.py
2023-12-14 15:25:51.630 [info] Discover tests for workspace name: oop - uri: /home/main/Desktop/uni/oop/assignment_2_OOP/part_2/src/multi_linear_regression.py
2023-12-14 15:26:42.053 [info] Discover tests for workspace name: oop - uri: /home/main/Desktop/uni/oop/assignment_2_OOP/part_2/src/multi_linear_regression.py
2023-12-14 15:26:47.015 [info] Discover tests for workspace name: oop - uri: /home/main/Desktop/uni/oop/assignment_2_OOP/part_2/src/multi_linear_regression.py
2023-12-14 15:26:56.077 [info] Discover tests for workspace name: oop - uri: /home/main/Desktop/uni/oop/assignment_2_OOP/part_2/src/multi_linear_regression.py
2023-12-14 15:27:03.742 [info] Send text to terminal: /home/main/Desktop/uni/oop/assignment_1_OOP/.conda/bin/python /home/main/Desktop/uni/oop/assignment_2_OOP/part_2/main.py
2023-12-14 15:28:03.265 [info] Discover tests for workspace name: oop - uri: /home/main/Desktop/uni/oop/assignment_2_OOP/part_2/main.py
2023-12-14 15:28:11.935 [info] Discover tests for workspace name: oop - uri: /home/main/Desktop/uni/oop/assignment_2_OOP/part_2/main.py
2023-12-14 15:28:21.041 [info] Discover tests for workspace name: oop - uri: /home/main/Desktop/uni/oop/assignment_2_OOP/part_2/main.py
2023-12-14 15:28:23.662 [info] Send text to terminal: /home/main/Desktop/uni/oop/assignment_1_OOP/.conda/bin/python /home/main/Desktop/uni/oop/assignment_2_OOP/part_2/main.py
2023-12-14 15:29:11.048 [info] Discover tests for workspace name: oop - uri: /home/main/Desktop/uni/oop/assignment_2_OOP/part_2/src/multi_linear_regression.py
2023-12-14 15:29:22.167 [info] Discover tests for workspace name: oop - uri: /home/main/Desktop/uni/oop/assignment_2_OOP/part_2/src/multi_linear_regression.py
2023-12-14 15:29:33.146 [info] Send text to terminal: /home/main/Desktop/uni/oop/assignment_1_OOP/.conda/bin/python /home/main/Desktop/uni/oop/assignment_2_OOP/part_2/main.py
2023-12-14 15:30:39.935 [info] Discover tests for workspace name: oop - uri: /home/main/Desktop/uni/oop/assignment_2_OOP/part_2/src/multi_linear_regression.py
2023-12-14 15:30:53.733 [info] Send text to terminal: /home/main/Desktop/uni/oop/assignment_1_OOP/.conda/bin/python /home/main/Desktop/uni/oop/assignment_2_OOP/part_2/main.py
2023-12-14 15:31:13.350 [info] Discover tests for workspace name: oop - uri: /home/main/Desktop/uni/oop/assignment_2_OOP/part_2/src/multi_linear_regression.py
2023-12-14 15:31:14.962 [info] Send text to terminal: /home/main/Desktop/uni/oop/assignment_1_OOP/.conda/bin/python /home/main/Desktop/uni/oop/assignment_2_OOP/part_2/src/multi_linear_regression.py
2023-12-14 15:31:23.005 [info] Send text to terminal: /home/main/Desktop/uni/oop/assignment_1_OOP/.conda/bin/python /home/main/Desktop/uni/oop/assignment_2_OOP/part_2/main.py
2023-12-14 15:33:45.991 [info] Discover tests for workspace name: oop - uri: /home/main/Desktop/uni/oop/assignment_2_OOP/part_2/main.py
2023-12-14 15:33:52.499 [info] Send text to terminal: /home/main/Desktop/uni/oop/assignment_1_OOP/.conda/bin/python /home/main/Desktop/uni/oop/assignment_2_OOP/part_2/main.py
2023-12-14 15:34:31.316 [info] Discover tests for workspace name: oop - uri: /home/main/Desktop/uni/oop/assignment_2_OOP/part_2/main.py
2023-12-14 15:34:46.465 [info] Send text to terminal: /home/main/Desktop/uni/oop/assignment_1_OOP/.conda/bin/python /home/main/Desktop/uni/oop/assignment_2_OOP/part_2/main.py
2023-12-14 15:35:38.708 [info] Discover tests for workspace name: oop - uri: /home/main/Desktop/uni/oop/assignment_2_OOP/part_2/src/multi_linear_regression.py
2023-12-14 15:35:55.781 [info] Send text to terminal: /home/main/Desktop/uni/oop/assignment_1_OOP/.conda/bin/python /home/main/Desktop/uni/oop/assignment_2_OOP/part_2/main.py
2023-12-14 15:38:08.662 [info] Discover tests for workspace name: oop - uri: /home/main/Desktop/uni/oop/assignment_2_OOP/part_2/src/multi_linear_regression.py
2023-12-14 15:38:11.159 [info] Send text to terminal: /home/main/Desktop/uni/oop/assignment_1_OOP/.conda/bin/python /home/main/Desktop/uni/oop/assignment_2_OOP/part_2/main.py
2023-12-14 15:39:27.545 [info] Discover tests for workspace name: oop - uri: /home/main/Desktop/uni/oop/assignment_2_OOP/part_2/main.py
2023-12-14 15:39:33.352 [info] Discover tests for workspace name: oop - uri: /home/main/Desktop/uni/oop/assignment_2_OOP/part_2/main.py
2023-12-14 15:39:34.665 [info] Send text to terminal: /home/main/Desktop/uni/oop/assignment_1_OOP/.conda/bin/python /home/main/Desktop/uni/oop/assignment_2_OOP/part_2/main.py
2023-12-14 15:45:13.084 [info] Discover tests for workspace name: oop - uri: /home/main/Desktop/uni/oop/assignment_2_OOP/part_2/main.py
2023-12-14 15:45:28.779 [info] Discover tests for workspace name: oop - uri: /home/main/Desktop/uni/oop/assignment_2_OOP/part_2/main.py
2023-12-14 15:45:43.113 [info] Discover tests for workspace name: oop - uri: /home/main/Desktop/uni/oop/assignment_2_OOP/part_2/main.py
2023-12-14 15:45:44.205 [info] Send text to terminal: /home/main/Desktop/uni/oop/assignment_1_OOP/.conda/bin/python /home/main/Desktop/uni/oop/assignment_2_OOP/part_2/main.py
2023-12-14 15:46:58.507 [info] Discover tests for workspace name: oop - uri: /home/main/Desktop/uni/oop/assignment_2_OOP/part_2/src/multi_linear_regression.py
2023-12-14 15:47:11.983 [info] Discover tests for workspace name: oop - uri: /home/main/Desktop/uni/oop/assignment_2_OOP/part_2/main.py
2023-12-14 15:47:21.177 [info] Discover tests for workspace name: oop - uri: /home/main/Desktop/uni/oop/assignment_2_OOP/part_2/main.py
2023-12-14 15:47:22.666 [info] Send text to terminal: /home/main/Desktop/uni/oop/assignment_1_OOP/.conda/bin/python /home/main/Desktop/uni/oop/assignment_2_OOP/part_2/main.py
2023-12-14 15:47:32.517 [info] Discover tests for workspace name: oop - uri: /home/main/Desktop/uni/oop/assignment_2_OOP/part_2/main.py
2023-12-14 15:47:33.500 [info] Send text to terminal: /home/main/Desktop/uni/oop/assignment_1_OOP/.conda/bin/python /home/main/Desktop/uni/oop/assignment_2_OOP/part_2/main.py
2023-12-14 15:48:04.968 [info] Discover tests for workspace name: oop - uri: /home/main/Desktop/uni/oop/assignment_2_OOP/part_2/main.py
2023-12-14 15:48:06.157 [info] Send text to terminal: /home/main/Desktop/uni/oop/assignment_1_OOP/.conda/bin/python /home/main/Desktop/uni/oop/assignment_2_OOP/part_2/main.py
2023-12-14 15:49:23.164 [info] Discover tests for workspace name: oop - uri: /home/main/Desktop/uni/oop/assignment_2_OOP/part_2/main.py
2023-12-14 15:49:51.718 [info] Discover tests for workspace name: oop - uri: /home/main/Desktop/uni/oop/assignment_2_OOP/part_2/src/multi_linear_regression.py
2023-12-14 15:50:00.184 [info] Send text to terminal: /home/main/Desktop/uni/oop/assignment_1_OOP/.conda/bin/python /home/main/Desktop/uni/oop/assignment_2_OOP/part_2/main.py
2023-12-14 15:50:12.126 [info] Discover tests for workspace name: oop - uri: /home/main/Desktop/uni/oop/assignment_2_OOP/part_2/main.py
2023-12-14 15:50:14.356 [info] Send text to terminal: /home/main/Desktop/uni/oop/assignment_1_OOP/.conda/bin/python /home/main/Desktop/uni/oop/assignment_2_OOP/part_2/main.py
2023-12-14 15:50:28.061 [info] Discover tests for workspace name: oop - uri: /home/main/Desktop/uni/oop/assignment_2_OOP/part_2/src/multi_linear_regression.py
2023-12-14 15:50:29.056 [info] Send text to terminal: /home/main/Desktop/uni/oop/assignment_1_OOP/.conda/bin/python /home/main/Desktop/uni/oop/assignment_2_OOP/part_2/src/multi_linear_regression.py
2023-12-14 15:50:32.197 [info] Send text to terminal: /home/main/Desktop/uni/oop/assignment_1_OOP/.conda/bin/python /home/main/Desktop/uni/oop/assignment_2_OOP/part_2/main.py
2023-12-14 15:50:42.951 [info] Discover tests for workspace name: oop - uri: /home/main/Desktop/uni/oop/assignment_2_OOP/part_2/main.py
2023-12-14 15:50:44.192 [info] Send text to terminal: /home/main/Desktop/uni/oop/assignment_1_OOP/.conda/bin/python /home/main/Desktop/uni/oop/assignment_2_OOP/part_2/main.py
2023-12-14 15:50:50.044 [info] Discover tests for workspace name: oop - uri: /home/main/Desktop/uni/oop/assignment_2_OOP/part_2/src/multi_linear_regression.py
2023-12-14 15:50:53.513 [info] Discover tests for workspace name: oop - uri: /home/main/Desktop/uni/oop/assignment_2_OOP/part_2/main.py
2023-12-14 15:50:54.642 [info] Send text to terminal: /home/main/Desktop/uni/oop/assignment_1_OOP/.conda/bin/python /home/main/Desktop/uni/oop/assignment_2_OOP/part_2/main.py
2023-12-14 15:51:20.014 [info] Discover tests for workspace name: oop - uri: /home/main/Desktop/uni/oop/assignment_2_OOP/part_2/src/multi_linear_regression.py
2023-12-14 15:51:43.521 [info] Discover tests for workspace name: oop - uri: /home/main/Desktop/uni/oop/assignment_2_OOP/part_2/src/multi_linear_regression.py
2023-12-14 15:51:49.789 [info] Send text to terminal: /home/main/Desktop/uni/oop/assignment_1_OOP/.conda/bin/python /home/main/Desktop/uni/oop/assignment_2_OOP/part_2/main.py
2023-12-14 15:53:15.844 [info] Discover tests for workspace name: oop - uri: /home/main/Desktop/uni/oop/assignment_2_OOP/part_2/src/multi_linear_regression.py
2023-12-14 15:53:24.196 [info] Discover tests for workspace name: oop - uri: /home/main/Desktop/uni/oop/assignment_2_OOP/part_2/src/multi_linear_regression.py
2023-12-14 15:53:29.527 [info] Send text to terminal: /home/main/Desktop/uni/oop/assignment_1_OOP/.conda/bin/python /home/main/Desktop/uni/oop/assignment_2_OOP/part_2/main.py
2023-12-14 15:53:37.950 [info] Discover tests for workspace name: oop - uri: /home/main/Desktop/uni/oop/assignment_2_OOP/part_2/src/multi_linear_regression.py
2023-12-14 15:53:38.638 [info] Send text to terminal: /home/main/Desktop/uni/oop/assignment_1_OOP/.conda/bin/python /home/main/Desktop/uni/oop/assignment_2_OOP/part_2/src/multi_linear_regression.py
2023-12-14 15:53:41.806 [info] Send text to terminal: /home/main/Desktop/uni/oop/assignment_1_OOP/.conda/bin/python /home/main/Desktop/uni/oop/assignment_2_OOP/part_2/main.py
2023-12-14 15:55:44.082 [info] Discover tests for workspace name: oop - uri: /home/main/Desktop/uni/oop/assignment_2_OOP/part_2/src/multi_linear_regression.py
2023-12-14 15:56:22.879 [info] Discover tests for workspace name: oop - uri: /home/main/Desktop/uni/oop/assignment_2_OOP/part_2/src/multi_linear_regression.py
2023-12-14 15:56:24.635 [info] Send text to terminal: /home/main/Desktop/uni/oop/assignment_1_OOP/.conda/bin/python /home/main/Desktop/uni/oop/assignment_2_OOP/part_2/main.py
2023-12-14 15:57:09.299 [info] Discover tests for workspace name: oop - uri: /home/main/Desktop/uni/oop/assignment_2_OOP/part_2/main.py
2023-12-14 15:57:11.719 [info] Send text to terminal: /home/main/Desktop/uni/oop/assignment_1_OOP/.conda/bin/python /home/main/Desktop/uni/oop/assignment_2_OOP/part_2/main.py
2023-12-14 15:58:03.811 [info] Discover tests for workspace name: oop - uri: /home/main/Desktop/uni/oop/assignment_2_OOP/part_2/main.py
2023-12-14 15:58:06.854 [info] Send text to terminal: /home/main/Desktop/uni/oop/assignment_1_OOP/.conda/bin/python /home/main/Desktop/uni/oop/assignment_2_OOP/part_2/main.py
2023-12-14 16:05:01.999 [info] Discover tests for workspace name: oop - uri: /home/main/Desktop/uni/oop/assignment_2_OOP/part_2/src/multi_linear_regression.py
2023-12-14 16:05:10.169 [info] Discover tests for workspace name: oop - uri: /home/main/Desktop/uni/oop/assignment_2_OOP/part_2/src/multi_linear_regression.py
2023-12-14 16:07:37.253 [info] Discover tests for workspace name: oop - uri: /home/main/Desktop/uni/oop/assignment_2_OOP/part_2/src/multi_linear_regression.py
2023-12-14 16:09:29.396 [info] Discover tests for workspace name: oop - uri: /home/main/Desktop/uni/oop/assignment_2_OOP/part_2/src/multi_linear_regression.py
2023-12-14 16:10:04.687 [info] Discover tests for workspace name: oop - uri: /home/main/Desktop/uni/oop/assignment_2_OOP/part_2/src/multi_linear_regression.py
2023-12-14 16:11:57.012 [info] Discover tests for workspace name: oop - uri: /home/main/Desktop/uni/oop/assignment_2_OOP/part_2/src/multi_linear_regression.py
2023-12-14 16:22:21.273 [info] Discover tests for workspace name: oop - uri: /home/main/Desktop/uni/oop/assignment_2_OOP/part_2/src/multi_linear_regression.py
2023-12-14 16:29:36.242 [info] Discover tests for workspace name: oop - uri: /home/main/Desktop/uni/oop/assignment_2_OOP/part_2/src/multi_linear_regression.py
2023-12-14 16:30:10.430 [info] Discover tests for workspace name: oop - uri: /home/main/Desktop/uni/oop/assignment_2_OOP/part_2/src/multi_linear_regression.py
2023-12-14 16:30:23.601 [info] Discover tests for workspace name: oop - uri: /home/main/Desktop/uni/oop/assignment_2_OOP/part_2/src/multi_linear_regression.py
2023-12-14 16:30:44.758 [info] Discover tests for workspace name: oop - uri: /home/main/Desktop/uni/oop/assignment_2_OOP/part_2/src/multi_linear_regression.py
2023-12-14 16:32:57.939 [info] Discover tests for workspace name: oop - uri: /home/main/Desktop/uni/oop/assignment_2_OOP/part_2/src/multi_linear_regression.py
2023-12-14 16:34:30.086 [info] Discover tests for workspace name: oop - uri: /home/main/Desktop/uni/oop/assignment_2_OOP/part_2/src/multi_linear_regression.py
2023-12-14 16:34:48.261 [info] Discover tests for workspace name: oop - uri: /home/main/Desktop/uni/oop/assignment_2_OOP/part_2/src/multi_linear_regression.py
2023-12-14 17:05:54.661 [info] Discover tests for workspace name: oop - uri: /home/main/Desktop/uni/oop/assignment_2_OOP/part_2/src/multi_linear_regression.py
2023-12-14 17:14:42.632 [info] Discover tests for workspace name: oop - uri: /home/main/Desktop/uni/oop/assignment_2_OOP/part_2/src/multi_linear_regression.py
2023-12-14 17:14:46.746 [info] Discover tests for workspace name: oop - uri: /home/main/Desktop/uni/oop/assignment_2_OOP/part_2/src/multi_linear_regression.py
2023-12-14 17:14:47.127 [info] Discover tests for workspace name: oop - uri: /home/main/Desktop/uni/oop/assignment_2_OOP/part_2/src/multi_linear_regression.py
2023-12-14 17:14:51.376 [info] Discover tests for workspace name: oop - uri: /home/main/Desktop/uni/oop/assignment_2_OOP/part_2/src/multi_linear_regression.py
2023-12-14 17:14:52.312 [info] Discover tests for workspace name: oop - uri: /home/main/Desktop/uni/oop/assignment_2_OOP/part_2/src/multi_linear_regression.py
2023-12-14 17:14:52.663 [info] Discover tests for workspace name: oop - uri: /home/main/Desktop/uni/oop/assignment_2_OOP/part_2/src/multi_linear_regression.py
2023-12-14 17:14:52.954 [info] Discover tests for workspace name: oop - uri: /home/main/Desktop/uni/oop/assignment_2_OOP/part_2/src/multi_linear_regression.py
2023-12-14 17:15:09.380 [info] Discover tests for workspace name: oop - uri: /home/main/Desktop/uni/oop/assignment_2_OOP/part_2/src/multi_linear_regression.py
2023-12-14 17:15:11.262 [info] Discover tests for workspace name: oop - uri: /home/main/Desktop/uni/oop/assignment_2_OOP/part_2/src/multi_linear_regression.py
2023-12-14 17:15:11.957 [info] Discover tests for workspace name: oop - uri: /home/main/Desktop/uni/oop/assignment_2_OOP/part_2/src/multi_linear_regression.py
2023-12-14 17:15:14.211 [info] Discover tests for workspace name: oop - uri: /home/main/Desktop/uni/oop/assignment_2_OOP/part_2/src/multi_linear_regression.py
2023-12-14 17:15:14.961 [info] Discover tests for workspace name: oop - uri: /home/main/Desktop/uni/oop/assignment_2_OOP/part_2/src/multi_linear_regression.py
2023-12-14 17:15:15.280 [info] Discover tests for workspace name: oop - uri: /home/main/Desktop/uni/oop/assignment_2_OOP/part_2/src/multi_linear_regression.py
2023-12-14 17:15:45.616 [info] Discover tests for workspace name: oop - uri: /home/main/Desktop/uni/oop/.vscode/settings.json
2023-12-14 17:16:45.009 [info] Discover tests for workspace name: oop - uri: /home/main/Desktop/uni/oop/assignment_2_OOP/part_2/src/multi_linear_regression.py
2023-12-14 17:16:46.190 [info] Discover tests for workspace name: oop - uri: /home/main/Desktop/uni/oop/assignment_2_OOP/part_2/src/multi_linear_regression.py
2023-12-14 17:17:26.151 [info] Discover tests for workspace name: oop - uri: /home/main/Desktop/uni/oop/assignment_2_OOP/part_2/src/multi_linear_regression.py
2023-12-14 17:17:34.468 [info] Discover tests for workspace name: oop - uri: /home/main/Desktop/uni/oop/assignment_2_OOP/part_2/src/multi_linear_regression.py
2023-12-14 17:17:37.148 [info] Discover tests for workspace name: oop - uri: /home/main/Desktop/uni/oop/assignment_2_OOP/part_2/src/multi_linear_regression.py
2023-12-14 17:17:50.833 [info] Discover tests for workspace name: oop - uri: /home/main/Desktop/uni/oop/assignment_2_OOP/part_2/src/multi_linear_regression.py
2023-12-14 17:17:56.923 [info] Discover tests for workspace name: oop - uri: /home/main/Desktop/uni/oop/assignment_2_OOP/part_2/src/multi_linear_regression.py
2023-12-14 17:18:07.921 [info] Discover tests for workspace name: oop - uri: /home/main/Desktop/uni/oop/assignment_2_OOP/part_2/src/multi_linear_regression.py
2023-12-14 17:19:01.703 [info] Discover tests for workspace name: oop - uri: /home/main/Desktop/uni/oop/assignment_2_OOP/part_2/src/multi_linear_regression.py
2023-12-14 17:21:15.269 [info] Discover tests for workspace name: oop - uri: /home/main/Desktop/uni/oop/assignment_2_OOP/part_2/src/multi_linear_regression.py
2023-12-14 17:31:05.720 [info] Discover tests for workspace name: oop - uri: /home/main/Desktop/uni/oop/assignment_2_OOP/part_2/src/multi_linear_regression.py
2023-12-14 17:31:19.425 [info] Discover tests for workspace name: oop - uri: /home/main/Desktop/uni/oop/assignment_2_OOP/part_2/src/multi_linear_regression.py
2023-12-14 17:31:55.896 [info] Discover tests for workspace name: oop - uri: /home/main/Desktop/uni/oop/assignment_2_OOP/part_2/main.py
2023-12-14 17:32:04.241 [info] Discover tests for workspace name: oop - uri: /home/main/Desktop/uni/oop/assignment_2_OOP/part_2/main.py
2023-12-14 17:32:40.767 [info] Discover tests for workspace name: oop - uri: /home/main/Desktop/uni/oop/assignment_2_OOP/part_2/main.py
2023-12-14 17:33:12.372 [info] Discover tests for workspace name: oop - uri: /home/main/Desktop/uni/oop/assignment_2_OOP/part_2/main.py
2023-12-14 17:33:15.012 [info] Send text to terminal: /home/main/Desktop/uni/oop/assignment_1_OOP/.conda/bin/python /home/main/Desktop/uni/oop/assignment_2_OOP/part_2/main.py
2023-12-14 17:33:38.283 [info] Discover tests for workspace name: oop - uri: /home/main/Desktop/uni/oop/assignment_2_OOP/part_2/main.py
2023-12-14 17:33:39.909 [info] Send text to terminal: /home/main/Desktop/uni/oop/assignment_1_OOP/.conda/bin/python /home/main/Desktop/uni/oop/assignment_2_OOP/part_2/main.py
2023-12-14 17:33:49.969 [info] Discover tests for workspace name: oop - uri: /home/main/Desktop/uni/oop/assignment_2_OOP/part_2/main.py
2023-12-14 17:33:55.811 [info] Discover tests for workspace name: oop - uri: /home/main/Desktop/uni/oop/assignment_2_OOP/part_2/src/multi_linear_regression.py
2023-12-14 17:34:12.435 [info] Discover tests for workspace name: oop - uri: /home/main/Desktop/uni/oop/assignment_2_OOP/part_2/src/multi_linear_regression.py
2023-12-14 17:35:10.740 [info] Discover tests for workspace name: oop - uri: /home/main/Desktop/uni/oop/assignment_2_OOP/part_2/src/multi_linear_regression.py
2023-12-14 17:37:04.504 [info] Discover tests for workspace name: oop - uri: /home/main/Desktop/uni/oop/assignment_2_OOP/part_2/src/multi_linear_regression.py
2023-12-14 17:42:36.168 [info] Discover tests for workspace name: oop - uri: /home/main/Desktop/uni/oop/assignment_2_OOP/part_2/src/multi_linear_regression.py
2023-12-14 17:42:48.896 [info] Discover tests for workspace name: oop - uri: /home/main/Desktop/uni/oop/assignment_2_OOP/part_2/src/multi_linear_regression.py
2023-12-14 17:44:43.549 [info] Discover tests for workspace name: oop - uri: /home/main/Desktop/uni/oop/assignment_2_OOP/part_2/src/multi_linear_regression.py
2023-12-14 17:44:53.755 [info] Discover tests for workspace name: oop - uri: /home/main/Desktop/uni/oop/assignment_2_OOP/part_2/src/multi_linear_regression.py
2023-12-14 17:45:12.326 [info] Discover tests for workspace name: oop - uri: /home/main/Desktop/uni/oop/assignment_2_OOP/part_2/src/multi_linear_regression.py
2023-12-14 17:45:13.623 [info] Discover tests for workspace name: oop - uri: /home/main/Desktop/uni/oop/assignment_2_OOP/part_2/src/multi_linear_regression.py
2023-12-14 17:45:14.118 [info] Discover tests for workspace name: oop - uri: /home/main/Desktop/uni/oop/assignment_2_OOP/part_2/src/multi_linear_regression.py
2023-12-14 17:45:15.158 [info] Discover tests for workspace name: oop - uri: /home/main/Desktop/uni/oop/assignment_2_OOP/part_2/src/multi_linear_regression.py
2023-12-14 17:45:16.372 [info] Discover tests for workspace name: oop - uri: /home/main/Desktop/uni/oop/assignment_2_OOP/part_2/src/multi_linear_regression.py
2023-12-14 17:45:18.966 [info] Discover tests for workspace name: oop - uri: /home/main/Desktop/uni/oop/assignment_2_OOP/part_2/src/multi_linear_regression.py
2023-12-14 17:47:35.067 [info] Discover tests for workspace name: oop - uri: /home/main/Desktop/uni/oop/assignment_2_OOP/part_2/main.py
2023-12-14 17:47:44.166 [info] Discover tests for workspace name: oop - uri: /home/main/Desktop/uni/oop/assignment_2_OOP/part_2/main.py
2023-12-14 17:47:47.292 [info] Send text to terminal: /home/main/Desktop/uni/oop/assignment_1_OOP/.conda/bin/python /home/main/Desktop/uni/oop/assignment_2_OOP/part_2/main.py
2023-12-14 17:48:18.517 [info] Discover tests for workspace name: oop - uri: /home/main/Desktop/uni/oop/assignment_2_OOP/part_2/src/multi_linear_regression.py
2023-12-14 17:48:24.719 [info] Discover tests for workspace name: oop - uri: /home/main/Desktop/uni/oop/assignment_2_OOP/part_2/src/multi_linear_regression.py
2023-12-14 17:48:33.223 [info] Send text to terminal: /home/main/Desktop/uni/oop/assignment_1_OOP/.conda/bin/python /home/main/Desktop/uni/oop/assignment_2_OOP/part_2/main.py
2023-12-14 17:50:09.776 [info] Discover tests for workspace name: oop - uri: /home/main/Desktop/uni/oop/assignment_2_OOP/part_2/src/multi_linear_regression.py
2023-12-14 17:50:15.345 [info] Discover tests for workspace name: oop - uri: /home/main/Desktop/uni/oop/assignment_2_OOP/part_2/src/multi_linear_regression.py
2023-12-14 17:50:23.642 [info] Discover tests for workspace name: oop - uri: /home/main/Desktop/uni/oop/assignment_2_OOP/part_2/src/multi_linear_regression.py
2023-12-14 17:50:35.453 [info] Send text to terminal: /home/main/Desktop/uni/oop/assignment_1_OOP/.conda/bin/python /home/main/Desktop/uni/oop/assignment_2_OOP/part_2/main.py
2023-12-14 17:50:47.598 [info] Discover tests for workspace name: oop - uri: /home/main/Desktop/uni/oop/assignment_2_OOP/part_2/main.py
2023-12-14 17:50:51.434 [info] Send text to terminal: /home/main/Desktop/uni/oop/assignment_1_OOP/.conda/bin/python /home/main/Desktop/uni/oop/assignment_2_OOP/part_2/main.py
2023-12-14 17:51:20.549 [info] Discover tests for workspace name: oop - uri: /home/main/Desktop/uni/oop/assignment_2_OOP/part_2/src/multi_linear_regression.py
2023-12-14 17:52:02.987 [info] Discover tests for workspace name: oop - uri: /home/main/Desktop/uni/oop/assignment_2_OOP/part_2/src/multi_linear_regression.py
2023-12-14 17:52:07.569 [info] Send text to terminal: /home/main/Desktop/uni/oop/assignment_1_OOP/.conda/bin/python /home/main/Desktop/uni/oop/assignment_2_OOP/part_2/main.py
2023-12-14 17:55:51.099 [info] Discover tests for workspace name: oop - uri: /home/main/Desktop/uni/oop/assignment_2_OOP/part_2/src/multi_linear_regression.py
2023-12-14 17:56:30.046 [info] Discover tests for workspace name: oop - uri: /home/main/Desktop/uni/oop/assignment_2_OOP/part_2/src/multi_linear_regression.py
2023-12-14 17:57:28.963 [info] Discover tests for workspace name: oop - uri: /home/main/Desktop/uni/oop/assignment_2_OOP/part_2/src/multi_linear_regression.py
2023-12-14 18:00:29.779 [info] Discover tests for workspace name: oop - uri: /home/main/Desktop/uni/oop/assignment_2_OOP/part_2/src/multi_linear_regression.py
2023-12-14 18:01:20.806 [info] Discover tests for workspace name: oop - uri: /home/main/Desktop/uni/oop/assignment_2_OOP/part_2/src/multi_linear_regression.py
2023-12-14 18:05:55.045 [info] Discover tests for workspace name: oop - uri: /home/main/Desktop/uni/oop/assignment_2_OOP/part_2/src/multi_linear_regression.py
2023-12-14 18:06:10.012 [info] Discover tests for workspace name: oop - uri: /home/main/Desktop/uni/oop/assignment_2_OOP/part_2/src/multi_linear_regression.py
2023-12-14 18:07:41.165 [info] Discover tests for workspace name: oop - uri: /home/main/Desktop/uni/oop/assignment_2_OOP/part_2/src/multi_linear_regression.py
2023-12-14 18:07:46.360 [info] Discover tests for workspace name: oop - uri: /home/main/Desktop/uni/oop/assignment_2_OOP/part_2/src/multi_linear_regression.py
2023-12-14 18:07:57.302 [info] Discover tests for workspace name: oop - uri: /home/main/Desktop/uni/oop/assignment_2_OOP/part_2/src/multi_linear_regression.py
2023-12-14 18:08:05.447 [info] Discover tests for workspace name: oop - uri: /home/main/Desktop/uni/oop/assignment_2_OOP/part_2/src/multi_linear_regression.py
2023-12-14 18:08:18.364 [info] Discover tests for workspace name: oop - uri: /home/main/Desktop/uni/oop/assignment_2_OOP/part_2/src/multi_linear_regression.py
2023-12-14 18:08:34.629 [info] Discover tests for workspace name: oop - uri: /home/main/Desktop/uni/oop/assignment_2_OOP/part_2/src/multi_linear_regression.py
2023-12-14 18:08:44.307 [info] Discover tests for workspace name: oop - uri: /home/main/Desktop/uni/oop/assignment_2_OOP/part_2/src/multi_linear_regression.py
2023-12-14 18:09:09.094 [info] Discover tests for workspace name: oop - uri: /home/main/Desktop/uni/oop/assignment_2_OOP/part_2/src/multi_linear_regression.py
2023-12-14 18:10:11.636 [info] Discover tests for workspace name: oop - uri: /home/main/Desktop/uni/oop/assignment_2_OOP/part_2/src/multi_linear_regression.py
2023-12-14 18:10:39.848 [info] Discover tests for workspace name: oop - uri: /home/main/Desktop/uni/oop/assignment_2_OOP/part_2/src/multi_linear_regression.py
2023-12-14 18:12:28.121 [info] Discover tests for workspace name: oop - uri: /home/main/Desktop/uni/oop/assignment_2_OOP/part_2/src/multi_linear_regression.py
2023-12-14 18:13:52.964 [info] Discover tests for workspace name: oop - uri: /home/main/Desktop/uni/oop/assignment_2_OOP/part_2/src/multi_linear_regression.py
2023-12-14 18:13:58.197 [info] Discover tests for workspace name: oop - uri: /home/main/Desktop/uni/oop/assignment_2_OOP/part_2/src/multi_linear_regression.py
2023-12-14 18:14:02.603 [info] Discover tests for workspace name: oop - uri: /home/main/Desktop/uni/oop/assignment_2_OOP/part_2/src/multi_linear_regression.py
2023-12-14 18:14:32.155 [info] Discover tests for workspace name: oop - uri: /home/main/Desktop/uni/oop/assignment_2_OOP/part_2/src/multi_linear_regression.py
2023-12-14 18:15:25.858 [info] Discover tests for workspace name: oop - uri: /home/main/Desktop/uni/oop/assignment_2_OOP/part_2/src/multi_linear_regression.py
2023-12-14 19:09:39.867 [info] Discover tests for workspace name: oop - uri: /home/main/Desktop/uni/oop/assignment_2_OOP/part_2/src/multi_linear_regression.py
2023-12-14 19:10:05.532 [info] Discover tests for workspace name: oop - uri: /home/main/Desktop/uni/oop/assignment_2_OOP/part_2/main.py
2023-12-14 19:10:55.661 [info] Discover tests for workspace name: oop - uri: /home/main/Desktop/uni/oop/assignment_2_OOP/part_2/src/multi_linear_regression.py
2023-12-14 19:11:58.710 [info] Discover tests for workspace name: oop - uri: /home/main/Desktop/uni/oop/assignment_2_OOP/part_2/src/multi_linear_regression.py
2023-12-14 19:13:10.909 [info] Discover tests for workspace name: oop - uri: /home/main/Desktop/uni/oop/assignment_2_OOP/part_2/src/multi_linear_regression.py
2023-12-14 19:14:17.713 [info] Discover tests for workspace name: oop - uri: /home/main/Desktop/uni/oop/assignment_2_OOP/part_2/src/multi_linear_regression.py
2023-12-14 19:14:27.984 [info] Discover tests for workspace name: oop - uri: /home/main/Desktop/uni/oop/assignment_2_OOP/part_2/src/multi_linear_regression.py
2023-12-14 19:14:39.271 [info] Discover tests for workspace name: oop - uri: /home/main/Desktop/uni/oop/assignment_2_OOP/part_2/src/multi_linear_regression.py
2023-12-14 19:15:00.438 [info] Discover tests for workspace name: oop - uri: /home/main/Desktop/uni/oop/assignment_2_OOP/part_2/src/multi_linear_regression.py
2023-12-14 19:15:25.375 [info] Discover tests for workspace name: oop - uri: /home/main/Desktop/uni/oop/assignment_2_OOP/part_2/src/multi_linear_regression.py
2023-12-14 19:15:37.767 [info] Discover tests for workspace name: oop - uri: /home/main/Desktop/uni/oop/assignment_2_OOP/part_2/src/multi_linear_regression.py
2023-12-14 19:15:51.558 [info] Discover tests for workspace name: oop - uri: /home/main/Desktop/uni/oop/assignment_2_OOP/part_2/src/multi_linear_regression.py
2023-12-14 19:15:51.998 [info] Discover tests for workspace name: oop - uri: /home/main/Desktop/uni/oop/assignment_2_OOP/part_2/src/multi_linear_regression.py
2023-12-14 19:15:52.775 [info] Discover tests for workspace name: oop - uri: /home/main/Desktop/uni/oop/assignment_2_OOP/part_2/src/multi_linear_regression.py
2023-12-14 19:15:53.043 [info] Discover tests for workspace name: oop - uri: /home/main/Desktop/uni/oop/assignment_2_OOP/part_2/src/multi_linear_regression.py
2023-12-14 19:15:53.360 [info] Discover tests for workspace name: oop - uri: /home/main/Desktop/uni/oop/assignment_2_OOP/part_2/src/multi_linear_regression.py
2023-12-14 19:15:54.433 [info] Discover tests for workspace name: oop - uri: /home/main/Desktop/uni/oop/assignment_2_OOP/part_2/src/multi_linear_regression.py
2023-12-14 19:16:00.832 [info] Discover tests for workspace name: oop - uri: /home/main/Desktop/uni/oop/assignment_2_OOP/part_2/src/multi_linear_regression.py
2023-12-14 19:16:31.750 [info] Discover tests for workspace name: oop - uri: /home/main/Desktop/uni/oop/assignment_2_OOP/part_2/src/multi_linear_regression.py
2023-12-14 19:17:13.387 [info] Discover tests for workspace name: oop - uri: /home/main/Desktop/uni/oop/assignment_2_OOP/part_2/src/multi_linear_regression.py
2023-12-14 19:17:17.202 [info] Discover tests for workspace name: oop - uri: /home/main/Desktop/uni/oop/assignment_2_OOP/part_2/src/multi_linear_regression.py
2023-12-14 19:17:27.151 [info] Discover tests for workspace name: oop - uri: /home/main/Desktop/uni/oop/assignment_2_OOP/part_2/src/multi_linear_regression.py
2023-12-14 19:17:35.331 [info] Discover tests for workspace name: oop - uri: /home/main/Desktop/uni/oop/assignment_2_OOP/part_2/src/multi_linear_regression.py
2023-12-14 19:17:38.186 [info] Discover tests for workspace name: oop - uri: /home/main/Desktop/uni/oop/assignment_2_OOP/part_2/src/multi_linear_regression.py
2023-12-14 19:17:40.783 [info] Discover tests for workspace name: oop - uri: /home/main/Desktop/uni/oop/assignment_2_OOP/part_2/src/multi_linear_regression.py
2023-12-14 19:17:56.509 [info] Discover tests for workspace name: oop - uri: /home/main/Desktop/uni/oop/assignment_2_OOP/part_2/src/multi_linear_regression.py
2023-12-14 19:18:27.669 [info] Discover tests for workspace name: oop - uri: /home/main/Desktop/uni/oop/assignment_2_OOP/part_2/src/multi_linear_regression.py
2023-12-14 19:18:29.264 [info] Discover tests for workspace name: oop - uri: /home/main/Desktop/uni/oop/assignment_2_OOP/part_2/src/multi_linear_regression.py
2023-12-14 19:18:41.328 [info] Discover tests for workspace name: oop - uri: /home/main/Desktop/uni/oop/assignment_2_OOP/part_2/src/multi_linear_regression.py
2023-12-14 19:18:58.413 [info] Discover tests for workspace name: oop - uri: /home/main/Desktop/uni/oop/assignment_2_OOP/part_2/src/multi_linear_regression.py
2023-12-14 19:20:02.090 [info] Discover tests for workspace name: oop - uri: /home/main/Desktop/uni/oop/assignment_2_OOP/part_2/src/multi_linear_regression.py
2023-12-14 19:20:08.210 [info] Discover tests for workspace name: oop - uri: /home/main/Desktop/uni/oop/assignment_2_OOP/part_2/src/multi_linear_regression.py
2023-12-14 19:20:29.809 [info] Discover tests for workspace name: oop - uri: /home/main/Desktop/uni/oop/assignment_2_OOP/part_2/src/multi_linear_regression.py
2023-12-14 19:20:38.035 [info] Discover tests for workspace name: oop - uri: /home/main/Desktop/uni/oop/assignment_2_OOP/part_2/src/multi_linear_regression.py
2023-12-14 19:20:48.236 [info] Discover tests for workspace name: oop - uri: /home/main/Desktop/uni/oop/assignment_2_OOP/part_2/src/multi_linear_regression.py
2023-12-14 19:21:24.170 [info] Discover tests for workspace name: oop - uri: /home/main/Desktop/uni/oop/assignment_2_OOP/part_2/main.py
2023-12-14 19:21:36.623 [info] Send text to terminal: /home/main/Desktop/uni/oop/assignment_1_OOP/.conda/bin/python /home/main/Desktop/uni/oop/assignment_2_OOP/part_2/main.py
2023-12-14 19:22:02.431 [info] Discover tests for workspace name: oop - uri: /home/main/Desktop/uni/oop/assignment_2_OOP/part_2/main.py
2023-12-14 19:22:07.923 [info] Send text to terminal: /home/main/Desktop/uni/oop/assignment_1_OOP/.conda/bin/python /home/main/Desktop/uni/oop/assignment_2_OOP/part_2/main.py
2023-12-14 19:23:15.530 [info] Discover tests for workspace name: oop - uri: /home/main/Desktop/uni/oop/assignment_2_OOP/part_2/src/multi_linear_regression.py
2023-12-14 19:23:22.478 [info] Send text to terminal: /home/main/Desktop/uni/oop/assignment_1_OOP/.conda/bin/python /home/main/Desktop/uni/oop/assignment_2_OOP/part_2/main.py
2023-12-14 19:23:43.415 [info] Discover tests for workspace name: oop - uri: /home/main/Desktop/uni/oop/assignment_2_OOP/part_2/src/multi_linear_regression.py
2023-12-14 19:23:45.116 [info] Send text to terminal: /home/main/Desktop/uni/oop/assignment_1_OOP/.conda/bin/python /home/main/Desktop/uni/oop/assignment_2_OOP/part_2/main.py
2023-12-14 19:25:15.429 [info] Discover tests for workspace name: oop - uri: /home/main/Desktop/uni/oop/assignment_2_OOP/part_2/src/multi_linear_regression.py
2023-12-14 19:25:20.374 [info] Discover tests for workspace name: oop - uri: /home/main/Desktop/uni/oop/assignment_2_OOP/part_2/src/multi_linear_regression.py
2023-12-14 19:25:46.334 [info] Discover tests for workspace name: oop - uri: /home/main/Desktop/uni/oop/assignment_2_OOP/part_2/src/multi_linear_regression.py
2023-12-14 19:25:55.181 [info] Discover tests for workspace name: oop - uri: /home/main/Desktop/uni/oop/assignment_2_OOP/part_2/main.py
2023-12-14 19:25:56.108 [info] Send text to terminal: /home/main/Desktop/uni/oop/assignment_1_OOP/.conda/bin/python /home/main/Desktop/uni/oop/assignment_2_OOP/part_2/main.py
2023-12-14 19:27:23.359 [info] Discover tests for workspace name: oop - uri: /home/main/Desktop/uni/oop/assignment_2_OOP/part_2/src/multi_linear_regression.py
2023-12-14 19:27:35.443 [info] Discover tests for workspace name: oop - uri: /home/main/Desktop/uni/oop/assignment_2_OOP/part_2/src/multi_linear_regression.py
2023-12-14 19:27:52.087 [info] Send text to terminal: /home/main/Desktop/uni/oop/assignment_1_OOP/.conda/bin/python /home/main/Desktop/uni/oop/assignment_2_OOP/part_2/main.py
2023-12-14 19:29:36.702 [info] Discover tests for workspace name: oop - uri: /home/main/Desktop/uni/oop/assignment_2_OOP/part_2/main.py
2023-12-14 19:29:37.635 [info] Send text to terminal: /home/main/Desktop/uni/oop/assignment_1_OOP/.conda/bin/python /home/main/Desktop/uni/oop/assignment_2_OOP/part_2/main.py
2023-12-14 19:29:47.005 [info] Discover tests for workspace name: oop - uri: /home/main/Desktop/uni/oop/assignment_2_OOP/part_2/main.py
2023-12-14 19:29:48.415 [info] Send text to terminal: /home/main/Desktop/uni/oop/assignment_1_OOP/.conda/bin/python /home/main/Desktop/uni/oop/assignment_2_OOP/part_2/main.py
2023-12-14 19:30:17.588 [info] Discover tests for workspace name: oop - uri: /home/main/Desktop/uni/oop/assignment_2_OOP/part_2/main.py
2023-12-14 19:30:28.213 [info] Discover tests for workspace name: oop - uri: /home/main/Desktop/uni/oop/assignment_2_OOP/part_2/main.py
2023-12-14 19:30:30.269 [info] Send text to terminal: /home/main/Desktop/uni/oop/assignment_1_OOP/.conda/bin/python /home/main/Desktop/uni/oop/assignment_2_OOP/part_2/main.py
2023-12-14 19:30:55.843 [info] Discover tests for workspace name: oop - uri: /home/main/Desktop/uni/oop/assignment_2_OOP/part_2/src/multi_linear_regression.py
2023-12-14 19:30:57.918 [info] Send text to terminal: /home/main/Desktop/uni/oop/assignment_1_OOP/.conda/bin/python /home/main/Desktop/uni/oop/assignment_2_OOP/part_2/main.py
2023-12-14 19:31:06.228 [info] Discover tests for workspace name: oop - uri: /home/main/Desktop/uni/oop/assignment_2_OOP/part_2/main.py
2023-12-14 19:31:07.366 [info] Send text to terminal: /home/main/Desktop/uni/oop/assignment_1_OOP/.conda/bin/python /home/main/Desktop/uni/oop/assignment_2_OOP/part_2/main.py
2023-12-14 19:31:35.644 [info] Discover tests for workspace name: oop - uri: /home/main/Desktop/uni/oop/assignment_2_OOP/part_2/src/multi_linear_regression.py
2023-12-14 19:31:38.625 [info] Send text to terminal: /home/main/Desktop/uni/oop/assignment_1_OOP/.conda/bin/python /home/main/Desktop/uni/oop/assignment_2_OOP/part_2/main.py
2023-12-14 19:31:42.771 [info] Discover tests for workspace name: oop - uri: /home/main/Desktop/uni/oop/assignment_2_OOP/part_2/main.py
2023-12-14 19:31:44.012 [info] Send text to terminal: /home/main/Desktop/uni/oop/assignment_1_OOP/.conda/bin/python /home/main/Desktop/uni/oop/assignment_2_OOP/part_2/main.py
2023-12-14 19:31:49.995 [info] Discover tests for workspace name: oop - uri: /home/main/Desktop/uni/oop/assignment_2_OOP/part_2/main.py
2023-12-14 19:31:51.469 [info] Send text to terminal: /home/main/Desktop/uni/oop/assignment_1_OOP/.conda/bin/python /home/main/Desktop/uni/oop/assignment_2_OOP/part_2/main.py
2023-12-14 19:32:00.490 [info] Discover tests for workspace name: oop - uri: /home/main/Desktop/uni/oop/assignment_2_OOP/part_2/main.py
2023-12-14 19:32:27.896 [info] Discover tests for workspace name: oop - uri: /home/main/Desktop/uni/oop/assignment_2_OOP/part_2/main.py
2023-12-14 19:32:30.703 [info] Send text to terminal: /home/main/Desktop/uni/oop/assignment_1_OOP/.conda/bin/python /home/main/Desktop/uni/oop/assignment_2_OOP/part_2/main.py
2023-12-14 19:34:19.957 [info] Discover tests for workspace name: oop - uri: /home/main/Desktop/uni/oop/assignment_2_OOP/part_2/src/multi_linear_regression.py
2023-12-14 19:34:28.797 [info] Send text to terminal: /home/main/Desktop/uni/oop/assignment_1_OOP/.conda/bin/python /home/main/Desktop/uni/oop/assignment_2_OOP/part_2/src/multi_linear_regression.py
2023-12-14 19:34:34.763 [info] Send text to terminal: /home/main/Desktop/uni/oop/assignment_1_OOP/.conda/bin/python /home/main/Desktop/uni/oop/assignment_2_OOP/part_2/main.py
2023-12-14 19:34:56.819 [info] Discover tests for workspace name: oop - uri: /home/main/Desktop/uni/oop/assignment_2_OOP/part_2/src/multi_linear_regression.py
2023-12-14 19:35:24.861 [info] Discover tests for workspace name: oop - uri: /home/main/Desktop/uni/oop/assignment_2_OOP/part_2/main.py
2023-12-14 19:35:26.531 [info] Send text to terminal: /home/main/Desktop/uni/oop/assignment_1_OOP/.conda/bin/python /home/main/Desktop/uni/oop/assignment_2_OOP/part_2/main.py
2023-12-14 19:35:33.106 [info] Discover tests for workspace name: oop - uri: /home/main/Desktop/uni/oop/assignment_2_OOP/part_2/main.py
2023-12-14 19:35:34.110 [info] Send text to terminal: /home/main/Desktop/uni/oop/assignment_1_OOP/.conda/bin/python /home/main/Desktop/uni/oop/assignment_2_OOP/part_2/main.py
2023-12-14 19:35:40.067 [info] Discover tests for workspace name: oop - uri: /home/main/Desktop/uni/oop/assignment_2_OOP/part_2/main.py
2023-12-14 19:37:26.126 [info] Send text to terminal: /home/main/Desktop/uni/oop/assignment_1_OOP/.conda/bin/python /home/main/Desktop/uni/oop/assignment_2_OOP/part_2/main.py
2023-12-14 19:37:32.187 [info] Discover tests for workspace name: oop - uri: /home/main/Desktop/uni/oop/assignment_2_OOP/part_2/main.py
2023-12-14 19:37:32.787 [info] Send text to terminal: /home/main/Desktop/uni/oop/assignment_1_OOP/.conda/bin/python /home/main/Desktop/uni/oop/assignment_2_OOP/part_2/main.py
2023-12-14 19:38:41.489 [info] Discover tests for workspace name: oop - uri: /home/main/Desktop/uni/oop/assignment_2_OOP/part_2/src/multi_linear_regression.py
2023-12-14 19:38:42.812 [info] Send text to terminal: /home/main/Desktop/uni/oop/assignment_1_OOP/.conda/bin/python /home/main/Desktop/uni/oop/assignment_2_OOP/part_2/main.py
2023-12-14 19:40:36.035 [info] Discover tests for workspace name: oop - uri: /home/main/Desktop/uni/oop/assignment_2_OOP/part_2/src/multi_linear_regression.py
2023-12-14 19:40:39.149 [info] Send text to terminal: /home/main/Desktop/uni/oop/assignment_1_OOP/.conda/bin/python /home/main/Desktop/uni/oop/assignment_2_OOP/part_2/main.py
2023-12-14 19:42:50.789 [info] Discover tests for workspace name: oop - uri: /home/main/Desktop/uni/oop/assignment_2_OOP/part_2/src/multi_linear_regression.py
2023-12-14 19:43:07.268 [info] Discover tests for workspace name: oop - uri: /home/main/Desktop/uni/oop/assignment_2_OOP/part_2/src/multi_linear_regression.py
2023-12-14 19:43:11.213 [info] Discover tests for workspace name: oop - uri: /home/main/Desktop/uni/oop/assignment_2_OOP/part_2/src/multi_linear_regression.py
2023-12-14 19:43:24.392 [info] Send text to terminal: /home/main/Desktop/uni/oop/assignment_1_OOP/.conda/bin/python /home/main/Desktop/uni/oop/assignment_2_OOP/part_2/main.py
2023-12-14 19:43:45.861 [info] Discover tests for workspace name: oop - uri: /home/main/Desktop/uni/oop/assignment_2_OOP/part_2/src/multi_linear_regression.py
2023-12-14 19:43:54.727 [info] Send text to terminal: /home/main/Desktop/uni/oop/assignment_1_OOP/.conda/bin/python /home/main/Desktop/uni/oop/assignment_2_OOP/part_2/main.py
2023-12-14 19:51:20.229 [info] Discover tests for workspace name: oop - uri: /home/main/Desktop/uni/oop/assignment_2_OOP/part_2/src/multi_linear_regression.py
2023-12-14 19:51:22.162 [info] Send text to terminal: /home/main/Desktop/uni/oop/assignment_1_OOP/.conda/bin/python /home/main/Desktop/uni/oop/assignment_2_OOP/part_2/main.py
2023-12-14 19:51:34.612 [info] Discover tests for workspace name: oop - uri: /home/main/Desktop/uni/oop/assignment_2_OOP/part_2/src/multi_linear_regression.py
2023-12-14 19:52:33.266 [info] Discover tests for workspace name: oop - uri: /home/main/Desktop/uni/oop/assignment_2_OOP/part_2/src/multi_linear_regression.py
2023-12-14 19:52:35.989 [info] Send text to terminal: /home/main/Desktop/uni/oop/assignment_1_OOP/.conda/bin/python /home/main/Desktop/uni/oop/assignment_2_OOP/part_2/main.py
2023-12-14 19:53:58.187 [info] Discover tests for workspace name: oop - uri: /home/main/Desktop/uni/oop/assignment_2_OOP/part_2/src/multi_linear_regression.py
2023-12-14 19:54:09.161 [info] Discover tests for workspace name: oop - uri: /home/main/Desktop/uni/oop/assignment_2_OOP/part_2/src/multi_linear_regression.py
2023-12-14 19:56:13.242 [info] Discover tests for workspace name: oop - uri: /home/main/Desktop/uni/oop/assignment_2_OOP/part_2/src/multi_linear_regression.py
2023-12-14 19:56:56.843 [info] Discover tests for workspace name: oop - uri: /home/main/Desktop/uni/oop/assignment_2_OOP/part_2/src/multi_linear_regression.py
2023-12-14 19:56:58.019 [info] Send text to terminal: /home/main/Desktop/uni/oop/assignment_1_OOP/.conda/bin/python /home/main/Desktop/uni/oop/assignment_2_OOP/part_2/main.py
2023-12-14 19:58:22.443 [info] Discover tests for workspace name: oop - uri: /home/main/Desktop/uni/oop/assignment_2_OOP/part_2/main.py
2023-12-14 19:58:27.019 [info] Discover tests for workspace name: oop - uri: /home/main/Desktop/uni/oop/assignment_2_OOP/part_2/main.py
2023-12-14 19:58:29.454 [info] Discover tests for workspace name: oop - uri: /home/main/Desktop/uni/oop/assignment_2_OOP/part_2/main.py
2023-12-14 19:58:31.171 [info] Send text to terminal: /home/main/Desktop/uni/oop/assignment_1_OOP/.conda/bin/python /home/main/Desktop/uni/oop/assignment_2_OOP/part_2/main.py
2023-12-14 19:58:42.304 [info] Discover tests for workspace name: oop - uri: /home/main/Desktop/uni/oop/assignment_2_OOP/part_2/src/multi_linear_regression.py
2023-12-14 19:58:45.132 [info] Send text to terminal: /home/main/Desktop/uni/oop/assignment_1_OOP/.conda/bin/python /home/main/Desktop/uni/oop/assignment_2_OOP/part_2/main.py
2023-12-14 19:59:06.243 [info] Discover tests for workspace name: oop - uri: /home/main/Desktop/uni/oop/assignment_2_OOP/part_2/main.py
2023-12-14 19:59:07.194 [info] Send text to terminal: /home/main/Desktop/uni/oop/assignment_1_OOP/.conda/bin/python /home/main/Desktop/uni/oop/assignment_2_OOP/part_2/main.py
2023-12-14 19:59:26.313 [info] Discover tests for workspace name: oop - uri: /home/main/Desktop/uni/oop/assignment_2_OOP/part_2/main.py
2023-12-14 19:59:27.349 [info] Send text to terminal: /home/main/Desktop/uni/oop/assignment_1_OOP/.conda/bin/python /home/main/Desktop/uni/oop/assignment_2_OOP/part_2/main.py
2023-12-14 19:59:44.052 [info] Discover tests for workspace name: oop - uri: /home/main/Desktop/uni/oop/assignment_2_OOP/part_2/main.py
2023-12-14 19:59:45.045 [info] Send text to terminal: /home/main/Desktop/uni/oop/assignment_1_OOP/.conda/bin/python /home/main/Desktop/uni/oop/assignment_2_OOP/part_2/main.py
2023-12-14 20:00:36.547 [info] Discover tests for workspace name: oop - uri: /home/main/Desktop/uni/oop/assignment_2_OOP/part_2/src/multi_linear_regression.py
2023-12-14 20:00:41.845 [info] Discover tests for workspace name: oop - uri: /home/main/Desktop/uni/oop/assignment_2_OOP/part_2/src/multi_linear_regression.py
2023-12-14 20:00:57.515 [info] Discover tests for workspace name: oop - uri: /home/main/Desktop/uni/oop/assignment_2_OOP/part_2/main.py
2023-12-14 20:00:58.394 [info] Send text to terminal: /home/main/Desktop/uni/oop/assignment_1_OOP/.conda/bin/python /home/main/Desktop/uni/oop/assignment_2_OOP/part_2/main.py
2023-12-14 20:01:12.618 [info] Send text to terminal: /home/main/Desktop/uni/oop/assignment_1_OOP/.conda/bin/python /home/main/Desktop/uni/oop/assignment_2_OOP/part_2/main.py
2023-12-14 20:01:26.756 [info] Send text to terminal: /home/main/Desktop/uni/oop/assignment_1_OOP/.conda/bin/python /home/main/Desktop/uni/oop/assignment_2_OOP/part_2/main.py
2023-12-14 20:01:45.588 [info] Discover tests for workspace name: oop - uri: /home/main/Desktop/uni/oop/assignment_2_OOP/part_2/main.py
2023-12-14 20:01:46.807 [info] Send text to terminal: /home/main/Desktop/uni/oop/assignment_1_OOP/.conda/bin/python /home/main/Desktop/uni/oop/assignment_2_OOP/part_2/main.py
2023-12-14 20:02:07.132 [info] Discover tests for workspace name: oop - uri: /home/main/Desktop/uni/oop/assignment_2_OOP/part_2/main.py
2023-12-14 20:04:14.394 [info] Discover tests for workspace name: oop - uri: /home/main/Desktop/uni/oop/assignment_2_OOP/part_2/main.py
2023-12-14 20:04:15.763 [info] Send text to terminal: /home/main/Desktop/uni/oop/assignment_1_OOP/.conda/bin/python /home/main/Desktop/uni/oop/assignment_2_OOP/part_2/main.py
2023-12-14 20:04:51.936 [info] Discover tests for workspace name: oop - uri: /home/main/Desktop/uni/oop/assignment_2_OOP/part_2/main.py
2023-12-14 20:04:59.068 [info] Send text to terminal: /home/main/Desktop/uni/oop/assignment_1_OOP/.conda/bin/python /home/main/Desktop/uni/oop/assignment_2_OOP/part_2/main.py
2023-12-14 20:05:21.359 [info] Discover tests for workspace name: oop - uri: /home/main/Desktop/uni/oop/assignment_2_OOP/part_2/main.py
2023-12-14 20:07:10.238 [info] Discover tests for workspace name: oop - uri: /home/main/Desktop/uni/oop/assignment_2_OOP/part_2/src/multi_linear_regression.py
2023-12-14 20:07:58.528 [info] Discover tests for workspace name: oop - uri: /home/main/Desktop/uni/oop/assignment_2_OOP/part_2/main.py
2023-12-14 20:08:06.838 [info] Discover tests for workspace name: oop - uri: /home/main/Desktop/uni/oop/assignment_2_OOP/part_2/main.py
2023-12-14 20:09:28.397 [info] Discover tests for workspace name: oop - uri: /home/main/Desktop/uni/oop/assignment_2_OOP/part_2/src/multi_linear_regression.py
2023-12-14 20:10:21.875 [info] Discover tests for workspace name: oop - uri: /home/main/Desktop/uni/oop/assignment_2_OOP/part_2/src/multi_linear_regression.py
2023-12-14 20:10:41.364 [info] Discover tests for workspace name: oop - uri: /home/main/Desktop/uni/oop/assignment_2_OOP/part_2/src/multi_linear_regression.py
2023-12-14 20:11:26.966 [info] Discover tests for workspace name: oop - uri: /home/main/Desktop/uni/oop/assignment_2_OOP/part_2/src/multi_linear_regression.py
2023-12-14 20:11:30.986 [info] Discover tests for workspace name: oop - uri: /home/main/Desktop/uni/oop/assignment_2_OOP/part_2/src/multi_linear_regression.py
2023-12-14 20:13:47.194 [info] Discover tests for workspace name: oop - uri: /home/main/Desktop/uni/oop/assignment_2_OOP/part_2/main.py
2023-12-14 20:13:47.857 [info] Send text to terminal: /home/main/Desktop/uni/oop/assignment_1_OOP/.conda/bin/python /home/main/Desktop/uni/oop/assignment_2_OOP/part_2/main.py
2023-12-14 20:14:10.592 [info] Discover tests for workspace name: oop - uri: /home/main/Desktop/uni/oop/assignment_2_OOP/part_2/src/multi_linear_regression.py
2023-12-14 20:14:14.121 [info] Discover tests for workspace name: oop - uri: /home/main/Desktop/uni/oop/assignment_2_OOP/part_2/src/multi_linear_regression.py
2023-12-14 20:14:24.855 [info] Discover tests for workspace name: oop - uri: /home/main/Desktop/uni/oop/assignment_2_OOP/part_2/src/multi_linear_regression.py
2023-12-14 20:14:30.298 [info] Discover tests for workspace name: oop - uri: /home/main/Desktop/uni/oop/assignment_2_OOP/part_2/src/multi_linear_regression.py
2023-12-14 20:14:34.375 [info] Discover tests for workspace name: oop - uri: /home/main/Desktop/uni/oop/assignment_2_OOP/part_2/src/multi_linear_regression.py
2023-12-14 20:15:07.375 [info] Discover tests for workspace name: oop - uri: /home/main/Desktop/uni/oop/assignment_2_OOP/part_2/src/multi_linear_regression.py
2023-12-14 20:15:26.520 [info] Discover tests for workspace name: oop - uri: /home/main/Desktop/uni/oop/assignment_2_OOP/part_2/src/multi_linear_regression.py
2023-12-14 20:15:28.849 [info] Send text to terminal: /home/main/Desktop/uni/oop/assignment_1_OOP/.conda/bin/python /home/main/Desktop/uni/oop/assignment_2_OOP/part_2/main.py
2023-12-14 20:15:39.057 [info] Discover tests for workspace name: oop - uri: /home/main/Desktop/uni/oop/assignment_2_OOP/part_2/src/multi_linear_regression.py
2023-12-14 20:15:41.533 [info] Send text to terminal: /home/main/Desktop/uni/oop/assignment_1_OOP/.conda/bin/python /home/main/Desktop/uni/oop/assignment_2_OOP/part_2/main.py
2023-12-14 20:16:12.005 [info] Discover tests for workspace name: oop - uri: /home/main/Desktop/uni/oop/assignment_2_OOP/part_2/src/multi_linear_regression.py
2023-12-14 20:16:16.749 [info] Send text to terminal: /home/main/Desktop/uni/oop/assignment_1_OOP/.conda/bin/python /home/main/Desktop/uni/oop/assignment_2_OOP/part_2/main.py
2023-12-14 20:16:36.207 [info] Discover tests for workspace name: oop - uri: /home/main/Desktop/uni/oop/assignment_2_OOP/part_2/main.py
2023-12-14 20:16:37.840 [info] Send text to terminal: /home/main/Desktop/uni/oop/assignment_1_OOP/.conda/bin/python /home/main/Desktop/uni/oop/assignment_2_OOP/part_2/main.py
2023-12-14 20:17:27.246 [info] Discover tests for workspace name: oop - uri: /home/main/Desktop/uni/oop/assignment_2_OOP/part_2/main.py
2023-12-14 20:17:29.137 [info] Send text to terminal: /home/main/Desktop/uni/oop/assignment_1_OOP/.conda/bin/python /home/main/Desktop/uni/oop/assignment_2_OOP/part_2/main.py
2023-12-14 20:17:51.476 [info] Discover tests for workspace name: oop - uri: /home/main/Desktop/uni/oop/assignment_2_OOP/part_2/src/multi_linear_regression.py
2023-12-14 20:17:58.196 [info] Send text to terminal: /home/main/Desktop/uni/oop/assignment_1_OOP/.conda/bin/python /home/main/Desktop/uni/oop/assignment_2_OOP/part_2/main.py
2023-12-14 20:18:10.798 [info] Discover tests for workspace name: oop - uri: /home/main/Desktop/uni/oop/assignment_2_OOP/part_2/main.py
2023-12-14 20:18:13.842 [info] Discover tests for workspace name: oop - uri: /home/main/Desktop/uni/oop/assignment_2_OOP/part_2/main.py
2023-12-14 20:18:15.099 [info] Send text to terminal: /home/main/Desktop/uni/oop/assignment_1_OOP/.conda/bin/python /home/main/Desktop/uni/oop/assignment_2_OOP/part_2/main.py
2023-12-14 20:19:10.766 [info] Send text to terminal: /home/main/Desktop/uni/oop/assignment_1_OOP/.conda/bin/python /home/main/Desktop/uni/oop/assignment_2_OOP/part_2/main.py
2023-12-14 20:19:19.338 [info] Send text to terminal: /home/main/Desktop/uni/oop/assignment_1_OOP/.conda/bin/python /home/main/Desktop/uni/oop/assignment_2_OOP/part_2/main.py
2023-12-14 20:19:37.111 [info] Discover tests for workspace name: oop - uri: /home/main/Desktop/uni/oop/assignment_2_OOP/part_2/main.py
2023-12-14 20:19:39.223 [info] Send text to terminal: /home/main/Desktop/uni/oop/assignment_1_OOP/.conda/bin/python /home/main/Desktop/uni/oop/assignment_2_OOP/part_2/main.py
2023-12-14 20:20:01.220 [info] Send text to terminal: /home/main/Desktop/uni/oop/assignment_1_OOP/.conda/bin/python /home/main/Desktop/uni/oop/assignment_2_OOP/part_2/main.py
2023-12-14 20:20:15.731 [info] Discover tests for workspace name: oop - uri: /home/main/Desktop/uni/oop/assignment_2_OOP/part_2/main.py
2023-12-14 20:20:22.594 [info] Send text to terminal: /home/main/Desktop/uni/oop/assignment_1_OOP/.conda/bin/python /home/main/Desktop/uni/oop/assignment_2_OOP/part_2/main.py
2023-12-14 20:20:33.068 [info] Discover tests for workspace name: oop - uri: /home/main/Desktop/uni/oop/assignment_2_OOP/part_2/main.py
2023-12-14 20:20:34.281 [info] Send text to terminal: /home/main/Desktop/uni/oop/assignment_1_OOP/.conda/bin/python /home/main/Desktop/uni/oop/assignment_2_OOP/part_2/main.py
2023-12-14 20:23:07.406 [info] Discover tests for workspace name: oop - uri: /home/main/Desktop/uni/oop/assignment_2_OOP/part_2/src/multi_linear_regression.py
2023-12-14 20:26:59.175 [info] Discover tests for workspace name: oop - uri: /home/main/Desktop/uni/oop/assignment_2_OOP/part_2/src/multi_linear_regression.py
2023-12-14 20:31:10.334 [info] Running installed packages checker:  python /home/main/.vscode-oss/extensions/ms-python.python-2023.20.0-universal/pythonFiles/installed_check.py /home/main/Desktop/uni/oop/assignment_2_OOP/requirements.txt
2023-12-14 20:31:10.335 [info] > python ~/.vscode-oss/extensions/ms-python.python-2023.20.0-universal/pythonFiles/installed_check.py ./assignment_2_OOP/requirements.txt
2023-12-14 20:44:54.122 [info] Discover tests for workspace name: oop - uri: /home/main/Desktop/uni/oop/assignment_2_OOP/part_2/src/multi_linear_regression.py
2023-12-14 20:56:43.914 [info] Discover tests for workspace name: oop - uri: /home/main/Desktop/uni/oop/assignment_2_OOP/part_2/src/multi_linear_regression.py
