2023-12-14 20:25:22.164 [info] Uninstalling extension from the profile: ms-toolsai.jupyter@2023.9.100 vscode-userdata:/home/main/.vscode-oss/extensions/extensions.json
2023-12-14 20:25:22.209 [info] Uninstalling extension from the profile: ms-toolsai.jupyter-keymap@1.1.2 vscode-userdata:/home/main/.vscode-oss/extensions/extensions.json
2023-12-14 20:25:22.209 [info] Uninstalling extension from the profile: ms-toolsai.jupyter-renderers@1.0.17 vscode-userdata:/home/main/.vscode-oss/extensions/extensions.json
2023-12-14 20:25:22.209 [info] Uninstalling extension from the profile: ms-toolsai.vscode-jupyter-cell-tags@0.1.8 vscode-userdata:/home/main/.vscode-oss/extensions/extensions.json
2023-12-14 20:25:22.210 [info] Uninstalling extension from the profile: ms-toolsai.vscode-jupyter-slideshow@0.1.5 vscode-userdata:/home/main/.vscode-oss/extensions/extensions.json
2023-12-14 20:25:22.254 [info] Marked extension as uninstalled ms-toolsai.jupyter-2023.9.100-universal
2023-12-14 20:25:22.270 [info] Marked extension as uninstalled ms-toolsai.jupyter-keymap-1.1.2-universal
2023-12-14 20:25:22.287 [info] Marked extension as uninstalled ms-toolsai.jupyter-renderers-1.0.17-universal
2023-12-14 20:25:22.320 [error] [uncaught exception in sharedProcess]: Error: ENOENT: no such file or directory, stat '/home/main/.vscode-oss/extensions/extensions.json.vsctmp': EntryNotFound (FileSystemError): Error: ENOENT: no such file or directory, stat '/home/main/.vscode-oss/extensions/extensions.json.vsctmp'
    at r.create (/usr/lib/code/out/vs/code/node/sharedProcess/sharedProcessMain.js:51:30053)
    at a (/usr/lib/code/out/vs/code/node/sharedProcess/sharedProcessMain.js:51:30167)
    at s.fb (/usr/lib/code/out/vs/code/node/sharedProcess/sharedProcessMain.js:56:36175)
    at s.stat (/usr/lib/code/out/vs/code/node/sharedProcess/sharedProcessMain.js:56:28621)
    at async E.stat (/usr/lib/code/out/vs/code/node/sharedProcess/sharedProcessMain.js:56:15732)
    at async K.tb (/usr/lib/code/out/vs/code/node/sharedProcess/sharedProcessMain.js:109:9535)
2023-12-14 20:25:22.321 [info] Marked extension as uninstalled ms-toolsai.vscode-jupyter-cell-tags-0.1.8-universal
2023-12-14 20:25:22.340 [info] Marked extension as uninstalled ms-toolsai.vscode-jupyter-slideshow-0.1.5-universal
2023-12-14 20:25:22.382 [info] Successfully uninstalled extension from the profile ms-toolsai.jupyter@2023.9.100 vscode-userdata:/home/main/.vscode-oss/extensions/extensions.json
2023-12-14 20:25:22.395 [info] Successfully uninstalled extension from the profile ms-toolsai.jupyter-keymap@1.1.2 vscode-userdata:/home/main/.vscode-oss/extensions/extensions.json
2023-12-14 20:25:22.530 [info] Successfully uninstalled extension from the profile ms-toolsai.jupyter-renderers@1.0.17 vscode-userdata:/home/main/.vscode-oss/extensions/extensions.json
2023-12-14 20:25:22.544 [info] Successfully uninstalled extension from the profile ms-toolsai.vscode-jupyter-cell-tags@0.1.8 vscode-userdata:/home/main/.vscode-oss/extensions/extensions.json
2023-12-14 20:25:22.548 [info] Successfully uninstalled extension from the profile ms-toolsai.vscode-jupyter-slideshow@0.1.5 vscode-userdata:/home/main/.vscode-oss/extensions/extensions.json
