2023-12-18 14:31:40.161 [info] Activation> Extension version: 0.78.0
2023-12-18 14:31:40.719 [info] Looking for git repository
2023-12-18 14:31:40.719 [info] Found 0 repositories during activation
2023-12-18 14:31:40.719 [info] Git repository found, initializing review manager and pr tree view.
2023-12-18 14:31:40.738 [info] Registering git provider
2023-12-18 14:31:40.738 [info] Review+0> Validate state in progress
2023-12-18 14:31:40.738 [info] Review+0> Validating state...
2023-12-18 14:31:40.738 [info] Review+1> Validate state in progress
2023-12-18 14:31:40.738 [info] Review+1> Validating state...
2023-12-18 14:31:40.776 [info] Found GitHub remote for folder /home/main/Desktop/uni/oop/assignment_1_OOP
2023-12-18 14:31:40.788 [info] Found GitHub remote for folder /home/main/Desktop/uni/oop/assignment_2_OOP
2023-12-18 14:31:41.581 [info] Repo state for file:///home/main/Desktop/uni/oop/assignment_1_OOP changed.
2023-12-18 14:31:41.581 [info] Repo file:///home/main/Desktop/uni/oop/assignment_1_OOP has already been setup.
2023-12-18 14:31:41.812 [info] Trying to use globalState for assignableUsers.
2023-12-18 14:31:42.044 [info] Trying to use globalState for assignableUsers.
2023-12-18 14:31:42.062 [info] Review+0> Found matching pull request metadata for current branch main. Repo: SerbanDumitru/assignment_1_OOP PR: 3
2023-12-18 14:31:42.062 [info] Review+0> current branch main is associated with pull request #3
2023-12-18 14:31:42.062 [info] Review+0> Resolving pull request
2023-12-18 14:31:42.062 [info] FolderRepositoryManager+0> Found GitHub repo for pr #3: yes
2023-12-18 14:31:42.113 [info] Review+1> No matching pull request metadata found locally for current branch main
2023-12-18 14:31:42.159 [info] Repo state for file:///home/main/Desktop/uni/oop/assignment_2_OOP changed.
2023-12-18 14:31:42.159 [info] Repo file:///home/main/Desktop/uni/oop/assignment_2_OOP has already been setup.
2023-12-18 14:31:42.242 [info] Using globalState assignableUsers for 1.
2023-12-18 14:31:42.276 [info] Using globalState assignableUsers for 1.
2023-12-18 14:31:42.883 [info] FolderRepositoryManager+0> Found GitHub pr repo for pr #3: yes
2023-12-18 14:31:42.884 [info] GitHubRepository> Fetch branch submission - enter
2023-12-18 14:31:43.175 [info] Found matching pull request metadata on GitHub for current branch main. Repo: SerbanDumitru/assignment_2_OOP PR: 1
2023-12-18 14:31:43.175 [info] PullRequestGitHelper> associate main with Pull Request #1
2023-12-18 14:31:43.243 [info] Review+1> Found matching pull request metadata for current branch main. Repo: SerbanDumitru/assignment_2_OOP PR: 1
2023-12-18 14:31:43.243 [info] Review+1> current branch main is associated with pull request #1
2023-12-18 14:31:43.243 [info] Review+1> Resolving pull request
2023-12-18 14:31:43.243 [info] FolderRepositoryManager+1> Found GitHub repo for pr #1: yes
2023-12-18 14:31:43.469 [info] GitHubRepository> Fetch branch submission - done: true
2023-12-18 14:31:43.488 [info] Review+0> Resolved PR #3, state is 0
2023-12-18 14:31:43.488 [info] Review+0> Fetching pull request data
2023-12-18 14:31:43.489 [info] PullRequestTree> Adding PR #3 to tree
2023-12-18 14:31:43.532 [info] Review+0> Register comments provider
2023-12-18 14:31:43.542 [info] Review+0> Register in memory content provider
2023-12-18 14:31:43.999 [info] FolderRepositoryManager+1> Found GitHub pr repo for pr #1: yes
2023-12-18 14:31:43.999 [info] GitHubRepository> Fetch branch submission - enter
2023-12-18 14:31:44.671 [info] GitHubRepository> Fetch branch submission - done: true
2023-12-18 14:31:44.695 [info] Review+1> Resolved PR #1, state is 0
2023-12-18 14:31:44.695 [info] Review+1> Fetching pull request data
2023-12-18 14:31:44.696 [info] PullRequestTree> Adding PR #1 to tree
2023-12-18 14:31:44.732 [info] Review+0> Display pull request status bar indicator.
2023-12-18 14:31:44.733 [info] Review+0> Using focus mode = true.
2023-12-18 14:31:44.733 [info] Review+0> State validation silent = true.
2023-12-18 14:31:44.733 [info] Review+0> PR show should show = false.
2023-12-18 14:31:44.734 [info] Review+1> Register comments provider
2023-12-18 14:31:44.760 [info] Review+1> Register in memory content provider
2023-12-18 14:31:44.760 [info] FolderRepositoryManager+0> Found GitHub repo for pr #3: yes
2023-12-18 14:31:45.652 [info] FolderRepositoryManager+0> Found GitHub pr repo for pr #3: yes
2023-12-18 14:31:45.652 [info] GitHubRepository> Fetch branch submission - enter
2023-12-18 14:31:46.118 [error] FolderRepositoryManager+0> Error when fetching: git@github.com: Permission denied (publickey).
fatal: Could not read from remote repository.

Please make sure you have the correct access rights
and the repository exists.

2023-12-18 14:31:46.120 [info] GitHubRepository> Fetch branch submission - done: true
2023-12-18 14:31:46.351 [info] Review+1> Display pull request status bar indicator.
2023-12-18 14:31:46.351 [info] Review+1> Using focus mode = true.
2023-12-18 14:31:46.351 [info] Review+1> State validation silent = true.
2023-12-18 14:31:46.351 [info] Review+1> PR show should show = false.
2023-12-19 11:43:43.678 [info] FolderRepositoryManager+0> Found GitHub repo for pr #3: yes
2023-12-19 11:43:43.698 [error] GitHubRepository> Unable to fetch PR: Error: Network error: request to https://api.github.com/graphql failed, reason: getaddrinfo EAI_AGAIN api.github.com
2023-12-19 11:43:43.698 [info] FolderRepositoryManager+0> Found GitHub pr repo for pr #3: no
2023-12-19 11:43:43.698 [warning] Review+0> This PR is no longer valid
2023-12-19 11:43:43.700 [info] FolderRepositoryManager+1> Found GitHub repo for pr #1: yes
2023-12-19 11:43:43.713 [error] GitHubRepository> Unable to fetch PR: Error: Network error: request to https://api.github.com/graphql failed, reason: getaddrinfo EAI_AGAIN api.github.com
2023-12-19 11:43:43.714 [info] FolderRepositoryManager+1> Found GitHub pr repo for pr #1: no
2023-12-19 11:43:43.714 [warning] Review+1> This PR is no longer valid
2023-12-19 11:48:40.514 [info] FolderRepositoryManager+0> Found GitHub repo for pr #3: yes
2023-12-19 11:48:40.529 [info] FolderRepositoryManager+1> Found GitHub repo for pr #1: yes
2023-12-19 11:48:41.430 [info] FolderRepositoryManager+0> Found GitHub pr repo for pr #3: yes
2023-12-19 11:48:41.430 [info] GitHubRepository> Fetch branch submission - enter
2023-12-19 11:48:41.579 [info] FolderRepositoryManager+1> Found GitHub pr repo for pr #1: yes
2023-12-19 11:48:41.579 [info] GitHubRepository> Fetch branch submission - enter
2023-12-19 11:48:41.782 [info] GitHubRepository> Fetch branch submission - done: true
2023-12-19 11:48:41.893 [info] GitHubRepository> Fetch branch submission - done: true
2023-12-19 11:53:43.884 [info] FolderRepositoryManager+1> Found GitHub repo for pr #1: yes
2023-12-19 11:53:44.134 [info] FolderRepositoryManager+0> Found GitHub repo for pr #3: yes
2023-12-19 11:53:44.667 [info] FolderRepositoryManager+1> Found GitHub pr repo for pr #1: yes
2023-12-19 11:53:44.667 [info] GitHubRepository> Fetch branch submission - enter
2023-12-19 11:53:44.828 [info] FolderRepositoryManager+0> Found GitHub pr repo for pr #3: yes
2023-12-19 11:53:44.828 [info] GitHubRepository> Fetch branch submission - enter
2023-12-19 11:53:45.164 [info] GitHubRepository> Fetch branch submission - done: true
2023-12-19 11:53:45.186 [info] GitHubRepository> Fetch branch submission - done: true
2023-12-19 11:58:46.961 [info] FolderRepositoryManager+0> Found GitHub repo for pr #3: yes
2023-12-19 11:58:47.338 [info] FolderRepositoryManager+1> Found GitHub repo for pr #1: yes
2023-12-19 11:58:47.844 [info] FolderRepositoryManager+0> Found GitHub pr repo for pr #3: yes
2023-12-19 11:58:47.844 [info] GitHubRepository> Fetch branch submission - enter
2023-12-19 11:58:48.159 [info] FolderRepositoryManager+1> Found GitHub pr repo for pr #1: yes
2023-12-19 11:58:48.159 [info] GitHubRepository> Fetch branch submission - enter
2023-12-19 11:58:48.203 [info] GitHubRepository> Fetch branch submission - done: true
2023-12-19 11:58:48.543 [info] GitHubRepository> Fetch branch submission - done: true
2023-12-19 12:03:49.851 [info] FolderRepositoryManager+0> Found GitHub repo for pr #3: yes
2023-12-19 12:03:50.504 [info] FolderRepositoryManager+1> Found GitHub repo for pr #1: yes
2023-12-19 12:03:50.558 [info] FolderRepositoryManager+0> Found GitHub pr repo for pr #3: yes
2023-12-19 12:03:50.558 [info] GitHubRepository> Fetch branch submission - enter
2023-12-19 12:03:51.064 [info] GitHubRepository> Fetch branch submission - done: true
2023-12-19 12:03:51.213 [info] FolderRepositoryManager+1> Found GitHub pr repo for pr #1: yes
2023-12-19 12:03:51.213 [info] GitHubRepository> Fetch branch submission - enter
2023-12-19 12:03:51.551 [info] GitHubRepository> Fetch branch submission - done: true
2023-12-19 12:08:52.728 [info] FolderRepositoryManager+0> Found GitHub repo for pr #3: yes
2023-12-19 12:08:53.374 [info] FolderRepositoryManager+0> Found GitHub pr repo for pr #3: yes
2023-12-19 12:08:53.374 [info] GitHubRepository> Fetch branch submission - enter
2023-12-19 12:08:53.665 [info] FolderRepositoryManager+1> Found GitHub repo for pr #1: yes
2023-12-19 12:08:53.736 [info] GitHubRepository> Fetch branch submission - done: true
2023-12-19 12:08:54.376 [info] FolderRepositoryManager+1> Found GitHub pr repo for pr #1: yes
2023-12-19 12:08:54.376 [info] GitHubRepository> Fetch branch submission - enter
2023-12-19 12:08:54.725 [info] GitHubRepository> Fetch branch submission - done: true
2023-12-19 12:13:55.268 [info] FolderRepositoryManager+0> Found GitHub repo for pr #3: yes
2023-12-19 12:13:55.979 [info] FolderRepositoryManager+0> Found GitHub pr repo for pr #3: yes
2023-12-19 12:13:55.979 [info] GitHubRepository> Fetch branch submission - enter
2023-12-19 12:13:56.331 [info] GitHubRepository> Fetch branch submission - done: true
2023-12-19 12:13:56.714 [info] FolderRepositoryManager+1> Found GitHub repo for pr #1: yes
2023-12-19 12:13:57.366 [info] FolderRepositoryManager+1> Found GitHub pr repo for pr #1: yes
2023-12-19 12:13:57.366 [info] GitHubRepository> Fetch branch submission - enter
2023-12-19 12:13:57.699 [info] GitHubRepository> Fetch branch submission - done: true
2023-12-19 12:18:57.938 [info] FolderRepositoryManager+0> Found GitHub repo for pr #3: yes
2023-12-19 12:18:58.567 [info] FolderRepositoryManager+0> Found GitHub pr repo for pr #3: yes
2023-12-19 12:18:58.567 [info] GitHubRepository> Fetch branch submission - enter
2023-12-19 12:18:58.895 [info] GitHubRepository> Fetch branch submission - done: true
2023-12-19 12:18:59.788 [info] FolderRepositoryManager+1> Found GitHub repo for pr #1: yes
2023-12-19 12:19:00.382 [info] FolderRepositoryManager+1> Found GitHub pr repo for pr #1: yes
2023-12-19 12:19:00.382 [info] GitHubRepository> Fetch branch submission - enter
2023-12-19 12:19:00.696 [info] GitHubRepository> Fetch branch submission - done: true
2023-12-19 12:24:00.548 [info] FolderRepositoryManager+0> Found GitHub repo for pr #3: yes
2023-12-19 12:24:01.419 [info] FolderRepositoryManager+0> Found GitHub pr repo for pr #3: yes
2023-12-19 12:24:01.419 [info] GitHubRepository> Fetch branch submission - enter
2023-12-19 12:24:01.753 [info] GitHubRepository> Fetch branch submission - done: true
2023-12-19 12:24:02.776 [info] FolderRepositoryManager+1> Found GitHub repo for pr #1: yes
2023-12-19 12:24:05.561 [info] FolderRepositoryManager+1> Found GitHub pr repo for pr #1: yes
2023-12-19 12:24:05.561 [info] GitHubRepository> Fetch branch submission - enter
2023-12-19 12:24:06.100 [info] GitHubRepository> Fetch branch submission - done: true
2023-12-19 12:29:03.525 [info] FolderRepositoryManager+0> Found GitHub repo for pr #3: yes
2023-12-19 12:29:04.110 [info] FolderRepositoryManager+0> Found GitHub pr repo for pr #3: yes
2023-12-19 12:29:04.110 [info] GitHubRepository> Fetch branch submission - enter
2023-12-19 12:29:04.668 [info] GitHubRepository> Fetch branch submission - done: true
2023-12-19 12:29:08.442 [info] FolderRepositoryManager+1> Found GitHub repo for pr #1: yes
2023-12-19 12:29:09.123 [info] FolderRepositoryManager+1> Found GitHub pr repo for pr #1: yes
2023-12-19 12:29:09.123 [info] GitHubRepository> Fetch branch submission - enter
2023-12-19 12:29:09.431 [info] GitHubRepository> Fetch branch submission - done: true
2023-12-19 12:34:06.230 [info] FolderRepositoryManager+0> Found GitHub repo for pr #3: yes
2023-12-19 12:34:06.914 [info] FolderRepositoryManager+0> Found GitHub pr repo for pr #3: yes
2023-12-19 12:34:06.915 [info] GitHubRepository> Fetch branch submission - enter
2023-12-19 12:34:07.246 [info] GitHubRepository> Fetch branch submission - done: true
2023-12-19 12:34:11.513 [info] FolderRepositoryManager+1> Found GitHub repo for pr #1: yes
2023-12-19 12:34:12.205 [info] FolderRepositoryManager+1> Found GitHub pr repo for pr #1: yes
2023-12-19 12:34:12.205 [info] GitHubRepository> Fetch branch submission - enter
2023-12-19 12:34:12.722 [info] GitHubRepository> Fetch branch submission - done: true
2023-12-19 12:39:08.742 [info] FolderRepositoryManager+0> Found GitHub repo for pr #3: yes
2023-12-19 12:39:09.347 [info] FolderRepositoryManager+0> Found GitHub pr repo for pr #3: yes
2023-12-19 12:39:09.347 [info] GitHubRepository> Fetch branch submission - enter
2023-12-19 12:39:09.673 [info] GitHubRepository> Fetch branch submission - done: true
2023-12-19 12:39:14.895 [info] FolderRepositoryManager+1> Found GitHub repo for pr #1: yes
2023-12-19 12:39:20.637 [info] FolderRepositoryManager+1> Found GitHub pr repo for pr #1: yes
2023-12-19 12:39:20.637 [info] GitHubRepository> Fetch branch submission - enter
2023-12-19 12:39:20.988 [info] GitHubRepository> Fetch branch submission - done: true
2023-12-19 12:44:11.315 [info] FolderRepositoryManager+0> Found GitHub repo for pr #3: yes
2023-12-19 12:44:11.930 [info] FolderRepositoryManager+0> Found GitHub pr repo for pr #3: yes
2023-12-19 12:44:11.930 [info] GitHubRepository> Fetch branch submission - enter
2023-12-19 12:44:12.270 [info] GitHubRepository> Fetch branch submission - done: true
2023-12-19 12:44:23.042 [info] FolderRepositoryManager+1> Found GitHub repo for pr #1: yes
2023-12-19 12:44:23.823 [info] FolderRepositoryManager+1> Found GitHub pr repo for pr #1: yes
2023-12-19 12:44:23.823 [info] GitHubRepository> Fetch branch submission - enter
2023-12-19 12:44:24.180 [info] GitHubRepository> Fetch branch submission - done: true
2023-12-19 12:49:13.839 [info] FolderRepositoryManager+0> Found GitHub repo for pr #3: yes
2023-12-19 12:49:14.477 [info] FolderRepositoryManager+0> Found GitHub pr repo for pr #3: yes
2023-12-19 12:49:14.477 [info] GitHubRepository> Fetch branch submission - enter
2023-12-19 12:49:14.793 [info] GitHubRepository> Fetch branch submission - done: true
2023-12-19 12:49:26.168 [info] FolderRepositoryManager+1> Found GitHub repo for pr #1: yes
2023-12-19 12:49:26.899 [info] FolderRepositoryManager+1> Found GitHub pr repo for pr #1: yes
2023-12-19 12:49:26.899 [info] GitHubRepository> Fetch branch submission - enter
2023-12-19 12:49:27.223 [info] GitHubRepository> Fetch branch submission - done: true
2023-12-19 12:54:16.350 [info] FolderRepositoryManager+0> Found GitHub repo for pr #3: yes
2023-12-19 12:54:16.914 [info] FolderRepositoryManager+0> Found GitHub pr repo for pr #3: yes
2023-12-19 12:54:16.914 [info] GitHubRepository> Fetch branch submission - enter
2023-12-19 12:54:17.282 [info] GitHubRepository> Fetch branch submission - done: true
2023-12-19 12:54:29.252 [info] FolderRepositoryManager+1> Found GitHub repo for pr #1: yes
2023-12-19 12:54:29.912 [info] FolderRepositoryManager+1> Found GitHub pr repo for pr #1: yes
2023-12-19 12:54:29.912 [info] GitHubRepository> Fetch branch submission - enter
2023-12-19 12:54:30.232 [info] GitHubRepository> Fetch branch submission - done: true
2023-12-19 12:59:18.840 [info] FolderRepositoryManager+0> Found GitHub repo for pr #3: yes
2023-12-19 12:59:19.566 [info] FolderRepositoryManager+0> Found GitHub pr repo for pr #3: yes
2023-12-19 12:59:19.566 [info] GitHubRepository> Fetch branch submission - enter
2023-12-19 12:59:19.946 [info] GitHubRepository> Fetch branch submission - done: true
2023-12-19 12:59:32.379 [info] FolderRepositoryManager+1> Found GitHub repo for pr #1: yes
2023-12-19 12:59:33.077 [info] FolderRepositoryManager+1> Found GitHub pr repo for pr #1: yes
2023-12-19 12:59:33.077 [info] GitHubRepository> Fetch branch submission - enter
2023-12-19 12:59:33.436 [info] GitHubRepository> Fetch branch submission - done: true
2023-12-19 13:04:21.501 [info] FolderRepositoryManager+0> Found GitHub repo for pr #3: yes
2023-12-19 13:04:22.151 [info] FolderRepositoryManager+0> Found GitHub pr repo for pr #3: yes
2023-12-19 13:04:22.151 [info] GitHubRepository> Fetch branch submission - enter
2023-12-19 13:04:22.506 [info] GitHubRepository> Fetch branch submission - done: true
2023-12-19 13:04:35.438 [info] FolderRepositoryManager+1> Found GitHub repo for pr #1: yes
2023-12-19 13:04:36.155 [info] FolderRepositoryManager+1> Found GitHub pr repo for pr #1: yes
2023-12-19 13:04:36.155 [info] GitHubRepository> Fetch branch submission - enter
2023-12-19 13:04:36.555 [info] GitHubRepository> Fetch branch submission - done: true
2023-12-19 13:09:24.161 [info] FolderRepositoryManager+0> Found GitHub repo for pr #3: yes
2023-12-19 13:09:24.796 [info] FolderRepositoryManager+0> Found GitHub pr repo for pr #3: yes
2023-12-19 13:09:24.796 [info] GitHubRepository> Fetch branch submission - enter
2023-12-19 13:09:25.131 [info] GitHubRepository> Fetch branch submission - done: true
2023-12-19 13:09:38.750 [info] FolderRepositoryManager+1> Found GitHub repo for pr #1: yes
2023-12-19 13:09:39.471 [info] FolderRepositoryManager+1> Found GitHub pr repo for pr #1: yes
2023-12-19 13:09:39.471 [info] GitHubRepository> Fetch branch submission - enter
2023-12-19 13:09:39.817 [info] GitHubRepository> Fetch branch submission - done: true
2023-12-19 13:14:26.699 [info] FolderRepositoryManager+0> Found GitHub repo for pr #3: yes
2023-12-19 13:14:27.458 [info] FolderRepositoryManager+0> Found GitHub pr repo for pr #3: yes
2023-12-19 13:14:27.458 [info] GitHubRepository> Fetch branch submission - enter
2023-12-19 13:14:27.819 [info] GitHubRepository> Fetch branch submission - done: true
2023-12-19 13:14:42.081 [info] FolderRepositoryManager+1> Found GitHub repo for pr #1: yes
2023-12-19 13:14:42.683 [info] FolderRepositoryManager+1> Found GitHub pr repo for pr #1: yes
2023-12-19 13:14:42.684 [info] GitHubRepository> Fetch branch submission - enter
2023-12-19 13:14:43.017 [info] GitHubRepository> Fetch branch submission - done: true
2023-12-19 13:19:29.306 [info] FolderRepositoryManager+0> Found GitHub repo for pr #3: yes
2023-12-19 13:19:29.904 [info] FolderRepositoryManager+0> Found GitHub pr repo for pr #3: yes
2023-12-19 13:19:29.904 [info] GitHubRepository> Fetch branch submission - enter
2023-12-19 13:19:30.226 [info] GitHubRepository> Fetch branch submission - done: true
2023-12-19 13:19:44.977 [info] FolderRepositoryManager+1> Found GitHub repo for pr #1: yes
2023-12-19 13:19:45.576 [info] FolderRepositoryManager+1> Found GitHub pr repo for pr #1: yes
2023-12-19 13:19:45.576 [info] GitHubRepository> Fetch branch submission - enter
2023-12-19 13:19:45.894 [info] GitHubRepository> Fetch branch submission - done: true
2023-12-19 13:24:31.778 [info] FolderRepositoryManager+0> Found GitHub repo for pr #3: yes
2023-12-19 13:24:32.351 [info] FolderRepositoryManager+0> Found GitHub pr repo for pr #3: yes
2023-12-19 13:24:32.351 [info] GitHubRepository> Fetch branch submission - enter
2023-12-19 13:24:32.669 [info] GitHubRepository> Fetch branch submission - done: true
2023-12-19 13:24:47.908 [info] FolderRepositoryManager+1> Found GitHub repo for pr #1: yes
2023-12-19 13:24:48.713 [info] FolderRepositoryManager+1> Found GitHub pr repo for pr #1: yes
2023-12-19 13:24:48.713 [info] GitHubRepository> Fetch branch submission - enter
2023-12-19 13:24:49.087 [info] GitHubRepository> Fetch branch submission - done: true
2023-12-19 13:29:34.368 [info] FolderRepositoryManager+0> Found GitHub repo for pr #3: yes
2023-12-19 13:29:35.111 [info] FolderRepositoryManager+0> Found GitHub pr repo for pr #3: yes
2023-12-19 13:29:35.111 [info] GitHubRepository> Fetch branch submission - enter
2023-12-19 13:29:35.764 [info] GitHubRepository> Fetch branch submission - done: true
2023-12-19 13:29:51.388 [info] FolderRepositoryManager+1> Found GitHub repo for pr #1: yes
2023-12-19 13:29:52.078 [info] FolderRepositoryManager+1> Found GitHub pr repo for pr #1: yes
2023-12-19 13:29:52.078 [info] GitHubRepository> Fetch branch submission - enter
2023-12-19 13:29:52.392 [info] GitHubRepository> Fetch branch submission - done: true
2023-12-19 13:34:37.308 [info] FolderRepositoryManager+0> Found GitHub repo for pr #3: yes
2023-12-19 13:34:37.914 [info] FolderRepositoryManager+0> Found GitHub pr repo for pr #3: yes
2023-12-19 13:34:37.914 [info] GitHubRepository> Fetch branch submission - enter
2023-12-19 13:34:38.229 [info] GitHubRepository> Fetch branch submission - done: true
2023-12-19 13:34:54.445 [info] FolderRepositoryManager+1> Found GitHub repo for pr #1: yes
2023-12-19 13:34:55.038 [info] FolderRepositoryManager+1> Found GitHub pr repo for pr #1: yes
2023-12-19 13:34:55.038 [info] GitHubRepository> Fetch branch submission - enter
2023-12-19 13:34:55.374 [info] GitHubRepository> Fetch branch submission - done: true
2023-12-19 13:39:39.819 [info] FolderRepositoryManager+0> Found GitHub repo for pr #3: yes
2023-12-19 13:39:40.348 [info] FolderRepositoryManager+0> Found GitHub pr repo for pr #3: yes
2023-12-19 13:39:40.348 [info] GitHubRepository> Fetch branch submission - enter
2023-12-19 13:39:40.691 [info] GitHubRepository> Fetch branch submission - done: true
2023-12-19 13:39:57.459 [info] FolderRepositoryManager+1> Found GitHub repo for pr #1: yes
2023-12-19 13:39:58.160 [info] FolderRepositoryManager+1> Found GitHub pr repo for pr #1: yes
2023-12-19 13:39:58.160 [info] GitHubRepository> Fetch branch submission - enter
2023-12-19 13:39:58.474 [info] GitHubRepository> Fetch branch submission - done: true
2023-12-19 13:44:42.261 [info] FolderRepositoryManager+0> Found GitHub repo for pr #3: yes
2023-12-19 13:44:42.939 [info] FolderRepositoryManager+0> Found GitHub pr repo for pr #3: yes
2023-12-19 13:44:42.939 [info] GitHubRepository> Fetch branch submission - enter
2023-12-19 13:44:43.277 [info] GitHubRepository> Fetch branch submission - done: true
2023-12-19 13:45:00.762 [info] FolderRepositoryManager+1> Found GitHub repo for pr #1: yes
2023-12-19 13:45:01.402 [info] FolderRepositoryManager+1> Found GitHub pr repo for pr #1: yes
2023-12-19 13:45:01.402 [info] GitHubRepository> Fetch branch submission - enter
2023-12-19 13:45:01.754 [info] GitHubRepository> Fetch branch submission - done: true
2023-12-19 13:49:44.818 [info] FolderRepositoryManager+0> Found GitHub repo for pr #3: yes
2023-12-19 13:49:45.460 [info] FolderRepositoryManager+0> Found GitHub pr repo for pr #3: yes
2023-12-19 13:49:45.460 [info] GitHubRepository> Fetch branch submission - enter
2023-12-19 13:49:45.842 [info] GitHubRepository> Fetch branch submission - done: true
2023-12-19 13:50:03.750 [info] FolderRepositoryManager+1> Found GitHub repo for pr #1: yes
2023-12-19 13:50:04.426 [info] FolderRepositoryManager+1> Found GitHub pr repo for pr #1: yes
2023-12-19 13:50:04.426 [info] GitHubRepository> Fetch branch submission - enter
2023-12-19 13:50:04.810 [info] GitHubRepository> Fetch branch submission - done: true
2023-12-19 13:54:47.390 [info] FolderRepositoryManager+0> Found GitHub repo for pr #3: yes
2023-12-19 13:54:48.140 [info] FolderRepositoryManager+0> Found GitHub pr repo for pr #3: yes
2023-12-19 13:54:48.140 [info] GitHubRepository> Fetch branch submission - enter
2023-12-19 13:54:48.456 [info] GitHubRepository> Fetch branch submission - done: true
2023-12-19 13:55:07.196 [info] FolderRepositoryManager+1> Found GitHub repo for pr #1: yes
2023-12-19 13:55:07.908 [info] FolderRepositoryManager+1> Found GitHub pr repo for pr #1: yes
2023-12-19 13:55:07.908 [info] GitHubRepository> Fetch branch submission - enter
2023-12-19 13:55:08.245 [info] GitHubRepository> Fetch branch submission - done: true
2023-12-19 13:59:50.112 [info] FolderRepositoryManager+0> Found GitHub repo for pr #3: yes
2023-12-19 13:59:50.847 [info] FolderRepositoryManager+0> Found GitHub pr repo for pr #3: yes
2023-12-19 13:59:50.847 [info] GitHubRepository> Fetch branch submission - enter
2023-12-19 13:59:51.203 [info] GitHubRepository> Fetch branch submission - done: true
2023-12-19 14:00:10.236 [info] FolderRepositoryManager+1> Found GitHub repo for pr #1: yes
2023-12-19 14:00:10.856 [info] FolderRepositoryManager+1> Found GitHub pr repo for pr #1: yes
2023-12-19 14:00:10.856 [info] GitHubRepository> Fetch branch submission - enter
2023-12-19 14:00:11.212 [info] GitHubRepository> Fetch branch submission - done: true
2023-12-19 14:04:52.799 [info] FolderRepositoryManager+0> Found GitHub repo for pr #3: yes
2023-12-19 14:04:53.443 [info] FolderRepositoryManager+0> Found GitHub pr repo for pr #3: yes
2023-12-19 14:04:53.443 [info] GitHubRepository> Fetch branch submission - enter
2023-12-19 14:04:53.798 [info] GitHubRepository> Fetch branch submission - done: true
2023-12-19 14:05:13.333 [info] FolderRepositoryManager+1> Found GitHub repo for pr #1: yes
2023-12-19 14:05:13.938 [info] FolderRepositoryManager+1> Found GitHub pr repo for pr #1: yes
2023-12-19 14:05:13.938 [info] GitHubRepository> Fetch branch submission - enter
2023-12-19 14:05:14.287 [info] GitHubRepository> Fetch branch submission - done: true
2023-12-19 14:09:55.423 [info] FolderRepositoryManager+0> Found GitHub repo for pr #3: yes
2023-12-19 14:09:58.036 [info] FolderRepositoryManager+0> Found GitHub pr repo for pr #3: yes
2023-12-19 14:09:58.036 [info] GitHubRepository> Fetch branch submission - enter
2023-12-19 14:09:58.372 [info] GitHubRepository> Fetch branch submission - done: true
2023-12-19 14:10:16.334 [info] FolderRepositoryManager+1> Found GitHub repo for pr #1: yes
2023-12-19 14:10:16.984 [info] FolderRepositoryManager+1> Found GitHub pr repo for pr #1: yes
2023-12-19 14:10:16.984 [info] GitHubRepository> Fetch branch submission - enter
2023-12-19 14:10:17.296 [info] GitHubRepository> Fetch branch submission - done: true
2023-12-19 14:15:00.128 [info] FolderRepositoryManager+0> Found GitHub repo for pr #3: yes
2023-12-19 14:15:00.769 [info] FolderRepositoryManager+0> Found GitHub pr repo for pr #3: yes
2023-12-19 14:15:00.769 [info] GitHubRepository> Fetch branch submission - enter
2023-12-19 14:15:01.119 [info] GitHubRepository> Fetch branch submission - done: true
2023-12-19 14:15:19.635 [info] FolderRepositoryManager+1> Found GitHub repo for pr #1: yes
2023-12-19 14:15:20.356 [info] FolderRepositoryManager+1> Found GitHub pr repo for pr #1: yes
2023-12-19 14:15:20.356 [info] GitHubRepository> Fetch branch submission - enter
2023-12-19 14:15:20.686 [info] GitHubRepository> Fetch branch submission - done: true
2023-12-19 14:20:02.749 [info] FolderRepositoryManager+0> Found GitHub repo for pr #3: yes
2023-12-19 14:20:03.496 [info] FolderRepositoryManager+0> Found GitHub pr repo for pr #3: yes
2023-12-19 14:20:03.496 [info] GitHubRepository> Fetch branch submission - enter
2023-12-19 14:20:03.833 [info] GitHubRepository> Fetch branch submission - done: true
2023-12-19 14:20:22.804 [info] FolderRepositoryManager+1> Found GitHub repo for pr #1: yes
2023-12-19 14:20:23.471 [info] FolderRepositoryManager+1> Found GitHub pr repo for pr #1: yes
2023-12-19 14:20:23.471 [info] GitHubRepository> Fetch branch submission - enter
2023-12-19 14:20:23.815 [info] GitHubRepository> Fetch branch submission - done: true
2023-12-19 14:25:05.349 [info] FolderRepositoryManager+0> Found GitHub repo for pr #3: yes
2023-12-19 14:25:06.185 [info] FolderRepositoryManager+0> Found GitHub pr repo for pr #3: yes
2023-12-19 14:25:06.185 [info] GitHubRepository> Fetch branch submission - enter
2023-12-19 14:25:06.524 [info] GitHubRepository> Fetch branch submission - done: true
2023-12-19 14:25:25.823 [info] FolderRepositoryManager+1> Found GitHub repo for pr #1: yes
2023-12-19 14:25:26.522 [info] FolderRepositoryManager+1> Found GitHub pr repo for pr #1: yes
2023-12-19 14:25:26.522 [info] GitHubRepository> Fetch branch submission - enter
2023-12-19 14:25:26.818 [info] GitHubRepository> Fetch branch submission - done: true
2023-12-19 14:30:08.087 [info] FolderRepositoryManager+0> Found GitHub repo for pr #3: yes
2023-12-19 14:30:08.887 [info] FolderRepositoryManager+0> Found GitHub pr repo for pr #3: yes
2023-12-19 14:30:08.887 [info] GitHubRepository> Fetch branch submission - enter
2023-12-19 14:30:09.217 [info] GitHubRepository> Fetch branch submission - done: true
2023-12-19 14:30:28.981 [info] FolderRepositoryManager+1> Found GitHub repo for pr #1: yes
2023-12-19 14:30:29.766 [info] FolderRepositoryManager+1> Found GitHub pr repo for pr #1: yes
2023-12-19 14:30:29.766 [info] GitHubRepository> Fetch branch submission - enter
2023-12-19 14:30:30.335 [info] GitHubRepository> Fetch branch submission - done: true
2023-12-19 14:35:11.065 [info] FolderRepositoryManager+0> Found GitHub repo for pr #3: yes
2023-12-19 14:35:11.726 [info] FolderRepositoryManager+0> Found GitHub pr repo for pr #3: yes
2023-12-19 14:35:11.726 [info] GitHubRepository> Fetch branch submission - enter
2023-12-19 14:35:12.117 [info] GitHubRepository> Fetch branch submission - done: true
2023-12-19 14:35:32.682 [info] FolderRepositoryManager+1> Found GitHub repo for pr #1: yes
2023-12-19 14:35:33.407 [info] FolderRepositoryManager+1> Found GitHub pr repo for pr #1: yes
2023-12-19 14:35:33.407 [info] GitHubRepository> Fetch branch submission - enter
2023-12-19 14:35:33.760 [info] GitHubRepository> Fetch branch submission - done: true
2023-12-19 14:40:13.852 [info] FolderRepositoryManager+0> Found GitHub repo for pr #3: yes
2023-12-19 14:40:14.501 [info] FolderRepositoryManager+0> Found GitHub pr repo for pr #3: yes
2023-12-19 14:40:14.501 [info] GitHubRepository> Fetch branch submission - enter
2023-12-19 14:40:14.899 [info] GitHubRepository> Fetch branch submission - done: true
2023-12-19 14:40:36.085 [info] FolderRepositoryManager+1> Found GitHub repo for pr #1: yes
2023-12-19 14:40:37.006 [info] FolderRepositoryManager+1> Found GitHub pr repo for pr #1: yes
2023-12-19 14:40:37.006 [info] GitHubRepository> Fetch branch submission - enter
2023-12-19 14:40:37.455 [info] GitHubRepository> Fetch branch submission - done: true
2023-12-19 14:45:16.693 [info] FolderRepositoryManager+0> Found GitHub repo for pr #3: yes
2023-12-19 14:45:17.353 [info] FolderRepositoryManager+0> Found GitHub pr repo for pr #3: yes
2023-12-19 14:45:17.353 [info] GitHubRepository> Fetch branch submission - enter
2023-12-19 14:45:17.667 [info] GitHubRepository> Fetch branch submission - done: true
2023-12-19 14:45:40.136 [info] FolderRepositoryManager+1> Found GitHub repo for pr #1: yes
2023-12-19 14:45:40.852 [info] FolderRepositoryManager+1> Found GitHub pr repo for pr #1: yes
2023-12-19 14:45:40.852 [info] GitHubRepository> Fetch branch submission - enter
2023-12-19 14:45:41.206 [info] GitHubRepository> Fetch branch submission - done: true
2023-12-19 14:50:19.320 [info] FolderRepositoryManager+0> Found GitHub repo for pr #3: yes
2023-12-19 14:50:20.065 [info] FolderRepositoryManager+0> Found GitHub pr repo for pr #3: yes
2023-12-19 14:50:20.065 [info] GitHubRepository> Fetch branch submission - enter
2023-12-19 14:50:20.857 [info] GitHubRepository> Fetch branch submission - done: true
2023-12-19 14:50:43.545 [info] FolderRepositoryManager+1> Found GitHub repo for pr #1: yes
2023-12-19 14:50:44.289 [info] FolderRepositoryManager+1> Found GitHub pr repo for pr #1: yes
2023-12-19 14:50:44.289 [info] GitHubRepository> Fetch branch submission - enter
2023-12-19 14:50:44.650 [info] GitHubRepository> Fetch branch submission - done: true
2023-12-19 14:55:22.651 [info] FolderRepositoryManager+0> Found GitHub repo for pr #3: yes
2023-12-19 14:55:23.314 [info] FolderRepositoryManager+0> Found GitHub pr repo for pr #3: yes
2023-12-19 14:55:23.314 [info] GitHubRepository> Fetch branch submission - enter
2023-12-19 14:55:23.645 [info] GitHubRepository> Fetch branch submission - done: true
2023-12-19 14:55:46.958 [info] FolderRepositoryManager+1> Found GitHub repo for pr #1: yes
2023-12-19 14:55:47.605 [info] FolderRepositoryManager+1> Found GitHub pr repo for pr #1: yes
2023-12-19 14:55:47.605 [info] GitHubRepository> Fetch branch submission - enter
2023-12-19 14:55:47.925 [info] GitHubRepository> Fetch branch submission - done: true
2023-12-19 15:00:25.308 [info] FolderRepositoryManager+0> Found GitHub repo for pr #3: yes
2023-12-19 15:00:25.925 [info] FolderRepositoryManager+0> Found GitHub pr repo for pr #3: yes
2023-12-19 15:00:25.925 [info] GitHubRepository> Fetch branch submission - enter
2023-12-19 15:00:26.238 [info] GitHubRepository> Fetch branch submission - done: true
2023-12-19 15:00:50.037 [info] FolderRepositoryManager+1> Found GitHub repo for pr #1: yes
2023-12-19 15:00:50.828 [info] FolderRepositoryManager+1> Found GitHub pr repo for pr #1: yes
2023-12-19 15:00:50.829 [info] GitHubRepository> Fetch branch submission - enter
2023-12-19 15:00:51.201 [info] GitHubRepository> Fetch branch submission - done: true
2023-12-19 15:05:27.779 [info] FolderRepositoryManager+0> Found GitHub repo for pr #3: yes
2023-12-19 15:05:28.421 [info] FolderRepositoryManager+0> Found GitHub pr repo for pr #3: yes
2023-12-19 15:05:28.421 [info] GitHubRepository> Fetch branch submission - enter
2023-12-19 15:05:28.771 [info] GitHubRepository> Fetch branch submission - done: true
2023-12-19 15:05:53.299 [info] FolderRepositoryManager+1> Found GitHub repo for pr #1: yes
2023-12-19 15:05:54.179 [info] FolderRepositoryManager+1> Found GitHub pr repo for pr #1: yes
2023-12-19 15:05:54.179 [info] GitHubRepository> Fetch branch submission - enter
2023-12-19 15:05:54.546 [info] GitHubRepository> Fetch branch submission - done: true
2023-12-19 15:10:30.597 [info] FolderRepositoryManager+0> Found GitHub repo for pr #3: yes
2023-12-19 15:10:31.371 [info] FolderRepositoryManager+0> Found GitHub pr repo for pr #3: yes
2023-12-19 15:10:31.371 [info] GitHubRepository> Fetch branch submission - enter
2023-12-19 15:10:31.707 [info] GitHubRepository> Fetch branch submission - done: true
2023-12-19 15:10:56.709 [info] FolderRepositoryManager+1> Found GitHub repo for pr #1: yes
2023-12-19 15:10:57.475 [info] FolderRepositoryManager+1> Found GitHub pr repo for pr #1: yes
2023-12-19 15:10:57.475 [info] GitHubRepository> Fetch branch submission - enter
2023-12-19 15:10:57.831 [info] GitHubRepository> Fetch branch submission - done: true
2023-12-19 15:15:33.251 [info] FolderRepositoryManager+0> Found GitHub repo for pr #3: yes
2023-12-19 15:15:33.929 [info] FolderRepositoryManager+0> Found GitHub pr repo for pr #3: yes
2023-12-19 15:15:33.929 [info] GitHubRepository> Fetch branch submission - enter
2023-12-19 15:15:34.333 [info] GitHubRepository> Fetch branch submission - done: true
2023-12-19 15:15:59.825 [info] FolderRepositoryManager+1> Found GitHub repo for pr #1: yes
2023-12-19 15:16:00.576 [info] FolderRepositoryManager+1> Found GitHub pr repo for pr #1: yes
2023-12-19 15:16:00.576 [info] GitHubRepository> Fetch branch submission - enter
2023-12-19 15:16:00.922 [info] GitHubRepository> Fetch branch submission - done: true
2023-12-19 15:20:36.187 [info] FolderRepositoryManager+0> Found GitHub repo for pr #3: yes
2023-12-19 15:20:36.853 [info] FolderRepositoryManager+0> Found GitHub pr repo for pr #3: yes
2023-12-19 15:20:36.853 [info] GitHubRepository> Fetch branch submission - enter
2023-12-19 15:20:37.201 [info] GitHubRepository> Fetch branch submission - done: true
2023-12-19 15:21:02.984 [info] FolderRepositoryManager+1> Found GitHub repo for pr #1: yes
2023-12-19 15:21:03.753 [info] FolderRepositoryManager+1> Found GitHub pr repo for pr #1: yes
2023-12-19 15:21:03.753 [info] GitHubRepository> Fetch branch submission - enter
2023-12-19 15:21:04.308 [info] GitHubRepository> Fetch branch submission - done: true
2023-12-19 15:25:38.800 [info] FolderRepositoryManager+0> Found GitHub repo for pr #3: yes
2023-12-19 15:25:39.798 [info] FolderRepositoryManager+0> Found GitHub pr repo for pr #3: yes
2023-12-19 15:25:39.798 [info] GitHubRepository> Fetch branch submission - enter
2023-12-19 15:25:40.161 [info] GitHubRepository> Fetch branch submission - done: true
2023-12-19 15:26:06.428 [info] FolderRepositoryManager+1> Found GitHub repo for pr #1: yes
2023-12-19 15:26:07.056 [info] FolderRepositoryManager+1> Found GitHub pr repo for pr #1: yes
2023-12-19 15:26:07.056 [info] GitHubRepository> Fetch branch submission - enter
2023-12-19 15:26:07.384 [info] GitHubRepository> Fetch branch submission - done: true
2023-12-19 15:30:41.748 [info] FolderRepositoryManager+0> Found GitHub repo for pr #3: yes
2023-12-19 15:30:42.375 [info] FolderRepositoryManager+0> Found GitHub pr repo for pr #3: yes
2023-12-19 15:30:42.375 [info] GitHubRepository> Fetch branch submission - enter
2023-12-19 15:30:42.719 [info] GitHubRepository> Fetch branch submission - done: true
2023-12-19 15:31:09.747 [info] FolderRepositoryManager+1> Found GitHub repo for pr #1: yes
2023-12-19 15:31:10.360 [info] FolderRepositoryManager+1> Found GitHub pr repo for pr #1: yes
2023-12-19 15:31:10.360 [info] GitHubRepository> Fetch branch submission - enter
2023-12-19 15:31:10.682 [info] GitHubRepository> Fetch branch submission - done: true
2023-12-19 15:35:44.328 [info] FolderRepositoryManager+0> Found GitHub repo for pr #3: yes
2023-12-19 15:35:44.960 [info] FolderRepositoryManager+0> Found GitHub pr repo for pr #3: yes
2023-12-19 15:35:44.960 [info] GitHubRepository> Fetch branch submission - enter
2023-12-19 15:35:45.314 [info] GitHubRepository> Fetch branch submission - done: true
2023-12-19 15:36:12.779 [info] FolderRepositoryManager+1> Found GitHub repo for pr #1: yes
2023-12-19 15:36:13.492 [info] FolderRepositoryManager+1> Found GitHub pr repo for pr #1: yes
2023-12-19 15:36:13.492 [info] GitHubRepository> Fetch branch submission - enter
2023-12-19 15:36:13.836 [info] GitHubRepository> Fetch branch submission - done: true
2023-12-19 15:40:46.840 [info] FolderRepositoryManager+0> Found GitHub repo for pr #3: yes
2023-12-19 15:40:47.557 [info] FolderRepositoryManager+0> Found GitHub pr repo for pr #3: yes
2023-12-19 15:40:47.557 [info] GitHubRepository> Fetch branch submission - enter
2023-12-19 15:40:47.898 [info] GitHubRepository> Fetch branch submission - done: true
2023-12-19 15:41:15.896 [info] FolderRepositoryManager+1> Found GitHub repo for pr #1: yes
2023-12-19 15:41:16.619 [info] FolderRepositoryManager+1> Found GitHub pr repo for pr #1: yes
2023-12-19 15:41:16.619 [info] GitHubRepository> Fetch branch submission - enter
2023-12-19 15:41:16.944 [info] GitHubRepository> Fetch branch submission - done: true
2023-12-19 15:45:49.415 [info] FolderRepositoryManager+0> Found GitHub repo for pr #3: yes
2023-12-19 15:45:50.082 [info] FolderRepositoryManager+0> Found GitHub pr repo for pr #3: yes
2023-12-19 15:45:50.082 [info] GitHubRepository> Fetch branch submission - enter
2023-12-19 15:45:50.431 [info] GitHubRepository> Fetch branch submission - done: true
2023-12-19 15:46:19.115 [info] FolderRepositoryManager+1> Found GitHub repo for pr #1: yes
2023-12-19 15:46:19.830 [info] FolderRepositoryManager+1> Found GitHub pr repo for pr #1: yes
2023-12-19 15:46:19.830 [info] GitHubRepository> Fetch branch submission - enter
2023-12-19 15:46:20.158 [info] GitHubRepository> Fetch branch submission - done: true
2023-12-19 15:50:52.102 [info] FolderRepositoryManager+0> Found GitHub repo for pr #3: yes
2023-12-19 15:50:52.744 [info] FolderRepositoryManager+0> Found GitHub pr repo for pr #3: yes
2023-12-19 15:50:52.744 [info] GitHubRepository> Fetch branch submission - enter
2023-12-19 15:50:53.062 [info] GitHubRepository> Fetch branch submission - done: true
2023-12-19 15:51:22.359 [info] FolderRepositoryManager+1> Found GitHub repo for pr #1: yes
2023-12-19 15:51:22.995 [info] FolderRepositoryManager+1> Found GitHub pr repo for pr #1: yes
2023-12-19 15:51:22.995 [info] GitHubRepository> Fetch branch submission - enter
2023-12-19 15:51:23.443 [info] GitHubRepository> Fetch branch submission - done: true
2023-12-19 15:55:54.630 [info] FolderRepositoryManager+0> Found GitHub repo for pr #3: yes
2023-12-19 15:55:55.262 [info] FolderRepositoryManager+0> Found GitHub pr repo for pr #3: yes
2023-12-19 15:55:55.262 [info] GitHubRepository> Fetch branch submission - enter
2023-12-19 15:55:55.662 [info] GitHubRepository> Fetch branch submission - done: true
2023-12-19 15:56:25.609 [info] FolderRepositoryManager+1> Found GitHub repo for pr #1: yes
2023-12-19 15:56:26.287 [info] FolderRepositoryManager+1> Found GitHub pr repo for pr #1: yes
2023-12-19 15:56:26.287 [info] GitHubRepository> Fetch branch submission - enter
2023-12-19 15:56:26.655 [info] GitHubRepository> Fetch branch submission - done: true
2023-12-19 16:00:57.263 [info] FolderRepositoryManager+0> Found GitHub repo for pr #3: yes
2023-12-19 16:00:58.027 [info] FolderRepositoryManager+0> Found GitHub pr repo for pr #3: yes
2023-12-19 16:00:58.027 [info] GitHubRepository> Fetch branch submission - enter
2023-12-19 16:00:58.366 [info] GitHubRepository> Fetch branch submission - done: true
2023-12-19 16:01:28.631 [info] FolderRepositoryManager+1> Found GitHub repo for pr #1: yes
2023-12-19 16:01:29.359 [info] FolderRepositoryManager+1> Found GitHub pr repo for pr #1: yes
2023-12-19 16:01:29.359 [info] GitHubRepository> Fetch branch submission - enter
2023-12-19 16:01:29.674 [info] GitHubRepository> Fetch branch submission - done: true
2023-12-19 16:05:59.914 [info] FolderRepositoryManager+0> Found GitHub repo for pr #3: yes
2023-12-19 16:06:00.530 [info] FolderRepositoryManager+0> Found GitHub pr repo for pr #3: yes
2023-12-19 16:06:00.530 [info] GitHubRepository> Fetch branch submission - enter
2023-12-19 16:06:00.905 [info] GitHubRepository> Fetch branch submission - done: true
2023-12-19 16:06:31.847 [info] FolderRepositoryManager+1> Found GitHub repo for pr #1: yes
2023-12-19 16:06:32.574 [info] FolderRepositoryManager+1> Found GitHub pr repo for pr #1: yes
2023-12-19 16:06:32.574 [info] GitHubRepository> Fetch branch submission - enter
2023-12-19 16:06:32.916 [info] GitHubRepository> Fetch branch submission - done: true
2023-12-19 16:11:02.639 [info] FolderRepositoryManager+0> Found GitHub repo for pr #3: yes
2023-12-19 16:11:03.306 [info] FolderRepositoryManager+0> Found GitHub pr repo for pr #3: yes
2023-12-19 16:11:03.306 [info] GitHubRepository> Fetch branch submission - enter
2023-12-19 16:11:03.650 [info] GitHubRepository> Fetch branch submission - done: true
2023-12-19 16:11:34.932 [info] FolderRepositoryManager+1> Found GitHub repo for pr #1: yes
2023-12-19 16:11:35.622 [info] FolderRepositoryManager+1> Found GitHub pr repo for pr #1: yes
2023-12-19 16:11:35.622 [info] GitHubRepository> Fetch branch submission - enter
2023-12-19 16:11:35.955 [info] GitHubRepository> Fetch branch submission - done: true
2023-12-19 16:16:05.194 [info] FolderRepositoryManager+0> Found GitHub repo for pr #3: yes
2023-12-19 16:16:05.879 [info] FolderRepositoryManager+0> Found GitHub pr repo for pr #3: yes
2023-12-19 16:16:05.879 [info] GitHubRepository> Fetch branch submission - enter
2023-12-19 16:16:06.220 [info] GitHubRepository> Fetch branch submission - done: true
2023-12-19 16:16:37.985 [info] FolderRepositoryManager+1> Found GitHub repo for pr #1: yes
2023-12-19 16:16:38.760 [info] FolderRepositoryManager+1> Found GitHub pr repo for pr #1: yes
2023-12-19 16:16:38.760 [info] GitHubRepository> Fetch branch submission - enter
2023-12-19 16:16:39.116 [info] GitHubRepository> Fetch branch submission - done: true
2023-12-19 16:21:07.768 [info] FolderRepositoryManager+0> Found GitHub repo for pr #3: yes
2023-12-19 16:21:08.408 [info] FolderRepositoryManager+0> Found GitHub pr repo for pr #3: yes
2023-12-19 16:21:08.408 [info] GitHubRepository> Fetch branch submission - enter
2023-12-19 16:21:08.723 [info] GitHubRepository> Fetch branch submission - done: true
2023-12-19 16:21:41.313 [info] FolderRepositoryManager+1> Found GitHub repo for pr #1: yes
2023-12-19 16:21:42.150 [info] FolderRepositoryManager+1> Found GitHub pr repo for pr #1: yes
2023-12-19 16:21:42.150 [info] GitHubRepository> Fetch branch submission - enter
2023-12-19 16:21:42.462 [info] GitHubRepository> Fetch branch submission - done: true
2023-12-19 16:26:10.370 [info] FolderRepositoryManager+0> Found GitHub repo for pr #3: yes
2023-12-19 16:26:11.059 [info] FolderRepositoryManager+0> Found GitHub pr repo for pr #3: yes
2023-12-19 16:26:11.059 [info] GitHubRepository> Fetch branch submission - enter
2023-12-19 16:26:11.380 [info] GitHubRepository> Fetch branch submission - done: true
2023-12-19 16:27:00.082 [info] FolderRepositoryManager+1> Found GitHub repo for pr #1: yes
2023-12-19 16:27:00.771 [info] FolderRepositoryManager+1> Found GitHub pr repo for pr #1: yes
2023-12-19 16:27:00.771 [info] GitHubRepository> Fetch branch submission - enter
2023-12-19 16:27:01.118 [info] GitHubRepository> Fetch branch submission - done: true
2023-12-19 16:31:12.931 [info] FolderRepositoryManager+0> Found GitHub repo for pr #3: yes
2023-12-19 16:31:13.581 [info] FolderRepositoryManager+0> Found GitHub pr repo for pr #3: yes
2023-12-19 16:31:13.581 [info] GitHubRepository> Fetch branch submission - enter
2023-12-19 16:31:13.895 [info] GitHubRepository> Fetch branch submission - done: true
2023-12-19 16:32:03.179 [info] FolderRepositoryManager+1> Found GitHub repo for pr #1: yes
2023-12-19 16:32:03.868 [info] FolderRepositoryManager+1> Found GitHub pr repo for pr #1: yes
2023-12-19 16:32:03.868 [info] GitHubRepository> Fetch branch submission - enter
2023-12-19 16:32:04.237 [info] GitHubRepository> Fetch branch submission - done: true
2023-12-19 16:36:15.534 [info] FolderRepositoryManager+0> Found GitHub repo for pr #3: yes
2023-12-19 16:36:16.195 [info] FolderRepositoryManager+0> Found GitHub pr repo for pr #3: yes
2023-12-19 16:36:16.195 [info] GitHubRepository> Fetch branch submission - enter
2023-12-19 16:36:16.574 [info] GitHubRepository> Fetch branch submission - done: true
2023-12-19 16:37:06.354 [info] FolderRepositoryManager+1> Found GitHub repo for pr #1: yes
2023-12-19 16:37:12.645 [info] FolderRepositoryManager+1> Found GitHub pr repo for pr #1: yes
2023-12-19 16:37:12.645 [info] GitHubRepository> Fetch branch submission - enter
2023-12-19 16:37:12.977 [info] GitHubRepository> Fetch branch submission - done: true
2023-12-19 16:41:18.234 [info] FolderRepositoryManager+0> Found GitHub repo for pr #3: yes
2023-12-19 16:41:18.883 [info] FolderRepositoryManager+0> Found GitHub pr repo for pr #3: yes
2023-12-19 16:41:18.883 [info] GitHubRepository> Fetch branch submission - enter
2023-12-19 16:41:19.206 [info] GitHubRepository> Fetch branch submission - done: true
2023-12-19 16:42:15.181 [info] FolderRepositoryManager+1> Found GitHub repo for pr #1: yes
2023-12-19 16:42:15.898 [info] FolderRepositoryManager+1> Found GitHub pr repo for pr #1: yes
2023-12-19 16:42:15.898 [info] GitHubRepository> Fetch branch submission - enter
2023-12-19 16:42:16.241 [info] GitHubRepository> Fetch branch submission - done: true
2023-12-19 16:46:20.797 [info] FolderRepositoryManager+0> Found GitHub repo for pr #3: yes
2023-12-19 16:46:26.419 [info] FolderRepositoryManager+0> Found GitHub pr repo for pr #3: yes
2023-12-19 16:46:26.420 [info] GitHubRepository> Fetch branch submission - enter
2023-12-19 16:46:26.783 [info] GitHubRepository> Fetch branch submission - done: true
2023-12-19 16:47:18.295 [info] FolderRepositoryManager+1> Found GitHub repo for pr #1: yes
2023-12-19 16:47:19.115 [info] FolderRepositoryManager+1> Found GitHub pr repo for pr #1: yes
2023-12-19 16:47:19.115 [info] GitHubRepository> Fetch branch submission - enter
2023-12-19 16:47:19.436 [info] GitHubRepository> Fetch branch submission - done: true
2023-12-19 16:51:28.680 [info] FolderRepositoryManager+0> Found GitHub repo for pr #3: yes
2023-12-19 16:51:29.362 [info] FolderRepositoryManager+0> Found GitHub pr repo for pr #3: yes
2023-12-19 16:51:29.362 [info] GitHubRepository> Fetch branch submission - enter
2023-12-19 16:51:29.701 [info] GitHubRepository> Fetch branch submission - done: true
2023-12-19 16:52:21.626 [info] FolderRepositoryManager+1> Found GitHub repo for pr #1: yes
2023-12-19 16:52:22.373 [info] FolderRepositoryManager+1> Found GitHub pr repo for pr #1: yes
2023-12-19 16:52:22.373 [info] GitHubRepository> Fetch branch submission - enter
2023-12-19 16:52:22.716 [info] GitHubRepository> Fetch branch submission - done: true
2023-12-19 16:56:31.329 [info] FolderRepositoryManager+0> Found GitHub repo for pr #3: yes
2023-12-19 16:56:32.068 [info] FolderRepositoryManager+0> Found GitHub pr repo for pr #3: yes
2023-12-19 16:56:32.068 [info] GitHubRepository> Fetch branch submission - enter
2023-12-19 16:56:32.486 [info] GitHubRepository> Fetch branch submission - done: true
2023-12-19 16:57:25.325 [info] FolderRepositoryManager+1> Found GitHub repo for pr #1: yes
2023-12-19 16:57:26.025 [info] FolderRepositoryManager+1> Found GitHub pr repo for pr #1: yes
2023-12-19 16:57:26.025 [info] GitHubRepository> Fetch branch submission - enter
2023-12-19 16:57:26.430 [info] GitHubRepository> Fetch branch submission - done: true
