2023-11-30 16:31:35.332 [info] Getting Manifest... ms-python.python
2023-11-30 16:31:35.462 [info] Installing extension: ms-python.python
2023-11-30 16:31:39.051 [info] Extension signature verification is not done: ms-python.python
2023-11-30 16:31:43.486 [info] Extracted extension to file:///home/main/.vscode-oss/extensions/ms-python.python-2023.20.0-universal: ms-python.python
2023-11-30 16:31:43.521 [info] Renamed to /home/main/.vscode-oss/extensions/ms-python.python-2023.20.0-universal
2023-11-30 16:31:43.539 [info] Extracting extension completed. ms-python.python
2023-11-30 16:31:43.568 [info] Extension installed successfully: ms-python.python
2023-11-30 16:31:43.649 [error] [uncaught exception in sharedProcess]: Error: ENOENT: no such file or directory, stat '/home/main/.vscode-oss/extensions/extensions.json.vsctmp': EntryNotFound (FileSystemError): Error: ENOENT: no such file or directory, stat '/home/main/.vscode-oss/extensions/extensions.json.vsctmp'
    at r.create (/usr/lib/code/out/vs/code/node/sharedProcess/sharedProcessMain.js:51:30053)
    at a (/usr/lib/code/out/vs/code/node/sharedProcess/sharedProcessMain.js:51:30167)
    at s.fb (/usr/lib/code/out/vs/code/node/sharedProcess/sharedProcessMain.js:56:36175)
    at s.stat (/usr/lib/code/out/vs/code/node/sharedProcess/sharedProcessMain.js:56:28621)
    at async E.stat (/usr/lib/code/out/vs/code/node/sharedProcess/sharedProcessMain.js:56:15732)
    at async K.tb (/usr/lib/code/out/vs/code/node/sharedProcess/sharedProcessMain.js:109:9535)
2023-11-30 16:36:11.849 [info] Getting Manifest... ms-python.anaconda-extension-pack
2023-11-30 16:36:11.974 [info] Installing extension: ms-python.anaconda-extension-pack
2023-11-30 16:36:12.392 [info] Getting Manifest... ms-python.python
2023-11-30 16:36:12.519 [info] Getting Manifest... redhat.vscode-yaml
2023-11-30 16:36:12.779 [info] Installing extension: redhat.vscode-yaml ms-python.anaconda-extension-pack
2023-11-30 16:36:13.589 [info] Extension signature verification is not done: redhat.vscode-yaml
2023-11-30 16:36:13.777 [info] Extracted extension to file:///home/main/.vscode-oss/extensions/redhat.vscode-yaml-1.14.0-universal: redhat.vscode-yaml
2023-11-30 16:36:13.802 [info] Renamed to /home/main/.vscode-oss/extensions/redhat.vscode-yaml-1.14.0-universal
2023-11-30 16:36:13.806 [info] Extracting extension completed. redhat.vscode-yaml
2023-11-30 16:36:13.923 [error] [uncaught exception in sharedProcess]: Error: ENOENT: no such file or directory, stat '/home/main/.vscode-oss/extensions/extensions.json.vsctmp': EntryNotFound (FileSystemError): Error: ENOENT: no such file or directory, stat '/home/main/.vscode-oss/extensions/extensions.json.vsctmp'
    at r.create (/usr/lib/code/out/vs/code/node/sharedProcess/sharedProcessMain.js:51:30053)
    at a (/usr/lib/code/out/vs/code/node/sharedProcess/sharedProcessMain.js:51:30167)
    at s.fb (/usr/lib/code/out/vs/code/node/sharedProcess/sharedProcessMain.js:56:36175)
    at s.stat (/usr/lib/code/out/vs/code/node/sharedProcess/sharedProcessMain.js:56:28621)
    at async E.stat (/usr/lib/code/out/vs/code/node/sharedProcess/sharedProcessMain.js:56:15732)
    at async K.tb (/usr/lib/code/out/vs/code/node/sharedProcess/sharedProcessMain.js:109:9535)
2023-11-30 16:36:14.283 [info] Extension signature verification is not done: ms-python.anaconda-extension-pack
2023-11-30 16:36:14.298 [info] Extracted extension to file:///home/main/.vscode-oss/extensions/ms-python.anaconda-extension-pack-1.0.1-universal: ms-python.anaconda-extension-pack
2023-11-30 16:36:14.304 [info] Renamed to /home/main/.vscode-oss/extensions/ms-python.anaconda-extension-pack-1.0.1-universal
2023-11-30 16:36:14.307 [info] Extracting extension completed. ms-python.anaconda-extension-pack
2023-11-30 16:36:14.321 [info] Extension installed successfully: redhat.vscode-yaml
2023-11-30 16:36:14.321 [info] Extension installed successfully: ms-python.anaconda-extension-pack
2023-11-30 16:36:14.398 [error] [uncaught exception in sharedProcess]: Error: ENOENT: no such file or directory, stat '/home/main/.vscode-oss/extensions/extensions.json.vsctmp': EntryNotFound (FileSystemError): Error: ENOENT: no such file or directory, stat '/home/main/.vscode-oss/extensions/extensions.json.vsctmp'
    at r.create (/usr/lib/code/out/vs/code/node/sharedProcess/sharedProcessMain.js:51:30053)
    at a (/usr/lib/code/out/vs/code/node/sharedProcess/sharedProcessMain.js:51:30167)
    at s.fb (/usr/lib/code/out/vs/code/node/sharedProcess/sharedProcessMain.js:56:36175)
    at s.stat (/usr/lib/code/out/vs/code/node/sharedProcess/sharedProcessMain.js:56:28621)
    at async E.stat (/usr/lib/code/out/vs/code/node/sharedProcess/sharedProcessMain.js:56:15732)
    at async K.tb (/usr/lib/code/out/vs/code/node/sharedProcess/sharedProcessMain.js:109:9535)
