2023-11-30 16:57:17.567 [info] Added views:workbench.panel.markers.view in workbench.panel.markers
2023-11-30 16:57:17.568 [info] Added views:workbench.panel.output in workbench.panel.output
2023-11-30 16:57:17.568 [info] Added views:terminal in terminal
2023-11-30 16:57:17.568 [info] Added views:outline in workbench.view.explorer
2023-11-30 16:57:17.568 [info] Added views:workbench.scm in workbench.view.scm
2023-11-30 16:57:17.568 [info] Added views:workbench.view.search in workbench.view.search
2023-11-30 16:57:17.568 [info] Added views:timeline in workbench.view.explorer
2023-11-30 16:57:17.568 [info] Added views:workbench.explorer.fileView in workbench.view.explorer
2023-11-30 16:57:18.011 [info] Added views:workbench.debug.welcome in workbench.view.debug
2023-11-30 16:57:18.428 [info] Added views:pr:github,issues:github in workbench.view.extension.github-pull-requests
2023-11-30 16:57:19.508 [info] Added views:workbench.panel.repl.view in workbench.panel.repl
2023-11-30 16:57:20.083 [info] Added views:~remote.forwardedPorts in ~remote.forwardedPortsContainer
2023-11-30 16:57:22.822 [info] Added views:workbench.panel.comments in workbench.panel.comments
2023-11-30 16:57:24.128 [info] Added views:github:activePullRequest:welcome in workbench.view.extension.github-pull-request
2023-11-30 16:57:24.139 [info] Removed views:github:activePullRequest:welcome from workbench.view.extension.github-pull-request
2023-11-30 16:57:36.835 [info] Added views:workbench.views.extensions.installed,workbench.views.extensions.popular,extensions.recommendedList in workbench.view.extensions
2023-11-30 16:57:36.843 [info] Removed views:workbench.views.extensions.popular from workbench.view.extensions
2023-11-30 16:57:40.201 [info] Removed views:extensions.recommendedList,workbench.views.extensions.installed from workbench.view.extensions
2023-11-30 16:57:40.214 [info] Added views:workbench.views.extensions.marketplace in workbench.view.extensions
2023-11-30 17:22:19.367 [info] Added views:workbench.view.testing in workbench.view.extension.test
