2023-12-06 21:44:28.405 [info] Activation> Extension version: 0.76.1
2023-12-06 21:44:28.627 [info] Looking for git repository
2023-12-06 21:44:28.627 [info] Found 0 repositories during activation
2023-12-06 21:44:28.627 [info] Git repository found, initializing review manager and pr tree view.
2023-12-06 21:45:00.111 [info] Activation> Extension version: 0.76.1
2023-12-06 21:45:00.754 [info] Looking for git repository
2023-12-06 21:45:00.754 [info] Found 0 repositories during activation
2023-12-06 21:45:00.754 [info] Git repository found, initializing review manager and pr tree view.
2023-12-06 21:45:00.790 [info] Registering git provider
2023-12-06 21:45:00.790 [info] Review> Validate state in progress
2023-12-06 21:45:00.790 [info] Review> Validating state...
2023-12-06 21:45:00.971 [info] Found GitHub remote for folder /home/main/Desktop/uni/oop/assignment_1_OOP
2023-12-06 21:45:01.418 [info] Trying to use globalState for assignableUsers.
2023-12-06 21:45:01.880 [info] Using globalState assignableUsers for 1.
2023-12-06 21:45:02.029 [info] Repo state for file:///home/main/Desktop/uni/oop/assignment_1_OOP changed.
2023-12-06 21:45:02.029 [info] Repo file:///home/main/Desktop/uni/oop/assignment_1_OOP has already been setup.
2023-12-06 21:45:02.037 [info] Review> Found matching pull request metadata for current branch main. Repo: SerbanDumitru/assignment_1_OOP PR: 3
2023-12-06 21:45:02.037 [info] Review> current branch main is associated with pull request #3
2023-12-06 21:45:02.037 [info] Review> Resolving pull request
2023-12-06 21:45:03.142 [info] Review> Resolved PR #3, state is 0
2023-12-06 21:45:03.143 [info] Review> Fetching pull request data
2023-12-06 21:45:03.143 [info] PullRequestTree> Adding PR #3 to tree
2023-12-06 21:45:03.237 [info] Review> Register comments provider
2023-12-06 21:45:03.241 [info] Review> Register in memory content provider
2023-12-06 21:45:03.885 [info] Review> Display pull request status bar indicator.
2023-12-06 21:45:03.885 [info] Review> Using focus mode = true.
2023-12-06 21:45:03.885 [info] Review> State validation silent = true.
2023-12-06 21:45:03.885 [info] Review> PR show should show = false.
2023-12-06 21:45:22.907 [error] FolderRepositoryManager> Error when fetching: git@github.com: Permission denied (publickey).
fatal: Could not read from remote repository.

Please make sure you have the correct access rights
and the repository exists.

