2023-11-30 16:21:46.977 [info] Added views:workbench.panel.markers.view in workbench.panel.markers
2023-11-30 16:21:46.977 [info] Added views:workbench.panel.output in workbench.panel.output
2023-11-30 16:21:46.977 [info] Added views:terminal in terminal
2023-11-30 16:21:46.977 [info] Added views:outline in workbench.view.explorer
2023-11-30 16:21:46.977 [info] Added views:workbench.scm in workbench.view.scm
2023-11-30 16:21:46.977 [info] Added views:workbench.view.search in workbench.view.search
2023-11-30 16:21:46.977 [info] Added views:timeline in workbench.view.explorer
2023-11-30 16:21:46.977 [info] Added views:workbench.explorer.fileView in workbench.view.explorer
2023-11-30 16:21:48.001 [info] Added views:pr:github,issues:github in workbench.view.extension.github-pull-requests
2023-11-30 16:21:48.740 [info] Added views:workbench.debug.welcome in workbench.view.debug
2023-11-30 16:21:48.873 [info] Added views:workbench.panel.repl.view in workbench.panel.repl
2023-11-30 16:21:52.075 [info] Added views:~remote.forwardedPorts in ~remote.forwardedPortsContainer
2023-11-30 16:21:52.380 [info] Added views:workbench.panel.comments in workbench.panel.comments
2023-11-30 16:21:52.442 [info] Added views:github:activePullRequest:welcome in workbench.view.extension.github-pull-request
2023-11-30 16:21:53.736 [info] Removed views:github:activePullRequest:welcome from workbench.view.extension.github-pull-request
2023-11-30 16:30:46.509 [info] Added views:workbench.views.extensions.installed,workbench.views.extensions.popular,extensions.recommendedList in workbench.view.extensions
2023-11-30 16:30:46.518 [info] Removed views:workbench.views.extensions.popular from workbench.view.extensions
2023-11-30 16:30:49.673 [info] Removed views:extensions.recommendedList,workbench.views.extensions.installed from workbench.view.extensions
2023-11-30 16:30:49.708 [info] Added views:workbench.views.extensions.marketplace in workbench.view.extensions
2023-11-30 16:31:06.622 [info] Removed views:workbench.views.extensions.marketplace from workbench.view.extensions
2023-11-30 16:31:06.644 [info] Added views:workbench.views.extensions.installed,extensions.recommendedList in workbench.view.extensions
2023-11-30 16:31:17.031 [info] Removed views:extensions.recommendedList,workbench.views.extensions.installed from workbench.view.extensions
2023-11-30 16:31:17.045 [info] Added views:workbench.views.extensions.marketplace in workbench.view.extensions
2023-11-30 16:31:44.878 [info] Added views:workbench.view.testing in workbench.view.extension.test
2023-11-30 16:36:05.349 [info] Removed views:workbench.views.extensions.marketplace from workbench.view.extensions
2023-11-30 16:36:05.381 [info] Added views:workbench.views.extensions.installed,extensions.recommendedList in workbench.view.extensions
2023-11-30 16:36:06.642 [info] Removed views:extensions.recommendedList,workbench.views.extensions.installed from workbench.view.extensions
2023-11-30 16:36:06.662 [info] Added views:workbench.views.extensions.marketplace in workbench.view.extensions
2023-11-30 16:46:31.300 [info] Removed views:workbench.view.testing from workbench.view.extension.test
