2023-12-06 22:58:20.227 [info] Reading sessions from keychain...
2023-12-06 22:58:20.227 [info] Getting sessions for all scopes...
2023-12-06 22:58:20.227 [info] Getting sessions for all scopes...
2023-12-06 22:58:20.227 [info] Got stored sessions!
2023-12-06 22:58:20.227 [info] Got 1 verified sessions.
2023-12-06 22:58:20.227 [info] Got 1 sessions for ...
2023-12-06 22:58:20.227 [info] Got 1 sessions for ...
2023-12-06 22:58:20.261 [info] Getting sessions for project,read:org,read:user,repo,user:email,workflow...
2023-12-06 22:58:20.261 [info] Got 0 sessions for project,read:org,read:user,repo,user:email,workflow...
2023-12-06 22:58:20.416 [info] Getting sessions for read:user,repo,user:email,workflow...
2023-12-06 22:58:20.416 [info] Got 1 sessions for read:user,repo,user:email,workflow...
2023-12-06 22:59:17.889 [info] Reading sessions from keychain...
2023-12-06 22:59:17.890 [info] Getting sessions for all scopes...
2023-12-06 22:59:17.890 [info] Got stored sessions!
2023-12-06 22:59:17.890 [info] Got 1 verified sessions.
2023-12-06 22:59:17.890 [info] Got 1 sessions for ...
2023-12-06 22:59:17.890 [info] Getting sessions for all scopes...
2023-12-06 22:59:17.890 [info] Got 1 sessions for ...
2023-12-06 22:59:18.271 [info] Getting sessions for project,read:org,read:user,repo,user:email,workflow...
2023-12-06 22:59:18.271 [info] Got 0 sessions for project,read:org,read:user,repo,user:email,workflow...
2023-12-06 22:59:18.303 [info] Getting sessions for read:user,repo,user:email,workflow...
2023-12-06 22:59:18.303 [info] Got 1 sessions for read:user,repo,user:email,workflow...
2023-12-06 23:16:29.622 [info] Getting sessions for read:user,repo,user:email,workflow...
2023-12-06 23:16:29.622 [info] Got 1 sessions for read:user,repo,user:email,workflow...
2023-12-06 23:16:30.221 [info] Getting sessions for read:user,repo,user:email,workflow...
2023-12-06 23:16:30.221 [info] Got 1 sessions for read:user,repo,user:email,workflow...
