2023-11-30 16:57:21.980 [info] Reading sessions from keychain...
2023-11-30 16:57:21.980 [info] Getting sessions for all scopes...
2023-11-30 16:57:21.980 [info] Got stored sessions!
2023-11-30 16:57:21.980 [info] Got 1 verified sessions.
2023-11-30 16:57:21.980 [info] Got 1 sessions for ...
2023-11-30 16:57:22.576 [info] Getting sessions for read:user,repo,user:email,workflow...
2023-11-30 16:57:22.577 [info] Got 1 sessions for read:user,repo,user:email,workflow...
2023-11-30 16:57:22.577 [info] Getting sessions for project,read:org,read:user,repo,user:email,workflow...
2023-11-30 16:57:22.577 [info] Got 0 sessions for project,read:org,read:user,repo,user:email,workflow...
2023-11-30 16:57:22.680 [info] Getting sessions for all scopes...
2023-11-30 16:57:22.680 [info] Got 1 sessions for ...
2023-11-30 16:57:22.682 [info] Getting sessions for read:user,repo,user:email,workflow...
2023-11-30 16:57:22.682 [info] Got 1 sessions for read:user,repo,user:email,workflow...
2023-11-30 16:57:23.029 [info] Getting sessions for read:user,repo,user:email,workflow...
2023-11-30 16:57:23.029 [info] Got 1 sessions for read:user,repo,user:email,workflow...
2023-11-30 16:57:23.390 [info] Getting sessions for read:user,repo,user:email,workflow...
2023-11-30 16:57:23.390 [info] Got 1 sessions for read:user,repo,user:email,workflow...
2023-11-30 17:04:02.991 [info] Getting sessions for read:user,repo,user:email,workflow...
2023-11-30 17:04:02.992 [info] Got 1 sessions for read:user,repo,user:email,workflow...
2023-11-30 17:26:36.425 [info] Getting sessions for read:user,repo,user:email,workflow...
2023-11-30 17:26:36.425 [info] Got 1 sessions for read:user,repo,user:email,workflow...
