2023-11-30 16:47:28.778 [info] Default formatter is set to null for workspace /home/main/Desktop/uni/oop/assignment_1_OOP
2023-11-30 16:47:28.778 [info] Test server listening.
2023-11-30 16:47:28.778 [info] Python interpreter path: /bin/python
2023-11-30 16:47:28.837 [error] [
  'Failed to activate a workspace, Class name = g, completed in 80ms, has a falsy return value, Arg 1: <Uri:/home/main/Desktop/uni/oop/assignment_1_OOP>, Return Value: undefined',
  [Error: Extension 'ms-python.python' CANNOT use API proposal: testObserver.
  Its package.json#enabledApiProposals-property declares:  but NOT testObserver.
   The missing proposal MUST be added and you must start in extension development mode or use the following command line switch: --enable-proposed-api ms-python.python
  	at y (/usr/lib/code/out/vs/workbench/api/node/extensionHostProcess.js:122:45185)
  	at get testResults [as testResults] (/usr/lib/code/out/vs/workbench/api/node/extensionHostProcess.js:140:23805)
  	at T.activate (/home/main/.vscode-oss/extensions/ms-python.python-2023.20.0-universal/out/client/extension.js:2:791840)
  	at /home/main/.vscode-oss/extensions/ms-python.python-2023.20.0-universal/out/client/extension.js:2:2386
  	at Array.map (<anonymous>)
  	at g.activateWorkspace (/home/main/.vscode-oss/extensions/ms-python.python-2023.20.0-universal/out/client/extension.js:2:2376)]
]
2023-11-30 16:47:28.837 [error] Failure during activation. [Error: Extension 'ms-python.python' CANNOT use API proposal: testObserver.
Its package.json#enabledApiProposals-property declares:  but NOT testObserver.
 The missing proposal MUST be added and you must start in extension development mode or use the following command line switch: --enable-proposed-api ms-python.python
	at y (/usr/lib/code/out/vs/workbench/api/node/extensionHostProcess.js:122:45185)
	at get testResults [as testResults] (/usr/lib/code/out/vs/workbench/api/node/extensionHostProcess.js:140:23805)
	at T.activate (/home/main/.vscode-oss/extensions/ms-python.python-2023.20.0-universal/out/client/extension.js:2:791840)
	at /home/main/.vscode-oss/extensions/ms-python.python-2023.20.0-universal/out/client/extension.js:2:2386
	at Array.map (<anonymous>)
	at g.activateWorkspace (/home/main/.vscode-oss/extensions/ms-python.python-2023.20.0-universal/out/client/extension.js:2:2376)]
2023-11-30 16:47:28.838 [error] sendStartupTelemetry() failed. [Error: Extension 'ms-python.python' CANNOT use API proposal: testObserver.
Its package.json#enabledApiProposals-property declares:  but NOT testObserver.
 The missing proposal MUST be added and you must start in extension development mode or use the following command line switch: --enable-proposed-api ms-python.python
	at y (/usr/lib/code/out/vs/workbench/api/node/extensionHostProcess.js:122:45185)
	at get testResults [as testResults] (/usr/lib/code/out/vs/workbench/api/node/extensionHostProcess.js:140:23805)
	at T.activate (/home/main/.vscode-oss/extensions/ms-python.python-2023.20.0-universal/out/client/extension.js:2:791840)
	at /home/main/.vscode-oss/extensions/ms-python.python-2023.20.0-universal/out/client/extension.js:2:2386
	at Array.map (<anonymous>)
	at g.activateWorkspace (/home/main/.vscode-oss/extensions/ms-python.python-2023.20.0-universal/out/client/extension.js:2:2376)]
2023-11-30 16:47:29.996 [info] Starting Jedi language server for assignment_1_OOP.
2023-11-30 16:47:30.954 [info] > conda info --json
2023-11-30 16:47:30.966 [info] > ~/.conda/bin/conda info --json
2023-11-30 16:47:30.984 [info] > ~/anaconda3/bin/conda info --json
2023-11-30 16:47:32.033 [info] Selected workspace /home/main/Desktop/uni/oop/assignment_1_OOP for creating conda environment.
2023-11-30 16:47:40.583 [info] Selected Python version 3.10 for creating conda environment.
2023-11-30 16:47:40.614 [info] Running Conda Env creation script:  [
  '/home/main/anaconda3/bin/python',
  '/home/main/.vscode-oss/extensions/ms-python.python-2023.20.0-universal/pythonFiles/create_conda.py',
  '--git-ignore',
  '--install',
  '--python',
  '3.10'
]
2023-11-30 16:47:40.614 [info] > ~/anaconda3/bin/python ~/.vscode-oss/extensions/ms-python.python-2023.20.0-universal/pythonFiles/create_conda.py --git-ignore --install --python 3.10
2023-11-30 16:47:40.614 [info] cwd: .
2023-11-30 16:47:40.682 [info] Running: /home/main/anaconda3/bin/python -m conda create --yes --prefix .conda python=3.10
2023-11-30 16:47:41.285 [info] Collecting package metadata (current_repodata.json): ...working...
2023-11-30 16:47:46.145 [info] done
Solving environment: ...working...
2023-11-30 16:47:46.236 [info] done
2023-11-30 16:47:46.527 [info] ==> WARNING: A newer version of conda exists. <==
current version: 23.7.4
latest version: 23.10.0
Please update conda by running
$ conda update -n base -c defaults conda
Or to minimize the number of packages updated during conda update use
conda install conda=23.10.0
2023-11-30 16:47:46.861 [info] ## Package Plan ##
environment location: /home/main/Desktop/uni/oop/assignment_1_OOP/.conda
added / updated specs:
- python=3.10
The following packages will be downloaded:
package                    |            build
---------------------------|-----------------
openssl-3.0.12             |       h7f8727e_0         5.2 MB
pip-23.3.1                 |  py310h06a4308_0         2.7 MB
python-3.10.13             |       h955ad1f_0        26.8 MB
setuptools-68.0.0          |  py310h06a4308_0         936 KB
wheel-0.41.2               |  py310h06a4308_0         109 KB
------------------------------------------------------------
Total:        35.7 MB
The following NEW packages will be INSTALLED:
_libgcc_mutex      pkgs/main/linux-64::_libgcc_mutex-0.1-main
_openmp_mutex      pkgs/main/linux-64::_openmp_mutex-5.1-1_gnu
bzip2              pkgs/main/linux-64::bzip2-1.0.8-h7b6447c_0
ca-certificates    pkgs/main/linux-64::ca-certificates-2023.08.22-h06a4308_0
ld_impl_linux-64   pkgs/main/linux-64::ld_impl_linux-64-2.38-h1181459_1
libffi             pkgs/main/linux-64::libffi-3.4.4-h6a678d5_0
libgcc-ng          pkgs/main/linux-64::libgcc-ng-11.2.0-h1234567_1
libgomp            pkgs/main/linux-64::libgomp-11.2.0-h1234567_1
libstdcxx-ng       pkgs/main/linux-64::libstdcxx-ng-11.2.0-h1234567_1
libuuid            pkgs/main/linux-64::libuuid-1.41.5-h5eee18b_0
ncurses            pkgs/main/linux-64::ncurses-6.4-h6a678d5_0
openssl            pkgs/main/linux-64::openssl-3.0.12-h7f8727e_0
pip                pkgs/main/linux-64::pip-23.3.1-py310h06a4308_0
python             pkgs/main/linux-64::python-3.10.13-h955ad1f_0
readline           pkgs/main/linux-64::readline-8.2-h5eee18b_0
setuptools         pkgs/main/linux-64::setuptools-68.0.0-py310h06a4308_0
sqlite             pkgs/main/linux-64::sqlite-3.41.2-h5eee18b_0
tk                 pkgs/main/linux-64::tk-8.6.12-h1ccaba5_0
tzdata             pkgs/main/noarch::tzdata-2023c-h04d1e81_0
wheel              pkgs/main/linux-64::wheel-0.41.2-py310h06a4308_0
xz                 pkgs/main/linux-64::xz-5.4.2-h5eee18b_0
zlib               pkgs/main/linux-64::zlib-1.2.13-h5eee18b_0
Downloading and Extracting Packages
2023-11-30 16:47:46.897 [info] openssl-3.0.12       | 5.2 MB    |            |   0%
2023-11-30 16:47:46.898 [info] 
2023-11-30 16:47:46.898 [info] python-3.10.13       | 26.8 MB   |            |   0% [A
2023-11-30 16:47:46.899 [info] 
2023-11-30 16:47:46.899 [info] pip-23.3.1           | 2.7 MB    |            |   0% [A[A
2023-11-30 16:47:46.902 [info] 
2023-11-30 16:47:46.903 [info] setuptools-68.0.0    | 936 KB    |            |   0% [A[A[A
2023-11-30 16:47:46.904 [info] 
2023-11-30 16:47:46.904 [info] wheel-0.41.2         | 109 KB    |            |   0% [A[A[A[A
2023-11-30 16:47:47.097 [info] 
2023-11-30 16:47:47.097 [info] pip-23.3.1           | 2.7 MB    |            |   1% [A[A
2023-11-30 16:47:47.113 [info] 
2023-11-30 16:47:47.113 [info] python-3.10.13       | 26.8 MB   |            |   0% [A
2023-11-30 16:47:47.125 [info] setuptools-68.0.0    | 936 KB    | 1          |   2%
2023-11-30 16:47:47.125 [info] [A[A[A
2023-11-30 16:47:47.163 [info] openssl-3.0.12       | 5.2 MB    |            |   0%
wheel-0.41.2         | 109 KB    | #4         |  15% [A[A[A[A
2023-11-30 16:47:47.217 [info] 
2023-11-30 16:47:47.218 [info] pip-23.3.1           | 2.7 MB    | ###        |  31% [A[A
2023-11-30 16:47:47.223 [info] 
2023-11-30 16:47:47.223 [info] python-3.10.13       | 26.8 MB   | 1          |   1% [A
2023-11-30 16:47:47.269 [info] setuptools-68.0.0    | 936 KB    | #7         |  17%
2023-11-30 16:47:47.269 [info] [A[A[Aopenssl-3.0.12       | 5.2 MB    | 1          |   1%
2023-11-30 16:47:47.270 [info] wheel-0.41.2         | 109 KB    | #######3   |  74% [A[A[A[A
2023-11-30 16:47:47.326 [info] 
2023-11-30 16:47:47.326 [info] pip-23.3.1           | 2.7 MB    | #######7   |  77% [A[A
2023-11-30 16:47:47.329 [info] 
2023-11-30 16:47:47.329 [info] python-3.10.13       | 26.8 MB   | 3          |   3% [A
2023-11-30 16:47:47.334 [info] 
2023-11-30 16:47:47.335 [info] wheel-0.41.2         | 109 KB    | ########## | 100%
2023-11-30 16:47:47.335 [info] [A[A[A[A
2023-11-30 16:47:47.375 [info] 
2023-11-30 16:47:47.377 [info] setuptools-68.0.0    | 936 KB    | #########9 |  99% [A[A[A
2023-11-30 16:47:47.378 [info] openssl-3.0.12       | 5.2 MB    | 3          |   4%
2023-11-30 16:47:47.429 [info] 
2023-11-30 16:47:47.429 [info] python-3.10.13       | 26.8 MB   | 7          |   8% [A
2023-11-30 16:47:47.483 [info] openssl-3.0.12       | 5.2 MB    | 8          |   8%
2023-11-30 16:47:47.532 [info] 
2023-11-30 16:47:47.532 [info] python-3.10.13       | 26.8 MB   | #2         |  12% [A
2023-11-30 16:47:47.589 [info] openssl-3.0.12       | 5.2 MB    | #2         |  13%
2023-11-30 16:47:47.633 [info] 
2023-11-30 16:47:47.633 [info] python-3.10.13       | 26.8 MB   | #8         |  18% [A
2023-11-30 16:47:47.692 [info] openssl-3.0.12       | 5.2 MB    | #7         |  17%
2023-11-30 16:47:47.734 [info] 
2023-11-30 16:47:47.734 [info] python-3.10.13       | 26.8 MB   | ##5        |  25% [A
2023-11-30 16:47:47.795 [info] openssl-3.0.12       | 5.2 MB    | ##2        |  23%
2023-11-30 16:47:47.834 [info] python-3.10.13       | 26.8 MB   | ###2       |  32% [A
2023-11-30 16:47:47.923 [info] openssl-3.0.12       | 5.2 MB    | ##8        |  28%
2023-11-30 16:47:47.933 [info] 
2023-11-30 16:47:47.934 [info] python-3.10.13       | 26.8 MB   | ###8       |  38% [A
2023-11-30 16:47:48.021 [info] 
2023-11-30 16:47:48.021 [info] setuptools-68.0.0    | 936 KB    | ########## | 100% [A[A[A
2023-11-30 16:47:48.038 [info] 
2023-11-30 16:47:48.038 [info] python-3.10.13       | 26.8 MB   | ####4      |  45% [A
2023-11-30 16:47:48.040 [info] openssl-3.0.12       | 5.2 MB    | ###3       |  34%
2023-11-30 16:47:48.137 [info] 
2023-11-30 16:47:48.138 [info] python-3.10.13       | 26.8 MB   | #####1     |  52% [A
2023-11-30 16:47:48.152 [info] openssl-3.0.12       | 5.2 MB    | ###8       |  38%
2023-11-30 16:47:48.260 [info] 
2023-11-30 16:47:48.261 [info] python-3.10.13       | 26.8 MB   | #####8     |  59% [A
2023-11-30 16:47:48.282 [info] openssl-3.0.12       | 5.2 MB    | ####3      |  44%
2023-11-30 16:47:48.363 [info] pip-23.3.1           | 2.7 MB    | ########## | 100% [A[A
2023-11-30 16:47:48.366 [info] 
2023-11-30 16:47:48.366 [info] python-3.10.13       | 26.8 MB   | #######1   |  71% [A
2023-11-30 16:47:48.385 [info] openssl-3.0.12       | 5.2 MB    | #####4     |  54%
2023-11-30 16:47:48.466 [info] 
2023-11-30 16:47:48.466 [info] python-3.10.13       | 26.8 MB   | ########   |  81% [A
2023-11-30 16:47:48.496 [info] openssl-3.0.12       | 5.2 MB    | ######     |  60%
2023-11-30 16:47:48.586 [info] 
2023-11-30 16:47:48.586 [info] python-3.10.13       | 26.8 MB   | ########8  |  89% [A
2023-11-30 16:47:48.606 [info] openssl-3.0.12       | 5.2 MB    | ######7    |  68%
2023-11-30 16:47:48.708 [info] 
2023-11-30 16:47:48.708 [info] python-3.10.13       | 26.8 MB   | #########6 |  97% [A
2023-11-30 16:47:48.741 [info] openssl-3.0.12       | 5.2 MB    | #######4   |  74%
2023-11-30 16:47:48.842 [info] openssl-3.0.12       | 5.2 MB    | ########4  |  85%
2023-11-30 16:47:48.943 [info] openssl-3.0.12       | 5.2 MB    | #########4 |  95%
2023-11-30 16:47:49.346 [info] openssl-3.0.12       | 5.2 MB    | ########## | 100%
2023-11-30 16:47:50.240 [info] 
2023-11-30 16:47:50.240 [info] python-3.10.13       | 26.8 MB   | ########## | 100% [A
2023-11-30 16:47:50.247 [info] [A
2023-11-30 16:47:50.247 [info] [A[A
[A[A[A
[A[A[A[A
2023-11-30 16:47:50.247 [info] Preparing transaction: ...working...
2023-11-30 16:47:50.622 [info] done
Verifying transaction: ...working...
2023-11-30 16:47:52.986 [info] done
2023-11-30 16:47:52.987 [info] Executing transaction: ...working...
2023-11-30 16:47:53.064 [info] > ~/anaconda3/bin/python -I ~/.vscode-oss/extensions/ms-python.python-2023.20.0-universal/pythonFiles/get_output_via_markers.py ~/.vscode-oss/extensions/ms-python.python-2023.20.0-universal/pythonFiles/interpreterInfo.py
2023-11-30 16:47:54.592 [info] done
2023-11-30 16:47:54.600 [info] #
# To activate this environment, use
#
#     $ conda activate /home/main/Desktop/uni/oop/assignment_1_OOP/.conda
#
# To deactivate an active environment, use
#
#     $ conda deactivate
2023-11-30 16:47:54.701 [info] > ./.conda/bin/python -I ~/.vscode-oss/extensions/ms-python.python-2023.20.0-universal/pythonFiles/get_output_via_markers.py ~/.vscode-oss/extensions/ms-python.python-2023.20.0-universal/pythonFiles/interpreterInfo.py
2023-11-30 16:47:55.109 [info] CREATED_CONDA_ENV:/home/main/Desktop/uni/oop/assignment_1_OOP/.conda
Creating: /home/main/Desktop/uni/oop/assignment_1_OOP/.conda/.gitignore
2023-11-30 16:47:55.207 [info] Discover tests for workspace name: assignment_1_OOP - uri: /home/main/Desktop/uni/oop/assignment_1_OOP
2023-11-30 16:47:55.208 [info] Python interpreter path: ./.conda/bin/python
2023-11-30 16:47:55.586 [info] > ./.conda/bin/python -I ~/.vscode-oss/extensions/ms-python.python-2023.20.0-universal/pythonFiles/get_output_via_markers.py ~/.vscode-oss/extensions/ms-python.python-2023.20.0-universal/pythonFiles/interpreterInfo.py
2023-11-30 16:47:56.674 [info] Starting Jedi language server for assignment_1_OOP.
2023-11-30 16:48:28.763 [info] Discover tests for workspace name: undefined - uri: /home/main/.config/Code - OSS/User/settings.json
