2023-12-18 14:32:36.327 [info] Name: Flake8
2023-12-18 14:32:36.327 [info] Module: flake8
2023-12-18 14:32:36.327 [info] Python extension loading
2023-12-18 14:32:36.327 [info] Waiting for interpreter from Python extension.
2023-12-18 14:32:36.327 [info] No interpreter found from setting flake8.interpreter
2023-12-18 14:32:36.327 [info] Getting interpreter from ms-python.python extension for workspace /home/main/Desktop/uni/oop
2023-12-18 14:32:36.327 [info] Python extension loaded
2023-12-18 14:32:36.327 [info] Interpreter from ms-python.python extension for /home/main/Desktop/uni/oop: /home/main/Desktop/uni/oop/assignment_1_OOP/.conda/bin/python
2023-12-18 14:32:36.327 [info] No interpreter found from setting flake8.interpreter
2023-12-18 14:32:36.327 [info] Getting interpreter from ms-python.python extension for workspace /home/main/Desktop/uni/oop
2023-12-18 14:32:36.327 [info] Interpreter from ms-python.python extension for /home/main/Desktop/uni/oop: /home/main/Desktop/uni/oop/assignment_1_OOP/.conda/bin/python
2023-12-18 14:32:36.327 [info] Server run command: /home/main/Desktop/uni/oop/assignment_1_OOP/.conda/bin/python /home/main/.vscode-oss/extensions/ms-python.flake8-2023.10.0-universal/bundled/tool/lsp_server.py
2023-12-18 14:32:36.327 [info] Server: Start requested.
2023-12-18 14:32:37.878 [info] CWD Server: /home/main/Desktop/uni/oop
2023-12-18 14:32:37.883 [info] sys.path used to run Server:
   /home/main/.vscode-oss/extensions/ms-python.flake8-2023.10.0-universal/bundled/libs
   /home/main/.vscode-oss/extensions/ms-python.flake8-2023.10.0-universal/bundled/tool
   /home/main/Desktop/uni/oop/assignment_1_OOP/.conda/lib/python310.zip
   /home/main/Desktop/uni/oop/assignment_1_OOP/.conda/lib/python3.10
   /home/main/Desktop/uni/oop/assignment_1_OOP/.conda/lib/python3.10/lib-dynload
   /home/main/Desktop/uni/oop/assignment_1_OOP/.conda/lib/python3.10/site-packages
2023-12-18 14:32:37.883 [info] Settings used to run Server:
[
    {
        "cwd": "/home/main/Desktop/uni/oop",
        "workspace": "file:///home/main/Desktop/uni/oop",
        "args": [
            "--max-line-length",
            "79"
        ],
        "severity": {
            "E": "Error",
            "F": "Error",
            "I": "Information",
            "W": "Warning"
        },
        "path": [],
        "ignorePatterns": [],
        "interpreter": [
            "/home/main/Desktop/uni/oop/assignment_1_OOP/.conda/bin/python"
        ],
        "importStrategy": "useBundled",
        "showNotifications": "off"
    }
]

2023-12-18 14:32:37.883 [info] Global settings:
{
    "cwd": "${workspaceFolder}",
    "workspace": "/home/main/Desktop/uni/oop/assignment_2_OOP",
    "args": [],
    "severity": {
        "E": "Error",
        "F": "Error",
        "I": "Information",
        "W": "Warning"
    },
    "path": [],
    "ignorePatterns": [],
    "interpreter": [],
    "importStrategy": "useBundled",
    "showNotifications": "off"
}

2023-12-18 14:32:37.887 [info] /home/main/Desktop/uni/oop/assignment_1_OOP/.conda/bin/python -m flake8 --version
2023-12-18 14:32:37.888 [info] CWD Linter: /home/main/Desktop/uni/oop
2023-12-18 14:32:38.015 [info] 
6.1.0 (mccabe: 0.7.0, pycodestyle: 2.11.1, pyflakes: 3.1.0) CPython 3.10.13 on
Linux


2023-12-18 14:32:38.016 [info] Version info for linter running for /home/main/Desktop/uni/oop:
6.1.0 (mccabe: 0.7.0, pycodestyle: 2.11.1, pyflakes: 3.1.0) CPython 3.10.13 on
Linux

2023-12-18 14:32:38.016 [info] SUPPORTED flake8>=5.0.0
FOUND flake8==6.1.0

2023-12-18 14:32:38.067 [info] [Trace - 2:32:38 PM] Received notification 'window/logMessage'.
2023-12-18 14:32:38.067 [info] /home/main/Desktop/uni/oop/assignment_1_OOP/.conda/bin/python -m flake8 --format='%(row)d,%(col)d,%(code).1s,%(code)s:%(text)s' --max-line-length 79 /home/main/Desktop/uni/oop/assignment_2_OOP/part_2/src/multi_linear_regression.py
2023-12-18 14:32:38.068 [info] [Trace - 2:32:38 PM] Received notification 'window/logMessage'.
2023-12-18 14:32:38.068 [info] CWD Linter: /home/main/Desktop/uni/oop
2023-12-18 14:32:38.169 [info] [Trace - 2:32:38 PM] Received notification 'textDocument/publishDiagnostics'.
2023-12-19 12:32:33.977 [info] [Trace - 12:32:33 PM] Sending notification 'textDocument/didClose'.
2023-12-19 12:32:33.983 [info] [Trace - 12:32:33 PM] Received notification 'textDocument/publishDiagnostics'.
