2023-12-09 19:09:53.544 [info] Reading sessions from keychain...
2023-12-09 19:09:53.544 [info] Getting sessions for all scopes...
2023-12-09 19:09:53.945 [info] Getting sessions for all scopes...
2023-12-09 19:09:53.948 [info] Got stored sessions!
2023-12-09 19:09:53.948 [info] Got 1 verified sessions.
2023-12-09 19:09:53.948 [info] Got 1 sessions for ...
2023-12-09 19:09:53.948 [info] Got 1 sessions for ...
2023-12-09 19:09:54.324 [info] Getting sessions for project,read:org,read:user,repo,user:email,workflow...
2023-12-09 19:09:54.329 [info] Got 0 sessions for project,read:org,read:user,repo,user:email,workflow...
2023-12-09 19:09:54.810 [info] Getting sessions for read:user,repo,user:email,workflow...
2023-12-09 19:09:54.810 [info] Got 1 sessions for read:user,repo,user:email,workflow...
2023-12-14 13:00:29.480 [info] Getting sessions for read:user,repo,user:email,workflow...
2023-12-14 13:00:29.480 [info] Got 1 sessions for read:user,repo,user:email,workflow...
2023-12-14 13:00:30.023 [info] Getting sessions for read:user,repo,user:email,workflow...
2023-12-14 13:00:30.023 [info] Got 1 sessions for read:user,repo,user:email,workflow...
2023-12-14 13:16:13.136 [info] Getting sessions for read:user,repo,user:email,workflow...
2023-12-14 13:16:13.136 [info] Got 1 sessions for read:user,repo,user:email,workflow...
2023-12-14 13:16:14.252 [info] Getting sessions for read:user,repo,user:email,workflow...
2023-12-14 13:16:14.253 [info] Got 1 sessions for read:user,repo,user:email,workflow...
2023-12-14 13:24:50.619 [info] Getting sessions for read:user,repo,user:email,workflow...
2023-12-14 13:24:50.619 [info] Got 1 sessions for read:user,repo,user:email,workflow...
