2023-12-14 13:26:19.151 [info] Extension host with pid 5574 started
2023-12-14 13:26:19.151 [info] Skipping acquiring lock for /home/main/.config/Code - OSS/User/workspaceStorage/78fa30e3cde693f248c7fa2fe9ac91c7.
2023-12-14 13:26:19.284 [info] ExtensionService#_doActivateExtension vscode.git-base, startup: true, activationEvent: '*', root cause: vscode.git
2023-12-14 13:26:19.365 [info] ExtensionService#_doActivateExtension vscode.git, startup: true, activationEvent: '*'
2023-12-14 13:26:19.531 [info] ExtensionService#_doActivateExtension vscode.github, startup: true, activationEvent: '*'
2023-12-14 13:26:19.771 [info] Eager extensions activated
2023-12-14 13:26:19.879 [info] ExtensionService#_doActivateExtension vscode.debug-auto-launch, startup: false, activationEvent: 'onStartupFinished'
2023-12-14 13:26:19.889 [info] ExtensionService#_doActivateExtension vscode.merge-conflict, startup: false, activationEvent: 'onStartupFinished'
2023-12-14 13:26:19.989 [info] ExtensionService#_doActivateExtension vscode.github-authentication, startup: false, activationEvent: 'onStartupFinished', root cause: GitHub.vscode-pull-request-github
2023-12-14 13:26:20.670 [info] ExtensionService#_doActivateExtension GitHub.vscode-pull-request-github, startup: false, activationEvent: 'onStartupFinished'
2023-12-14 13:26:24.813 [info] ExtensionService#_doActivateExtension ms-python.python, startup: false, activationEvent: 'onLanguage:python', root cause: ms-python.black-formatter
2023-12-14 13:26:25.562 [info] ExtensionService#_doActivateExtension ms-toolsai.jupyter, startup: false, activationEvent: 'onLanguage:python'
2023-12-14 13:26:26.161 [info] ExtensionService#_doActivateExtension vscode.emmet, startup: false, activationEvent: 'onLanguage'
2023-12-14 13:26:27.453 [info] ExtensionService#_doActivateExtension ms-python.black-formatter, startup: false, activationEvent: 'onLanguage:python'
2023-12-14 13:26:27.533 [info] ExtensionService#_doActivateExtension ms-python.flake8, startup: false, activationEvent: 'onLanguage:python'
2023-12-14 13:26:28.102 [error] Error: Extension 'ms-toolsai.jupyter' CANNOT use API proposal: notebookCellExecutionState.
Its package.json#enabledApiProposals-property declares:  but NOT notebookCellExecutionState.
 The missing proposal MUST be added and you must start in extension development mode or use the following command line switch: --enable-proposed-api ms-toolsai.jupyter
	at y (/usr/lib/code/out/vs/workbench/api/node/extensionHostProcess.js:122:45185)
	at Oc.onDidChangeNotebookCellExecutionState (/usr/lib/code/out/vs/workbench/api/node/extensionHostProcess.js:140:43207)
	at new Pk (/home/main/.vscode-oss/extensions/ms-toolsai.jupyter-2023.9.100-universal/out/extension.node.js:24:500973)
	at f (/home/main/.vscode-oss/extensions/ms-toolsai.jupyter-2023.9.100-universal/out/extension.node.js:2:1032729)
	at /home/main/.vscode-oss/extensions/ms-toolsai.jupyter-2023.9.100-universal/out/extension.node.js:2:1034619
	at t.resolveInstance (/home/main/.vscode-oss/extensions/ms-toolsai.jupyter-2023.9.100-universal/out/extension.node.js:2:1034646)
	at /home/main/.vscode-oss/extensions/ms-toolsai.jupyter-2023.9.100-universal/out/extension.node.js:2:1037678
	at /home/main/.vscode-oss/extensions/ms-toolsai.jupyter-2023.9.100-universal/out/extension.node.js:2:1038015
	at /home/main/.vscode-oss/extensions/ms-toolsai.jupyter-2023.9.100-universal/out/extension.node.js:2:1037338
	at v (/home/main/.vscode-oss/extensions/ms-toolsai.jupyter-2023.9.100-universal/out/extension.node.js:2:1037370)
	at /home/main/.vscode-oss/extensions/ms-toolsai.jupyter-2023.9.100-universal/out/extension.node.js:2:1037232
	at /home/main/.vscode-oss/extensions/ms-toolsai.jupyter-2023.9.100-universal/out/extension.node.js:2:1037166
	at Array.map (<anonymous>)
	at /home/main/.vscode-oss/extensions/ms-toolsai.jupyter-2023.9.100-universal/out/extension.node.js:2:1037138
	at /home/main/.vscode-oss/extensions/ms-toolsai.jupyter-2023.9.100-universal/out/extension.node.js:2:1033977
	at Array.reduce (<anonymous>)
	at /home/main/.vscode-oss/extensions/ms-toolsai.jupyter-2023.9.100-universal/out/extension.node.js:2:1033949
	at /home/main/.vscode-oss/extensions/ms-toolsai.jupyter-2023.9.100-universal/out/extension.node.js:2:1034276
	at t.resolveInstance (/home/main/.vscode-oss/extensions/ms-toolsai.jupyter-2023.9.100-universal/out/extension.node.js:2:1034646)
	at /home/main/.vscode-oss/extensions/ms-toolsai.jupyter-2023.9.100-universal/out/extension.node.js:2:1037678
	at /home/main/.vscode-oss/extensions/ms-toolsai.jupyter-2023.9.100-universal/out/extension.node.js:2:1038015
	at /home/main/.vscode-oss/extensions/ms-toolsai.jupyter-2023.9.100-universal/out/extension.node.js:2:1037338
	at v (/home/main/.vscode-oss/extensions/ms-toolsai.jupyter-2023.9.100-universal/out/extension.node.js:2:1037370)
	at /home/main/.vscode-oss/extensions/ms-toolsai.jupyter-2023.9.100-universal/out/extension.node.js:2:1037232
	at t.resolve (/home/main/.vscode-oss/extensions/ms-toolsai.jupyter-2023.9.100-universal/out/extension.node.js:2:1039202)
	at /home/main/.vscode-oss/extensions/ms-toolsai.jupyter-2023.9.100-universal/out/extension.node.js:2:1008175
	at e._get (/home/main/.vscode-oss/extensions/ms-toolsai.jupyter-2023.9.100-universal/out/extension.node.js:2:1007544)
	at e._getButThrowIfAsync (/home/main/.vscode-oss/extensions/ms-toolsai.jupyter-2023.9.100-universal/out/extension.node.js:2:1007604)
	at e.get (/home/main/.vscode-oss/extensions/ms-toolsai.jupyter-2023.9.100-universal/out/extension.node.js:2:1003299)
	at Kp.get (/home/main/.vscode-oss/extensions/ms-toolsai.jupyter-2023.9.100-universal/out/extension.node.js:17:35919)
	at /home/main/.vscode-oss/extensions/ms-toolsai.jupyter-2023.9.100-universal/out/extension.node.js:24:649097
2023-12-14 13:26:29.004 [error] Error: Extension 'ms-python.python' CANNOT use API proposal: testObserver.
Its package.json#enabledApiProposals-property declares:  but NOT testObserver.
 The missing proposal MUST be added and you must start in extension development mode or use the following command line switch: --enable-proposed-api ms-python.python
	at y (/usr/lib/code/out/vs/workbench/api/node/extensionHostProcess.js:122:45185)
	at get testResults [as testResults] (/usr/lib/code/out/vs/workbench/api/node/extensionHostProcess.js:140:23805)
	at T.activate (/home/main/.vscode-oss/extensions/ms-python.python-2023.20.0-universal/out/client/extension.js:2:791840)
	at /home/main/.vscode-oss/extensions/ms-python.python-2023.20.0-universal/out/client/extension.js:2:2386
	at Array.map (<anonymous>)
	at g.activateWorkspace (/home/main/.vscode-oss/extensions/ms-python.python-2023.20.0-universal/out/client/extension.js:2:2376)
2023-12-14 13:26:51.728 [info] ExtensionService#_doActivateExtension vscode.json-language-features, startup: false, activationEvent: 'onLanguage:jsonc'
2023-12-14 13:26:51.835 [info] ExtensionService#_doActivateExtension vscode.typescript-language-features, startup: false, activationEvent: 'onLanguage:jsonc'
2023-12-14 13:34:22.655 [info] Extension host terminating: renderer closed the MessagePort
2023-12-14 13:34:22.714 [error] Canceled: Canceled
	at new f (/usr/lib/code/out/vs/workbench/api/node/extensionHostProcess.js:125:108614)
	at n.U (/usr/lib/code/out/vs/workbench/api/node/extensionHostProcess.js:134:10873)
	at F.<computed>.z.charCodeAt.F.<computed> (/usr/lib/code/out/vs/workbench/api/node/extensionHostProcess.js:134:8315)
	at i.g (/usr/lib/code/out/vs/workbench/api/node/extensionHostProcess.js:125:139130)
	at i.executeCommand (/usr/lib/code/out/vs/workbench/api/node/extensionHostProcess.js:125:138568)
	at $.registerCommand.description (/usr/lib/code/out/vs/workbench/api/node/extensionHostProcess.js:125:137892)
	at i.h (/usr/lib/code/out/vs/workbench/api/node/extensionHostProcess.js:125:139669)
	at i.g (/usr/lib/code/out/vs/workbench/api/node/extensionHostProcess.js:125:138661)
	at i.executeCommand (/usr/lib/code/out/vs/workbench/api/node/extensionHostProcess.js:125:138568)
	at Object.executeCommand (/usr/lib/code/out/vs/workbench/api/node/extensionHostProcess.js:140:21329)
	at h.D [as value] (/usr/lib/code/extensions/git/dist/main.js:2:1316925)
	at c.y (/usr/lib/code/out/vs/workbench/api/node/extensionHostProcess.js:80:1902)
	at c.z (/usr/lib/code/out/vs/workbench/api/node/extensionHostProcess.js:80:1972)
	at c.fire (/usr/lib/code/out/vs/workbench/api/node/extensionHostProcess.js:80:2188)
	at Object.m [as dispose] (/usr/lib/code/extensions/git/dist/main.js:2:1332842)
	at /usr/lib/code/extensions/git/dist/main.js:2:1337795
	at Array.forEach (<anonymous>)
	at g.dispose (/usr/lib/code/extensions/git/dist/main.js:2:1337781)
	at v.<anonymous> (/usr/lib/code/out/vs/workbench/api/node/extensionHostProcess.js:121:3572)
	at v.dispose (/usr/lib/code/out/vs/workbench/api/node/extensionHostProcess.js:121:3669)
	at v.<anonymous> (/usr/lib/code/extensions/git/dist/main.js:2:1318937)
	at v.dispose (/usr/lib/code/out/vs/workbench/api/node/extensionHostProcess.js:121:3669)
	at o (/usr/lib/code/out/vs/workbench/api/node/extensionHostProcess.js:30:754)
	at h.cb (/usr/lib/code/out/vs/workbench/api/node/extensionHostProcess.js:136:9843)
	at /usr/lib/code/out/vs/workbench/api/node/extensionHostProcess.js:136:7793
	at Array.map (<anonymous>)
	at h.Y (/usr/lib/code/out/vs/workbench/api/node/extensionHostProcess.js:136:7781)
	at h.terminate (/usr/lib/code/out/vs/workbench/api/node/extensionHostProcess.js:136:8051)
	at o.terminate (/usr/lib/code/out/vs/workbench/api/node/extensionHostProcess.js:140:1513)
	at a (/usr/lib/code/out/vs/workbench/api/node/extensionHostProcess.js:153:9817)
	at MessagePortMain.<anonymous> (/usr/lib/code/out/vs/workbench/api/node/extensionHostProcess.js:153:6242)
	at MessagePortMain.emit (node:events:513:28)
	at MessagePortMain._internalPort.emit (node:electron/js2c/utility_init:2:367) setContext undefined
2023-12-14 13:34:22.720 [error] Canceled: Canceled
	at new f (/usr/lib/code/out/vs/workbench/api/node/extensionHostProcess.js:125:108614)
	at n.U (/usr/lib/code/out/vs/workbench/api/node/extensionHostProcess.js:134:10873)
	at F.<computed>.z.charCodeAt.F.<computed> (/usr/lib/code/out/vs/workbench/api/node/extensionHostProcess.js:134:8315)
	at i.g (/usr/lib/code/out/vs/workbench/api/node/extensionHostProcess.js:125:139130)
	at i.executeCommand (/usr/lib/code/out/vs/workbench/api/node/extensionHostProcess.js:125:138568)
	at $.registerCommand.description (/usr/lib/code/out/vs/workbench/api/node/extensionHostProcess.js:125:137892)
	at i.h (/usr/lib/code/out/vs/workbench/api/node/extensionHostProcess.js:125:139669)
	at i.g (/usr/lib/code/out/vs/workbench/api/node/extensionHostProcess.js:125:138661)
	at i.executeCommand (/usr/lib/code/out/vs/workbench/api/node/extensionHostProcess.js:125:138568)
	at Object.executeCommand (/usr/lib/code/out/vs/workbench/api/node/extensionHostProcess.js:140:21329)
	at set b [as b] (/usr/lib/code/extensions/github/dist/extension.js:2:714708)
	at /usr/lib/code/extensions/github/dist/extension.js:2:715349
	at h.value (/usr/lib/code/extensions/git/dist/main.js:2:1408111)
	at c.y (/usr/lib/code/out/vs/workbench/api/node/extensionHostProcess.js:80:1902)
	at c.z (/usr/lib/code/out/vs/workbench/api/node/extensionHostProcess.js:80:1972)
	at c.fire (/usr/lib/code/out/vs/workbench/api/node/extensionHostProcess.js:80:2188)
	at Object.m [as dispose] (/usr/lib/code/extensions/git/dist/main.js:2:1332842)
	at /usr/lib/code/extensions/git/dist/main.js:2:1337795
	at Array.forEach (<anonymous>)
	at g.dispose (/usr/lib/code/extensions/git/dist/main.js:2:1337781)
	at v.<anonymous> (/usr/lib/code/out/vs/workbench/api/node/extensionHostProcess.js:121:3572)
	at v.dispose (/usr/lib/code/out/vs/workbench/api/node/extensionHostProcess.js:121:3669)
	at v.<anonymous> (/usr/lib/code/extensions/git/dist/main.js:2:1318937)
	at v.dispose (/usr/lib/code/out/vs/workbench/api/node/extensionHostProcess.js:121:3669)
	at o (/usr/lib/code/out/vs/workbench/api/node/extensionHostProcess.js:30:754)
	at h.cb (/usr/lib/code/out/vs/workbench/api/node/extensionHostProcess.js:136:9843)
	at /usr/lib/code/out/vs/workbench/api/node/extensionHostProcess.js:136:7793
	at Array.map (<anonymous>)
	at h.Y (/usr/lib/code/out/vs/workbench/api/node/extensionHostProcess.js:136:7781)
	at h.terminate (/usr/lib/code/out/vs/workbench/api/node/extensionHostProcess.js:136:8051)
	at o.terminate (/usr/lib/code/out/vs/workbench/api/node/extensionHostProcess.js:140:1513)
	at a (/usr/lib/code/out/vs/workbench/api/node/extensionHostProcess.js:153:9817)
	at MessagePortMain.<anonymous> (/usr/lib/code/out/vs/workbench/api/node/extensionHostProcess.js:153:6242)
	at MessagePortMain.emit (node:events:513:28)
	at MessagePortMain._internalPort.emit (node:electron/js2c/utility_init:2:367) setContext undefined
2023-12-14 13:34:22.721 [error] Canceled: Canceled
	at new f (/usr/lib/code/out/vs/workbench/api/node/extensionHostProcess.js:125:108614)
	at n.U (/usr/lib/code/out/vs/workbench/api/node/extensionHostProcess.js:134:10873)
	at F.<computed>.z.charCodeAt.F.<computed> (/usr/lib/code/out/vs/workbench/api/node/extensionHostProcess.js:134:8315)
	at i.g (/usr/lib/code/out/vs/workbench/api/node/extensionHostProcess.js:125:139130)
	at i.executeCommand (/usr/lib/code/out/vs/workbench/api/node/extensionHostProcess.js:125:138568)
	at $.registerCommand.description (/usr/lib/code/out/vs/workbench/api/node/extensionHostProcess.js:125:137892)
	at i.h (/usr/lib/code/out/vs/workbench/api/node/extensionHostProcess.js:125:139669)
	at i.g (/usr/lib/code/out/vs/workbench/api/node/extensionHostProcess.js:125:138661)
	at i.executeCommand (/usr/lib/code/out/vs/workbench/api/node/extensionHostProcess.js:125:138568)
	at Object.executeCommand (/usr/lib/code/out/vs/workbench/api/node/extensionHostProcess.js:140:21329)
	at e (/home/main/.vscode-oss/extensions/github.vscode-pull-request-github-0.76.1-universal/dist/extension.js:1852:1467)
	at Object.n [as setContext] (/home/main/.vscode-oss/extensions/github.vscode-pull-request-github-0.76.1-universal/dist/extension.js:1852:1582)
	at Zc.updateActiveReviewCount (/home/main/.vscode-oss/extensions/github.vscode-pull-request-github-0.76.1-universal/dist/extension.js:1905:22816)
	at Zc.removeRepo (/home/main/.vscode-oss/extensions/github.vscode-pull-request-github-0.76.1-universal/dist/extension.js:1905:23943)
	at h.value (/home/main/.vscode-oss/extensions/github.vscode-pull-request-github-0.76.1-universal/dist/extension.js:2016:4130)
	at c.y (/usr/lib/code/out/vs/workbench/api/node/extensionHostProcess.js:80:1902)
	at c.z (/usr/lib/code/out/vs/workbench/api/node/extensionHostProcess.js:80:1972)
	at c.fire (/usr/lib/code/out/vs/workbench/api/node/extensionHostProcess.js:80:2188)
	at h.value (/home/main/.vscode-oss/extensions/github.vscode-pull-request-github-0.76.1-universal/dist/extension.js:1820:462233)
	at c.y (/usr/lib/code/out/vs/workbench/api/node/extensionHostProcess.js:80:1902)
	at c.fire (/usr/lib/code/out/vs/workbench/api/node/extensionHostProcess.js:80:2119)
	at /home/main/.vscode-oss/extensions/github.vscode-pull-request-github-0.76.1-universal/dist/extension.js:1905:27657
	at h.value (/usr/lib/code/extensions/git/dist/main.js:2:1408111)
	at c.y (/usr/lib/code/out/vs/workbench/api/node/extensionHostProcess.js:80:1902)
	at c.z (/usr/lib/code/out/vs/workbench/api/node/extensionHostProcess.js:80:1972)
	at c.fire (/usr/lib/code/out/vs/workbench/api/node/extensionHostProcess.js:80:2188)
	at Object.m [as dispose] (/usr/lib/code/extensions/git/dist/main.js:2:1332842)
	at /usr/lib/code/extensions/git/dist/main.js:2:1337795
	at Array.forEach (<anonymous>)
	at g.dispose (/usr/lib/code/extensions/git/dist/main.js:2:1337781)
	at v.<anonymous> (/usr/lib/code/out/vs/workbench/api/node/extensionHostProcess.js:121:3572)
	at v.dispose (/usr/lib/code/out/vs/workbench/api/node/extensionHostProcess.js:121:3669)
	at v.<anonymous> (/usr/lib/code/extensions/git/dist/main.js:2:1318937)
	at v.dispose (/usr/lib/code/out/vs/workbench/api/node/extensionHostProcess.js:121:3669)
	at o (/usr/lib/code/out/vs/workbench/api/node/extensionHostProcess.js:30:754)
	at h.cb (/usr/lib/code/out/vs/workbench/api/node/extensionHostProcess.js:136:9843)
	at /usr/lib/code/out/vs/workbench/api/node/extensionHostProcess.js:136:7793
	at Array.map (<anonymous>)
	at h.Y (/usr/lib/code/out/vs/workbench/api/node/extensionHostProcess.js:136:7781)
	at h.terminate (/usr/lib/code/out/vs/workbench/api/node/extensionHostProcess.js:136:8051)
	at o.terminate (/usr/lib/code/out/vs/workbench/api/node/extensionHostProcess.js:140:1513)
	at a (/usr/lib/code/out/vs/workbench/api/node/extensionHostProcess.js:153:9817)
	at MessagePortMain.<anonymous> (/usr/lib/code/out/vs/workbench/api/node/extensionHostProcess.js:153:6242)
	at MessagePortMain.emit (node:events:513:28)
	at MessagePortMain._internalPort.emit (node:electron/js2c/utility_init:2:367) setContext undefined
2023-12-14 13:34:22.721 [error] Canceled: Canceled
	at new f (/usr/lib/code/out/vs/workbench/api/node/extensionHostProcess.js:125:108614)
	at n.U (/usr/lib/code/out/vs/workbench/api/node/extensionHostProcess.js:134:10873)
	at F.<computed>.z.charCodeAt.F.<computed> (/usr/lib/code/out/vs/workbench/api/node/extensionHostProcess.js:134:8315)
	at i.g (/usr/lib/code/out/vs/workbench/api/node/extensionHostProcess.js:125:139130)
	at i.executeCommand (/usr/lib/code/out/vs/workbench/api/node/extensionHostProcess.js:125:138568)
	at $.registerCommand.description (/usr/lib/code/out/vs/workbench/api/node/extensionHostProcess.js:125:137892)
	at i.h (/usr/lib/code/out/vs/workbench/api/node/extensionHostProcess.js:125:139669)
	at i.g (/usr/lib/code/out/vs/workbench/api/node/extensionHostProcess.js:125:138661)
	at i.executeCommand (/usr/lib/code/out/vs/workbench/api/node/extensionHostProcess.js:125:138568)
	at Object.executeCommand (/usr/lib/code/out/vs/workbench/api/node/extensionHostProcess.js:140:21329)
	at x0.reset (/home/main/.vscode-oss/extensions/github.vscode-pull-request-github-0.76.1-universal/dist/extension.js:2003:7116)
	at x0.dispose (/home/main/.vscode-oss/extensions/github.vscode-pull-request-github-0.76.1-universal/dist/extension.js:2003:7387)
	at o (/usr/lib/code/out/vs/workbench/api/node/extensionHostProcess.js:30:754)
	at h.cb (/usr/lib/code/out/vs/workbench/api/node/extensionHostProcess.js:136:9843)
	at /usr/lib/code/out/vs/workbench/api/node/extensionHostProcess.js:136:7793
	at Array.map (<anonymous>)
	at h.Y (/usr/lib/code/out/vs/workbench/api/node/extensionHostProcess.js:136:7781)
	at h.terminate (/usr/lib/code/out/vs/workbench/api/node/extensionHostProcess.js:136:8051)
	at o.terminate (/usr/lib/code/out/vs/workbench/api/node/extensionHostProcess.js:140:1513)
	at a (/usr/lib/code/out/vs/workbench/api/node/extensionHostProcess.js:153:9817)
	at MessagePortMain.<anonymous> (/usr/lib/code/out/vs/workbench/api/node/extensionHostProcess.js:153:6242)
	at MessagePortMain.emit (node:events:513:28)
	at MessagePortMain._internalPort.emit (node:electron/js2c/utility_init:2:367) setContext undefined
2023-12-14 13:34:22.764 [info] Extension host with pid 5574 exiting with code 0
2023-12-14 13:34:26.486 [info] Extension host with pid 5977 started
2023-12-14 13:34:26.689 [info] ExtensionService#_doActivateExtension vscode.git-base, startup: true, activationEvent: '*', root cause: vscode.git
2023-12-14 13:34:26.720 [info] ExtensionService#_doActivateExtension vscode.git, startup: true, activationEvent: '*'
2023-12-14 13:34:26.915 [info] ExtensionService#_doActivateExtension vscode.github, startup: true, activationEvent: '*'
2023-12-14 13:34:27.146 [info] Eager extensions activated
2023-12-14 13:34:27.173 [info] ExtensionService#_doActivateExtension vscode.debug-auto-launch, startup: false, activationEvent: 'onStartupFinished'
2023-12-14 13:34:27.178 [info] ExtensionService#_doActivateExtension vscode.merge-conflict, startup: false, activationEvent: 'onStartupFinished'
2023-12-14 13:34:27.239 [info] ExtensionService#_doActivateExtension vscode.github-authentication, startup: false, activationEvent: 'onStartupFinished', root cause: GitHub.vscode-pull-request-github
2023-12-14 13:34:27.387 [info] ExtensionService#_doActivateExtension GitHub.vscode-pull-request-github, startup: false, activationEvent: 'onStartupFinished'
2023-12-14 13:34:44.884 [info] Extension host terminating: renderer closed the MessagePort
2023-12-14 13:34:44.897 [error] Canceled: Canceled
	at new f (/usr/lib/code/out/vs/workbench/api/node/extensionHostProcess.js:125:108614)
	at n.U (/usr/lib/code/out/vs/workbench/api/node/extensionHostProcess.js:134:10873)
	at F.<computed>.z.charCodeAt.F.<computed> (/usr/lib/code/out/vs/workbench/api/node/extensionHostProcess.js:134:8315)
	at i.g (/usr/lib/code/out/vs/workbench/api/node/extensionHostProcess.js:125:139130)
	at i.executeCommand (/usr/lib/code/out/vs/workbench/api/node/extensionHostProcess.js:125:138568)
	at $.registerCommand.description (/usr/lib/code/out/vs/workbench/api/node/extensionHostProcess.js:125:137892)
	at i.h (/usr/lib/code/out/vs/workbench/api/node/extensionHostProcess.js:125:139669)
	at i.g (/usr/lib/code/out/vs/workbench/api/node/extensionHostProcess.js:125:138661)
	at i.executeCommand (/usr/lib/code/out/vs/workbench/api/node/extensionHostProcess.js:125:138568)
	at Object.executeCommand (/usr/lib/code/out/vs/workbench/api/node/extensionHostProcess.js:140:21329)
	at x0.reset (/home/main/.vscode-oss/extensions/github.vscode-pull-request-github-0.76.1-universal/dist/extension.js:2003:7116)
	at x0.dispose (/home/main/.vscode-oss/extensions/github.vscode-pull-request-github-0.76.1-universal/dist/extension.js:2003:7387)
	at o (/usr/lib/code/out/vs/workbench/api/node/extensionHostProcess.js:30:754)
	at h.cb (/usr/lib/code/out/vs/workbench/api/node/extensionHostProcess.js:136:9843)
	at /usr/lib/code/out/vs/workbench/api/node/extensionHostProcess.js:136:7793
	at Array.map (<anonymous>)
	at h.Y (/usr/lib/code/out/vs/workbench/api/node/extensionHostProcess.js:136:7781)
	at h.terminate (/usr/lib/code/out/vs/workbench/api/node/extensionHostProcess.js:136:8051)
	at o.terminate (/usr/lib/code/out/vs/workbench/api/node/extensionHostProcess.js:140:1513)
	at a (/usr/lib/code/out/vs/workbench/api/node/extensionHostProcess.js:153:9817)
	at MessagePortMain.<anonymous> (/usr/lib/code/out/vs/workbench/api/node/extensionHostProcess.js:153:6242)
	at MessagePortMain.emit (node:events:513:28)
	at MessagePortMain._internalPort.emit (node:electron/js2c/utility_init:2:367) setContext undefined
2023-12-14 13:34:44.897 [info] Extension host with pid 5977 exiting with code 0
2023-12-14 13:34:46.294 [info] Extension host with pid 6028 started
2023-12-14 13:34:46.295 [info] Skipping acquiring lock for /home/main/.config/Code - OSS/User/workspaceStorage/f5217debe11dbd7cad9c316b3e12a84f.
2023-12-14 13:34:46.349 [info] ExtensionService#_doActivateExtension vscode.github-authentication, startup: false, activationEvent: 'onAuthenticationRequest:github'
2023-12-14 13:34:46.505 [info] ExtensionService#_doActivateExtension vscode.git-base, startup: true, activationEvent: '*', root cause: vscode.git
2023-12-14 13:34:46.579 [info] ExtensionService#_doActivateExtension vscode.git, startup: true, activationEvent: '*'
2023-12-14 13:34:46.710 [info] ExtensionService#_doActivateExtension vscode.github, startup: true, activationEvent: '*'
2023-12-14 13:34:46.828 [info] Eager extensions activated
2023-12-14 13:34:46.858 [info] ExtensionService#_doActivateExtension vscode.debug-auto-launch, startup: false, activationEvent: 'onStartupFinished'
2023-12-14 13:34:46.861 [info] ExtensionService#_doActivateExtension vscode.merge-conflict, startup: false, activationEvent: 'onStartupFinished'
2023-12-14 13:34:46.899 [info] ExtensionService#_doActivateExtension GitHub.vscode-pull-request-github, startup: false, activationEvent: 'onStartupFinished'
2023-12-14 13:35:08.841 [info] ExtensionService#_doActivateExtension ms-python.python, startup: false, activationEvent: 'onLanguage:python', root cause: ms-python.black-formatter
2023-12-14 13:35:09.666 [info] ExtensionService#_doActivateExtension ms-toolsai.jupyter, startup: false, activationEvent: 'onLanguage:python'
2023-12-14 13:35:10.036 [info] ExtensionService#_doActivateExtension vscode.emmet, startup: false, activationEvent: 'onLanguage'
2023-12-14 13:35:11.015 [info] ExtensionService#_doActivateExtension ms-python.black-formatter, startup: false, activationEvent: 'onLanguage:python'
2023-12-14 13:35:11.088 [info] ExtensionService#_doActivateExtension ms-python.flake8, startup: false, activationEvent: 'onLanguage:python'
2023-12-14 13:35:11.741 [error] Error: Extension 'ms-toolsai.jupyter' CANNOT use API proposal: notebookCellExecutionState.
Its package.json#enabledApiProposals-property declares:  but NOT notebookCellExecutionState.
 The missing proposal MUST be added and you must start in extension development mode or use the following command line switch: --enable-proposed-api ms-toolsai.jupyter
	at y (/usr/lib/code/out/vs/workbench/api/node/extensionHostProcess.js:122:45185)
	at Oc.onDidChangeNotebookCellExecutionState (/usr/lib/code/out/vs/workbench/api/node/extensionHostProcess.js:140:43207)
	at new Pk (/home/main/.vscode-oss/extensions/ms-toolsai.jupyter-2023.9.100-universal/out/extension.node.js:24:500973)
	at f (/home/main/.vscode-oss/extensions/ms-toolsai.jupyter-2023.9.100-universal/out/extension.node.js:2:1032729)
	at /home/main/.vscode-oss/extensions/ms-toolsai.jupyter-2023.9.100-universal/out/extension.node.js:2:1034619
	at t.resolveInstance (/home/main/.vscode-oss/extensions/ms-toolsai.jupyter-2023.9.100-universal/out/extension.node.js:2:1034646)
	at /home/main/.vscode-oss/extensions/ms-toolsai.jupyter-2023.9.100-universal/out/extension.node.js:2:1037678
	at /home/main/.vscode-oss/extensions/ms-toolsai.jupyter-2023.9.100-universal/out/extension.node.js:2:1038015
	at /home/main/.vscode-oss/extensions/ms-toolsai.jupyter-2023.9.100-universal/out/extension.node.js:2:1037338
	at v (/home/main/.vscode-oss/extensions/ms-toolsai.jupyter-2023.9.100-universal/out/extension.node.js:2:1037370)
	at /home/main/.vscode-oss/extensions/ms-toolsai.jupyter-2023.9.100-universal/out/extension.node.js:2:1037232
	at /home/main/.vscode-oss/extensions/ms-toolsai.jupyter-2023.9.100-universal/out/extension.node.js:2:1037166
	at Array.map (<anonymous>)
	at /home/main/.vscode-oss/extensions/ms-toolsai.jupyter-2023.9.100-universal/out/extension.node.js:2:1037138
	at /home/main/.vscode-oss/extensions/ms-toolsai.jupyter-2023.9.100-universal/out/extension.node.js:2:1033977
	at Array.reduce (<anonymous>)
	at /home/main/.vscode-oss/extensions/ms-toolsai.jupyter-2023.9.100-universal/out/extension.node.js:2:1033949
	at /home/main/.vscode-oss/extensions/ms-toolsai.jupyter-2023.9.100-universal/out/extension.node.js:2:1034276
	at t.resolveInstance (/home/main/.vscode-oss/extensions/ms-toolsai.jupyter-2023.9.100-universal/out/extension.node.js:2:1034646)
	at /home/main/.vscode-oss/extensions/ms-toolsai.jupyter-2023.9.100-universal/out/extension.node.js:2:1037678
	at /home/main/.vscode-oss/extensions/ms-toolsai.jupyter-2023.9.100-universal/out/extension.node.js:2:1038015
	at /home/main/.vscode-oss/extensions/ms-toolsai.jupyter-2023.9.100-universal/out/extension.node.js:2:1037338
	at v (/home/main/.vscode-oss/extensions/ms-toolsai.jupyter-2023.9.100-universal/out/extension.node.js:2:1037370)
	at /home/main/.vscode-oss/extensions/ms-toolsai.jupyter-2023.9.100-universal/out/extension.node.js:2:1037232
	at t.resolve (/home/main/.vscode-oss/extensions/ms-toolsai.jupyter-2023.9.100-universal/out/extension.node.js:2:1039202)
	at /home/main/.vscode-oss/extensions/ms-toolsai.jupyter-2023.9.100-universal/out/extension.node.js:2:1008175
	at e._get (/home/main/.vscode-oss/extensions/ms-toolsai.jupyter-2023.9.100-universal/out/extension.node.js:2:1007544)
	at e._getButThrowIfAsync (/home/main/.vscode-oss/extensions/ms-toolsai.jupyter-2023.9.100-universal/out/extension.node.js:2:1007604)
	at e.get (/home/main/.vscode-oss/extensions/ms-toolsai.jupyter-2023.9.100-universal/out/extension.node.js:2:1003299)
	at Kp.get (/home/main/.vscode-oss/extensions/ms-toolsai.jupyter-2023.9.100-universal/out/extension.node.js:17:35919)
	at /home/main/.vscode-oss/extensions/ms-toolsai.jupyter-2023.9.100-universal/out/extension.node.js:24:649097
2023-12-14 13:35:12.448 [error] Error: Extension 'ms-python.python' CANNOT use API proposal: testObserver.
Its package.json#enabledApiProposals-property declares:  but NOT testObserver.
 The missing proposal MUST be added and you must start in extension development mode or use the following command line switch: --enable-proposed-api ms-python.python
	at y (/usr/lib/code/out/vs/workbench/api/node/extensionHostProcess.js:122:45185)
	at get testResults [as testResults] (/usr/lib/code/out/vs/workbench/api/node/extensionHostProcess.js:140:23805)
	at T.activate (/home/main/.vscode-oss/extensions/ms-python.python-2023.20.0-universal/out/client/extension.js:2:791840)
	at /home/main/.vscode-oss/extensions/ms-python.python-2023.20.0-universal/out/client/extension.js:2:2386
	at Array.map (<anonymous>)
	at g.activateWorkspace (/home/main/.vscode-oss/extensions/ms-python.python-2023.20.0-universal/out/client/extension.js:2:2376)
2023-12-14 13:46:19.508 [info] ExtensionService#_doActivateExtension vscode.npm, startup: false, activationEvent: 'onTerminalQuickFixRequest:ms-vscode.npm-command'
2023-12-14 15:13:46.699 [info] ExtensionService#_doActivateExtension vscode.json-language-features, startup: false, activationEvent: 'onLanguage:jsonc'
2023-12-14 15:13:46.791 [info] ExtensionService#_doActivateExtension vscode.typescript-language-features, startup: false, activationEvent: 'onLanguage:jsonc'
2023-12-14 15:14:29.214 [error] Error: Network error: request to https://api.github.com/graphql failed, reason: getaddrinfo EAI_AGAIN api.github.com
	at new e (/home/main/.vscode-oss/extensions/github.vscode-pull-request-github-0.76.1-universal/dist/extension.js:1837:140)
	at /home/main/.vscode-oss/extensions/github.vscode-pull-request-github-0.76.1-universal/dist/extension.js:1837:20948
	at /home/main/.vscode-oss/extensions/github.vscode-pull-request-github-0.76.1-universal/dist/extension.js:1837:26902
	at Set.forEach (<anonymous>)
	at /home/main/.vscode-oss/extensions/github.vscode-pull-request-github-0.76.1-universal/dist/extension.js:1837:26879
	at Map.forEach (<anonymous>)
	at i.broadcastQueries (/home/main/.vscode-oss/extensions/github.vscode-pull-request-github-0.76.1-universal/dist/extension.js:1837:26830)
	at /home/main/.vscode-oss/extensions/github.vscode-pull-request-github-0.76.1-universal/dist/extension.js:1837:19563
	at process.processTicksAndRejections (node:internal/process/task_queues:95:5)
2023-12-14 15:34:58.174 [error] Error: getaddrinfo EAI_AGAIN default.exp-tas.com
	at GetAddrInfoReqWrap.onlookup [as oncomplete] (node:dns:108:26)
2023-12-14 16:04:48.171 [error] Error: getaddrinfo EAI_AGAIN default.exp-tas.com
	at GetAddrInfoReqWrap.onlookup [as oncomplete] (node:dns:108:26)
2023-12-14 16:34:48.170 [error] Error: getaddrinfo EAI_AGAIN default.exp-tas.com
	at GetAddrInfoReqWrap.onlookup [as oncomplete] (node:dns:108:26)
2023-12-14 17:04:48.194 [error] Error: getaddrinfo EAI_AGAIN default.exp-tas.com
	at GetAddrInfoReqWrap.onlookup [as oncomplete] (node:dns:108:26)
2023-12-14 17:34:48.219 [error] Error: getaddrinfo EAI_AGAIN default.exp-tas.com
	at GetAddrInfoReqWrap.onlookup [as oncomplete] (node:dns:108:26)
2023-12-14 17:51:52.547 [error] [ms-python.python] provider FAILED
2023-12-14 17:51:52.548 [error] Error: UnboundLocalError: local variable 'start_index' referenced before assignment
	at /home/main/.vscode-oss/extensions/ms-python.python-2023.20.0-universal/out/client/extension.js:2:2354913
	at re (/home/main/.vscode-oss/extensions/ms-python.python-2023.20.0-universal/out/client/extension.js:2:2355207)
	at /home/main/.vscode-oss/extensions/ms-python.python-2023.20.0-universal/out/client/extension.js:2:2349991
	at Immediate.<anonymous> (/home/main/.vscode-oss/extensions/ms-python.python-2023.20.0-universal/out/client/extension.js:2:2350011)
	at process.processImmediate (node:internal/timers:476:21)
2023-12-14 17:51:53.547 [error] [ms-python.python] provider FAILED
2023-12-14 17:51:53.547 [error] Error: UnboundLocalError: local variable 'start_index' referenced before assignment
	at /home/main/.vscode-oss/extensions/ms-python.python-2023.20.0-universal/out/client/extension.js:2:2354913
	at re (/home/main/.vscode-oss/extensions/ms-python.python-2023.20.0-universal/out/client/extension.js:2:2355207)
	at /home/main/.vscode-oss/extensions/ms-python.python-2023.20.0-universal/out/client/extension.js:2:2349991
	at Immediate.<anonymous> (/home/main/.vscode-oss/extensions/ms-python.python-2023.20.0-universal/out/client/extension.js:2:2350011)
	at process.processImmediate (node:internal/timers:476:21)
2023-12-14 18:04:48.241 [error] Error: getaddrinfo EAI_AGAIN default.exp-tas.com
	at GetAddrInfoReqWrap.onlookup [as oncomplete] (node:dns:108:26)
2023-12-14 18:07:38.272 [error] [ms-python.python] provider FAILED
2023-12-14 18:07:38.272 [error] Error: UnboundLocalError: local variable 'end_index' referenced before assignment
	at /home/main/.vscode-oss/extensions/ms-python.python-2023.20.0-universal/out/client/extension.js:2:2354913
	at re (/home/main/.vscode-oss/extensions/ms-python.python-2023.20.0-universal/out/client/extension.js:2:2355207)
	at /home/main/.vscode-oss/extensions/ms-python.python-2023.20.0-universal/out/client/extension.js:2:2349991
	at Immediate.<anonymous> (/home/main/.vscode-oss/extensions/ms-python.python-2023.20.0-universal/out/client/extension.js:2:2350011)
	at process.processImmediate (node:internal/timers:476:21)
2023-12-14 18:27:06.445 [error] Error: Network error: request to https://api.github.com/graphql failed, reason: getaddrinfo EAI_AGAIN api.github.com
	at new e (/home/main/.vscode-oss/extensions/github.vscode-pull-request-github-0.76.1-universal/dist/extension.js:1837:140)
	at /home/main/.vscode-oss/extensions/github.vscode-pull-request-github-0.76.1-universal/dist/extension.js:1837:20948
	at /home/main/.vscode-oss/extensions/github.vscode-pull-request-github-0.76.1-universal/dist/extension.js:1837:26902
	at Set.forEach (<anonymous>)
	at /home/main/.vscode-oss/extensions/github.vscode-pull-request-github-0.76.1-universal/dist/extension.js:1837:26879
	at Map.forEach (<anonymous>)
	at i.broadcastQueries (/home/main/.vscode-oss/extensions/github.vscode-pull-request-github-0.76.1-universal/dist/extension.js:1837:26830)
	at /home/main/.vscode-oss/extensions/github.vscode-pull-request-github-0.76.1-universal/dist/extension.js:1837:19563
	at process.processTicksAndRejections (node:internal/process/task_queues:95:5)
2023-12-14 18:34:48.263 [error] Error: getaddrinfo EAI_AGAIN default.exp-tas.com
	at GetAddrInfoReqWrap.onlookup [as oncomplete] (node:dns:108:26)
2023-12-14 19:14:36.397 [error] [ms-python.python] provider FAILED
2023-12-14 19:14:36.397 [error] Error: UnboundLocalError: local variable 'end_index' referenced before assignment
	at /home/main/.vscode-oss/extensions/ms-python.python-2023.20.0-universal/out/client/extension.js:2:2354913
	at re (/home/main/.vscode-oss/extensions/ms-python.python-2023.20.0-universal/out/client/extension.js:2:2355207)
	at /home/main/.vscode-oss/extensions/ms-python.python-2023.20.0-universal/out/client/extension.js:2:2349991
	at Immediate.<anonymous> (/home/main/.vscode-oss/extensions/ms-python.python-2023.20.0-universal/out/client/extension.js:2:2350011)
	at process.processImmediate (node:internal/timers:476:21)
2023-12-14 19:14:37.728 [error] [ms-python.python] provider FAILED
2023-12-14 19:14:37.728 [error] Error: UnboundLocalError: local variable 'start_index' referenced before assignment
	at /home/main/.vscode-oss/extensions/ms-python.python-2023.20.0-universal/out/client/extension.js:2:2354913
	at re (/home/main/.vscode-oss/extensions/ms-python.python-2023.20.0-universal/out/client/extension.js:2:2355207)
	at /home/main/.vscode-oss/extensions/ms-python.python-2023.20.0-universal/out/client/extension.js:2:2349991
	at Immediate.<anonymous> (/home/main/.vscode-oss/extensions/ms-python.python-2023.20.0-universal/out/client/extension.js:2:2350011)
	at process.processImmediate (node:internal/timers:476:21)
2023-12-14 19:14:38.084 [error] [ms-python.python] provider FAILED
2023-12-14 19:14:38.084 [error] Error: UnboundLocalError: local variable 'start_index' referenced before assignment
	at /home/main/.vscode-oss/extensions/ms-python.python-2023.20.0-universal/out/client/extension.js:2:2354913
	at re (/home/main/.vscode-oss/extensions/ms-python.python-2023.20.0-universal/out/client/extension.js:2:2355207)
	at /home/main/.vscode-oss/extensions/ms-python.python-2023.20.0-universal/out/client/extension.js:2:2349991
	at Immediate.<anonymous> (/home/main/.vscode-oss/extensions/ms-python.python-2023.20.0-universal/out/client/extension.js:2:2350011)
	at process.processImmediate (node:internal/timers:476:21)
2023-12-14 19:14:39.228 [error] [ms-python.python] provider FAILED
2023-12-14 19:14:39.229 [error] Error: UnboundLocalError: local variable 'start_index' referenced before assignment
	at /home/main/.vscode-oss/extensions/ms-python.python-2023.20.0-universal/out/client/extension.js:2:2354913
	at re (/home/main/.vscode-oss/extensions/ms-python.python-2023.20.0-universal/out/client/extension.js:2:2355207)
	at /home/main/.vscode-oss/extensions/ms-python.python-2023.20.0-universal/out/client/extension.js:2:2349991
	at Immediate.<anonymous> (/home/main/.vscode-oss/extensions/ms-python.python-2023.20.0-universal/out/client/extension.js:2:2350011)
	at process.processImmediate (node:internal/timers:476:21)
2023-12-14 19:17:03.347 [error] [ms-python.python] provider FAILED
2023-12-14 19:17:03.347 [error] Error: UnboundLocalError: local variable 'start_index' referenced before assignment
	at /home/main/.vscode-oss/extensions/ms-python.python-2023.20.0-universal/out/client/extension.js:2:2354913
	at re (/home/main/.vscode-oss/extensions/ms-python.python-2023.20.0-universal/out/client/extension.js:2:2355207)
	at /home/main/.vscode-oss/extensions/ms-python.python-2023.20.0-universal/out/client/extension.js:2:2349991
	at Immediate.<anonymous> (/home/main/.vscode-oss/extensions/ms-python.python-2023.20.0-universal/out/client/extension.js:2:2350011)
	at process.processImmediate (node:internal/timers:476:21)
2023-12-14 19:17:04.931 [error] [ms-python.python] provider FAILED
2023-12-14 19:17:04.931 [error] Error: UnboundLocalError: local variable 'end_index' referenced before assignment
	at /home/main/.vscode-oss/extensions/ms-python.python-2023.20.0-universal/out/client/extension.js:2:2354913
	at re (/home/main/.vscode-oss/extensions/ms-python.python-2023.20.0-universal/out/client/extension.js:2:2355207)
	at /home/main/.vscode-oss/extensions/ms-python.python-2023.20.0-universal/out/client/extension.js:2:2349991
	at Immediate.<anonymous> (/home/main/.vscode-oss/extensions/ms-python.python-2023.20.0-universal/out/client/extension.js:2:2350011)
	at process.processImmediate (node:internal/timers:476:21)
2023-12-14 19:19:10.196 [error] Error: getaddrinfo EAI_AGAIN default.exp-tas.com
	at GetAddrInfoReqWrap.onlookup [as oncomplete] (node:dns:108:26)
2023-12-14 19:20:33.804 [error] [ms-python.python] provider FAILED
2023-12-14 19:20:33.804 [error] Error: UnboundLocalError: local variable 'start_index' referenced before assignment
	at /home/main/.vscode-oss/extensions/ms-python.python-2023.20.0-universal/out/client/extension.js:2:2354913
	at re (/home/main/.vscode-oss/extensions/ms-python.python-2023.20.0-universal/out/client/extension.js:2:2355207)
	at /home/main/.vscode-oss/extensions/ms-python.python-2023.20.0-universal/out/client/extension.js:2:2349991
	at Immediate.<anonymous> (/home/main/.vscode-oss/extensions/ms-python.python-2023.20.0-universal/out/client/extension.js:2:2350011)
	at process.processImmediate (node:internal/timers:476:21)
2023-12-14 19:20:36.344 [error] [ms-python.python] provider FAILED
2023-12-14 19:20:36.344 [error] Error: UnboundLocalError: local variable 'end_index' referenced before assignment
	at /home/main/.vscode-oss/extensions/ms-python.python-2023.20.0-universal/out/client/extension.js:2:2354913
	at re (/home/main/.vscode-oss/extensions/ms-python.python-2023.20.0-universal/out/client/extension.js:2:2355207)
	at /home/main/.vscode-oss/extensions/ms-python.python-2023.20.0-universal/out/client/extension.js:2:2349991
	at Immediate.<anonymous> (/home/main/.vscode-oss/extensions/ms-python.python-2023.20.0-universal/out/client/extension.js:2:2350011)
	at process.processImmediate (node:internal/timers:476:21)
2023-12-14 19:20:36.994 [error] [ms-python.python] provider FAILED
2023-12-14 19:20:36.994 [error] Error: UnboundLocalError: local variable 'end_index' referenced before assignment
	at /home/main/.vscode-oss/extensions/ms-python.python-2023.20.0-universal/out/client/extension.js:2:2354913
	at re (/home/main/.vscode-oss/extensions/ms-python.python-2023.20.0-universal/out/client/extension.js:2:2355207)
	at /home/main/.vscode-oss/extensions/ms-python.python-2023.20.0-universal/out/client/extension.js:2:2349991
	at Immediate.<anonymous> (/home/main/.vscode-oss/extensions/ms-python.python-2023.20.0-universal/out/client/extension.js:2:2350011)
	at process.processImmediate (node:internal/timers:476:21)
2023-12-14 19:20:38.003 [error] [ms-python.python] provider FAILED
2023-12-14 19:20:38.003 [error] Error: UnboundLocalError: local variable 'end_index' referenced before assignment
	at /home/main/.vscode-oss/extensions/ms-python.python-2023.20.0-universal/out/client/extension.js:2:2354913
	at re (/home/main/.vscode-oss/extensions/ms-python.python-2023.20.0-universal/out/client/extension.js:2:2355207)
	at /home/main/.vscode-oss/extensions/ms-python.python-2023.20.0-universal/out/client/extension.js:2:2349991
	at Immediate.<anonymous> (/home/main/.vscode-oss/extensions/ms-python.python-2023.20.0-universal/out/client/extension.js:2:2350011)
	at process.processImmediate (node:internal/timers:476:21)
2023-12-14 19:20:44.144 [error] [ms-python.python] provider FAILED
2023-12-14 19:20:44.144 [error] Error: UnboundLocalError: local variable 'end_index' referenced before assignment
	at /home/main/.vscode-oss/extensions/ms-python.python-2023.20.0-universal/out/client/extension.js:2:2354913
	at re (/home/main/.vscode-oss/extensions/ms-python.python-2023.20.0-universal/out/client/extension.js:2:2355207)
	at /home/main/.vscode-oss/extensions/ms-python.python-2023.20.0-universal/out/client/extension.js:2:2349991
	at Immediate.<anonymous> (/home/main/.vscode-oss/extensions/ms-python.python-2023.20.0-universal/out/client/extension.js:2:2350011)
	at process.processImmediate (node:internal/timers:476:21)
2023-12-14 19:20:44.788 [error] [ms-python.python] provider FAILED
2023-12-14 19:20:44.788 [error] Error: UnboundLocalError: local variable 'end_index' referenced before assignment
	at /home/main/.vscode-oss/extensions/ms-python.python-2023.20.0-universal/out/client/extension.js:2:2354913
	at re (/home/main/.vscode-oss/extensions/ms-python.python-2023.20.0-universal/out/client/extension.js:2:2355207)
	at /home/main/.vscode-oss/extensions/ms-python.python-2023.20.0-universal/out/client/extension.js:2:2349991
	at Immediate.<anonymous> (/home/main/.vscode-oss/extensions/ms-python.python-2023.20.0-universal/out/client/extension.js:2:2350011)
	at process.processImmediate (node:internal/timers:476:21)
2023-12-14 19:20:45.789 [error] [ms-python.python] provider FAILED
2023-12-14 19:20:45.789 [error] Error: UnboundLocalError: local variable 'end_index' referenced before assignment
	at /home/main/.vscode-oss/extensions/ms-python.python-2023.20.0-universal/out/client/extension.js:2:2354913
	at re (/home/main/.vscode-oss/extensions/ms-python.python-2023.20.0-universal/out/client/extension.js:2:2355207)
	at /home/main/.vscode-oss/extensions/ms-python.python-2023.20.0-universal/out/client/extension.js:2:2349991
	at Immediate.<anonymous> (/home/main/.vscode-oss/extensions/ms-python.python-2023.20.0-universal/out/client/extension.js:2:2350011)
	at process.processImmediate (node:internal/timers:476:21)
2023-12-14 19:20:46.308 [error] [ms-python.python] provider FAILED
2023-12-14 19:20:46.308 [error] Error: UnboundLocalError: local variable 'start_index' referenced before assignment
	at /home/main/.vscode-oss/extensions/ms-python.python-2023.20.0-universal/out/client/extension.js:2:2354913
	at re (/home/main/.vscode-oss/extensions/ms-python.python-2023.20.0-universal/out/client/extension.js:2:2355207)
	at /home/main/.vscode-oss/extensions/ms-python.python-2023.20.0-universal/out/client/extension.js:2:2349991
	at Immediate.<anonymous> (/home/main/.vscode-oss/extensions/ms-python.python-2023.20.0-universal/out/client/extension.js:2:2350011)
	at process.processImmediate (node:internal/timers:476:21)
2023-12-14 19:43:40.392 [error] [ms-python.python] provider FAILED
2023-12-14 19:43:40.393 [error] Error: UnboundLocalError: local variable 'start_index' referenced before assignment
	at /home/main/.vscode-oss/extensions/ms-python.python-2023.20.0-universal/out/client/extension.js:2:2354913
	at re (/home/main/.vscode-oss/extensions/ms-python.python-2023.20.0-universal/out/client/extension.js:2:2355207)
	at /home/main/.vscode-oss/extensions/ms-python.python-2023.20.0-universal/out/client/extension.js:2:2349991
	at Immediate.<anonymous> (/home/main/.vscode-oss/extensions/ms-python.python-2023.20.0-universal/out/client/extension.js:2:2350011)
	at process.processImmediate (node:internal/timers:476:21)
2023-12-14 19:43:41.581 [error] [ms-python.python] provider FAILED
2023-12-14 19:43:41.581 [error] Error: UnboundLocalError: local variable 'end_index' referenced before assignment
	at /home/main/.vscode-oss/extensions/ms-python.python-2023.20.0-universal/out/client/extension.js:2:2354913
	at re (/home/main/.vscode-oss/extensions/ms-python.python-2023.20.0-universal/out/client/extension.js:2:2355207)
	at /home/main/.vscode-oss/extensions/ms-python.python-2023.20.0-universal/out/client/extension.js:2:2349991
	at Immediate.<anonymous> (/home/main/.vscode-oss/extensions/ms-python.python-2023.20.0-universal/out/client/extension.js:2:2350011)
	at process.processImmediate (node:internal/timers:476:21)
2023-12-14 19:43:42.586 [error] [ms-python.python] provider FAILED
2023-12-14 19:43:42.586 [error] Error: UnboundLocalError: local variable 'end_index' referenced before assignment
	at /home/main/.vscode-oss/extensions/ms-python.python-2023.20.0-universal/out/client/extension.js:2:2354913
	at re (/home/main/.vscode-oss/extensions/ms-python.python-2023.20.0-universal/out/client/extension.js:2:2355207)
	at /home/main/.vscode-oss/extensions/ms-python.python-2023.20.0-universal/out/client/extension.js:2:2349991
	at Immediate.<anonymous> (/home/main/.vscode-oss/extensions/ms-python.python-2023.20.0-universal/out/client/extension.js:2:2350011)
	at process.processImmediate (node:internal/timers:476:21)
2023-12-14 19:48:58.313 [error] Error: getaddrinfo EAI_AGAIN default.exp-tas.com
	at GetAddrInfoReqWrap.onlookup [as oncomplete] (node:dns:108:26)
2023-12-14 19:51:30.883 [error] [ms-python.python] provider FAILED
2023-12-14 19:51:30.884 [error] Error: UnboundLocalError: local variable 'start_index' referenced before assignment
	at /home/main/.vscode-oss/extensions/ms-python.python-2023.20.0-universal/out/client/extension.js:2:2354913
	at re (/home/main/.vscode-oss/extensions/ms-python.python-2023.20.0-universal/out/client/extension.js:2:2355207)
	at /home/main/.vscode-oss/extensions/ms-python.python-2023.20.0-universal/out/client/extension.js:2:2349991
	at Immediate.<anonymous> (/home/main/.vscode-oss/extensions/ms-python.python-2023.20.0-universal/out/client/extension.js:2:2350011)
	at process.processImmediate (node:internal/timers:476:21)
2023-12-14 20:00:30.986 [error] [ms-python.python] provider FAILED
2023-12-14 20:00:30.986 [error] Error: UnboundLocalError: local variable 'end_index' referenced before assignment
	at /home/main/.vscode-oss/extensions/ms-python.python-2023.20.0-universal/out/client/extension.js:2:2354913
	at re (/home/main/.vscode-oss/extensions/ms-python.python-2023.20.0-universal/out/client/extension.js:2:2355207)
	at /home/main/.vscode-oss/extensions/ms-python.python-2023.20.0-universal/out/client/extension.js:2:2349991
	at Immediate.<anonymous> (/home/main/.vscode-oss/extensions/ms-python.python-2023.20.0-universal/out/client/extension.js:2:2350011)
	at process.processImmediate (node:internal/timers:476:21)
2023-12-14 20:00:31.806 [error] [ms-python.python] provider FAILED
2023-12-14 20:00:31.806 [error] Error: UnboundLocalError: local variable 'end_index' referenced before assignment
	at /home/main/.vscode-oss/extensions/ms-python.python-2023.20.0-universal/out/client/extension.js:2:2354913
	at re (/home/main/.vscode-oss/extensions/ms-python.python-2023.20.0-universal/out/client/extension.js:2:2355207)
	at /home/main/.vscode-oss/extensions/ms-python.python-2023.20.0-universal/out/client/extension.js:2:2349991
	at Immediate.<anonymous> (/home/main/.vscode-oss/extensions/ms-python.python-2023.20.0-universal/out/client/extension.js:2:2350011)
	at process.processImmediate (node:internal/timers:476:21)
2023-12-14 20:00:32.802 [error] [ms-python.python] provider FAILED
2023-12-14 20:00:32.802 [error] Error: UnboundLocalError: local variable 'end_index' referenced before assignment
	at /home/main/.vscode-oss/extensions/ms-python.python-2023.20.0-universal/out/client/extension.js:2:2354913
	at re (/home/main/.vscode-oss/extensions/ms-python.python-2023.20.0-universal/out/client/extension.js:2:2355207)
	at /home/main/.vscode-oss/extensions/ms-python.python-2023.20.0-universal/out/client/extension.js:2:2349991
	at Immediate.<anonymous> (/home/main/.vscode-oss/extensions/ms-python.python-2023.20.0-universal/out/client/extension.js:2:2350011)
	at process.processImmediate (node:internal/timers:476:21)
2023-12-14 20:00:34.977 [error] [ms-python.python] provider FAILED
2023-12-14 20:00:34.977 [error] Error: UnboundLocalError: local variable 'end_index' referenced before assignment
	at /home/main/.vscode-oss/extensions/ms-python.python-2023.20.0-universal/out/client/extension.js:2:2354913
	at re (/home/main/.vscode-oss/extensions/ms-python.python-2023.20.0-universal/out/client/extension.js:2:2355207)
	at /home/main/.vscode-oss/extensions/ms-python.python-2023.20.0-universal/out/client/extension.js:2:2349991
	at Immediate.<anonymous> (/home/main/.vscode-oss/extensions/ms-python.python-2023.20.0-universal/out/client/extension.js:2:2350011)
	at process.processImmediate (node:internal/timers:476:21)
2023-12-14 20:00:38.103 [error] [ms-python.python] provider FAILED
2023-12-14 20:00:38.103 [error] Error: UnboundLocalError: local variable 'end_index' referenced before assignment
	at /home/main/.vscode-oss/extensions/ms-python.python-2023.20.0-universal/out/client/extension.js:2:2354913
	at re (/home/main/.vscode-oss/extensions/ms-python.python-2023.20.0-universal/out/client/extension.js:2:2355207)
	at /home/main/.vscode-oss/extensions/ms-python.python-2023.20.0-universal/out/client/extension.js:2:2349991
	at Immediate.<anonymous> (/home/main/.vscode-oss/extensions/ms-python.python-2023.20.0-universal/out/client/extension.js:2:2350011)
	at process.processImmediate (node:internal/timers:476:21)
2023-12-14 20:00:39.226 [error] [ms-python.python] provider FAILED
2023-12-14 20:00:39.226 [error] Error: UnboundLocalError: local variable 'end_index' referenced before assignment
	at /home/main/.vscode-oss/extensions/ms-python.python-2023.20.0-universal/out/client/extension.js:2:2354913
	at re (/home/main/.vscode-oss/extensions/ms-python.python-2023.20.0-universal/out/client/extension.js:2:2355207)
	at /home/main/.vscode-oss/extensions/ms-python.python-2023.20.0-universal/out/client/extension.js:2:2349991
	at Immediate.<anonymous> (/home/main/.vscode-oss/extensions/ms-python.python-2023.20.0-universal/out/client/extension.js:2:2350011)
	at process.processImmediate (node:internal/timers:476:21)
2023-12-14 20:00:39.722 [error] [ms-python.python] provider FAILED
2023-12-14 20:00:39.722 [error] Error: UnboundLocalError: local variable 'start_index' referenced before assignment
	at /home/main/.vscode-oss/extensions/ms-python.python-2023.20.0-universal/out/client/extension.js:2:2354913
	at re (/home/main/.vscode-oss/extensions/ms-python.python-2023.20.0-universal/out/client/extension.js:2:2355207)
	at /home/main/.vscode-oss/extensions/ms-python.python-2023.20.0-universal/out/client/extension.js:2:2349991
	at Immediate.<anonymous> (/home/main/.vscode-oss/extensions/ms-python.python-2023.20.0-universal/out/client/extension.js:2:2350011)
	at process.processImmediate (node:internal/timers:476:21)
2023-12-14 20:00:40.268 [error] [ms-python.python] provider FAILED
2023-12-14 20:00:40.268 [error] Error: UnboundLocalError: local variable 'start_index' referenced before assignment
	at /home/main/.vscode-oss/extensions/ms-python.python-2023.20.0-universal/out/client/extension.js:2:2354913
	at re (/home/main/.vscode-oss/extensions/ms-python.python-2023.20.0-universal/out/client/extension.js:2:2355207)
	at /home/main/.vscode-oss/extensions/ms-python.python-2023.20.0-universal/out/client/extension.js:2:2349991
	at Immediate.<anonymous> (/home/main/.vscode-oss/extensions/ms-python.python-2023.20.0-universal/out/client/extension.js:2:2350011)
	at process.processImmediate (node:internal/timers:476:21)
2023-12-14 20:00:40.710 [error] [ms-python.python] provider FAILED
2023-12-14 20:00:40.710 [error] Error: UnboundLocalError: local variable 'start_index' referenced before assignment
	at /home/main/.vscode-oss/extensions/ms-python.python-2023.20.0-universal/out/client/extension.js:2:2354913
	at re (/home/main/.vscode-oss/extensions/ms-python.python-2023.20.0-universal/out/client/extension.js:2:2355207)
	at /home/main/.vscode-oss/extensions/ms-python.python-2023.20.0-universal/out/client/extension.js:2:2349991
	at Immediate.<anonymous> (/home/main/.vscode-oss/extensions/ms-python.python-2023.20.0-universal/out/client/extension.js:2:2350011)
	at process.processImmediate (node:internal/timers:476:21)
2023-12-14 20:00:41.181 [error] [ms-python.python] provider FAILED
2023-12-14 20:00:41.181 [error] Error: UnboundLocalError: local variable 'start_index' referenced before assignment
	at /home/main/.vscode-oss/extensions/ms-python.python-2023.20.0-universal/out/client/extension.js:2:2354913
	at re (/home/main/.vscode-oss/extensions/ms-python.python-2023.20.0-universal/out/client/extension.js:2:2355207)
	at /home/main/.vscode-oss/extensions/ms-python.python-2023.20.0-universal/out/client/extension.js:2:2349991
	at Immediate.<anonymous> (/home/main/.vscode-oss/extensions/ms-python.python-2023.20.0-universal/out/client/extension.js:2:2350011)
	at process.processImmediate (node:internal/timers:476:21)
2023-12-14 20:00:41.954 [error] [ms-python.python] provider FAILED
2023-12-14 20:00:41.954 [error] Error: UnboundLocalError: local variable 'start_index' referenced before assignment
	at /home/main/.vscode-oss/extensions/ms-python.python-2023.20.0-universal/out/client/extension.js:2:2354913
	at re (/home/main/.vscode-oss/extensions/ms-python.python-2023.20.0-universal/out/client/extension.js:2:2355207)
	at /home/main/.vscode-oss/extensions/ms-python.python-2023.20.0-universal/out/client/extension.js:2:2349991
	at Immediate.<anonymous> (/home/main/.vscode-oss/extensions/ms-python.python-2023.20.0-universal/out/client/extension.js:2:2350011)
	at process.processImmediate (node:internal/timers:476:21)
2023-12-14 20:00:42.864 [error] [ms-python.python] provider FAILED
2023-12-14 20:00:42.864 [error] Error: UnboundLocalError: local variable 'start_index' referenced before assignment
	at /home/main/.vscode-oss/extensions/ms-python.python-2023.20.0-universal/out/client/extension.js:2:2354913
	at re (/home/main/.vscode-oss/extensions/ms-python.python-2023.20.0-universal/out/client/extension.js:2:2355207)
	at /home/main/.vscode-oss/extensions/ms-python.python-2023.20.0-universal/out/client/extension.js:2:2349991
	at Immediate.<anonymous> (/home/main/.vscode-oss/extensions/ms-python.python-2023.20.0-universal/out/client/extension.js:2:2350011)
	at process.processImmediate (node:internal/timers:476:21)
2023-12-14 20:01:48.886 [error] [ms-python.python] provider FAILED
2023-12-14 20:01:48.887 [error] Error: UnboundLocalError: local variable 'start_index' referenced before assignment
	at /home/main/.vscode-oss/extensions/ms-python.python-2023.20.0-universal/out/client/extension.js:2:2354913
	at re (/home/main/.vscode-oss/extensions/ms-python.python-2023.20.0-universal/out/client/extension.js:2:2355207)
	at /home/main/.vscode-oss/extensions/ms-python.python-2023.20.0-universal/out/client/extension.js:2:2349991
	at Immediate.<anonymous> (/home/main/.vscode-oss/extensions/ms-python.python-2023.20.0-universal/out/client/extension.js:2:2350011)
	at process.processImmediate (node:internal/timers:476:21)
2023-12-14 20:02:50.722 [error] [ms-python.python] provider FAILED
2023-12-14 20:02:50.724 [error] Error: UnboundLocalError: local variable 'start_index' referenced before assignment
	at /home/main/.vscode-oss/extensions/ms-python.python-2023.20.0-universal/out/client/extension.js:2:2354913
	at re (/home/main/.vscode-oss/extensions/ms-python.python-2023.20.0-universal/out/client/extension.js:2:2355207)
	at /home/main/.vscode-oss/extensions/ms-python.python-2023.20.0-universal/out/client/extension.js:2:2349991
	at Immediate.<anonymous> (/home/main/.vscode-oss/extensions/ms-python.python-2023.20.0-universal/out/client/extension.js:2:2350011)
	at process.processImmediate (node:internal/timers:476:21)
2023-12-14 20:06:15.478 [error] [ms-python.python] provider FAILED
2023-12-14 20:06:15.478 [error] Error: UnboundLocalError: local variable 'start_index' referenced before assignment
	at /home/main/.vscode-oss/extensions/ms-python.python-2023.20.0-universal/out/client/extension.js:2:2354913
	at re (/home/main/.vscode-oss/extensions/ms-python.python-2023.20.0-universal/out/client/extension.js:2:2355207)
	at /home/main/.vscode-oss/extensions/ms-python.python-2023.20.0-universal/out/client/extension.js:2:2349991
	at Immediate.<anonymous> (/home/main/.vscode-oss/extensions/ms-python.python-2023.20.0-universal/out/client/extension.js:2:2350011)
	at process.processImmediate (node:internal/timers:476:21)
2023-12-14 20:18:58.314 [error] Error: getaddrinfo EAI_AGAIN default.exp-tas.com
	at GetAddrInfoReqWrap.onlookup [as oncomplete] (node:dns:108:26)
2023-12-14 20:21:51.184 [error] Error: Network error: request to https://api.github.com/graphql failed, reason: getaddrinfo EAI_AGAIN api.github.com
	at new e (/home/main/.vscode-oss/extensions/github.vscode-pull-request-github-0.76.1-universal/dist/extension.js:1837:140)
	at /home/main/.vscode-oss/extensions/github.vscode-pull-request-github-0.76.1-universal/dist/extension.js:1837:20948
	at /home/main/.vscode-oss/extensions/github.vscode-pull-request-github-0.76.1-universal/dist/extension.js:1837:26902
	at Set.forEach (<anonymous>)
	at /home/main/.vscode-oss/extensions/github.vscode-pull-request-github-0.76.1-universal/dist/extension.js:1837:26879
	at Map.forEach (<anonymous>)
	at i.broadcastQueries (/home/main/.vscode-oss/extensions/github.vscode-pull-request-github-0.76.1-universal/dist/extension.js:1837:26830)
	at /home/main/.vscode-oss/extensions/github.vscode-pull-request-github-0.76.1-universal/dist/extension.js:1837:19563
	at process.processTicksAndRejections (node:internal/process/task_queues:95:5)
2023-12-14 20:24:11.279 [error] Error: Network error: request to https://api.github.com/graphql failed, reason: getaddrinfo EAI_AGAIN api.github.com
	at new e (/home/main/.vscode-oss/extensions/github.vscode-pull-request-github-0.76.1-universal/dist/extension.js:1837:140)
	at /home/main/.vscode-oss/extensions/github.vscode-pull-request-github-0.76.1-universal/dist/extension.js:1837:20948
	at /home/main/.vscode-oss/extensions/github.vscode-pull-request-github-0.76.1-universal/dist/extension.js:1837:26902
	at Set.forEach (<anonymous>)
	at /home/main/.vscode-oss/extensions/github.vscode-pull-request-github-0.76.1-universal/dist/extension.js:1837:26879
	at Map.forEach (<anonymous>)
	at i.broadcastQueries (/home/main/.vscode-oss/extensions/github.vscode-pull-request-github-0.76.1-universal/dist/extension.js:1837:26830)
	at /home/main/.vscode-oss/extensions/github.vscode-pull-request-github-0.76.1-universal/dist/extension.js:1837:19563
	at process.processTicksAndRejections (node:internal/process/task_queues:95:5)
2023-12-14 20:29:12.046 [error] Error: Network error: request to https://api.github.com/graphql failed, reason: getaddrinfo EAI_AGAIN api.github.com
	at new e (/home/main/.vscode-oss/extensions/github.vscode-pull-request-github-0.76.1-universal/dist/extension.js:1837:140)
	at /home/main/.vscode-oss/extensions/github.vscode-pull-request-github-0.76.1-universal/dist/extension.js:1837:20948
	at /home/main/.vscode-oss/extensions/github.vscode-pull-request-github-0.76.1-universal/dist/extension.js:1837:26902
	at Set.forEach (<anonymous>)
	at /home/main/.vscode-oss/extensions/github.vscode-pull-request-github-0.76.1-universal/dist/extension.js:1837:26879
	at Map.forEach (<anonymous>)
	at i.broadcastQueries (/home/main/.vscode-oss/extensions/github.vscode-pull-request-github-0.76.1-universal/dist/extension.js:1837:26830)
	at /home/main/.vscode-oss/extensions/github.vscode-pull-request-github-0.76.1-universal/dist/extension.js:1837:19563
	at process.processTicksAndRejections (node:internal/process/task_queues:95:5)
2023-12-14 20:29:44.592 [info] ExtensionService#_doActivateExtension vscode.extension-editing, startup: false, activationEvent: 'onLanguage:markdown'
2023-12-14 20:29:44.632 [info] ExtensionService#_doActivateExtension vscode.markdown-language-features, startup: false, activationEvent: 'onLanguage:markdown'
2023-12-14 20:29:46.219 [info] ExtensionService#_doActivateExtension vscode.markdown-math, startup: false, activationEvent: 'api', root cause: vscode.markdown-language-features
2023-12-14 20:30:57.985 [info] ExtensionService#_doActivateExtension vscode.media-preview, startup: false, activationEvent: 'onCustomEditor:imagePreview.previewEditor'
2023-12-14 20:48:58.312 [error] Error: getaddrinfo EAI_AGAIN default.exp-tas.com
	at GetAddrInfoReqWrap.onlookup [as oncomplete] (node:dns:108:26)
2023-12-14 21:06:11.822 [info] Extension host terminating: renderer closed the MessagePort
2023-12-14 21:06:12.097 [error] Canceled: Canceled
	at new f (/usr/lib/code/out/vs/workbench/api/node/extensionHostProcess.js:125:108614)
	at n.U (/usr/lib/code/out/vs/workbench/api/node/extensionHostProcess.js:134:10873)
	at F.<computed>.z.charCodeAt.F.<computed> (/usr/lib/code/out/vs/workbench/api/node/extensionHostProcess.js:134:8315)
	at i.g (/usr/lib/code/out/vs/workbench/api/node/extensionHostProcess.js:125:139130)
	at i.executeCommand (/usr/lib/code/out/vs/workbench/api/node/extensionHostProcess.js:125:138568)
	at $.registerCommand.description (/usr/lib/code/out/vs/workbench/api/node/extensionHostProcess.js:125:137892)
	at i.h (/usr/lib/code/out/vs/workbench/api/node/extensionHostProcess.js:125:139669)
	at i.g (/usr/lib/code/out/vs/workbench/api/node/extensionHostProcess.js:125:138661)
	at i.executeCommand (/usr/lib/code/out/vs/workbench/api/node/extensionHostProcess.js:125:138568)
	at Object.executeCommand (/usr/lib/code/out/vs/workbench/api/node/extensionHostProcess.js:140:21329)
	at h.D [as value] (/usr/lib/code/extensions/git/dist/main.js:2:1316925)
	at c.y (/usr/lib/code/out/vs/workbench/api/node/extensionHostProcess.js:80:1902)
	at c.z (/usr/lib/code/out/vs/workbench/api/node/extensionHostProcess.js:80:1972)
	at c.fire (/usr/lib/code/out/vs/workbench/api/node/extensionHostProcess.js:80:2188)
	at Object.m [as dispose] (/usr/lib/code/extensions/git/dist/main.js:2:1332842)
	at /usr/lib/code/extensions/git/dist/main.js:2:1337795
	at Array.forEach (<anonymous>)
	at g.dispose (/usr/lib/code/extensions/git/dist/main.js:2:1337781)
	at v.<anonymous> (/usr/lib/code/out/vs/workbench/api/node/extensionHostProcess.js:121:3572)
	at v.dispose (/usr/lib/code/out/vs/workbench/api/node/extensionHostProcess.js:121:3669)
	at v.<anonymous> (/usr/lib/code/extensions/git/dist/main.js:2:1318937)
	at v.dispose (/usr/lib/code/out/vs/workbench/api/node/extensionHostProcess.js:121:3669)
	at o (/usr/lib/code/out/vs/workbench/api/node/extensionHostProcess.js:30:754)
	at h.cb (/usr/lib/code/out/vs/workbench/api/node/extensionHostProcess.js:136:9843)
	at /usr/lib/code/out/vs/workbench/api/node/extensionHostProcess.js:136:7793
	at Array.map (<anonymous>)
	at h.Y (/usr/lib/code/out/vs/workbench/api/node/extensionHostProcess.js:136:7781)
	at h.terminate (/usr/lib/code/out/vs/workbench/api/node/extensionHostProcess.js:136:8051)
	at o.terminate (/usr/lib/code/out/vs/workbench/api/node/extensionHostProcess.js:140:1513)
	at a (/usr/lib/code/out/vs/workbench/api/node/extensionHostProcess.js:153:9817)
	at MessagePortMain.<anonymous> (/usr/lib/code/out/vs/workbench/api/node/extensionHostProcess.js:153:6242)
	at MessagePortMain.emit (node:events:513:28)
	at MessagePortMain._internalPort.emit (node:electron/js2c/utility_init:2:367) setContext undefined
2023-12-14 21:06:12.098 [error] Canceled: Canceled
	at new f (/usr/lib/code/out/vs/workbench/api/node/extensionHostProcess.js:125:108614)
	at n.U (/usr/lib/code/out/vs/workbench/api/node/extensionHostProcess.js:134:10873)
	at F.<computed>.z.charCodeAt.F.<computed> (/usr/lib/code/out/vs/workbench/api/node/extensionHostProcess.js:134:8315)
	at i.g (/usr/lib/code/out/vs/workbench/api/node/extensionHostProcess.js:125:139130)
	at i.executeCommand (/usr/lib/code/out/vs/workbench/api/node/extensionHostProcess.js:125:138568)
	at $.registerCommand.description (/usr/lib/code/out/vs/workbench/api/node/extensionHostProcess.js:125:137892)
	at i.h (/usr/lib/code/out/vs/workbench/api/node/extensionHostProcess.js:125:139669)
	at i.g (/usr/lib/code/out/vs/workbench/api/node/extensionHostProcess.js:125:138661)
	at i.executeCommand (/usr/lib/code/out/vs/workbench/api/node/extensionHostProcess.js:125:138568)
	at Object.executeCommand (/usr/lib/code/out/vs/workbench/api/node/extensionHostProcess.js:140:21329)
	at e (/home/main/.vscode-oss/extensions/github.vscode-pull-request-github-0.76.1-universal/dist/extension.js:1852:1467)
	at Object.n [as setContext] (/home/main/.vscode-oss/extensions/github.vscode-pull-request-github-0.76.1-universal/dist/extension.js:1852:1582)
	at Zc.updateActiveReviewCount (/home/main/.vscode-oss/extensions/github.vscode-pull-request-github-0.76.1-universal/dist/extension.js:1905:22816)
	at Zc.removeRepo (/home/main/.vscode-oss/extensions/github.vscode-pull-request-github-0.76.1-universal/dist/extension.js:1905:23943)
	at h.value (/home/main/.vscode-oss/extensions/github.vscode-pull-request-github-0.76.1-universal/dist/extension.js:2016:4130)
	at c.y (/usr/lib/code/out/vs/workbench/api/node/extensionHostProcess.js:80:1902)
	at c.z (/usr/lib/code/out/vs/workbench/api/node/extensionHostProcess.js:80:1972)
	at c.fire (/usr/lib/code/out/vs/workbench/api/node/extensionHostProcess.js:80:2188)
	at h.value (/home/main/.vscode-oss/extensions/github.vscode-pull-request-github-0.76.1-universal/dist/extension.js:1820:462233)
	at c.y (/usr/lib/code/out/vs/workbench/api/node/extensionHostProcess.js:80:1902)
	at c.fire (/usr/lib/code/out/vs/workbench/api/node/extensionHostProcess.js:80:2119)
	at /home/main/.vscode-oss/extensions/github.vscode-pull-request-github-0.76.1-universal/dist/extension.js:1905:27657
	at h.value (/usr/lib/code/extensions/git/dist/main.js:2:1408111)
	at c.y (/usr/lib/code/out/vs/workbench/api/node/extensionHostProcess.js:80:1902)
	at c.z (/usr/lib/code/out/vs/workbench/api/node/extensionHostProcess.js:80:1972)
	at c.fire (/usr/lib/code/out/vs/workbench/api/node/extensionHostProcess.js:80:2188)
	at Object.m [as dispose] (/usr/lib/code/extensions/git/dist/main.js:2:1332842)
	at /usr/lib/code/extensions/git/dist/main.js:2:1337795
	at Array.forEach (<anonymous>)
	at g.dispose (/usr/lib/code/extensions/git/dist/main.js:2:1337781)
	at v.<anonymous> (/usr/lib/code/out/vs/workbench/api/node/extensionHostProcess.js:121:3572)
	at v.dispose (/usr/lib/code/out/vs/workbench/api/node/extensionHostProcess.js:121:3669)
	at v.<anonymous> (/usr/lib/code/extensions/git/dist/main.js:2:1318937)
	at v.dispose (/usr/lib/code/out/vs/workbench/api/node/extensionHostProcess.js:121:3669)
	at o (/usr/lib/code/out/vs/workbench/api/node/extensionHostProcess.js:30:754)
	at h.cb (/usr/lib/code/out/vs/workbench/api/node/extensionHostProcess.js:136:9843)
	at /usr/lib/code/out/vs/workbench/api/node/extensionHostProcess.js:136:7793
	at Array.map (<anonymous>)
	at h.Y (/usr/lib/code/out/vs/workbench/api/node/extensionHostProcess.js:136:7781)
	at h.terminate (/usr/lib/code/out/vs/workbench/api/node/extensionHostProcess.js:136:8051)
	at o.terminate (/usr/lib/code/out/vs/workbench/api/node/extensionHostProcess.js:140:1513)
	at a (/usr/lib/code/out/vs/workbench/api/node/extensionHostProcess.js:153:9817)
	at MessagePortMain.<anonymous> (/usr/lib/code/out/vs/workbench/api/node/extensionHostProcess.js:153:6242)
	at MessagePortMain.emit (node:events:513:28)
	at MessagePortMain._internalPort.emit (node:electron/js2c/utility_init:2:367) setContext undefined
2023-12-14 21:06:12.098 [error] Canceled: Canceled
	at new f (/usr/lib/code/out/vs/workbench/api/node/extensionHostProcess.js:125:108614)
	at n.U (/usr/lib/code/out/vs/workbench/api/node/extensionHostProcess.js:134:10873)
	at F.<computed>.z.charCodeAt.F.<computed> (/usr/lib/code/out/vs/workbench/api/node/extensionHostProcess.js:134:8315)
	at i.g (/usr/lib/code/out/vs/workbench/api/node/extensionHostProcess.js:125:139130)
	at i.executeCommand (/usr/lib/code/out/vs/workbench/api/node/extensionHostProcess.js:125:138568)
	at $.registerCommand.description (/usr/lib/code/out/vs/workbench/api/node/extensionHostProcess.js:125:137892)
	at i.h (/usr/lib/code/out/vs/workbench/api/node/extensionHostProcess.js:125:139669)
	at i.g (/usr/lib/code/out/vs/workbench/api/node/extensionHostProcess.js:125:138661)
	at i.executeCommand (/usr/lib/code/out/vs/workbench/api/node/extensionHostProcess.js:125:138568)
	at Object.executeCommand (/usr/lib/code/out/vs/workbench/api/node/extensionHostProcess.js:140:21329)
	at h.D [as value] (/usr/lib/code/extensions/git/dist/main.js:2:1316925)
	at c.y (/usr/lib/code/out/vs/workbench/api/node/extensionHostProcess.js:80:1902)
	at c.z (/usr/lib/code/out/vs/workbench/api/node/extensionHostProcess.js:80:1972)
	at c.fire (/usr/lib/code/out/vs/workbench/api/node/extensionHostProcess.js:80:2188)
	at Object.m [as dispose] (/usr/lib/code/extensions/git/dist/main.js:2:1332842)
	at /usr/lib/code/extensions/git/dist/main.js:2:1337795
	at Array.forEach (<anonymous>)
	at g.dispose (/usr/lib/code/extensions/git/dist/main.js:2:1337781)
	at v.<anonymous> (/usr/lib/code/out/vs/workbench/api/node/extensionHostProcess.js:121:3572)
	at v.dispose (/usr/lib/code/out/vs/workbench/api/node/extensionHostProcess.js:121:3669)
	at v.<anonymous> (/usr/lib/code/extensions/git/dist/main.js:2:1318937)
	at v.dispose (/usr/lib/code/out/vs/workbench/api/node/extensionHostProcess.js:121:3669)
	at o (/usr/lib/code/out/vs/workbench/api/node/extensionHostProcess.js:30:754)
	at h.cb (/usr/lib/code/out/vs/workbench/api/node/extensionHostProcess.js:136:9843)
	at /usr/lib/code/out/vs/workbench/api/node/extensionHostProcess.js:136:7793
	at Array.map (<anonymous>)
	at h.Y (/usr/lib/code/out/vs/workbench/api/node/extensionHostProcess.js:136:7781)
	at h.terminate (/usr/lib/code/out/vs/workbench/api/node/extensionHostProcess.js:136:8051)
	at o.terminate (/usr/lib/code/out/vs/workbench/api/node/extensionHostProcess.js:140:1513)
	at a (/usr/lib/code/out/vs/workbench/api/node/extensionHostProcess.js:153:9817)
	at MessagePortMain.<anonymous> (/usr/lib/code/out/vs/workbench/api/node/extensionHostProcess.js:153:6242)
	at MessagePortMain.emit (node:events:513:28)
	at MessagePortMain._internalPort.emit (node:electron/js2c/utility_init:2:367) setContext undefined
2023-12-14 21:06:12.107 [error] Canceled: Canceled
	at new f (/usr/lib/code/out/vs/workbench/api/node/extensionHostProcess.js:125:108614)
	at n.U (/usr/lib/code/out/vs/workbench/api/node/extensionHostProcess.js:134:10873)
	at F.<computed>.z.charCodeAt.F.<computed> (/usr/lib/code/out/vs/workbench/api/node/extensionHostProcess.js:134:8315)
	at i.g (/usr/lib/code/out/vs/workbench/api/node/extensionHostProcess.js:125:139130)
	at i.executeCommand (/usr/lib/code/out/vs/workbench/api/node/extensionHostProcess.js:125:138568)
	at $.registerCommand.description (/usr/lib/code/out/vs/workbench/api/node/extensionHostProcess.js:125:137892)
	at i.h (/usr/lib/code/out/vs/workbench/api/node/extensionHostProcess.js:125:139669)
	at i.g (/usr/lib/code/out/vs/workbench/api/node/extensionHostProcess.js:125:138661)
	at i.executeCommand (/usr/lib/code/out/vs/workbench/api/node/extensionHostProcess.js:125:138568)
	at Object.executeCommand (/usr/lib/code/out/vs/workbench/api/node/extensionHostProcess.js:140:21329)
	at set b [as b] (/usr/lib/code/extensions/github/dist/extension.js:2:714708)
	at /usr/lib/code/extensions/github/dist/extension.js:2:715349
	at h.value (/usr/lib/code/extensions/git/dist/main.js:2:1408111)
	at c.y (/usr/lib/code/out/vs/workbench/api/node/extensionHostProcess.js:80:1902)
	at c.z (/usr/lib/code/out/vs/workbench/api/node/extensionHostProcess.js:80:1972)
	at c.fire (/usr/lib/code/out/vs/workbench/api/node/extensionHostProcess.js:80:2188)
	at Object.m [as dispose] (/usr/lib/code/extensions/git/dist/main.js:2:1332842)
	at /usr/lib/code/extensions/git/dist/main.js:2:1337795
	at Array.forEach (<anonymous>)
	at g.dispose (/usr/lib/code/extensions/git/dist/main.js:2:1337781)
	at v.<anonymous> (/usr/lib/code/out/vs/workbench/api/node/extensionHostProcess.js:121:3572)
	at v.dispose (/usr/lib/code/out/vs/workbench/api/node/extensionHostProcess.js:121:3669)
	at v.<anonymous> (/usr/lib/code/extensions/git/dist/main.js:2:1318937)
	at v.dispose (/usr/lib/code/out/vs/workbench/api/node/extensionHostProcess.js:121:3669)
	at o (/usr/lib/code/out/vs/workbench/api/node/extensionHostProcess.js:30:754)
	at h.cb (/usr/lib/code/out/vs/workbench/api/node/extensionHostProcess.js:136:9843)
	at /usr/lib/code/out/vs/workbench/api/node/extensionHostProcess.js:136:7793
	at Array.map (<anonymous>)
	at h.Y (/usr/lib/code/out/vs/workbench/api/node/extensionHostProcess.js:136:7781)
	at h.terminate (/usr/lib/code/out/vs/workbench/api/node/extensionHostProcess.js:136:8051)
	at o.terminate (/usr/lib/code/out/vs/workbench/api/node/extensionHostProcess.js:140:1513)
	at a (/usr/lib/code/out/vs/workbench/api/node/extensionHostProcess.js:153:9817)
	at MessagePortMain.<anonymous> (/usr/lib/code/out/vs/workbench/api/node/extensionHostProcess.js:153:6242)
	at MessagePortMain.emit (node:events:513:28)
	at MessagePortMain._internalPort.emit (node:electron/js2c/utility_init:2:367) setContext undefined
2023-12-14 21:06:12.108 [error] Canceled: Canceled
	at new f (/usr/lib/code/out/vs/workbench/api/node/extensionHostProcess.js:125:108614)
	at n.U (/usr/lib/code/out/vs/workbench/api/node/extensionHostProcess.js:134:10873)
	at F.<computed>.z.charCodeAt.F.<computed> (/usr/lib/code/out/vs/workbench/api/node/extensionHostProcess.js:134:8315)
	at i.g (/usr/lib/code/out/vs/workbench/api/node/extensionHostProcess.js:125:139130)
	at i.executeCommand (/usr/lib/code/out/vs/workbench/api/node/extensionHostProcess.js:125:138568)
	at $.registerCommand.description (/usr/lib/code/out/vs/workbench/api/node/extensionHostProcess.js:125:137892)
	at i.h (/usr/lib/code/out/vs/workbench/api/node/extensionHostProcess.js:125:139669)
	at i.g (/usr/lib/code/out/vs/workbench/api/node/extensionHostProcess.js:125:138661)
	at i.executeCommand (/usr/lib/code/out/vs/workbench/api/node/extensionHostProcess.js:125:138568)
	at Object.executeCommand (/usr/lib/code/out/vs/workbench/api/node/extensionHostProcess.js:140:21329)
	at e (/home/main/.vscode-oss/extensions/github.vscode-pull-request-github-0.76.1-universal/dist/extension.js:1852:1467)
	at Object.n [as setContext] (/home/main/.vscode-oss/extensions/github.vscode-pull-request-github-0.76.1-universal/dist/extension.js:1852:1582)
	at jp.setReviewModeContexts (/home/main/.vscode-oss/extensions/github.vscode-pull-request-github-0.76.1-universal/dist/extension.js:2003:13117)
	at jp.removePrFromView (/home/main/.vscode-oss/extensions/github.vscode-pull-request-github-0.76.1-universal/dist/extension.js:2003:13766)
	at Li.clear (/home/main/.vscode-oss/extensions/github.vscode-pull-request-github-0.76.1-universal/dist/extension.js:1886:25130)
	at Li.dispose (/home/main/.vscode-oss/extensions/github.vscode-pull-request-github-0.76.1-universal/dist/extension.js:1888:167)
	at Kp.removeReviewManager (/home/main/.vscode-oss/extensions/github.vscode-pull-request-github-0.76.1-universal/dist/extension.js:2003:41918)
	at h.value (/home/main/.vscode-oss/extensions/github.vscode-pull-request-github-0.76.1-universal/dist/extension.js:2016:4147)
	at c.y (/usr/lib/code/out/vs/workbench/api/node/extensionHostProcess.js:80:1902)
	at c.z (/usr/lib/code/out/vs/workbench/api/node/extensionHostProcess.js:80:1972)
	at c.fire (/usr/lib/code/out/vs/workbench/api/node/extensionHostProcess.js:80:2188)
	at h.value (/home/main/.vscode-oss/extensions/github.vscode-pull-request-github-0.76.1-universal/dist/extension.js:1820:462233)
	at c.y (/usr/lib/code/out/vs/workbench/api/node/extensionHostProcess.js:80:1902)
	at c.fire (/usr/lib/code/out/vs/workbench/api/node/extensionHostProcess.js:80:2119)
	at /home/main/.vscode-oss/extensions/github.vscode-pull-request-github-0.76.1-universal/dist/extension.js:1905:27657
	at h.value (/usr/lib/code/extensions/git/dist/main.js:2:1408111)
	at c.y (/usr/lib/code/out/vs/workbench/api/node/extensionHostProcess.js:80:1902)
	at c.z (/usr/lib/code/out/vs/workbench/api/node/extensionHostProcess.js:80:1972)
	at c.fire (/usr/lib/code/out/vs/workbench/api/node/extensionHostProcess.js:80:2188)
	at Object.m [as dispose] (/usr/lib/code/extensions/git/dist/main.js:2:1332842)
	at /usr/lib/code/extensions/git/dist/main.js:2:1337795
	at Array.forEach (<anonymous>)
	at g.dispose (/usr/lib/code/extensions/git/dist/main.js:2:1337781)
	at v.<anonymous> (/usr/lib/code/out/vs/workbench/api/node/extensionHostProcess.js:121:3572)
	at v.dispose (/usr/lib/code/out/vs/workbench/api/node/extensionHostProcess.js:121:3669)
	at v.<anonymous> (/usr/lib/code/extensions/git/dist/main.js:2:1318937)
	at v.dispose (/usr/lib/code/out/vs/workbench/api/node/extensionHostProcess.js:121:3669)
	at o (/usr/lib/code/out/vs/workbench/api/node/extensionHostProcess.js:30:754)
	at h.cb (/usr/lib/code/out/vs/workbench/api/node/extensionHostProcess.js:136:9843)
	at /usr/lib/code/out/vs/workbench/api/node/extensionHostProcess.js:136:7793
	at Array.map (<anonymous>)
	at h.Y (/usr/lib/code/out/vs/workbench/api/node/extensionHostProcess.js:136:7781)
	at h.terminate (/usr/lib/code/out/vs/workbench/api/node/extensionHostProcess.js:136:8051)
	at o.terminate (/usr/lib/code/out/vs/workbench/api/node/extensionHostProcess.js:140:1513)
	at a (/usr/lib/code/out/vs/workbench/api/node/extensionHostProcess.js:153:9817)
	at MessagePortMain.<anonymous> (/usr/lib/code/out/vs/workbench/api/node/extensionHostProcess.js:153:6242)
	at MessagePortMain.emit (node:events:513:28)
	at MessagePortMain._internalPort.emit (node:electron/js2c/utility_init:2:367) setContext undefined
2023-12-14 21:06:12.108 [error] Canceled: Canceled
	at new f (/usr/lib/code/out/vs/workbench/api/node/extensionHostProcess.js:125:108614)
	at n.U (/usr/lib/code/out/vs/workbench/api/node/extensionHostProcess.js:134:10873)
	at F.<computed>.z.charCodeAt.F.<computed> (/usr/lib/code/out/vs/workbench/api/node/extensionHostProcess.js:134:8315)
	at i.g (/usr/lib/code/out/vs/workbench/api/node/extensionHostProcess.js:125:139130)
	at i.executeCommand (/usr/lib/code/out/vs/workbench/api/node/extensionHostProcess.js:125:138568)
	at $.registerCommand.description (/usr/lib/code/out/vs/workbench/api/node/extensionHostProcess.js:125:137892)
	at i.h (/usr/lib/code/out/vs/workbench/api/node/extensionHostProcess.js:125:139669)
	at i.g (/usr/lib/code/out/vs/workbench/api/node/extensionHostProcess.js:125:138661)
	at i.executeCommand (/usr/lib/code/out/vs/workbench/api/node/extensionHostProcess.js:125:138568)
	at Object.executeCommand (/usr/lib/code/out/vs/workbench/api/node/extensionHostProcess.js:140:21329)
	at x0.reset (/home/main/.vscode-oss/extensions/github.vscode-pull-request-github-0.76.1-universal/dist/extension.js:2003:7116)
	at x0.dispose (/home/main/.vscode-oss/extensions/github.vscode-pull-request-github-0.76.1-universal/dist/extension.js:2003:7387)
	at o (/usr/lib/code/out/vs/workbench/api/node/extensionHostProcess.js:30:754)
	at h.cb (/usr/lib/code/out/vs/workbench/api/node/extensionHostProcess.js:136:9843)
	at /usr/lib/code/out/vs/workbench/api/node/extensionHostProcess.js:136:7793
	at Array.map (<anonymous>)
	at h.Y (/usr/lib/code/out/vs/workbench/api/node/extensionHostProcess.js:136:7781)
	at h.terminate (/usr/lib/code/out/vs/workbench/api/node/extensionHostProcess.js:136:8051)
	at o.terminate (/usr/lib/code/out/vs/workbench/api/node/extensionHostProcess.js:140:1513)
	at a (/usr/lib/code/out/vs/workbench/api/node/extensionHostProcess.js:153:9817)
	at MessagePortMain.<anonymous> (/usr/lib/code/out/vs/workbench/api/node/extensionHostProcess.js:153:6242)
	at MessagePortMain.emit (node:events:513:28)
	at MessagePortMain._internalPort.emit (node:electron/js2c/utility_init:2:367) setContext undefined
2023-12-14 21:06:12.124 [info] Extension host with pid 6028 exiting with code 0
