2023-11-30 16:01:14.293 [info] Reading sessions from keychain...
2023-11-30 16:01:14.293 [info] Getting sessions for all scopes...
2023-11-30 16:01:14.294 [info] Getting sessions for read:user,repo,user:email,workflow...
2023-11-30 16:01:14.294 [info] Getting sessions for all scopes...
2023-11-30 16:01:14.338 [info] Got 0 sessions for ...
2023-11-30 16:01:14.338 [info] Got 0 sessions for read:user,repo,user:email,workflow...
2023-11-30 16:01:14.338 [info] Got 0 sessions for ...
2023-11-30 16:01:15.988 [info] Logging in for the following scopes: read:user repo user:email workflow
2023-11-30 16:01:16.017 [info] Trying device code flow... (read:user repo user:email workflow)
2023-11-30 16:01:35.688 [info] Getting user info...
2023-11-30 16:01:35.994 [info] Got account info!
2023-11-30 16:01:35.995 [info] Storing 1 sessions...
2023-11-30 16:01:35.998 [info] Reading sessions from keychain...
2023-11-30 16:01:35.998 [info] Stored 1 sessions!
2023-11-30 16:01:35.999 [info] Login success!
2023-11-30 16:01:36.001 [info] Got stored sessions!
2023-11-30 16:01:36.001 [info] Got 1 verified sessions.
2023-11-30 16:03:15.994 [info] Reading sessions from keychain...
2023-11-30 16:03:15.995 [info] Getting sessions for all scopes...
2023-11-30 16:03:15.995 [info] Got stored sessions!
2023-11-30 16:03:15.995 [info] Got 1 verified sessions.
2023-11-30 16:03:15.995 [info] Got 1 sessions for ...
2023-11-30 16:03:15.995 [info] Getting sessions for read:user,repo,user:email,workflow...
2023-11-30 16:03:15.995 [info] Got 1 sessions for read:user,repo,user:email,workflow...
2023-11-30 16:03:16.107 [info] Getting sessions for all scopes...
2023-11-30 16:03:16.107 [info] Got 1 sessions for ...
2023-11-30 16:03:16.420 [info] Getting sessions for read:user,repo,user:email,workflow...
2023-11-30 16:03:16.420 [info] Got 1 sessions for read:user,repo,user:email,workflow...
2023-11-30 16:05:54.059 [info] Getting sessions for project,read:org,read:user,repo,user:email,workflow...
2023-11-30 16:05:54.059 [info] Got 0 sessions for project,read:org,read:user,repo,user:email,workflow...
2023-11-30 16:05:54.087 [info] Getting sessions for read:user,repo,user:email,workflow...
2023-11-30 16:05:54.087 [info] Got 1 sessions for read:user,repo,user:email,workflow...
2023-11-30 16:05:54.110 [info] Getting sessions for read:user,repo,user:email...
2023-11-30 16:05:54.110 [info] Got 0 sessions for read:user,repo,user:email...
2023-11-30 16:05:54.114 [info] Getting sessions for read:user,repo,user:email,workflow...
2023-11-30 16:05:54.114 [info] Got 1 sessions for read:user,repo,user:email,workflow...
2023-11-30 16:07:42.952 [info] Getting sessions for read:user,repo,user:email,workflow...
2023-11-30 16:07:42.952 [info] Got 1 sessions for read:user,repo,user:email,workflow...
2023-11-30 16:07:42.952 [info] Getting sessions for project,read:org,read:user,repo,user:email,workflow...
2023-11-30 16:07:42.952 [info] Got 0 sessions for project,read:org,read:user,repo,user:email,workflow...
2023-11-30 16:07:42.959 [info] Getting sessions for read:user,repo,user:email,workflow...
2023-11-30 16:07:42.959 [info] Got 1 sessions for read:user,repo,user:email,workflow...
2023-11-30 16:07:43.322 [info] Getting sessions for read:user,repo,user:email,workflow...
2023-11-30 16:07:43.322 [info] Got 1 sessions for read:user,repo,user:email,workflow...
