2024-01-17 15:47:09.918 [info] Activation> Extension version: 0.78.1
2024-01-17 15:47:10.359 [info] Looking for git repository
2024-01-17 15:47:10.359 [info] Found 0 repositories during activation
2024-01-17 15:47:10.359 [info] Git repository found, initializing review manager and pr tree view.
2024-01-17 15:47:10.379 [info] Registering git provider
2024-01-17 15:47:10.379 [info] Review+0> Validate state in progress
2024-01-17 15:47:10.379 [info] Review+0> Validating state...
2024-01-17 15:47:10.379 [info] Review+1> Validate state in progress
2024-01-17 15:47:10.379 [info] Review+1> Validating state...
2024-01-17 15:47:10.379 [info] Review+2> Validate state in progress
2024-01-17 15:47:10.379 [info] Review+2> Validating state...
2024-01-17 15:47:10.379 [info] Review+3> Validate state in progress
2024-01-17 15:47:10.379 [info] Review+3> Validating state...
2024-01-17 15:47:10.485 [info] Found GitHub remote for folder /home/main/Desktop/uni/oop/assignment_1_OOP
2024-01-17 15:47:10.510 [info] Found GitHub remote for folder /home/main/Desktop/uni/oop/assignment_2_OOP
2024-01-17 15:47:10.515 [info] Found GitHub remote for folder /home/main/Desktop/uni/sigsys/assignment1
2024-01-17 15:47:10.522 [info] Found GitHub remote for folder /home/main/Desktop/uni/sigsys/assignment2
2024-01-17 15:47:10.976 [info] Repo state for file:///home/main/Desktop/uni/sigsys/assignment2 changed.
2024-01-17 15:47:10.976 [info] Repo file:///home/main/Desktop/uni/sigsys/assignment2 has already been setup.
2024-01-17 15:47:11.230 [info] Trying to use globalState for assignableUsers.
2024-01-17 15:47:11.736 [info] Review+3> No matching pull request metadata found locally for current branch main
2024-01-17 15:47:11.810 [info] Trying to use globalState for assignableUsers.
2024-01-17 15:47:11.852 [info] Review+0> Found matching pull request metadata for current branch main. Repo: SerbanDumitru/assignment_1_OOP PR: 3
2024-01-17 15:47:11.852 [info] Review+0> current branch main is associated with pull request #3
2024-01-17 15:47:11.852 [info] Review+0> Resolving pull request
2024-01-17 15:47:11.852 [info] FolderRepositoryManager+0> Found GitHub repo for pr #3: yes
2024-01-17 15:47:11.913 [info] Trying to use globalState for assignableUsers.
2024-01-17 15:47:11.927 [info] Trying to use globalState for assignableUsers.
2024-01-17 15:47:11.991 [info] Review+1> Found matching pull request metadata for current branch main. Repo: SerbanDumitru/assignment_2_OOP PR: 1
2024-01-17 15:47:11.991 [info] Review+1> current branch main is associated with pull request #1
2024-01-17 15:47:11.991 [info] Review+1> Resolving pull request
2024-01-17 15:47:11.991 [info] FolderRepositoryManager+1> Found GitHub repo for pr #1: yes
2024-01-17 15:47:12.011 [info] Review+2> No matching pull request metadata found locally for current branch main
2024-01-17 15:47:12.052 [info] Using globalState assignableUsers for 1.
2024-01-17 15:47:12.720 [info] Using globalState assignableUsers for 1.
2024-01-17 15:47:12.746 [info] Using globalState assignableUsers for 1.
2024-01-17 15:47:12.771 [info] Using globalState assignableUsers for 1.
2024-01-17 15:47:12.876 [info] Review+3> No matching pull request metadata found on GitHub for current branch main
2024-01-17 15:47:13.300 [info] Review+2> No matching pull request metadata found on GitHub for current branch main
2024-01-17 15:47:13.319 [info] FolderRepositoryManager+0> Found GitHub pr repo for pr #3: yes
2024-01-17 15:47:13.319 [info] GitHubRepository> Fetch branch submission - enter
2024-01-17 15:47:13.539 [info] FolderRepositoryManager+1> Found GitHub pr repo for pr #1: yes
2024-01-17 15:47:13.539 [info] GitHubRepository> Fetch branch submission - enter
2024-01-17 15:47:13.768 [info] GitHubRepository> Fetch branch submission - done: true
2024-01-17 15:47:13.798 [info] Review+0> Resolved PR #3, state is 0
2024-01-17 15:47:13.798 [info] Review+0> Fetching pull request data
2024-01-17 15:47:13.799 [info] PullRequestTree> Adding PR #3 to tree
2024-01-17 15:47:13.939 [info] GitHubRepository> Fetch branch submission - done: true
2024-01-17 15:47:13.958 [info] Review+1> Resolved PR #1, state is 0
2024-01-17 15:47:13.958 [info] Review+1> Fetching pull request data
2024-01-17 15:47:13.958 [info] PullRequestTree> Adding PR #1 to tree
2024-01-17 15:47:14.013 [info] Review+0> Register comments provider
2024-01-17 15:47:14.020 [info] Review+0> Register in memory content provider
2024-01-17 15:47:14.044 [info] Review+1> Register comments provider
2024-01-17 15:47:14.066 [info] Review+1> Register in memory content provider
2024-01-17 15:47:14.067 [info] FolderRepositoryManager+0> Found GitHub repo for pr #3: yes
2024-01-17 15:47:15.102 [info] FolderRepositoryManager+0> Found GitHub pr repo for pr #3: yes
2024-01-17 15:47:15.102 [info] GitHubRepository> Fetch branch submission - enter
2024-01-17 15:47:15.174 [info] Review+0> Display pull request status bar indicator.
2024-01-17 15:47:15.174 [info] Review+0> Using focus mode = true.
2024-01-17 15:47:15.174 [info] Review+0> State validation silent = true.
2024-01-17 15:47:15.174 [info] Review+0> PR show should show = false.
2024-01-17 15:47:15.798 [info] GitHubRepository> Fetch branch submission - done: true
2024-01-17 15:47:15.890 [info] Repo state for file:///home/main/Desktop/uni/oop/assignment_1_OOP changed.
2024-01-17 15:47:15.890 [info] Repo file:///home/main/Desktop/uni/oop/assignment_1_OOP has already been setup.
2024-01-17 15:47:15.896 [error] FolderRepositoryManager+0> Error when fetching: git@github.com: Permission denied (publickey).
fatal: Could not read from remote repository.

Please make sure you have the correct access rights
and the repository exists.

2024-01-17 15:47:15.910 [info] Review+1> Display pull request status bar indicator.
2024-01-17 15:47:15.910 [info] Review+1> Using focus mode = true.
2024-01-17 15:47:15.910 [info] Review+1> State validation silent = true.
2024-01-17 15:47:15.910 [info] Review+1> PR show should show = false.
2024-01-17 15:50:11.239 [info] Repo state for file:///home/main/Desktop/uni/sigsys/assignment1 changed.
2024-01-17 15:50:11.239 [info] Repo file:///home/main/Desktop/uni/sigsys/assignment1 has already been setup.
2024-01-17 15:52:10.426 [info] FolderRepositoryManager+1> Found GitHub repo for pr #1: yes
2024-01-17 15:52:10.441 [info] FolderRepositoryManager+0> Found GitHub repo for pr #3: yes
2024-01-17 15:52:11.125 [info] FolderRepositoryManager+0> Found GitHub pr repo for pr #3: yes
2024-01-17 15:52:11.125 [info] GitHubRepository> Fetch branch submission - enter
2024-01-17 15:52:11.327 [info] FolderRepositoryManager+1> Found GitHub pr repo for pr #1: yes
2024-01-17 15:52:11.327 [info] GitHubRepository> Fetch branch submission - enter
2024-01-17 15:52:11.440 [info] GitHubRepository> Fetch branch submission - done: true
2024-01-17 15:52:11.729 [info] GitHubRepository> Fetch branch submission - done: true
2024-01-17 15:54:25.026 [info] Repo state for file:///home/main/Desktop/uni/oop/assignment_2_OOP changed.
2024-01-17 15:54:25.026 [info] Repo file:///home/main/Desktop/uni/oop/assignment_2_OOP has already been setup.
2024-01-17 15:57:13.100 [info] FolderRepositoryManager+0> Found GitHub repo for pr #3: yes
2024-01-17 15:57:13.723 [info] FolderRepositoryManager+0> Found GitHub pr repo for pr #3: yes
2024-01-17 15:57:13.723 [info] GitHubRepository> Fetch branch submission - enter
2024-01-17 15:57:13.768 [info] FolderRepositoryManager+1> Found GitHub repo for pr #1: yes
2024-01-17 15:57:14.075 [info] GitHubRepository> Fetch branch submission - done: true
2024-01-17 15:57:14.303 [info] FolderRepositoryManager+1> Found GitHub pr repo for pr #1: yes
2024-01-17 15:57:14.304 [info] GitHubRepository> Fetch branch submission - enter
2024-01-17 15:57:14.620 [info] GitHubRepository> Fetch branch submission - done: true
2024-01-17 15:59:42.593 [error] FolderRepositoryManager+1> Error when fetching: Received disconnect from 140.82.121.4 port 22:11: Bye Bye
Disconnected from 140.82.121.4 port 22
fatal: Could not read from remote repository.

Please make sure you have the correct access rights
and the repository exists.

2024-01-17 16:02:15.600 [info] FolderRepositoryManager+0> Found GitHub repo for pr #3: yes
2024-01-17 16:02:16.474 [info] FolderRepositoryManager+0> Found GitHub pr repo for pr #3: yes
2024-01-17 16:02:16.474 [info] GitHubRepository> Fetch branch submission - enter
2024-01-17 16:02:16.732 [info] FolderRepositoryManager+1> Found GitHub repo for pr #1: yes
2024-01-17 16:02:16.816 [info] GitHubRepository> Fetch branch submission - done: true
2024-01-17 16:02:17.526 [info] FolderRepositoryManager+1> Found GitHub pr repo for pr #1: yes
2024-01-17 16:02:17.526 [info] GitHubRepository> Fetch branch submission - enter
2024-01-17 16:02:17.845 [info] GitHubRepository> Fetch branch submission - done: true
2024-01-17 16:07:18.528 [info] FolderRepositoryManager+0> Found GitHub repo for pr #3: yes
2024-01-17 16:07:19.223 [info] FolderRepositoryManager+0> Found GitHub pr repo for pr #3: yes
2024-01-17 16:07:19.224 [info] GitHubRepository> Fetch branch submission - enter
2024-01-17 16:07:19.580 [info] GitHubRepository> Fetch branch submission - done: true
2024-01-17 16:07:19.898 [info] FolderRepositoryManager+1> Found GitHub repo for pr #1: yes
2024-01-17 16:07:20.626 [info] FolderRepositoryManager+1> Found GitHub pr repo for pr #1: yes
2024-01-17 16:07:20.626 [info] GitHubRepository> Fetch branch submission - enter
2024-01-17 16:07:20.951 [info] GitHubRepository> Fetch branch submission - done: true
2024-01-17 16:08:00.670 [info] PullRequestTree> Removing PR #1 from tree
