2024-01-17 15:47:02.916 [info] Initial editor state {"filesToOpenOrCreate":[{"fileUri":{"$mid":1,"path":"/home/main/ms-toolsai.jupyter","scheme":"file"},"type":1,"exists":true,"options":{}},{"fileUri":{"$mid":1,"path":"/home/main/ms-python.python","scheme":"file"},"type":1,"exists":true,"options":{}}],"filesToDiff":[],"filesToMerge":[]}
2024-01-17 15:47:03.613 [info] Started local extension host with pid 1690.
2024-01-17 15:47:05.230 [error] Extension 'ms-python.python CANNOT USE these API proposals 'contribEditorContentMenu, quickPickSortByLabel, testObserver, quickPickItemTooltip, saveEditor, terminalDataWriteEvent'. You MUST start in extension development mode or use the --enable-proposed-api command line flag
2024-01-17 15:47:05.408 [error] [ms-python.python]: editor/content is a proposed menu identifier. It requires 'package.json#enabledApiProposals: ["contribEditorContentMenu"]' and is only available when running out of dev or with the following command line switch: --enable-proposed-api ms-python.python
2024-01-17 16:02:09.403 [error] Illegal value for lineNumber: Error: Illegal value for lineNumber
    at q.getLineContent (vscode-file://vscode-app/usr/lib/code/out/vs/workbench/workbench.desktop.main.js:730:4396)
    at o.update (vscode-file://vscode-app/usr/lib/code/out/vs/workbench/workbench.desktop.main.js:681:81713)
    at P.w (vscode-file://vscode-app/usr/lib/code/out/vs/workbench/workbench.desktop.main.js:744:53935)
2024-01-17 16:04:17.355 [error] There are no commenting ranges at the current position.: Error: There are no commenting ranges at the current position.
    at O.addCommentAtLine (vscode-file://vscode-app/usr/lib/code/out/vs/workbench/workbench.desktop.main.js:2063:2555)
    at O.addOrToggleCommentAtLine (vscode-file://vscode-app/usr/lib/code/out/vs/workbench/workbench.desktop.main.js:2063:2087)
    at O.Y (vscode-file://vscode-app/usr/lib/code/out/vs/workbench/workbench.desktop.main.js:2063:1793)
    at o.value (vscode-file://vscode-app/usr/lib/code/out/vs/workbench/workbench.desktop.main.js:2062:18489)
    at J.y (vscode-file://vscode-app/usr/lib/code/out/vs/workbench/workbench.desktop.main.js:87:1902)
    at J.z (vscode-file://vscode-app/usr/lib/code/out/vs/workbench/workbench.desktop.main.js:87:1972)
    at J.fire (vscode-file://vscode-app/usr/lib/code/out/vs/workbench/workbench.desktop.main.js:87:2188)
    at J.fire (vscode-file://vscode-app/usr/lib/code/out/vs/workbench/workbench.desktop.main.js:744:19871)
    at Vb.he.onMouseUp (vscode-file://vscode-app/usr/lib/code/out/vs/workbench/workbench.desktop.main.js:744:18171)
    at S.emitMouseUp (vscode-file://vscode-app/usr/lib/code/out/vs/workbench/workbench.desktop.main.js:95:39512)
    at D.emitMouseUp (vscode-file://vscode-app/usr/lib/code/out/vs/workbench/workbench.desktop.main.js:681:40889)
    at g.F (vscode-file://vscode-app/usr/lib/code/out/vs/workbench/workbench.desktop.main.js:719:14420)
    at vscode-file://vscode-app/usr/lib/code/out/vs/workbench/workbench.desktop.main.js:719:12058
    at HTMLDivElement.<anonymous> (vscode-file://vscode-app/usr/lib/code/out/vs/workbench/workbench.desktop.main.js:714:30685)
2024-01-17 16:07:59.467 [error] Unable to read file '/home/main/Desktop/uni/oop/assignment_2_OOP/part_2/main.py' (Error: File not modified since): Error: Unable to read file '/home/main/Desktop/uni/oop/assignment_2_OOP/part_2/main.py' (Error: File not modified since)
    at n.F (vscode-file://vscode-app/usr/lib/code/out/vs/workbench/workbench.desktop.main.js:645:18798)
    at n.D (vscode-file://vscode-app/usr/lib/code/out/vs/workbench/workbench.desktop.main.js:645:18686)
    at async b.M (vscode-file://vscode-app/usr/lib/code/out/vs/workbench/workbench.desktop.main.js:2169:42874)
    at async b.readStream (vscode-file://vscode-app/usr/lib/code/out/vs/workbench/workbench.desktop.main.js:2169:42628)
    at async P.Cb (vscode-file://vscode-app/usr/lib/code/out/vs/workbench/workbench.desktop.main.js:2158:6445)
    at async P.resolve (vscode-file://vscode-app/usr/lib/code/out/vs/workbench/workbench.desktop.main.js:2158:4892)
    at async vscode-file://vscode-app/usr/lib/code/out/vs/workbench/workbench.desktop.main.js:2169:38735
