2023-12-06 22:58:20.227 [info] Activation> Extension version: 0.76.1
2023-12-06 22:58:20.501 [info] Looking for git repository
2023-12-06 22:58:20.501 [info] Found 0 repositories during activation
2023-12-06 22:58:20.501 [info] Git repository found, initializing review manager and pr tree view.
2023-12-06 22:59:18.216 [info] Activation> Extension version: 0.76.1
2023-12-06 22:59:18.406 [info] Looking for git repository
2023-12-06 22:59:18.406 [info] Found 0 repositories during activation
2023-12-06 22:59:18.406 [info] Git repository found, initializing review manager and pr tree view.
2023-12-06 23:16:06.340 [info] Registering git provider
2023-12-06 23:16:06.810 [info] Git initialization state changed: state=initialized
2023-12-06 23:16:29.296 [info] Repository file:///home/main/Desktop/uni/oop/assignment_1_OOP has been opened
2023-12-06 23:16:29.296 [info] Review> Validate state in progress
2023-12-06 23:16:29.296 [info] Review> Validating state...
2023-12-06 23:16:29.301 [warning] No remotes found. The following remotes are missing: origin, upstream
2023-12-06 23:16:29.301 [info] No GitHub remotes found for folder /home/main/Desktop/uni/oop/assignment_1_OOP
2023-12-06 23:16:29.425 [info] Review> Queuing additional validate state
2023-12-06 23:16:29.425 [info] Repo state for file:///home/main/Desktop/uni/oop/assignment_1_OOP changed.
2023-12-06 23:16:29.425 [info] Repo file:///home/main/Desktop/uni/oop/assignment_1_OOP has already been setup.
2023-12-06 23:16:29.733 [info] Review> Validating state...
2023-12-06 23:16:29.815 [info] Found GitHub remote for folder /home/main/Desktop/uni/oop/assignment_1_OOP
2023-12-06 23:16:30.297 [info] Trying to use globalState for assignableUsers.
2023-12-06 23:16:30.673 [info] Using globalState assignableUsers for 1.
2023-12-06 23:16:30.763 [info] Review> Found matching pull request metadata for current branch main. Repo: SerbanDumitru/assignment_1_OOP PR: 3
2023-12-06 23:16:30.763 [info] Review> current branch main is associated with pull request #3
2023-12-06 23:16:30.763 [info] Review> Resolving pull request
2023-12-06 23:16:31.794 [info] Review> Resolved PR #3, state is 0
2023-12-06 23:16:31.794 [info] Review> Fetching pull request data
2023-12-06 23:16:31.794 [info] PullRequestTree> Adding PR #3 to tree
2023-12-06 23:16:31.828 [info] Review> Register comments provider
2023-12-06 23:16:31.831 [info] Review> Register in memory content provider
2023-12-06 23:16:32.762 [info] Review> Display pull request status bar indicator.
2023-12-06 23:16:32.762 [info] Review> Using focus mode = true.
2023-12-06 23:16:32.762 [info] Review> State validation silent = true.
2023-12-06 23:16:32.762 [info] Review> PR show should show = false.
2023-12-06 23:16:41.162 [info] Review> Branch main will now be ignored in ignoredPullRequestBranches.
2023-12-06 23:16:41.391 [info] Review> Validating state...
2023-12-06 23:16:41.412 [info] Found GitHub remote for folder /home/main/Desktop/uni/oop/assignment_1_OOP
2023-12-06 23:16:41.415 [info] Trying to use globalState for mentionableUsers.
2023-12-06 23:16:41.415 [info] Using in-memory cached assignable users.
2023-12-06 23:16:41.427 [info] Review> Branch main is ignored in ignoredPullRequestBranches.
2023-12-06 23:16:41.427 [info] PullRequestTree> Removing PR #3 from tree
2023-12-06 23:16:41.554 [info] Using globalState mentionableUsers for 1.
2023-12-06 23:16:43.263 [error] FolderRepositoryManager> Error when fetching: git@github.com: Permission denied (publickey).
fatal: Could not read from remote repository.

Please make sure you have the correct access rights
and the repository exists.

