2024-01-17 15:47:09.766 [info] Reading sessions from keychain...
2024-01-17 15:47:09.766 [info] Getting sessions for all scopes...
2024-01-17 15:47:09.766 [info] Got stored sessions!
2024-01-17 15:47:09.766 [info] Got 1 verified sessions.
2024-01-17 15:47:09.766 [info] Got 1 sessions for ...
2024-01-17 15:47:09.766 [info] Getting sessions for read:user,repo,user:email,workflow...
2024-01-17 15:47:09.766 [info] Got 1 sessions for read:user,repo,user:email,workflow...
2024-01-17 15:47:09.766 [info] Getting sessions for all scopes...
2024-01-17 15:47:09.766 [info] Got 1 sessions for ...
2024-01-17 15:47:09.766 [info] Getting sessions for project,read:org,read:user,repo,user:email,workflow...
2024-01-17 15:47:09.766 [info] Got 0 sessions for project,read:org,read:user,repo,user:email,workflow...
2024-01-17 15:47:09.917 [info] Getting sessions for all scopes...
2024-01-17 15:47:09.917 [info] Got 1 sessions for ...
2024-01-17 15:47:09.940 [info] Getting sessions for read:user,repo,user:email,workflow...
2024-01-17 15:47:09.940 [info] Got 1 sessions for read:user,repo,user:email,workflow...
2024-01-17 15:47:10.114 [info] Getting sessions for read:user,repo,user:email,workflow...
2024-01-17 15:47:10.114 [info] Got 1 sessions for read:user,repo,user:email,workflow...
2024-01-17 15:47:10.384 [info] Getting sessions for read:user,repo,user:email,workflow...
2024-01-17 15:47:10.384 [info] Got 1 sessions for read:user,repo,user:email,workflow...
2024-01-17 15:47:10.706 [info] Getting sessions for read:user,repo,user:email,workflow...
2024-01-17 15:47:10.706 [info] Got 1 sessions for read:user,repo,user:email,workflow...
