2024-01-17 15:47:05.377 [info] Extension host with pid 1690 started
2024-01-17 15:47:05.377 [info] Skipping acquiring lock for /home/main/.config/Code - OSS/User/workspaceStorage/f5217debe11dbd7cad9c316b3e12a84f.
2024-01-17 15:47:06.059 [info] ExtensionService#_doActivateExtension vscode.git-base, startup: true, activationEvent: '*', root cause: vscode.git
2024-01-17 15:47:06.241 [info] ExtensionService#_doActivateExtension vscode.git, startup: true, activationEvent: '*'
2024-01-17 15:47:06.545 [info] ExtensionService#_doActivateExtension vscode.github, startup: true, activationEvent: '*'
2024-01-17 15:47:07.142 [info] Eager extensions activated
2024-01-17 15:47:07.671 [info] ExtensionService#_doActivateExtension vscode.debug-auto-launch, startup: false, activationEvent: 'onStartupFinished'
2024-01-17 15:47:07.685 [info] ExtensionService#_doActivateExtension vscode.merge-conflict, startup: false, activationEvent: 'onStartupFinished'
2024-01-17 15:47:07.827 [info] ExtensionService#_doActivateExtension vscode.github-authentication, startup: false, activationEvent: 'onStartupFinished', root cause: GitHub.vscode-pull-request-github
2024-01-17 15:47:08.646 [info] ExtensionService#_doActivateExtension GitHub.vscode-pull-request-github, startup: false, activationEvent: 'onStartupFinished'
2024-01-17 15:47:12.126 [info] ExtensionService#_doActivateExtension vscode.json-language-features, startup: false, activationEvent: 'onLanguage:jsonc'
2024-01-17 15:47:12.322 [info] ExtensionService#_doActivateExtension vscode.typescript-language-features, startup: false, activationEvent: 'onLanguage:jsonc'
2024-01-17 15:47:12.551 [info] ExtensionService#_doActivateExtension vscode.emmet, startup: false, activationEvent: 'onLanguage'
2024-01-17 15:47:16.788 [error] Error: Git relative path not found. Was looking for .vscode/settings.json among []
	at $.getGitRelativePath (/usr/lib/code/extensions/git/dist/main.js:2:896609)
	at async /usr/lib/code/extensions/git/dist/main.js:2:988552
	at async M.eb (/usr/lib/code/extensions/git/dist/main.js:2:993243)
	at async M.db (/usr/lib/code/extensions/git/dist/main.js:2:992935)
	at async M.show (/usr/lib/code/extensions/git/dist/main.js:2:988259)
2024-01-17 15:47:16.791 [error] Error: Git relative path not found. Was looking for part_1/src/codebreaker.py among [
  "part_1/src/__init__.py",
  "part_1/src/tests"
]
	at $.getGitRelativePath (/usr/lib/code/extensions/git/dist/main.js:2:896609)
	at async /usr/lib/code/extensions/git/dist/main.js:2:988552
	at async M.eb (/usr/lib/code/extensions/git/dist/main.js:2:993243)
	at async M.db (/usr/lib/code/extensions/git/dist/main.js:2:992935)
	at async M.show (/usr/lib/code/extensions/git/dist/main.js:2:988259)
2024-01-17 15:47:16.793 [error] Error: Git relative path not found. Was looking for part_1/src/codemaker.py among [
  "part_1/src/__init__.py",
  "part_1/src/tests"
]
	at $.getGitRelativePath (/usr/lib/code/extensions/git/dist/main.js:2:896609)
	at async /usr/lib/code/extensions/git/dist/main.js:2:988552
	at async M.eb (/usr/lib/code/extensions/git/dist/main.js:2:993243)
	at async M.db (/usr/lib/code/extensions/git/dist/main.js:2:992935)
	at async M.show (/usr/lib/code/extensions/git/dist/main.js:2:988259)
2024-01-17 15:47:16.795 [error] Error: Git relative path not found. Was looking for part_1/src/tests/test_codebreaker.py among [
  "part_1/src/tests/__init__.py"
]
	at $.getGitRelativePath (/usr/lib/code/extensions/git/dist/main.js:2:896609)
	at async /usr/lib/code/extensions/git/dist/main.js:2:988552
	at async M.eb (/usr/lib/code/extensions/git/dist/main.js:2:993243)
	at async M.db (/usr/lib/code/extensions/git/dist/main.js:2:992935)
	at async M.show (/usr/lib/code/extensions/git/dist/main.js:2:988259)
2024-01-17 15:47:16.799 [error] Error: Git relative path not found. Was looking for part_1/src/tests/test_codemaker.py among [
  "part_1/src/tests/__init__.py"
]
	at $.getGitRelativePath (/usr/lib/code/extensions/git/dist/main.js:2:896609)
	at async /usr/lib/code/extensions/git/dist/main.js:2:988552
	at async M.eb (/usr/lib/code/extensions/git/dist/main.js:2:993243)
	at async M.db (/usr/lib/code/extensions/git/dist/main.js:2:992935)
	at async M.show (/usr/lib/code/extensions/git/dist/main.js:2:988259)
2024-01-17 15:47:16.800 [error] Error: Git relative path not found. Was looking for part_2/src/model_saver.py among [
  "part_2/src/__init__.py"
]
	at $.getGitRelativePath (/usr/lib/code/extensions/git/dist/main.js:2:896609)
	at async /usr/lib/code/extensions/git/dist/main.js:2:988552
	at async M.eb (/usr/lib/code/extensions/git/dist/main.js:2:993243)
	at async M.db (/usr/lib/code/extensions/git/dist/main.js:2:992935)
	at async M.show (/usr/lib/code/extensions/git/dist/main.js:2:988259)
2024-01-17 15:47:16.803 [error] Error: Git relative path not found. Was looking for part_2/src/multi_linear_regression.py among [
  "part_2/src/__init__.py"
]
	at $.getGitRelativePath (/usr/lib/code/extensions/git/dist/main.js:2:896609)
	at async /usr/lib/code/extensions/git/dist/main.js:2:988552
	at async M.eb (/usr/lib/code/extensions/git/dist/main.js:2:993243)
	at async M.db (/usr/lib/code/extensions/git/dist/main.js:2:992935)
	at async M.show (/usr/lib/code/extensions/git/dist/main.js:2:988259)
2024-01-17 15:47:16.804 [error] Error: Git relative path not found. Was looking for part_2/src/regression_plotter.py among [
  "part_2/src/__init__.py"
]
	at $.getGitRelativePath (/usr/lib/code/extensions/git/dist/main.js:2:896609)
	at async /usr/lib/code/extensions/git/dist/main.js:2:988552
	at async M.eb (/usr/lib/code/extensions/git/dist/main.js:2:993243)
	at async M.db (/usr/lib/code/extensions/git/dist/main.js:2:992935)
	at async M.show (/usr/lib/code/extensions/git/dist/main.js:2:988259)
2024-01-17 15:47:16.805 [error] Error: Git relative path not found. Was looking for saving_file.sav among [
  ".github",
  ".gitignore",
  "LICENSE",
  "README.md",
  "part_1",
  "part_2",
  "requirements.txt",
  "use_template.png"
]
	at $.getGitRelativePath (/usr/lib/code/extensions/git/dist/main.js:2:896609)
	at async /usr/lib/code/extensions/git/dist/main.js:2:988552
	at async M.eb (/usr/lib/code/extensions/git/dist/main.js:2:993243)
	at async M.db (/usr/lib/code/extensions/git/dist/main.js:2:992935)
	at async M.show (/usr/lib/code/extensions/git/dist/main.js:2:988259)
2024-01-17 15:47:21.015 [info] ExtensionService#_doActivateExtension ms-python.python, startup: false, activationEvent: 'onLanguage:python', root cause: ms-python.black-formatter
2024-01-17 15:47:22.596 [info] ExtensionService#_doActivateExtension ms-python.black-formatter, startup: false, activationEvent: 'onLanguage:python'
2024-01-17 15:47:22.718 [info] ExtensionService#_doActivateExtension ms-python.flake8, startup: false, activationEvent: 'onLanguage:python'
2024-01-17 15:47:23.913 [error] Error: Extension 'ms-python.python' CANNOT use API proposal: testObserver.
Its package.json#enabledApiProposals-property declares:  but NOT testObserver.
 The missing proposal MUST be added and you must start in extension development mode or use the following command line switch: --enable-proposed-api ms-python.python
	at v (/usr/lib/code/out/vs/workbench/api/node/extensionHostProcess.js:138:48007)
	at get testResults [as testResults] (/usr/lib/code/out/vs/workbench/api/node/extensionHostProcess.js:158:23805)
	at T.activate (/home/main/.vscode-oss/extensions/ms-python.python-2023.20.0-universal/out/client/extension.js:2:791840)
	at /home/main/.vscode-oss/extensions/ms-python.python-2023.20.0-universal/out/client/extension.js:2:2386
	at Array.map (<anonymous>)
	at g.activateWorkspace (/home/main/.vscode-oss/extensions/ms-python.python-2023.20.0-universal/out/client/extension.js:2:2376)
2024-01-17 15:52:14.079 [error] Error: Git relative path not found. Was looking for .vscode/settings.json among []
	at $.getGitRelativePath (/usr/lib/code/extensions/git/dist/main.js:2:896609)
	at async /usr/lib/code/extensions/git/dist/main.js:2:988552
	at async M.eb (/usr/lib/code/extensions/git/dist/main.js:2:993243)
	at async M.db (/usr/lib/code/extensions/git/dist/main.js:2:992935)
	at async M.show (/usr/lib/code/extensions/git/dist/main.js:2:988259)
2024-01-17 15:52:14.080 [error] Error: Git relative path not found. Was looking for part_1/src/codebreaker.py among [
  "part_1/src/__init__.py",
  "part_1/src/tests"
]
	at $.getGitRelativePath (/usr/lib/code/extensions/git/dist/main.js:2:896609)
	at async /usr/lib/code/extensions/git/dist/main.js:2:988552
	at async M.eb (/usr/lib/code/extensions/git/dist/main.js:2:993243)
	at async M.db (/usr/lib/code/extensions/git/dist/main.js:2:992935)
	at async M.show (/usr/lib/code/extensions/git/dist/main.js:2:988259)
2024-01-17 15:52:14.080 [error] Error: Git relative path not found. Was looking for part_1/src/codemaker.py among [
  "part_1/src/__init__.py",
  "part_1/src/tests"
]
	at $.getGitRelativePath (/usr/lib/code/extensions/git/dist/main.js:2:896609)
	at async /usr/lib/code/extensions/git/dist/main.js:2:988552
	at async M.eb (/usr/lib/code/extensions/git/dist/main.js:2:993243)
	at async M.db (/usr/lib/code/extensions/git/dist/main.js:2:992935)
	at async M.show (/usr/lib/code/extensions/git/dist/main.js:2:988259)
2024-01-17 15:52:14.081 [error] Error: Git relative path not found. Was looking for part_1/src/tests/test_codebreaker.py among [
  "part_1/src/tests/__init__.py"
]
	at $.getGitRelativePath (/usr/lib/code/extensions/git/dist/main.js:2:896609)
	at async /usr/lib/code/extensions/git/dist/main.js:2:988552
	at async M.eb (/usr/lib/code/extensions/git/dist/main.js:2:993243)
	at async M.db (/usr/lib/code/extensions/git/dist/main.js:2:992935)
	at async M.show (/usr/lib/code/extensions/git/dist/main.js:2:988259)
2024-01-17 15:52:14.081 [error] Error: Git relative path not found. Was looking for part_1/src/tests/test_codemaker.py among [
  "part_1/src/tests/__init__.py"
]
	at $.getGitRelativePath (/usr/lib/code/extensions/git/dist/main.js:2:896609)
	at async /usr/lib/code/extensions/git/dist/main.js:2:988552
	at async M.eb (/usr/lib/code/extensions/git/dist/main.js:2:993243)
	at async M.db (/usr/lib/code/extensions/git/dist/main.js:2:992935)
	at async M.show (/usr/lib/code/extensions/git/dist/main.js:2:988259)
2024-01-17 15:52:14.082 [error] Error: Git relative path not found. Was looking for part_2/src/model_saver.py among [
  "part_2/src/__init__.py"
]
	at $.getGitRelativePath (/usr/lib/code/extensions/git/dist/main.js:2:896609)
	at async /usr/lib/code/extensions/git/dist/main.js:2:988552
	at async M.eb (/usr/lib/code/extensions/git/dist/main.js:2:993243)
	at async M.db (/usr/lib/code/extensions/git/dist/main.js:2:992935)
	at async M.show (/usr/lib/code/extensions/git/dist/main.js:2:988259)
2024-01-17 15:52:14.083 [error] Error: Git relative path not found. Was looking for part_2/src/multi_linear_regression.py among [
  "part_2/src/__init__.py"
]
	at $.getGitRelativePath (/usr/lib/code/extensions/git/dist/main.js:2:896609)
	at async /usr/lib/code/extensions/git/dist/main.js:2:988552
	at async M.eb (/usr/lib/code/extensions/git/dist/main.js:2:993243)
	at async M.db (/usr/lib/code/extensions/git/dist/main.js:2:992935)
	at async M.show (/usr/lib/code/extensions/git/dist/main.js:2:988259)
2024-01-17 15:52:14.083 [error] Error: Git relative path not found. Was looking for part_2/src/regression_plotter.py among [
  "part_2/src/__init__.py"
]
	at $.getGitRelativePath (/usr/lib/code/extensions/git/dist/main.js:2:896609)
	at async /usr/lib/code/extensions/git/dist/main.js:2:988552
	at async M.eb (/usr/lib/code/extensions/git/dist/main.js:2:993243)
	at async M.db (/usr/lib/code/extensions/git/dist/main.js:2:992935)
	at async M.show (/usr/lib/code/extensions/git/dist/main.js:2:988259)
2024-01-17 15:52:14.085 [error] Error: Git relative path not found. Was looking for saving_file.sav among [
  ".github",
  ".gitignore",
  "LICENSE",
  "README.md",
  "part_1",
  "part_2",
  "requirements.txt",
  "use_template.png"
]
	at $.getGitRelativePath (/usr/lib/code/extensions/git/dist/main.js:2:896609)
	at async /usr/lib/code/extensions/git/dist/main.js:2:988552
	at async M.eb (/usr/lib/code/extensions/git/dist/main.js:2:993243)
	at async M.db (/usr/lib/code/extensions/git/dist/main.js:2:992935)
	at async M.show (/usr/lib/code/extensions/git/dist/main.js:2:988259)
2024-01-17 15:57:16.914 [error] Error: Git relative path not found. Was looking for part_1/src/codebreaker.py among [
  "part_1/src/__init__.py",
  "part_1/src/tests"
]
	at $.getGitRelativePath (/usr/lib/code/extensions/git/dist/main.js:2:896609)
	at async /usr/lib/code/extensions/git/dist/main.js:2:988552
	at async M.eb (/usr/lib/code/extensions/git/dist/main.js:2:993243)
	at async M.db (/usr/lib/code/extensions/git/dist/main.js:2:992935)
	at async M.show (/usr/lib/code/extensions/git/dist/main.js:2:988259)
2024-01-17 15:57:16.915 [error] Error: Git relative path not found. Was looking for part_1/src/codemaker.py among [
  "part_1/src/__init__.py",
  "part_1/src/tests"
]
	at $.getGitRelativePath (/usr/lib/code/extensions/git/dist/main.js:2:896609)
	at async /usr/lib/code/extensions/git/dist/main.js:2:988552
	at async M.eb (/usr/lib/code/extensions/git/dist/main.js:2:993243)
	at async M.db (/usr/lib/code/extensions/git/dist/main.js:2:992935)
	at async M.show (/usr/lib/code/extensions/git/dist/main.js:2:988259)
2024-01-17 15:57:16.917 [error] Error: Git relative path not found. Was looking for part_1/src/tests/test_codebreaker.py among [
  "part_1/src/tests/__init__.py"
]
	at $.getGitRelativePath (/usr/lib/code/extensions/git/dist/main.js:2:896609)
	at async /usr/lib/code/extensions/git/dist/main.js:2:988552
	at async M.eb (/usr/lib/code/extensions/git/dist/main.js:2:993243)
	at async M.db (/usr/lib/code/extensions/git/dist/main.js:2:992935)
	at async M.show (/usr/lib/code/extensions/git/dist/main.js:2:988259)
2024-01-17 15:57:16.918 [error] Error: Git relative path not found. Was looking for part_1/src/tests/test_codemaker.py among [
  "part_1/src/tests/__init__.py"
]
	at $.getGitRelativePath (/usr/lib/code/extensions/git/dist/main.js:2:896609)
	at async /usr/lib/code/extensions/git/dist/main.js:2:988552
	at async M.eb (/usr/lib/code/extensions/git/dist/main.js:2:993243)
	at async M.db (/usr/lib/code/extensions/git/dist/main.js:2:992935)
	at async M.show (/usr/lib/code/extensions/git/dist/main.js:2:988259)
2024-01-17 15:57:16.920 [error] Error: Git relative path not found. Was looking for part_2/src/model_saver.py among [
  "part_2/src/__init__.py"
]
	at $.getGitRelativePath (/usr/lib/code/extensions/git/dist/main.js:2:896609)
	at async /usr/lib/code/extensions/git/dist/main.js:2:988552
	at async M.eb (/usr/lib/code/extensions/git/dist/main.js:2:993243)
	at async M.db (/usr/lib/code/extensions/git/dist/main.js:2:992935)
	at async M.show (/usr/lib/code/extensions/git/dist/main.js:2:988259)
2024-01-17 15:57:16.921 [error] Error: Git relative path not found. Was looking for part_2/src/multi_linear_regression.py among [
  "part_2/src/__init__.py"
]
	at $.getGitRelativePath (/usr/lib/code/extensions/git/dist/main.js:2:896609)
	at async /usr/lib/code/extensions/git/dist/main.js:2:988552
	at async M.eb (/usr/lib/code/extensions/git/dist/main.js:2:993243)
	at async M.db (/usr/lib/code/extensions/git/dist/main.js:2:992935)
	at async M.show (/usr/lib/code/extensions/git/dist/main.js:2:988259)
2024-01-17 15:57:16.923 [error] Error: Git relative path not found. Was looking for part_2/src/regression_plotter.py among [
  "part_2/src/__init__.py"
]
	at $.getGitRelativePath (/usr/lib/code/extensions/git/dist/main.js:2:896609)
	at async /usr/lib/code/extensions/git/dist/main.js:2:988552
	at async M.eb (/usr/lib/code/extensions/git/dist/main.js:2:993243)
	at async M.db (/usr/lib/code/extensions/git/dist/main.js:2:992935)
	at async M.show (/usr/lib/code/extensions/git/dist/main.js:2:988259)
2024-01-17 15:57:16.924 [error] Error: Git relative path not found. Was looking for saving_file.sav among [
  ".github",
  ".gitignore",
  "LICENSE",
  "README.md",
  "part_1",
  "part_2",
  "requirements.txt",
  "use_template.png"
]
	at $.getGitRelativePath (/usr/lib/code/extensions/git/dist/main.js:2:896609)
	at async /usr/lib/code/extensions/git/dist/main.js:2:988552
	at async M.eb (/usr/lib/code/extensions/git/dist/main.js:2:993243)
	at async M.db (/usr/lib/code/extensions/git/dist/main.js:2:992935)
	at async M.show (/usr/lib/code/extensions/git/dist/main.js:2:988259)
2024-01-17 15:57:16.925 [error] Error: Git relative path not found. Was looking for .vscode/settings.json among []
	at $.getGitRelativePath (/usr/lib/code/extensions/git/dist/main.js:2:896609)
	at async /usr/lib/code/extensions/git/dist/main.js:2:988552
	at async M.eb (/usr/lib/code/extensions/git/dist/main.js:2:993243)
	at async M.db (/usr/lib/code/extensions/git/dist/main.js:2:992935)
	at async M.show (/usr/lib/code/extensions/git/dist/main.js:2:988259)
2024-01-17 16:02:20.207 [error] Error: Git relative path not found. Was looking for .vscode/settings.json among []
	at $.getGitRelativePath (/usr/lib/code/extensions/git/dist/main.js:2:896609)
	at async /usr/lib/code/extensions/git/dist/main.js:2:988552
	at async M.eb (/usr/lib/code/extensions/git/dist/main.js:2:993243)
	at async M.db (/usr/lib/code/extensions/git/dist/main.js:2:992935)
	at async M.show (/usr/lib/code/extensions/git/dist/main.js:2:988259)
2024-01-17 16:02:20.208 [error] Error: Git relative path not found. Was looking for part_1/src/codebreaker.py among [
  "part_1/src/__init__.py",
  "part_1/src/tests"
]
	at $.getGitRelativePath (/usr/lib/code/extensions/git/dist/main.js:2:896609)
	at async /usr/lib/code/extensions/git/dist/main.js:2:988552
	at async M.eb (/usr/lib/code/extensions/git/dist/main.js:2:993243)
	at async M.db (/usr/lib/code/extensions/git/dist/main.js:2:992935)
	at async M.show (/usr/lib/code/extensions/git/dist/main.js:2:988259)
2024-01-17 16:02:20.209 [error] Error: Git relative path not found. Was looking for part_1/src/codemaker.py among [
  "part_1/src/__init__.py",
  "part_1/src/tests"
]
	at $.getGitRelativePath (/usr/lib/code/extensions/git/dist/main.js:2:896609)
	at async /usr/lib/code/extensions/git/dist/main.js:2:988552
	at async M.eb (/usr/lib/code/extensions/git/dist/main.js:2:993243)
	at async M.db (/usr/lib/code/extensions/git/dist/main.js:2:992935)
	at async M.show (/usr/lib/code/extensions/git/dist/main.js:2:988259)
2024-01-17 16:02:20.210 [error] Error: Git relative path not found. Was looking for part_1/src/tests/test_codebreaker.py among [
  "part_1/src/tests/__init__.py"
]
	at $.getGitRelativePath (/usr/lib/code/extensions/git/dist/main.js:2:896609)
	at async /usr/lib/code/extensions/git/dist/main.js:2:988552
	at async M.eb (/usr/lib/code/extensions/git/dist/main.js:2:993243)
	at async M.db (/usr/lib/code/extensions/git/dist/main.js:2:992935)
	at async M.show (/usr/lib/code/extensions/git/dist/main.js:2:988259)
2024-01-17 16:02:20.211 [error] Error: Git relative path not found. Was looking for part_1/src/tests/test_codemaker.py among [
  "part_1/src/tests/__init__.py"
]
	at $.getGitRelativePath (/usr/lib/code/extensions/git/dist/main.js:2:896609)
	at async /usr/lib/code/extensions/git/dist/main.js:2:988552
	at async M.eb (/usr/lib/code/extensions/git/dist/main.js:2:993243)
	at async M.db (/usr/lib/code/extensions/git/dist/main.js:2:992935)
	at async M.show (/usr/lib/code/extensions/git/dist/main.js:2:988259)
2024-01-17 16:02:20.212 [error] Error: Git relative path not found. Was looking for part_2/src/model_saver.py among [
  "part_2/src/__init__.py"
]
	at $.getGitRelativePath (/usr/lib/code/extensions/git/dist/main.js:2:896609)
	at async /usr/lib/code/extensions/git/dist/main.js:2:988552
	at async M.eb (/usr/lib/code/extensions/git/dist/main.js:2:993243)
	at async M.db (/usr/lib/code/extensions/git/dist/main.js:2:992935)
	at async M.show (/usr/lib/code/extensions/git/dist/main.js:2:988259)
2024-01-17 16:02:20.212 [error] Error: Git relative path not found. Was looking for part_2/src/multi_linear_regression.py among [
  "part_2/src/__init__.py"
]
	at $.getGitRelativePath (/usr/lib/code/extensions/git/dist/main.js:2:896609)
	at async /usr/lib/code/extensions/git/dist/main.js:2:988552
	at async M.eb (/usr/lib/code/extensions/git/dist/main.js:2:993243)
	at async M.db (/usr/lib/code/extensions/git/dist/main.js:2:992935)
	at async M.show (/usr/lib/code/extensions/git/dist/main.js:2:988259)
2024-01-17 16:02:20.212 [error] Error: Git relative path not found. Was looking for part_2/src/regression_plotter.py among [
  "part_2/src/__init__.py"
]
	at $.getGitRelativePath (/usr/lib/code/extensions/git/dist/main.js:2:896609)
	at async /usr/lib/code/extensions/git/dist/main.js:2:988552
	at async M.eb (/usr/lib/code/extensions/git/dist/main.js:2:993243)
	at async M.db (/usr/lib/code/extensions/git/dist/main.js:2:992935)
	at async M.show (/usr/lib/code/extensions/git/dist/main.js:2:988259)
2024-01-17 16:02:20.213 [error] Error: Git relative path not found. Was looking for saving_file.sav among [
  ".github",
  ".gitignore",
  "LICENSE",
  "README.md",
  "part_1",
  "part_2",
  "requirements.txt",
  "use_template.png"
]
	at $.getGitRelativePath (/usr/lib/code/extensions/git/dist/main.js:2:896609)
	at async /usr/lib/code/extensions/git/dist/main.js:2:988552
	at async M.eb (/usr/lib/code/extensions/git/dist/main.js:2:993243)
	at async M.db (/usr/lib/code/extensions/git/dist/main.js:2:992935)
	at async M.show (/usr/lib/code/extensions/git/dist/main.js:2:988259)
2024-01-17 16:03:52.226 [info] ExtensionService#_doActivateExtension vscode.npm, startup: false, activationEvent: 'onTerminalQuickFixRequest:ms-vscode.npm-command'
2024-01-17 16:07:23.255 [error] Error: Git relative path not found. Was looking for .vscode/settings.json among []
	at $.getGitRelativePath (/usr/lib/code/extensions/git/dist/main.js:2:896609)
	at async /usr/lib/code/extensions/git/dist/main.js:2:988552
	at async M.eb (/usr/lib/code/extensions/git/dist/main.js:2:993243)
	at async M.db (/usr/lib/code/extensions/git/dist/main.js:2:992935)
	at async M.show (/usr/lib/code/extensions/git/dist/main.js:2:988259)
2024-01-17 16:07:23.255 [error] Error: Git relative path not found. Was looking for part_1/src/codebreaker.py among [
  "part_1/src/__init__.py",
  "part_1/src/tests"
]
	at $.getGitRelativePath (/usr/lib/code/extensions/git/dist/main.js:2:896609)
	at async /usr/lib/code/extensions/git/dist/main.js:2:988552
	at async M.eb (/usr/lib/code/extensions/git/dist/main.js:2:993243)
	at async M.db (/usr/lib/code/extensions/git/dist/main.js:2:992935)
	at async M.show (/usr/lib/code/extensions/git/dist/main.js:2:988259)
2024-01-17 16:07:23.256 [error] Error: Git relative path not found. Was looking for part_1/src/codemaker.py among [
  "part_1/src/__init__.py",
  "part_1/src/tests"
]
	at $.getGitRelativePath (/usr/lib/code/extensions/git/dist/main.js:2:896609)
	at async /usr/lib/code/extensions/git/dist/main.js:2:988552
	at async M.eb (/usr/lib/code/extensions/git/dist/main.js:2:993243)
	at async M.db (/usr/lib/code/extensions/git/dist/main.js:2:992935)
	at async M.show (/usr/lib/code/extensions/git/dist/main.js:2:988259)
2024-01-17 16:07:23.256 [error] Error: Git relative path not found. Was looking for part_1/src/tests/test_codebreaker.py among [
  "part_1/src/tests/__init__.py"
]
	at $.getGitRelativePath (/usr/lib/code/extensions/git/dist/main.js:2:896609)
	at async /usr/lib/code/extensions/git/dist/main.js:2:988552
	at async M.eb (/usr/lib/code/extensions/git/dist/main.js:2:993243)
	at async M.db (/usr/lib/code/extensions/git/dist/main.js:2:992935)
	at async M.show (/usr/lib/code/extensions/git/dist/main.js:2:988259)
2024-01-17 16:07:23.257 [error] Error: Git relative path not found. Was looking for part_1/src/tests/test_codemaker.py among [
  "part_1/src/tests/__init__.py"
]
	at $.getGitRelativePath (/usr/lib/code/extensions/git/dist/main.js:2:896609)
	at async /usr/lib/code/extensions/git/dist/main.js:2:988552
	at async M.eb (/usr/lib/code/extensions/git/dist/main.js:2:993243)
	at async M.db (/usr/lib/code/extensions/git/dist/main.js:2:992935)
	at async M.show (/usr/lib/code/extensions/git/dist/main.js:2:988259)
2024-01-17 16:07:23.257 [error] Error: Git relative path not found. Was looking for part_2/src/model_saver.py among [
  "part_2/src/__init__.py"
]
	at $.getGitRelativePath (/usr/lib/code/extensions/git/dist/main.js:2:896609)
	at async /usr/lib/code/extensions/git/dist/main.js:2:988552
	at async M.eb (/usr/lib/code/extensions/git/dist/main.js:2:993243)
	at async M.db (/usr/lib/code/extensions/git/dist/main.js:2:992935)
	at async M.show (/usr/lib/code/extensions/git/dist/main.js:2:988259)
2024-01-17 16:07:23.258 [error] Error: Git relative path not found. Was looking for part_2/src/multi_linear_regression.py among [
  "part_2/src/__init__.py"
]
	at $.getGitRelativePath (/usr/lib/code/extensions/git/dist/main.js:2:896609)
	at async /usr/lib/code/extensions/git/dist/main.js:2:988552
	at async M.eb (/usr/lib/code/extensions/git/dist/main.js:2:993243)
	at async M.db (/usr/lib/code/extensions/git/dist/main.js:2:992935)
	at async M.show (/usr/lib/code/extensions/git/dist/main.js:2:988259)
2024-01-17 16:07:23.259 [error] Error: Git relative path not found. Was looking for part_2/src/regression_plotter.py among [
  "part_2/src/__init__.py"
]
	at $.getGitRelativePath (/usr/lib/code/extensions/git/dist/main.js:2:896609)
	at async /usr/lib/code/extensions/git/dist/main.js:2:988552
	at async M.eb (/usr/lib/code/extensions/git/dist/main.js:2:993243)
	at async M.db (/usr/lib/code/extensions/git/dist/main.js:2:992935)
	at async M.show (/usr/lib/code/extensions/git/dist/main.js:2:988259)
2024-01-17 16:07:23.260 [error] Error: Git relative path not found. Was looking for saving_file.sav among [
  ".github",
  ".gitignore",
  "LICENSE",
  "README.md",
  "part_1",
  "part_2",
  "requirements.txt",
  "use_template.png"
]
	at $.getGitRelativePath (/usr/lib/code/extensions/git/dist/main.js:2:896609)
	at async /usr/lib/code/extensions/git/dist/main.js:2:988552
	at async M.eb (/usr/lib/code/extensions/git/dist/main.js:2:993243)
	at async M.db (/usr/lib/code/extensions/git/dist/main.js:2:992935)
	at async M.show (/usr/lib/code/extensions/git/dist/main.js:2:988259)
2024-01-17 16:08:00.621 [info] Extension host terminating: renderer closed the MessagePort
2024-01-17 16:08:00.632 [error] TypeError: Cannot read properties of undefined (reading 'dispose')
	at Rm.removeReviewManager (/home/main/.vscode-oss/extensions/github.vscode-pull-request-github-0.78.1-universal/dist/extension.js:2229:44185)
	at f.value (/home/main/.vscode-oss/extensions/github.vscode-pull-request-github-0.78.1-universal/dist/extension.js:2242:4235)
	at n.y (/usr/lib/code/out/vs/workbench/api/node/extensionHostProcess.js:80:1902)
	at n.z (/usr/lib/code/out/vs/workbench/api/node/extensionHostProcess.js:80:1972)
	at n.fire (/usr/lib/code/out/vs/workbench/api/node/extensionHostProcess.js:80:2188)
	at f.value (/home/main/.vscode-oss/extensions/github.vscode-pull-request-github-0.78.1-universal/dist/extension.js:2043:446996)
	at n.y (/usr/lib/code/out/vs/workbench/api/node/extensionHostProcess.js:80:1902)
	at n.fire (/usr/lib/code/out/vs/workbench/api/node/extensionHostProcess.js:80:2119)
	at /home/main/.vscode-oss/extensions/github.vscode-pull-request-github-0.78.1-universal/dist/extension.js:2130:27689
	at f.value (/usr/lib/code/extensions/git/dist/main.js:2:1016450)
	at n.y (/usr/lib/code/out/vs/workbench/api/node/extensionHostProcess.js:80:1902)
	at n.z (/usr/lib/code/out/vs/workbench/api/node/extensionHostProcess.js:80:1972)
	at n.fire (/usr/lib/code/out/vs/workbench/api/node/extensionHostProcess.js:80:2188)
	at Object.m [as dispose] (/usr/lib/code/extensions/git/dist/main.js:2:940613)
	at /usr/lib/code/extensions/git/dist/main.js:2:945566
	at Array.forEach (<anonymous>)
	at p.dispose (/usr/lib/code/extensions/git/dist/main.js:2:945552)
	at u.<anonymous> (/usr/lib/code/out/vs/workbench/api/node/extensionHostProcess.js:137:3620)
	at u.dispose (/usr/lib/code/out/vs/workbench/api/node/extensionHostProcess.js:137:3717)
	at u.<anonymous> (/usr/lib/code/extensions/git/dist/main.js:2:926708)
	at u.dispose (/usr/lib/code/out/vs/workbench/api/node/extensionHostProcess.js:137:3717)
	at s (/usr/lib/code/out/vs/workbench/api/node/extensionHostProcess.js:30:754)
	at f.cb (/usr/lib/code/out/vs/workbench/api/node/extensionHostProcess.js:154:9873)
	at /usr/lib/code/out/vs/workbench/api/node/extensionHostProcess.js:154:7808
	at Array.map (<anonymous>)
	at f.Y (/usr/lib/code/out/vs/workbench/api/node/extensionHostProcess.js:154:7795)
	at f.terminate (/usr/lib/code/out/vs/workbench/api/node/extensionHostProcess.js:154:8068)
	at s.terminate (/usr/lib/code/out/vs/workbench/api/node/extensionHostProcess.js:158:1513)
	at a (/usr/lib/code/out/vs/workbench/api/node/extensionHostProcess.js:171:9802)
	at MessagePortMain.<anonymous> (/usr/lib/code/out/vs/workbench/api/node/extensionHostProcess.js:171:6227)
	at MessagePortMain.emit (node:events:513:28)
	at MessagePortMain._internalPort.emit (node:electron/js2c/utility_init:2:367)
2024-01-17 16:08:00.634 [error] TypeError: Cannot read properties of undefined (reading 'dispose')
	at Rm.removeReviewManager (/home/main/.vscode-oss/extensions/github.vscode-pull-request-github-0.78.1-universal/dist/extension.js:2229:44185)
	at f.value (/home/main/.vscode-oss/extensions/github.vscode-pull-request-github-0.78.1-universal/dist/extension.js:2242:4235)
	at n.y (/usr/lib/code/out/vs/workbench/api/node/extensionHostProcess.js:80:1902)
	at n.z (/usr/lib/code/out/vs/workbench/api/node/extensionHostProcess.js:80:1972)
	at n.fire (/usr/lib/code/out/vs/workbench/api/node/extensionHostProcess.js:80:2188)
	at f.value (/home/main/.vscode-oss/extensions/github.vscode-pull-request-github-0.78.1-universal/dist/extension.js:2043:446996)
	at n.y (/usr/lib/code/out/vs/workbench/api/node/extensionHostProcess.js:80:1902)
	at n.fire (/usr/lib/code/out/vs/workbench/api/node/extensionHostProcess.js:80:2119)
	at /home/main/.vscode-oss/extensions/github.vscode-pull-request-github-0.78.1-universal/dist/extension.js:2130:27689
	at f.value (/usr/lib/code/extensions/git/dist/main.js:2:1016450)
	at n.y (/usr/lib/code/out/vs/workbench/api/node/extensionHostProcess.js:80:1902)
	at n.z (/usr/lib/code/out/vs/workbench/api/node/extensionHostProcess.js:80:1972)
	at n.fire (/usr/lib/code/out/vs/workbench/api/node/extensionHostProcess.js:80:2188)
	at Object.m [as dispose] (/usr/lib/code/extensions/git/dist/main.js:2:940613)
	at /usr/lib/code/extensions/git/dist/main.js:2:945566
	at Array.forEach (<anonymous>)
	at p.dispose (/usr/lib/code/extensions/git/dist/main.js:2:945552)
	at u.<anonymous> (/usr/lib/code/out/vs/workbench/api/node/extensionHostProcess.js:137:3620)
	at u.dispose (/usr/lib/code/out/vs/workbench/api/node/extensionHostProcess.js:137:3717)
	at u.<anonymous> (/usr/lib/code/extensions/git/dist/main.js:2:926708)
	at u.dispose (/usr/lib/code/out/vs/workbench/api/node/extensionHostProcess.js:137:3717)
	at s (/usr/lib/code/out/vs/workbench/api/node/extensionHostProcess.js:30:754)
	at f.cb (/usr/lib/code/out/vs/workbench/api/node/extensionHostProcess.js:154:9873)
	at /usr/lib/code/out/vs/workbench/api/node/extensionHostProcess.js:154:7808
	at Array.map (<anonymous>)
	at f.Y (/usr/lib/code/out/vs/workbench/api/node/extensionHostProcess.js:154:7795)
	at f.terminate (/usr/lib/code/out/vs/workbench/api/node/extensionHostProcess.js:154:8068)
	at s.terminate (/usr/lib/code/out/vs/workbench/api/node/extensionHostProcess.js:158:1513)
	at a (/usr/lib/code/out/vs/workbench/api/node/extensionHostProcess.js:171:9802)
	at MessagePortMain.<anonymous> (/usr/lib/code/out/vs/workbench/api/node/extensionHostProcess.js:171:6227)
	at MessagePortMain.emit (node:events:513:28)
	at MessagePortMain._internalPort.emit (node:electron/js2c/utility_init:2:367)
2024-01-17 16:08:00.673 [error] Canceled: Canceled
	at new g (/usr/lib/code/out/vs/workbench/api/node/extensionHostProcess.js:141:110274)
	at l.U (/usr/lib/code/out/vs/workbench/api/node/extensionHostProcess.js:150:10866)
	at P.<computed>.j.charCodeAt.P.<computed> (/usr/lib/code/out/vs/workbench/api/node/extensionHostProcess.js:150:8317)
	at d.g (/usr/lib/code/out/vs/workbench/api/node/extensionHostProcess.js:141:139555)
	at d.executeCommand (/usr/lib/code/out/vs/workbench/api/node/extensionHostProcess.js:141:138993)
	at p.registerCommand.description (/usr/lib/code/out/vs/workbench/api/node/extensionHostProcess.js:141:138317)
	at d.h (/usr/lib/code/out/vs/workbench/api/node/extensionHostProcess.js:141:140094)
	at d.g (/usr/lib/code/out/vs/workbench/api/node/extensionHostProcess.js:141:139086)
	at d.executeCommand (/usr/lib/code/out/vs/workbench/api/node/extensionHostProcess.js:141:138993)
	at Object.executeCommand (/usr/lib/code/out/vs/workbench/api/node/extensionHostProcess.js:158:21333)
	at f.I [as value] (/usr/lib/code/extensions/git/dist/main.js:2:924696)
	at n.y (/usr/lib/code/out/vs/workbench/api/node/extensionHostProcess.js:80:1902)
	at n.z (/usr/lib/code/out/vs/workbench/api/node/extensionHostProcess.js:80:1972)
	at n.fire (/usr/lib/code/out/vs/workbench/api/node/extensionHostProcess.js:80:2188)
	at Object.m [as dispose] (/usr/lib/code/extensions/git/dist/main.js:2:940613)
	at /usr/lib/code/extensions/git/dist/main.js:2:945566
	at Array.forEach (<anonymous>)
	at p.dispose (/usr/lib/code/extensions/git/dist/main.js:2:945552)
	at u.<anonymous> (/usr/lib/code/out/vs/workbench/api/node/extensionHostProcess.js:137:3620)
	at u.dispose (/usr/lib/code/out/vs/workbench/api/node/extensionHostProcess.js:137:3717)
	at u.<anonymous> (/usr/lib/code/extensions/git/dist/main.js:2:926708)
	at u.dispose (/usr/lib/code/out/vs/workbench/api/node/extensionHostProcess.js:137:3717)
	at s (/usr/lib/code/out/vs/workbench/api/node/extensionHostProcess.js:30:754)
	at f.cb (/usr/lib/code/out/vs/workbench/api/node/extensionHostProcess.js:154:9873)
	at /usr/lib/code/out/vs/workbench/api/node/extensionHostProcess.js:154:7808
	at Array.map (<anonymous>)
	at f.Y (/usr/lib/code/out/vs/workbench/api/node/extensionHostProcess.js:154:7795)
	at f.terminate (/usr/lib/code/out/vs/workbench/api/node/extensionHostProcess.js:154:8068)
	at s.terminate (/usr/lib/code/out/vs/workbench/api/node/extensionHostProcess.js:158:1513)
	at a (/usr/lib/code/out/vs/workbench/api/node/extensionHostProcess.js:171:9802)
	at MessagePortMain.<anonymous> (/usr/lib/code/out/vs/workbench/api/node/extensionHostProcess.js:171:6227)
	at MessagePortMain.emit (node:events:513:28)
	at MessagePortMain._internalPort.emit (node:electron/js2c/utility_init:2:367) setContext undefined
2024-01-17 16:08:00.673 [error] Canceled: Canceled
	at new g (/usr/lib/code/out/vs/workbench/api/node/extensionHostProcess.js:141:110274)
	at l.U (/usr/lib/code/out/vs/workbench/api/node/extensionHostProcess.js:150:10866)
	at P.<computed>.j.charCodeAt.P.<computed> (/usr/lib/code/out/vs/workbench/api/node/extensionHostProcess.js:150:8317)
	at d.g (/usr/lib/code/out/vs/workbench/api/node/extensionHostProcess.js:141:139555)
	at d.executeCommand (/usr/lib/code/out/vs/workbench/api/node/extensionHostProcess.js:141:138993)
	at p.registerCommand.description (/usr/lib/code/out/vs/workbench/api/node/extensionHostProcess.js:141:138317)
	at d.h (/usr/lib/code/out/vs/workbench/api/node/extensionHostProcess.js:141:140094)
	at d.g (/usr/lib/code/out/vs/workbench/api/node/extensionHostProcess.js:141:139086)
	at d.executeCommand (/usr/lib/code/out/vs/workbench/api/node/extensionHostProcess.js:141:138993)
	at Object.executeCommand (/usr/lib/code/out/vs/workbench/api/node/extensionHostProcess.js:158:21333)
	at e (/home/main/.vscode-oss/extensions/github.vscode-pull-request-github-0.78.1-universal/dist/extension.js:2077:10038)
	at Object.n [as setContext] (/home/main/.vscode-oss/extensions/github.vscode-pull-request-github-0.78.1-universal/dist/extension.js:2077:10153)
	at xp.updateActiveReviewCount (/home/main/.vscode-oss/extensions/github.vscode-pull-request-github-0.78.1-universal/dist/extension.js:2130:22828)
	at xp.removeRepo (/home/main/.vscode-oss/extensions/github.vscode-pull-request-github-0.78.1-universal/dist/extension.js:2130:23973)
	at f.value (/home/main/.vscode-oss/extensions/github.vscode-pull-request-github-0.78.1-universal/dist/extension.js:2242:4217)
	at n.y (/usr/lib/code/out/vs/workbench/api/node/extensionHostProcess.js:80:1902)
	at n.z (/usr/lib/code/out/vs/workbench/api/node/extensionHostProcess.js:80:1972)
	at n.fire (/usr/lib/code/out/vs/workbench/api/node/extensionHostProcess.js:80:2188)
	at f.value (/home/main/.vscode-oss/extensions/github.vscode-pull-request-github-0.78.1-universal/dist/extension.js:2043:446996)
	at n.y (/usr/lib/code/out/vs/workbench/api/node/extensionHostProcess.js:80:1902)
	at n.fire (/usr/lib/code/out/vs/workbench/api/node/extensionHostProcess.js:80:2119)
	at /home/main/.vscode-oss/extensions/github.vscode-pull-request-github-0.78.1-universal/dist/extension.js:2130:27689
	at f.value (/usr/lib/code/extensions/git/dist/main.js:2:1016450)
	at n.y (/usr/lib/code/out/vs/workbench/api/node/extensionHostProcess.js:80:1902)
	at n.z (/usr/lib/code/out/vs/workbench/api/node/extensionHostProcess.js:80:1972)
	at n.fire (/usr/lib/code/out/vs/workbench/api/node/extensionHostProcess.js:80:2188)
	at Object.m [as dispose] (/usr/lib/code/extensions/git/dist/main.js:2:940613)
	at /usr/lib/code/extensions/git/dist/main.js:2:945566
	at Array.forEach (<anonymous>)
	at p.dispose (/usr/lib/code/extensions/git/dist/main.js:2:945552)
	at u.<anonymous> (/usr/lib/code/out/vs/workbench/api/node/extensionHostProcess.js:137:3620)
	at u.dispose (/usr/lib/code/out/vs/workbench/api/node/extensionHostProcess.js:137:3717)
	at u.<anonymous> (/usr/lib/code/extensions/git/dist/main.js:2:926708)
	at u.dispose (/usr/lib/code/out/vs/workbench/api/node/extensionHostProcess.js:137:3717)
	at s (/usr/lib/code/out/vs/workbench/api/node/extensionHostProcess.js:30:754)
	at f.cb (/usr/lib/code/out/vs/workbench/api/node/extensionHostProcess.js:154:9873)
	at /usr/lib/code/out/vs/workbench/api/node/extensionHostProcess.js:154:7808
	at Array.map (<anonymous>)
	at f.Y (/usr/lib/code/out/vs/workbench/api/node/extensionHostProcess.js:154:7795)
	at f.terminate (/usr/lib/code/out/vs/workbench/api/node/extensionHostProcess.js:154:8068)
	at s.terminate (/usr/lib/code/out/vs/workbench/api/node/extensionHostProcess.js:158:1513)
	at a (/usr/lib/code/out/vs/workbench/api/node/extensionHostProcess.js:171:9802)
	at MessagePortMain.<anonymous> (/usr/lib/code/out/vs/workbench/api/node/extensionHostProcess.js:171:6227)
	at MessagePortMain.emit (node:events:513:28)
	at MessagePortMain._internalPort.emit (node:electron/js2c/utility_init:2:367) setContext undefined
2024-01-17 16:08:00.673 [error] Canceled: Canceled
	at new g (/usr/lib/code/out/vs/workbench/api/node/extensionHostProcess.js:141:110274)
	at l.U (/usr/lib/code/out/vs/workbench/api/node/extensionHostProcess.js:150:10866)
	at P.<computed>.j.charCodeAt.P.<computed> (/usr/lib/code/out/vs/workbench/api/node/extensionHostProcess.js:150:8317)
	at d.g (/usr/lib/code/out/vs/workbench/api/node/extensionHostProcess.js:141:139555)
	at d.executeCommand (/usr/lib/code/out/vs/workbench/api/node/extensionHostProcess.js:141:138993)
	at p.registerCommand.description (/usr/lib/code/out/vs/workbench/api/node/extensionHostProcess.js:141:138317)
	at d.h (/usr/lib/code/out/vs/workbench/api/node/extensionHostProcess.js:141:140094)
	at d.g (/usr/lib/code/out/vs/workbench/api/node/extensionHostProcess.js:141:139086)
	at d.executeCommand (/usr/lib/code/out/vs/workbench/api/node/extensionHostProcess.js:141:138993)
	at Object.executeCommand (/usr/lib/code/out/vs/workbench/api/node/extensionHostProcess.js:158:21333)
	at f.I [as value] (/usr/lib/code/extensions/git/dist/main.js:2:924696)
	at n.y (/usr/lib/code/out/vs/workbench/api/node/extensionHostProcess.js:80:1902)
	at n.z (/usr/lib/code/out/vs/workbench/api/node/extensionHostProcess.js:80:1972)
	at n.fire (/usr/lib/code/out/vs/workbench/api/node/extensionHostProcess.js:80:2188)
	at Object.m [as dispose] (/usr/lib/code/extensions/git/dist/main.js:2:940613)
	at /usr/lib/code/extensions/git/dist/main.js:2:945566
	at Array.forEach (<anonymous>)
	at p.dispose (/usr/lib/code/extensions/git/dist/main.js:2:945552)
	at u.<anonymous> (/usr/lib/code/out/vs/workbench/api/node/extensionHostProcess.js:137:3620)
	at u.dispose (/usr/lib/code/out/vs/workbench/api/node/extensionHostProcess.js:137:3717)
	at u.<anonymous> (/usr/lib/code/extensions/git/dist/main.js:2:926708)
	at u.dispose (/usr/lib/code/out/vs/workbench/api/node/extensionHostProcess.js:137:3717)
	at s (/usr/lib/code/out/vs/workbench/api/node/extensionHostProcess.js:30:754)
	at f.cb (/usr/lib/code/out/vs/workbench/api/node/extensionHostProcess.js:154:9873)
	at /usr/lib/code/out/vs/workbench/api/node/extensionHostProcess.js:154:7808
	at Array.map (<anonymous>)
	at f.Y (/usr/lib/code/out/vs/workbench/api/node/extensionHostProcess.js:154:7795)
	at f.terminate (/usr/lib/code/out/vs/workbench/api/node/extensionHostProcess.js:154:8068)
	at s.terminate (/usr/lib/code/out/vs/workbench/api/node/extensionHostProcess.js:158:1513)
	at a (/usr/lib/code/out/vs/workbench/api/node/extensionHostProcess.js:171:9802)
	at MessagePortMain.<anonymous> (/usr/lib/code/out/vs/workbench/api/node/extensionHostProcess.js:171:6227)
	at MessagePortMain.emit (node:events:513:28)
	at MessagePortMain._internalPort.emit (node:electron/js2c/utility_init:2:367) setContext undefined
2024-01-17 16:08:00.674 [error] Canceled: Canceled
	at new g (/usr/lib/code/out/vs/workbench/api/node/extensionHostProcess.js:141:110274)
	at l.U (/usr/lib/code/out/vs/workbench/api/node/extensionHostProcess.js:150:10866)
	at P.<computed>.j.charCodeAt.P.<computed> (/usr/lib/code/out/vs/workbench/api/node/extensionHostProcess.js:150:8317)
	at d.g (/usr/lib/code/out/vs/workbench/api/node/extensionHostProcess.js:141:139555)
	at d.executeCommand (/usr/lib/code/out/vs/workbench/api/node/extensionHostProcess.js:141:138993)
	at p.registerCommand.description (/usr/lib/code/out/vs/workbench/api/node/extensionHostProcess.js:141:138317)
	at d.h (/usr/lib/code/out/vs/workbench/api/node/extensionHostProcess.js:141:140094)
	at d.g (/usr/lib/code/out/vs/workbench/api/node/extensionHostProcess.js:141:139086)
	at d.executeCommand (/usr/lib/code/out/vs/workbench/api/node/extensionHostProcess.js:141:138993)
	at Object.executeCommand (/usr/lib/code/out/vs/workbench/api/node/extensionHostProcess.js:158:21333)
	at e (/home/main/.vscode-oss/extensions/github.vscode-pull-request-github-0.78.1-universal/dist/extension.js:2077:10038)
	at Object.n [as setContext] (/home/main/.vscode-oss/extensions/github.vscode-pull-request-github-0.78.1-universal/dist/extension.js:2077:10153)
	at _m.setReviewModeContexts (/home/main/.vscode-oss/extensions/github.vscode-pull-request-github-0.78.1-universal/dist/extension.js:2229:13442)
	at _m.removePrFromView (/home/main/.vscode-oss/extensions/github.vscode-pull-request-github-0.78.1-universal/dist/extension.js:2229:14091)
	at Fc.clear (/home/main/.vscode-oss/extensions/github.vscode-pull-request-github-0.78.1-universal/dist/extension.js:2111:25780)
	at Fc.dispose (/home/main/.vscode-oss/extensions/github.vscode-pull-request-github-0.78.1-universal/dist/extension.js:2113:167)
	at Rm.removeReviewManager (/home/main/.vscode-oss/extensions/github.vscode-pull-request-github-0.78.1-universal/dist/extension.js:2229:44185)
	at f.value (/home/main/.vscode-oss/extensions/github.vscode-pull-request-github-0.78.1-universal/dist/extension.js:2242:4235)
	at n.y (/usr/lib/code/out/vs/workbench/api/node/extensionHostProcess.js:80:1902)
	at n.z (/usr/lib/code/out/vs/workbench/api/node/extensionHostProcess.js:80:1972)
	at n.fire (/usr/lib/code/out/vs/workbench/api/node/extensionHostProcess.js:80:2188)
	at f.value (/home/main/.vscode-oss/extensions/github.vscode-pull-request-github-0.78.1-universal/dist/extension.js:2043:446996)
	at n.y (/usr/lib/code/out/vs/workbench/api/node/extensionHostProcess.js:80:1902)
	at n.fire (/usr/lib/code/out/vs/workbench/api/node/extensionHostProcess.js:80:2119)
	at /home/main/.vscode-oss/extensions/github.vscode-pull-request-github-0.78.1-universal/dist/extension.js:2130:27689
	at f.value (/usr/lib/code/extensions/git/dist/main.js:2:1016450)
	at n.y (/usr/lib/code/out/vs/workbench/api/node/extensionHostProcess.js:80:1902)
	at n.z (/usr/lib/code/out/vs/workbench/api/node/extensionHostProcess.js:80:1972)
	at n.fire (/usr/lib/code/out/vs/workbench/api/node/extensionHostProcess.js:80:2188)
	at Object.m [as dispose] (/usr/lib/code/extensions/git/dist/main.js:2:940613)
	at /usr/lib/code/extensions/git/dist/main.js:2:945566
	at Array.forEach (<anonymous>)
	at p.dispose (/usr/lib/code/extensions/git/dist/main.js:2:945552)
	at u.<anonymous> (/usr/lib/code/out/vs/workbench/api/node/extensionHostProcess.js:137:3620)
	at u.dispose (/usr/lib/code/out/vs/workbench/api/node/extensionHostProcess.js:137:3717)
	at u.<anonymous> (/usr/lib/code/extensions/git/dist/main.js:2:926708)
	at u.dispose (/usr/lib/code/out/vs/workbench/api/node/extensionHostProcess.js:137:3717)
	at s (/usr/lib/code/out/vs/workbench/api/node/extensionHostProcess.js:30:754)
	at f.cb (/usr/lib/code/out/vs/workbench/api/node/extensionHostProcess.js:154:9873)
	at /usr/lib/code/out/vs/workbench/api/node/extensionHostProcess.js:154:7808
	at Array.map (<anonymous>)
	at f.Y (/usr/lib/code/out/vs/workbench/api/node/extensionHostProcess.js:154:7795)
	at f.terminate (/usr/lib/code/out/vs/workbench/api/node/extensionHostProcess.js:154:8068)
	at s.terminate (/usr/lib/code/out/vs/workbench/api/node/extensionHostProcess.js:158:1513)
	at a (/usr/lib/code/out/vs/workbench/api/node/extensionHostProcess.js:171:9802)
	at MessagePortMain.<anonymous> (/usr/lib/code/out/vs/workbench/api/node/extensionHostProcess.js:171:6227)
	at MessagePortMain.emit (node:events:513:28)
	at MessagePortMain._internalPort.emit (node:electron/js2c/utility_init:2:367) setContext undefined
2024-01-17 16:08:00.674 [error] Canceled: Canceled
	at new g (/usr/lib/code/out/vs/workbench/api/node/extensionHostProcess.js:141:110274)
	at l.U (/usr/lib/code/out/vs/workbench/api/node/extensionHostProcess.js:150:10866)
	at P.<computed>.j.charCodeAt.P.<computed> (/usr/lib/code/out/vs/workbench/api/node/extensionHostProcess.js:150:8317)
	at d.g (/usr/lib/code/out/vs/workbench/api/node/extensionHostProcess.js:141:139555)
	at d.executeCommand (/usr/lib/code/out/vs/workbench/api/node/extensionHostProcess.js:141:138993)
	at p.registerCommand.description (/usr/lib/code/out/vs/workbench/api/node/extensionHostProcess.js:141:138317)
	at d.h (/usr/lib/code/out/vs/workbench/api/node/extensionHostProcess.js:141:140094)
	at d.g (/usr/lib/code/out/vs/workbench/api/node/extensionHostProcess.js:141:139086)
	at d.executeCommand (/usr/lib/code/out/vs/workbench/api/node/extensionHostProcess.js:141:138993)
	at Object.executeCommand (/usr/lib/code/out/vs/workbench/api/node/extensionHostProcess.js:158:21333)
	at f.I [as value] (/usr/lib/code/extensions/git/dist/main.js:2:924696)
	at n.y (/usr/lib/code/out/vs/workbench/api/node/extensionHostProcess.js:80:1902)
	at n.z (/usr/lib/code/out/vs/workbench/api/node/extensionHostProcess.js:80:1972)
	at n.fire (/usr/lib/code/out/vs/workbench/api/node/extensionHostProcess.js:80:2188)
	at Object.m [as dispose] (/usr/lib/code/extensions/git/dist/main.js:2:940613)
	at /usr/lib/code/extensions/git/dist/main.js:2:945566
	at Array.forEach (<anonymous>)
	at p.dispose (/usr/lib/code/extensions/git/dist/main.js:2:945552)
	at u.<anonymous> (/usr/lib/code/out/vs/workbench/api/node/extensionHostProcess.js:137:3620)
	at u.dispose (/usr/lib/code/out/vs/workbench/api/node/extensionHostProcess.js:137:3717)
	at u.<anonymous> (/usr/lib/code/extensions/git/dist/main.js:2:926708)
	at u.dispose (/usr/lib/code/out/vs/workbench/api/node/extensionHostProcess.js:137:3717)
	at s (/usr/lib/code/out/vs/workbench/api/node/extensionHostProcess.js:30:754)
	at f.cb (/usr/lib/code/out/vs/workbench/api/node/extensionHostProcess.js:154:9873)
	at /usr/lib/code/out/vs/workbench/api/node/extensionHostProcess.js:154:7808
	at Array.map (<anonymous>)
	at f.Y (/usr/lib/code/out/vs/workbench/api/node/extensionHostProcess.js:154:7795)
	at f.terminate (/usr/lib/code/out/vs/workbench/api/node/extensionHostProcess.js:154:8068)
	at s.terminate (/usr/lib/code/out/vs/workbench/api/node/extensionHostProcess.js:158:1513)
	at a (/usr/lib/code/out/vs/workbench/api/node/extensionHostProcess.js:171:9802)
	at MessagePortMain.<anonymous> (/usr/lib/code/out/vs/workbench/api/node/extensionHostProcess.js:171:6227)
	at MessagePortMain.emit (node:events:513:28)
	at MessagePortMain._internalPort.emit (node:electron/js2c/utility_init:2:367) setContext undefined
2024-01-17 16:08:00.675 [error] Canceled: Canceled
	at new g (/usr/lib/code/out/vs/workbench/api/node/extensionHostProcess.js:141:110274)
	at l.U (/usr/lib/code/out/vs/workbench/api/node/extensionHostProcess.js:150:10866)
	at P.<computed>.j.charCodeAt.P.<computed> (/usr/lib/code/out/vs/workbench/api/node/extensionHostProcess.js:150:8317)
	at d.g (/usr/lib/code/out/vs/workbench/api/node/extensionHostProcess.js:141:139555)
	at d.executeCommand (/usr/lib/code/out/vs/workbench/api/node/extensionHostProcess.js:141:138993)
	at p.registerCommand.description (/usr/lib/code/out/vs/workbench/api/node/extensionHostProcess.js:141:138317)
	at d.h (/usr/lib/code/out/vs/workbench/api/node/extensionHostProcess.js:141:140094)
	at d.g (/usr/lib/code/out/vs/workbench/api/node/extensionHostProcess.js:141:139086)
	at d.executeCommand (/usr/lib/code/out/vs/workbench/api/node/extensionHostProcess.js:141:138993)
	at Object.executeCommand (/usr/lib/code/out/vs/workbench/api/node/extensionHostProcess.js:158:21333)
	at f.I [as value] (/usr/lib/code/extensions/git/dist/main.js:2:924696)
	at n.y (/usr/lib/code/out/vs/workbench/api/node/extensionHostProcess.js:80:1902)
	at n.z (/usr/lib/code/out/vs/workbench/api/node/extensionHostProcess.js:80:1972)
	at n.fire (/usr/lib/code/out/vs/workbench/api/node/extensionHostProcess.js:80:2188)
	at Object.m [as dispose] (/usr/lib/code/extensions/git/dist/main.js:2:940613)
	at /usr/lib/code/extensions/git/dist/main.js:2:945566
	at Array.forEach (<anonymous>)
	at p.dispose (/usr/lib/code/extensions/git/dist/main.js:2:945552)
	at u.<anonymous> (/usr/lib/code/out/vs/workbench/api/node/extensionHostProcess.js:137:3620)
	at u.dispose (/usr/lib/code/out/vs/workbench/api/node/extensionHostProcess.js:137:3717)
	at u.<anonymous> (/usr/lib/code/extensions/git/dist/main.js:2:926708)
	at u.dispose (/usr/lib/code/out/vs/workbench/api/node/extensionHostProcess.js:137:3717)
	at s (/usr/lib/code/out/vs/workbench/api/node/extensionHostProcess.js:30:754)
	at f.cb (/usr/lib/code/out/vs/workbench/api/node/extensionHostProcess.js:154:9873)
	at /usr/lib/code/out/vs/workbench/api/node/extensionHostProcess.js:154:7808
	at Array.map (<anonymous>)
	at f.Y (/usr/lib/code/out/vs/workbench/api/node/extensionHostProcess.js:154:7795)
	at f.terminate (/usr/lib/code/out/vs/workbench/api/node/extensionHostProcess.js:154:8068)
	at s.terminate (/usr/lib/code/out/vs/workbench/api/node/extensionHostProcess.js:158:1513)
	at a (/usr/lib/code/out/vs/workbench/api/node/extensionHostProcess.js:171:9802)
	at MessagePortMain.<anonymous> (/usr/lib/code/out/vs/workbench/api/node/extensionHostProcess.js:171:6227)
	at MessagePortMain.emit (node:events:513:28)
	at MessagePortMain._internalPort.emit (node:electron/js2c/utility_init:2:367) setContext undefined
2024-01-17 16:08:00.676 [error] Canceled: Canceled
	at new g (/usr/lib/code/out/vs/workbench/api/node/extensionHostProcess.js:141:110274)
	at l.U (/usr/lib/code/out/vs/workbench/api/node/extensionHostProcess.js:150:10866)
	at P.<computed>.j.charCodeAt.P.<computed> (/usr/lib/code/out/vs/workbench/api/node/extensionHostProcess.js:150:8317)
	at d.g (/usr/lib/code/out/vs/workbench/api/node/extensionHostProcess.js:141:139555)
	at d.executeCommand (/usr/lib/code/out/vs/workbench/api/node/extensionHostProcess.js:141:138993)
	at p.registerCommand.description (/usr/lib/code/out/vs/workbench/api/node/extensionHostProcess.js:141:138317)
	at d.h (/usr/lib/code/out/vs/workbench/api/node/extensionHostProcess.js:141:140094)
	at d.g (/usr/lib/code/out/vs/workbench/api/node/extensionHostProcess.js:141:139086)
	at d.executeCommand (/usr/lib/code/out/vs/workbench/api/node/extensionHostProcess.js:141:138993)
	at Object.executeCommand (/usr/lib/code/out/vs/workbench/api/node/extensionHostProcess.js:158:21333)
	at set b [as b] (/usr/lib/code/extensions/github/dist/extension.js:2:322364)
	at /usr/lib/code/extensions/github/dist/extension.js:2:323005
	at f.value (/usr/lib/code/extensions/git/dist/main.js:2:1016450)
	at n.y (/usr/lib/code/out/vs/workbench/api/node/extensionHostProcess.js:80:1902)
	at n.z (/usr/lib/code/out/vs/workbench/api/node/extensionHostProcess.js:80:1972)
	at n.fire (/usr/lib/code/out/vs/workbench/api/node/extensionHostProcess.js:80:2188)
	at Object.m [as dispose] (/usr/lib/code/extensions/git/dist/main.js:2:940613)
	at /usr/lib/code/extensions/git/dist/main.js:2:945566
	at Array.forEach (<anonymous>)
	at p.dispose (/usr/lib/code/extensions/git/dist/main.js:2:945552)
	at u.<anonymous> (/usr/lib/code/out/vs/workbench/api/node/extensionHostProcess.js:137:3620)
	at u.dispose (/usr/lib/code/out/vs/workbench/api/node/extensionHostProcess.js:137:3717)
	at u.<anonymous> (/usr/lib/code/extensions/git/dist/main.js:2:926708)
	at u.dispose (/usr/lib/code/out/vs/workbench/api/node/extensionHostProcess.js:137:3717)
	at s (/usr/lib/code/out/vs/workbench/api/node/extensionHostProcess.js:30:754)
	at f.cb (/usr/lib/code/out/vs/workbench/api/node/extensionHostProcess.js:154:9873)
	at /usr/lib/code/out/vs/workbench/api/node/extensionHostProcess.js:154:7808
	at Array.map (<anonymous>)
	at f.Y (/usr/lib/code/out/vs/workbench/api/node/extensionHostProcess.js:154:7795)
	at f.terminate (/usr/lib/code/out/vs/workbench/api/node/extensionHostProcess.js:154:8068)
	at s.terminate (/usr/lib/code/out/vs/workbench/api/node/extensionHostProcess.js:158:1513)
	at a (/usr/lib/code/out/vs/workbench/api/node/extensionHostProcess.js:171:9802)
	at MessagePortMain.<anonymous> (/usr/lib/code/out/vs/workbench/api/node/extensionHostProcess.js:171:6227)
	at MessagePortMain.emit (node:events:513:28)
	at MessagePortMain._internalPort.emit (node:electron/js2c/utility_init:2:367) setContext undefined
2024-01-17 16:08:00.677 [error] Canceled: Canceled
	at new g (/usr/lib/code/out/vs/workbench/api/node/extensionHostProcess.js:141:110274)
	at l.U (/usr/lib/code/out/vs/workbench/api/node/extensionHostProcess.js:150:10866)
	at P.<computed>.j.charCodeAt.P.<computed> (/usr/lib/code/out/vs/workbench/api/node/extensionHostProcess.js:150:8317)
	at d.g (/usr/lib/code/out/vs/workbench/api/node/extensionHostProcess.js:141:139555)
	at d.executeCommand (/usr/lib/code/out/vs/workbench/api/node/extensionHostProcess.js:141:138993)
	at p.registerCommand.description (/usr/lib/code/out/vs/workbench/api/node/extensionHostProcess.js:141:138317)
	at d.h (/usr/lib/code/out/vs/workbench/api/node/extensionHostProcess.js:141:140094)
	at d.g (/usr/lib/code/out/vs/workbench/api/node/extensionHostProcess.js:141:139086)
	at d.executeCommand (/usr/lib/code/out/vs/workbench/api/node/extensionHostProcess.js:141:138993)
	at Object.executeCommand (/usr/lib/code/out/vs/workbench/api/node/extensionHostProcess.js:158:21333)
	at l2.reset (/home/main/.vscode-oss/extensions/github.vscode-pull-request-github-0.78.1-universal/dist/extension.js:2229:7420)
	at l2.dispose (/home/main/.vscode-oss/extensions/github.vscode-pull-request-github-0.78.1-universal/dist/extension.js:2229:7691)
	at s (/usr/lib/code/out/vs/workbench/api/node/extensionHostProcess.js:30:754)
	at f.cb (/usr/lib/code/out/vs/workbench/api/node/extensionHostProcess.js:154:9873)
	at /usr/lib/code/out/vs/workbench/api/node/extensionHostProcess.js:154:7808
	at Array.map (<anonymous>)
	at f.Y (/usr/lib/code/out/vs/workbench/api/node/extensionHostProcess.js:154:7795)
	at f.terminate (/usr/lib/code/out/vs/workbench/api/node/extensionHostProcess.js:154:8068)
	at s.terminate (/usr/lib/code/out/vs/workbench/api/node/extensionHostProcess.js:158:1513)
	at a (/usr/lib/code/out/vs/workbench/api/node/extensionHostProcess.js:171:9802)
	at MessagePortMain.<anonymous> (/usr/lib/code/out/vs/workbench/api/node/extensionHostProcess.js:171:6227)
	at MessagePortMain.emit (node:events:513:28)
	at MessagePortMain._internalPort.emit (node:electron/js2c/utility_init:2:367) setContext undefined
2024-01-17 16:08:00.725 [info] Extension host with pid 1690 exiting with code 0
