2023-12-09 19:09:53.955 [info] Activation> Extension version: 0.76.1
2023-12-09 19:09:55.410 [info] Looking for git repository
2023-12-09 19:09:55.410 [info] Found 0 repositories during activation
2023-12-09 19:09:55.411 [info] Git repository found, initializing review manager and pr tree view.
2023-12-09 19:09:55.415 [info] Registering git provider
2023-12-14 13:00:29.342 [info] Repository file:///home/main/Desktop/uni/oop/assignment_2_OOP has been opened
2023-12-14 13:00:29.342 [info] Review> Validate state in progress
2023-12-14 13:00:29.342 [info] Review> Validating state...
2023-12-14 13:00:29.346 [warning] No remotes found. The following remotes are missing: origin, upstream
2023-12-14 13:00:29.347 [info] No GitHub remotes found for folder /home/main/Desktop/uni/oop/assignment_2_OOP
2023-12-14 13:00:29.396 [info] Review> Queuing additional validate state
2023-12-14 13:00:29.396 [info] Repo state for file:///home/main/Desktop/uni/oop/assignment_2_OOP changed.
2023-12-14 13:00:29.396 [info] Repo file:///home/main/Desktop/uni/oop/assignment_2_OOP has already been setup.
2023-12-14 13:00:29.567 [info] Review> Validating state...
2023-12-14 13:00:29.576 [info] Found GitHub remote for folder /home/main/Desktop/uni/oop/assignment_2_OOP
2023-12-14 13:00:30.098 [info] Trying to use globalState for assignableUsers.
2023-12-14 13:00:30.245 [info] No globalState for assignableUsers.
2023-12-14 13:00:30.300 [info] Review> No matching pull request metadata found locally for current branch master
2023-12-14 13:00:30.363 [info] Review> Failed to get upstream for branch master from git config.
2023-12-14 13:00:30.364 [info] Review> No matching pull request metadata found on GitHub for current branch master
2023-12-14 13:01:07.677 [info] Review> Validate state in progress
2023-12-14 13:01:07.677 [info] Review> Validating state...
2023-12-14 13:01:07.794 [info] Found GitHub remote for folder /home/main/Desktop/uni/oop/assignment_2_OOP
2023-12-14 13:01:07.796 [info] Using in-memory cached assignable users.
2023-12-14 13:01:07.800 [info] Review> Branch main is ignored in ignoredPullRequestBranches.
2023-12-14 13:16:11.051 [info] Repository file:///home/main/Desktop/uni/oop/assignment_1_OOP has been opened
2023-12-14 13:16:11.052 [info] Review> Validate state in progress
2023-12-14 13:16:11.052 [info] Review> Validating state...
2023-12-14 13:16:11.054 [warning] No remotes found. The following remotes are missing: origin, upstream
2023-12-14 13:16:11.054 [info] No GitHub remotes found for folder /home/main/Desktop/uni/oop/assignment_1_OOP
2023-12-14 13:16:11.119 [info] Review> Queuing additional validate state
2023-12-14 13:16:11.120 [info] Repo state for file:///home/main/Desktop/uni/oop/assignment_1_OOP changed.
2023-12-14 13:16:11.120 [info] Repo file:///home/main/Desktop/uni/oop/assignment_1_OOP has already been setup.
2023-12-14 13:16:13.476 [info] Review> Validating state...
2023-12-14 13:16:13.683 [info] Found GitHub remote for folder /home/main/Desktop/uni/oop/assignment_1_OOP
2023-12-14 13:16:14.365 [info] Trying to use globalState for assignableUsers.
2023-12-14 13:16:14.367 [info] Review> Branch main is ignored in ignoredPullRequestBranches.
2023-12-14 13:16:14.415 [info] Using globalState assignableUsers for 1.
2023-12-14 13:24:50.443 [info] Repository file:///home/main/Desktop/uni/oop/template has been opened
2023-12-14 13:24:50.443 [info] Review> Validate state in progress
2023-12-14 13:24:50.443 [info] Review> Validating state...
2023-12-14 13:24:50.445 [warning] No remotes found. The following remotes are missing: origin, upstream
2023-12-14 13:24:50.446 [info] No GitHub remotes found for folder /home/main/Desktop/uni/oop/template
2023-12-14 13:24:50.518 [info] Review> Queuing additional validate state
2023-12-14 13:24:50.518 [info] Repo state for file:///home/main/Desktop/uni/oop/template changed.
2023-12-14 13:24:50.518 [info] Repo file:///home/main/Desktop/uni/oop/template has already been setup.
2023-12-14 13:24:50.604 [info] Review> Validating state...
2023-12-14 13:24:50.634 [info] Found GitHub remote for folder /home/main/Desktop/uni/oop/template
2023-12-14 13:24:51.222 [info] Trying to use globalState for assignableUsers.
2023-12-14 13:24:51.223 [info] Review> Branch main is ignored in ignoredPullRequestBranches.
2023-12-14 13:24:51.370 [info] Using globalState assignableUsers for 1.
