2023-12-06 23:01:20.595 [info] Test server listening.
2023-12-06 23:01:20.635 [warning] Retry failed, storage update failed for key PYTHON_GLOBAL_STORAGE_KEYS
2023-12-06 23:01:20.635 [warning] Retry failed, storage update failed for key PYTHON_WORKSPACE_STORAGE_KEYS
2023-12-06 23:01:20.635 [warning] Retry failed, storage update failed for key PYTHON_WORKSPACE_STORAGE_KEYS
2023-12-06 23:01:20.701 [info] > conda info --json
2023-12-06 23:01:22.080 [info] Only Pylance is supported in untrusted workspaces, setting language server to None.
2023-12-06 23:01:22.080 [info] Starting Jedi language server for uni.
2023-12-06 23:16:04.537 [info] Default formatter is set to ms-python.flake8 for workspace /home/main/Desktop/uni
2023-12-06 23:16:04.583 [info] Test server listening.
2023-12-06 23:16:04.587 [info] Python interpreter path: ./oop/assignment_1_OOP/.conda/bin/python
2023-12-06 23:16:04.594 [info] Found: /bin/python --> /bin/python3.11
2023-12-06 23:16:04.668 [info] Found: /bin/python3 --> /bin/python3.11
2023-12-06 23:16:04.672 [info] Found: /bin/python3.11 --> /bin/python3.11
2023-12-06 23:16:04.795 [error] [
  'Failed to activate a workspace, Class name = g, completed in 224ms, has a falsy return value, Arg 1: <Uri:/home/main/Desktop/uni>, Return Value: undefined',
  [Error: Extension 'ms-python.python' CANNOT use API proposal: testObserver.
  Its package.json#enabledApiProposals-property declares:  but NOT testObserver.
   The missing proposal MUST be added and you must start in extension development mode or use the following command line switch: --enable-proposed-api ms-python.python
  	at y (/usr/lib/code/out/vs/workbench/api/node/extensionHostProcess.js:122:45185)
  	at get testResults [as testResults] (/usr/lib/code/out/vs/workbench/api/node/extensionHostProcess.js:140:23805)
  	at T.activate (/home/main/.vscode-oss/extensions/ms-python.python-2023.20.0-universal/out/client/extension.js:2:791840)
  	at /home/main/.vscode-oss/extensions/ms-python.python-2023.20.0-universal/out/client/extension.js:2:2386
  	at Array.map (<anonymous>)
  	at g.activateWorkspace (/home/main/.vscode-oss/extensions/ms-python.python-2023.20.0-universal/out/client/extension.js:2:2376)]
]
2023-12-06 23:16:04.795 [error] Failure during activation. [Error: Extension 'ms-python.python' CANNOT use API proposal: testObserver.
Its package.json#enabledApiProposals-property declares:  but NOT testObserver.
 The missing proposal MUST be added and you must start in extension development mode or use the following command line switch: --enable-proposed-api ms-python.python
	at y (/usr/lib/code/out/vs/workbench/api/node/extensionHostProcess.js:122:45185)
	at get testResults [as testResults] (/usr/lib/code/out/vs/workbench/api/node/extensionHostProcess.js:140:23805)
	at T.activate (/home/main/.vscode-oss/extensions/ms-python.python-2023.20.0-universal/out/client/extension.js:2:791840)
	at /home/main/.vscode-oss/extensions/ms-python.python-2023.20.0-universal/out/client/extension.js:2:2386
	at Array.map (<anonymous>)
	at g.activateWorkspace (/home/main/.vscode-oss/extensions/ms-python.python-2023.20.0-universal/out/client/extension.js:2:2376)]
2023-12-06 23:16:04.795 [error] sendStartupTelemetry() failed. [Error: Extension 'ms-python.python' CANNOT use API proposal: testObserver.
Its package.json#enabledApiProposals-property declares:  but NOT testObserver.
 The missing proposal MUST be added and you must start in extension development mode or use the following command line switch: --enable-proposed-api ms-python.python
	at y (/usr/lib/code/out/vs/workbench/api/node/extensionHostProcess.js:122:45185)
	at get testResults [as testResults] (/usr/lib/code/out/vs/workbench/api/node/extensionHostProcess.js:140:23805)
	at T.activate (/home/main/.vscode-oss/extensions/ms-python.python-2023.20.0-universal/out/client/extension.js:2:791840)
	at /home/main/.vscode-oss/extensions/ms-python.python-2023.20.0-universal/out/client/extension.js:2:2386
	at Array.map (<anonymous>)
	at g.activateWorkspace (/home/main/.vscode-oss/extensions/ms-python.python-2023.20.0-universal/out/client/extension.js:2:2376)]
2023-12-06 23:16:04.989 [info] Found: /sbin/python --> /sbin/python3.11
2023-12-06 23:16:05.083 [info] Found: /sbin/python3 --> /sbin/python3.11
2023-12-06 23:16:05.107 [info] Found: /sbin/python3.11 --> /sbin/python3.11
2023-12-06 23:16:05.310 [info] Found: /usr/bin/python --> /usr/bin/python3.11
2023-12-06 23:16:05.314 [info] Found: /usr/bin/python3 --> /usr/bin/python3.11
2023-12-06 23:16:05.314 [info] Found: /usr/bin/python3.11 --> /usr/bin/python3.11
2023-12-06 23:16:05.391 [info] Found: /usr/sbin/python --> /usr/sbin/python3.11
2023-12-06 23:16:05.393 [info] Found: /usr/sbin/python3 --> /usr/sbin/python3.11
2023-12-06 23:16:05.393 [info] Found: /usr/sbin/python3.11 --> /usr/sbin/python3.11
2023-12-06 23:16:05.475 [info] > /bin/python -I ~/.vscode-oss/extensions/ms-python.python-2023.20.0-universal/pythonFiles/get_output_via_markers.py ~/.vscode-oss/extensions/ms-python.python-2023.20.0-universal/pythonFiles/interpreterInfo.py
2023-12-06 23:16:05.555 [info] > /sbin/python -I ~/.vscode-oss/extensions/ms-python.python-2023.20.0-universal/pythonFiles/get_output_via_markers.py ~/.vscode-oss/extensions/ms-python.python-2023.20.0-universal/pythonFiles/interpreterInfo.py
2023-12-06 23:16:06.242 [info] > /usr/bin/python -I ~/.vscode-oss/extensions/ms-python.python-2023.20.0-universal/pythonFiles/get_output_via_markers.py ~/.vscode-oss/extensions/ms-python.python-2023.20.0-universal/pythonFiles/interpreterInfo.py
2023-12-06 23:16:06.835 [info] > /usr/sbin/python -I ~/.vscode-oss/extensions/ms-python.python-2023.20.0-universal/pythonFiles/get_output_via_markers.py ~/.vscode-oss/extensions/ms-python.python-2023.20.0-universal/pythonFiles/interpreterInfo.py
2023-12-06 23:16:06.890 [info] > ~/.conda/envs/assignment1/bin/python -I ~/.vscode-oss/extensions/ms-python.python-2023.20.0-universal/pythonFiles/get_output_via_markers.py ~/.vscode-oss/extensions/ms-python.python-2023.20.0-universal/pythonFiles/interpreterInfo.py
2023-12-06 23:16:06.986 [info] > ./oop/assignment_1_OOP/.conda/bin/python -I ~/.vscode-oss/extensions/ms-python.python-2023.20.0-universal/pythonFiles/get_output_via_markers.py ~/.vscode-oss/extensions/ms-python.python-2023.20.0-universal/pythonFiles/interpreterInfo.py
2023-12-06 23:16:07.071 [info] > ~/anaconda3/bin/python -I ~/.vscode-oss/extensions/ms-python.python-2023.20.0-universal/pythonFiles/get_output_via_markers.py ~/.vscode-oss/extensions/ms-python.python-2023.20.0-universal/pythonFiles/interpreterInfo.py
2023-12-06 23:16:07.403 [info] Starting Jedi language server for uni.
