2023-12-18 14:31:37.699 [warning] [vscode-pull-request-github]: Couldn't find message for key displayName.
2023-12-18 14:31:37.702 [warning] [vscode-pull-request-github]: Couldn't find message for key description.
2023-12-18 14:31:37.702 [warning] [vscode-pull-request-github]: Couldn't find message for key githubPullRequests.pullRequestDescription.template.
2023-12-18 14:31:37.702 [warning] [vscode-pull-request-github]: Couldn't find message for key githubPullRequests.pullRequestDescription.commit.
2023-12-18 14:31:37.703 [warning] [vscode-pull-request-github]: Couldn't find message for key githubPullRequests.pullRequestDescription.none.
2023-12-18 14:31:37.703 [warning] [vscode-pull-request-github]: Couldn't find message for key githubPullRequests.pullRequestDescription.description.
2023-12-18 14:31:37.703 [warning] [vscode-pull-request-github]: Couldn't find message for key githubPullRequests.defaultCreateOption.lastUsed.
2023-12-18 14:31:37.704 [warning] [vscode-pull-request-github]: Couldn't find message for key githubPullRequests.defaultCreateOption.create.
2023-12-18 14:31:37.704 [warning] [vscode-pull-request-github]: Couldn't find message for key githubPullRequests.defaultCreateOption.createDraft.
2023-12-18 14:31:37.704 [warning] [vscode-pull-request-github]: Couldn't find message for key githubPullRequests.defaultCreateOption.createAutoMerge.
2023-12-18 14:31:37.705 [warning] [vscode-pull-request-github]: Couldn't find message for key githubPullRequests.defaultCreateOption.description.
2023-12-18 14:31:37.705 [warning] [vscode-pull-request-github]: Couldn't find message for key githubPullRequests.createDraft.
2023-12-18 14:31:37.705 [warning] [vscode-pull-request-github]: Couldn't find message for key githubPullRequests.logLevel.description.
2023-12-18 14:31:37.706 [warning] [vscode-pull-request-github]: Couldn't find message for key githubPullRequests.logLevel.markdownDeprecationMessage.
2023-12-18 14:31:37.706 [warning] [vscode-pull-request-github]: Couldn't find message for key githubPullRequests.remotes.markdownDescription.
2023-12-18 14:31:37.709 [warning] [vscode-pull-request-github]: Couldn't find message for key githubPullRequests.queries.label.description.
2023-12-18 14:31:37.712 [warning] [vscode-pull-request-github]: Couldn't find message for key githubPullRequests.queries.query.description.
2023-12-18 14:31:37.712 [warning] [vscode-pull-request-github]: Couldn't find message for key githubPullRequests.queries.markdownDescription.
2023-12-18 14:31:37.713 [warning] [vscode-pull-request-github]: Couldn't find message for key githubPullRequests.queries.waitingForMyReview.
2023-12-18 14:31:37.713 [warning] [vscode-pull-request-github]: Couldn't find message for key githubPullRequests.queries.assignedToMe.
2023-12-18 14:31:37.716 [warning] [vscode-pull-request-github]: Couldn't find message for key githubPullRequests.queries.createdByMe.
2023-12-18 14:31:37.717 [warning] [vscode-pull-request-github]: Couldn't find message for key githubPullRequests.defaultMergeMethod.description.
2023-12-18 14:31:37.717 [warning] [vscode-pull-request-github]: Couldn't find message for key githubPullRequests.notifications.description.
2023-12-18 14:31:37.717 [warning] [vscode-pull-request-github]: Couldn't find message for key githubPullRequests.fileListLayout.description.
2023-12-18 14:31:37.718 [warning] [vscode-pull-request-github]: Couldn't find message for key githubPullRequests.defaultDeletionMethod.selectLocalBranch.description.
2023-12-18 14:31:37.718 [warning] [vscode-pull-request-github]: Couldn't find message for key githubPullRequests.defaultDeletionMethod.selectRemote.description.
2023-12-18 14:31:37.718 [warning] [vscode-pull-request-github]: Couldn't find message for key githubPullRequests.terminalLinksHandler.github.
2023-12-18 14:31:37.719 [warning] [vscode-pull-request-github]: Couldn't find message for key githubPullRequests.terminalLinksHandler.vscode.
2023-12-18 14:31:37.719 [warning] [vscode-pull-request-github]: Couldn't find message for key githubPullRequests.terminalLinksHandler.ask.
2023-12-18 14:31:37.719 [warning] [vscode-pull-request-github]: Couldn't find message for key githubPullRequests.terminalLinksHandler.description.
2023-12-18 14:31:37.722 [warning] [vscode-pull-request-github]: Couldn't find message for key githubPullRequests.createOnPublishBranch.never.
2023-12-18 14:31:37.722 [warning] [vscode-pull-request-github]: Couldn't find message for key githubPullRequests.createOnPublishBranch.ask.
2023-12-18 14:31:37.723 [warning] [vscode-pull-request-github]: Couldn't find message for key githubPullRequests.createOnPublishBranch.description.
2023-12-18 14:31:37.723 [warning] [vscode-pull-request-github]: Couldn't find message for key githubPullRequests.commentExpandState.expandUnresolved.
2023-12-18 14:31:37.724 [warning] [vscode-pull-request-github]: Couldn't find message for key githubPullRequests.commentExpandState.collapseAll.
2023-12-18 14:31:37.724 [warning] [vscode-pull-request-github]: Couldn't find message for key githubPullRequests.commentExpandState.description.
2023-12-18 14:31:37.725 [warning] [vscode-pull-request-github]: Couldn't find message for key githubPullRequests.useReviewMode.description.
2023-12-18 14:31:37.725 [warning] [vscode-pull-request-github]: Couldn't find message for key githubPullRequests.useReviewMode.merged.
2023-12-18 14:31:37.725 [warning] [vscode-pull-request-github]: Couldn't find message for key githubPullRequests.useReviewMode.closed.
2023-12-18 14:31:37.730 [warning] [vscode-pull-request-github]: Couldn't find message for key githubPullRequests.assignCreated.description.
2023-12-18 14:31:37.730 [warning] [vscode-pull-request-github]: Couldn't find message for key githubPullRequests.pushBranch.prompt.
2023-12-18 14:31:37.731 [warning] [vscode-pull-request-github]: Couldn't find message for key githubPullRequests.pushBranch.always.
2023-12-18 14:31:37.731 [warning] [vscode-pull-request-github]: Couldn't find message for key githubPullRequests.pushBranch.description.
2023-12-18 14:31:37.733 [warning] [vscode-pull-request-github]: Couldn't find message for key githubPullRequests.pullBranch.prompt.
2023-12-18 14:31:37.733 [warning] [vscode-pull-request-github]: Couldn't find message for key githubPullRequests.pullBranch.never.
2023-12-18 14:31:37.734 [warning] [vscode-pull-request-github]: Couldn't find message for key githubPullRequests.pullBranch.always.
2023-12-18 14:31:37.736 [warning] [vscode-pull-request-github]: Couldn't find message for key githubPullRequests.pullBranch.description.
2023-12-18 14:31:37.737 [warning] [vscode-pull-request-github]: Couldn't find message for key githubPullRequests.ignoredPullRequestBranches.items.
2023-12-18 14:31:37.738 [warning] [vscode-pull-request-github]: Couldn't find message for key githubPullRequests.ignoredPullRequestBranches.description.
2023-12-18 14:31:37.740 [warning] [vscode-pull-request-github]: Couldn't find message for key githubPullRequests.overrideDefaultBranch.description.
2023-12-18 14:31:37.741 [warning] [vscode-pull-request-github]: Couldn't find message for key githubPullRequests.postCreate.description.
2023-12-18 14:31:37.742 [warning] [vscode-pull-request-github]: Couldn't find message for key githubPullRequests.postCreate.none.
2023-12-18 14:31:37.744 [warning] [vscode-pull-request-github]: Couldn't find message for key githubPullRequests.postCreate.openOverview.
2023-12-18 14:31:37.745 [warning] [vscode-pull-request-github]: Couldn't find message for key githubPullRequests.postCreate.checkoutDefaultBranch.
2023-12-18 14:31:37.747 [warning] [vscode-pull-request-github]: Couldn't find message for key githubPullRequests.postCreate.checkoutDefaultBranchAndShow.
2023-12-18 14:31:37.748 [warning] [vscode-pull-request-github]: Couldn't find message for key githubPullRequests.postCreate.checkoutDefaultBranchAndCopy.
2023-12-18 14:31:37.750 [warning] [vscode-pull-request-github]: Couldn't find message for key githubPullRequests.defaultCommentType.description.
2023-12-18 14:31:37.750 [warning] [vscode-pull-request-github]: Couldn't find message for key githubPullRequests.defaultCommentType.single.
2023-12-18 14:31:37.751 [warning] [vscode-pull-request-github]: Couldn't find message for key githubPullRequests.defaultCommentType.review.
2023-12-18 14:31:37.751 [warning] [vscode-pull-request-github]: Couldn't find message for key githubPullRequests.setAutoMerge.description.
2023-12-18 14:31:37.751 [warning] [vscode-pull-request-github]: Couldn't find message for key githubPullRequests.pullPullRequestBranchBeforeCheckout.description.
2023-12-18 14:31:37.752 [warning] [vscode-pull-request-github]: Couldn't find message for key githubPullRequests.upstreamRemote.description.
2023-12-18 14:31:37.752 [warning] [vscode-pull-request-github]: Couldn't find message for key githubPullRequests.upstreamRemote.add.
2023-12-18 14:31:37.752 [warning] [vscode-pull-request-github]: Couldn't find message for key githubPullRequests.upstreamRemote.never.
2023-12-18 14:31:37.753 [warning] [vscode-pull-request-github]: Couldn't find message for key githubIssues.ignoreMilestones.description.
2023-12-18 14:31:37.756 [warning] [vscode-pull-request-github]: Couldn't find message for key githubIssues.createIssueTriggers.items.
2023-12-18 14:31:37.757 [warning] [vscode-pull-request-github]: Couldn't find message for key githubIssues.createIssueTriggers.description.
2023-12-18 14:31:37.758 [warning] [vscode-pull-request-github]: Couldn't find message for key githubIssues.createInsertFormat.description.
2023-12-18 14:31:37.760 [warning] [vscode-pull-request-github]: Couldn't find message for key githubIssues.issueCompletions.enabled.description.
2023-12-18 14:31:37.761 [warning] [vscode-pull-request-github]: Couldn't find message for key githubIssues.userCompletions.enabled.description.
2023-12-18 14:31:37.762 [warning] [vscode-pull-request-github]: Couldn't find message for key githubIssues.ignoreCompletionTrigger.items.
2023-12-18 14:31:37.763 [warning] [vscode-pull-request-github]: Couldn't find message for key githubIssues.ignoreCompletionTrigger.description.
2023-12-18 14:31:37.766 [warning] [vscode-pull-request-github]: Couldn't find message for key githubIssues.ignoreUserCompletionTrigger.items.
2023-12-18 14:31:37.767 [warning] [vscode-pull-request-github]: Couldn't find message for key githubIssues.ignoreUserCompletionTrigger.description.
2023-12-18 14:31:37.770 [warning] [vscode-pull-request-github]: Couldn't find message for key githubIssues.issueBranchTitle.markdownDescription.
2023-12-18 14:31:37.773 [warning] [vscode-pull-request-github]: Couldn't find message for key githubIssues.useBranchForIssues.on.
2023-12-18 14:31:37.774 [warning] [vscode-pull-request-github]: Couldn't find message for key githubIssues.useBranchForIssues.off.
2023-12-18 14:31:37.775 [warning] [vscode-pull-request-github]: Couldn't find message for key githubIssues.useBranchForIssues.prompt.
2023-12-18 14:31:37.776 [warning] [vscode-pull-request-github]: Couldn't find message for key githubIssues.useBranchForIssues.description.
2023-12-18 14:31:37.779 [warning] [vscode-pull-request-github]: Couldn't find message for key githubIssues.issueCompletionFormatScm.markdownDescription.
2023-12-18 14:31:37.780 [warning] [vscode-pull-request-github]: Couldn't find message for key githubIssues.workingIssueFormatScm.markdownDescription.
2023-12-18 14:31:37.780 [warning] [vscode-pull-request-github]: Couldn't find message for key githubIssues.queries.label.
2023-12-18 14:31:37.780 [warning] [vscode-pull-request-github]: Couldn't find message for key githubIssues.queries.query.
2023-12-18 14:31:37.781 [warning] [vscode-pull-request-github]: Couldn't find message for key githubIssues.queries.markdownDescription.
2023-12-18 14:31:37.781 [warning] [vscode-pull-request-github]: Couldn't find message for key githubIssues.queries.default.myIssues.
2023-12-18 14:31:37.781 [warning] [vscode-pull-request-github]: Couldn't find message for key githubIssues.queries.default.createdIssues.
2023-12-18 14:31:37.782 [warning] [vscode-pull-request-github]: Couldn't find message for key githubIssues.queries.default.recentIssues.
2023-12-18 14:31:37.782 [warning] [vscode-pull-request-github]: Couldn't find message for key githubIssues.assignWhenWorking.description.
2023-12-18 14:31:37.782 [warning] [vscode-pull-request-github]: Couldn't find message for key githubPullRequests.focusedMode.description.
2023-12-18 14:31:37.782 [warning] [vscode-pull-request-github]: Couldn't find message for key githubPullRequests.showPullRequestNumberInTree.description.
2023-12-18 14:31:37.783 [warning] [vscode-pull-request-github]: Couldn't find message for key view.github.pull.request.name.
2023-12-18 14:31:37.783 [warning] [vscode-pull-request-github]: Couldn't find message for key view.github.login.name.
2023-12-18 14:31:37.783 [warning] [vscode-pull-request-github]: Couldn't find message for key view.pr.github.name.
2023-12-18 14:31:37.783 [warning] [vscode-pull-request-github]: Couldn't find message for key view.issues.github.name.
2023-12-18 14:31:37.784 [warning] [vscode-pull-request-github]: Couldn't find message for key view.github.create.pull.request.name.
2023-12-18 14:31:37.784 [warning] [vscode-pull-request-github]: Couldn't find message for key view.github.compare.changes.name.
2023-12-18 14:31:37.784 [warning] [vscode-pull-request-github]: Couldn't find message for key view.github.compare.changesCommits.name.
2023-12-18 14:31:37.785 [warning] [vscode-pull-request-github]: Couldn't find message for key view.pr.status.github.name.
2023-12-18 14:31:37.785 [warning] [vscode-pull-request-github]: Couldn't find message for key view.github.active.pull.request.name.
2023-12-18 14:31:37.785 [warning] [vscode-pull-request-github]: Couldn't find message for key view.github.active.pull.request.welcome.name.
2023-12-18 14:31:37.786 [warning] [vscode-pull-request-github]: Couldn't find message for key command.pull.request.category.
2023-12-18 14:31:37.786 [warning] [vscode-pull-request-github]: Couldn't find message for key command.pr.create.title.
2023-12-18 14:31:37.786 [warning] [vscode-pull-request-github]: Couldn't find message for key command.pull.request.category.
2023-12-18 14:31:37.786 [warning] [vscode-pull-request-github]: Couldn't find message for key command.pr.create.title.
2023-12-18 14:31:37.787 [warning] [vscode-pull-request-github]: Couldn't find message for key command.pull.request.category.
2023-12-18 14:31:37.787 [warning] [vscode-pull-request-github]: Couldn't find message for key command.pr.pick.title.
2023-12-18 14:31:37.788 [warning] [vscode-pull-request-github]: Couldn't find message for key command.pull.request.category.
2023-12-18 14:31:37.788 [warning] [vscode-pull-request-github]: Couldn't find message for key command.pr.pickOnVscodeDev.title.
2023-12-18 14:31:37.789 [warning] [vscode-pull-request-github]: Couldn't find message for key command.pull.request.category.
2023-12-18 14:31:37.789 [warning] [vscode-pull-request-github]: Couldn't find message for key command.pr.exit.title.
2023-12-18 14:31:37.789 [warning] [vscode-pull-request-github]: Couldn't find message for key command.pull.request.category.
2023-12-18 14:31:37.790 [warning] [vscode-pull-request-github]: Couldn't find message for key command.pr.dismissNotification.title.
2023-12-18 14:31:37.790 [warning] [vscode-pull-request-github]: Couldn't find message for key command.pull.request.category.
2023-12-18 14:31:37.790 [warning] [vscode-pull-request-github]: Couldn't find message for key command.pr.merge.title.
2023-12-18 14:31:37.791 [warning] [vscode-pull-request-github]: Couldn't find message for key command.pull.request.category.
2023-12-18 14:31:37.791 [warning] [vscode-pull-request-github]: Couldn't find message for key command.pr.readyForReview.title.
2023-12-18 14:31:37.791 [warning] [vscode-pull-request-github]: Couldn't find message for key command.pull.request.category.
2023-12-18 14:31:37.791 [warning] [vscode-pull-request-github]: Couldn't find message for key command.pr.close.title.
2023-12-18 14:31:37.791 [warning] [vscode-pull-request-github]: Couldn't find message for key command.pull.request.category.
2023-12-18 14:31:37.792 [warning] [vscode-pull-request-github]: Couldn't find message for key command.pr.openPullRequestOnGitHub.title.
2023-12-18 14:31:37.792 [warning] [vscode-pull-request-github]: Couldn't find message for key command.pull.request.category.
2023-12-18 14:31:37.792 [warning] [vscode-pull-request-github]: Couldn't find message for key command.pr.openAllDiffs.title.
2023-12-18 14:31:37.792 [warning] [vscode-pull-request-github]: Couldn't find message for key command.pull.request.category.
2023-12-18 14:31:37.792 [warning] [vscode-pull-request-github]: Couldn't find message for key command.pr.refreshPullRequest.title.
2023-12-18 14:31:37.793 [warning] [vscode-pull-request-github]: Couldn't find message for key command.pull.request.category.
2023-12-18 14:31:37.793 [warning] [vscode-pull-request-github]: Couldn't find message for key command.pr.openFileOnGitHub.title.
2023-12-18 14:31:37.793 [warning] [vscode-pull-request-github]: Couldn't find message for key command.pull.request.category.
2023-12-18 14:31:37.793 [warning] [vscode-pull-request-github]: Couldn't find message for key command.pr.copyCommitHash.title.
2023-12-18 14:31:37.793 [warning] [vscode-pull-request-github]: Couldn't find message for key command.pull.request.category.
2023-12-18 14:31:37.793 [warning] [vscode-pull-request-github]: Couldn't find message for key command.pr.openOriginalFile.title.
2023-12-18 14:31:37.794 [warning] [vscode-pull-request-github]: Couldn't find message for key command.pull.request.category.
2023-12-18 14:31:37.794 [warning] [vscode-pull-request-github]: Couldn't find message for key command.pr.openModifiedFile.title.
2023-12-18 14:31:37.794 [warning] [vscode-pull-request-github]: Couldn't find message for key command.pull.request.category.
2023-12-18 14:31:37.794 [warning] [vscode-pull-request-github]: Couldn't find message for key command.pr.openDiffView.title.
2023-12-18 14:31:37.794 [warning] [vscode-pull-request-github]: Couldn't find message for key command.pull.request.category.
2023-12-18 14:31:37.794 [warning] [vscode-pull-request-github]: Couldn't find message for key command.pr.openDiffViewFromEditor.title.
2023-12-18 14:31:37.794 [warning] [vscode-pull-request-github]: Couldn't find message for key command.pull.request.category.
2023-12-18 14:31:37.795 [warning] [vscode-pull-request-github]: Couldn't find message for key command.pr.openDescription.title.
2023-12-18 14:31:37.795 [warning] [vscode-pull-request-github]: Couldn't find message for key command.pull.request.category.
2023-12-18 14:31:37.795 [warning] [vscode-pull-request-github]: Couldn't find message for key command.pr.openDescriptionToTheSide.title.
2023-12-18 14:31:37.795 [warning] [vscode-pull-request-github]: Couldn't find message for key command.pr.refreshDescription.title.
2023-12-18 14:31:37.795 [warning] [vscode-pull-request-github]: Couldn't find message for key command.pull.request.category.
2023-12-18 14:31:37.795 [warning] [vscode-pull-request-github]: Couldn't find message for key command.pr.showDiffSinceLastReview.title.
2023-12-18 14:31:37.796 [warning] [vscode-pull-request-github]: Couldn't find message for key command.pr.showDiffAll.title.
2023-12-18 14:31:37.796 [warning] [vscode-pull-request-github]: Couldn't find message for key command.pr.checkoutByNumber.title.
2023-12-18 14:31:37.796 [warning] [vscode-pull-request-github]: Couldn't find message for key command.pull.request.category.
2023-12-18 14:31:37.796 [warning] [vscode-pull-request-github]: Couldn't find message for key command.review.openFile.title.
2023-12-18 14:31:37.796 [warning] [vscode-pull-request-github]: Couldn't find message for key command.review.openLocalFile.title.
2023-12-18 14:31:37.796 [warning] [vscode-pull-request-github]: Couldn't find message for key command.review.suggestDiff.title.
2023-12-18 14:31:37.797 [warning] [vscode-pull-request-github]: Couldn't find message for key command.pull.request.category.
2023-12-18 14:31:37.797 [warning] [vscode-pull-request-github]: Couldn't find message for key command.pr.refreshList.title.
2023-12-18 14:31:37.797 [warning] [vscode-pull-request-github]: Couldn't find message for key command.pull.request.category.
2023-12-18 14:31:37.798 [warning] [vscode-pull-request-github]: Couldn't find message for key command.pr.setFileListLayoutAsTree.title.
2023-12-18 14:31:37.798 [warning] [vscode-pull-request-github]: Couldn't find message for key command.pull.request.category.
2023-12-18 14:31:37.798 [warning] [vscode-pull-request-github]: Couldn't find message for key command.pr.setFileListLayoutAsFlat.title.
2023-12-18 14:31:37.799 [warning] [vscode-pull-request-github]: Couldn't find message for key command.pull.request.category.
2023-12-18 14:31:37.799 [warning] [vscode-pull-request-github]: Couldn't find message for key command.pr.refreshChanges.title.
2023-12-18 14:31:37.800 [warning] [vscode-pull-request-github]: Couldn't find message for key command.pull.request.category.
2023-12-18 14:31:37.800 [warning] [vscode-pull-request-github]: Couldn't find message for key command.pr.configurePRViewlet.title.
2023-12-18 14:31:37.800 [warning] [vscode-pull-request-github]: Couldn't find message for key command.pull.request.category.
2023-12-18 14:31:37.801 [warning] [vscode-pull-request-github]: Couldn't find message for key command.pr.deleteLocalBranch.title.
2023-12-18 14:31:37.801 [warning] [vscode-pull-request-github]: Couldn't find message for key command.pull.request.category.
2023-12-18 14:31:37.801 [warning] [vscode-pull-request-github]: Couldn't find message for key command.pr.signin.title.
2023-12-18 14:31:37.802 [warning] [vscode-pull-request-github]: Couldn't find message for key command.pull.request.category.
2023-12-18 14:31:37.802 [warning] [vscode-pull-request-github]: Couldn't find message for key command.pr.signin.title.
2023-12-18 14:31:37.803 [warning] [vscode-pull-request-github]: Couldn't find message for key command.pull.request.category.
2023-12-18 14:31:37.803 [warning] [vscode-pull-request-github]: Couldn't find message for key command.pr.signinenterprise.title.
2023-12-18 14:31:37.804 [warning] [vscode-pull-request-github]: Couldn't find message for key command.pull.request.category.
2023-12-18 14:31:37.804 [warning] [vscode-pull-request-github]: Couldn't find message for key command.pr.deleteLocalBranchesNRemotes.title.
2023-12-18 14:31:37.804 [warning] [vscode-pull-request-github]: Couldn't find message for key command.pull.request.category.
2023-12-18 14:31:37.805 [warning] [vscode-pull-request-github]: Couldn't find message for key command.pr.createComment.title.
2023-12-18 14:31:37.805 [warning] [vscode-pull-request-github]: Couldn't find message for key command.pull.request.category.
2023-12-18 14:31:37.806 [warning] [vscode-pull-request-github]: Couldn't find message for key command.pr.createSingleComment.title.
2023-12-18 14:31:37.806 [warning] [vscode-pull-request-github]: Couldn't find message for key command.pull.request.category.
2023-12-18 14:31:37.807 [warning] [vscode-pull-request-github]: Couldn't find message for key command.pr.makeSuggestion.title.
2023-12-18 14:31:37.807 [warning] [vscode-pull-request-github]: Couldn't find message for key command.pull.request.category.
2023-12-18 14:31:37.808 [warning] [vscode-pull-request-github]: Couldn't find message for key command.pr.startReview.title.
2023-12-18 14:31:37.808 [warning] [vscode-pull-request-github]: Couldn't find message for key command.pull.request.category.
2023-12-18 14:31:37.809 [warning] [vscode-pull-request-github]: Couldn't find message for key command.pr.editComment.title.
2023-12-18 14:31:37.809 [warning] [vscode-pull-request-github]: Couldn't find message for key command.pull.request.category.
2023-12-18 14:31:37.810 [warning] [vscode-pull-request-github]: Couldn't find message for key command.pr.cancelEditComment.title.
2023-12-18 14:31:37.810 [warning] [vscode-pull-request-github]: Couldn't find message for key command.pull.request.category.
2023-12-18 14:31:37.811 [warning] [vscode-pull-request-github]: Couldn't find message for key command.pr.saveComment.title.
2023-12-18 14:31:37.812 [warning] [vscode-pull-request-github]: Couldn't find message for key command.pull.request.category.
2023-12-18 14:31:37.812 [warning] [vscode-pull-request-github]: Couldn't find message for key command.pr.deleteComment.title.
2023-12-18 14:31:37.813 [warning] [vscode-pull-request-github]: Couldn't find message for key command.pull.request.category.
2023-12-18 14:31:37.814 [warning] [vscode-pull-request-github]: Couldn't find message for key command.pr.resolveReviewThread.title.
2023-12-18 14:31:37.815 [warning] [vscode-pull-request-github]: Couldn't find message for key command.pull.request.category.
2023-12-18 14:31:37.815 [warning] [vscode-pull-request-github]: Couldn't find message for key command.pr.unresolveReviewThread.title.
2023-12-18 14:31:37.816 [warning] [vscode-pull-request-github]: Couldn't find message for key command.pull.request.category.
2023-12-18 14:31:37.816 [warning] [vscode-pull-request-github]: Couldn't find message for key command.pr.signinAndRefreshList.title.
2023-12-18 14:31:37.818 [warning] [vscode-pull-request-github]: Couldn't find message for key command.pull.request.category.
2023-12-18 14:31:37.819 [warning] [vscode-pull-request-github]: Couldn't find message for key command.pr.configureRemotes.title.
2023-12-18 14:31:37.819 [warning] [vscode-pull-request-github]: Couldn't find message for key command.pull.request.category.
2023-12-18 14:31:37.819 [warning] [vscode-pull-request-github]: Couldn't find message for key command.pr.refreshActivePullRequest.title.
2023-12-18 14:31:37.821 [warning] [vscode-pull-request-github]: Couldn't find message for key command.pull.request.category.
2023-12-18 14:31:37.825 [warning] [vscode-pull-request-github]: Couldn't find message for key command.pr.markFileAsViewed.title.
2023-12-18 14:31:37.825 [warning] [vscode-pull-request-github]: Couldn't find message for key command.pull.request.category.
2023-12-18 14:31:37.826 [warning] [vscode-pull-request-github]: Couldn't find message for key command.pr.unmarkFileAsViewed.title.
2023-12-18 14:31:37.826 [warning] [vscode-pull-request-github]: Couldn't find message for key command.pull.request.category.
2023-12-18 14:31:37.826 [warning] [vscode-pull-request-github]: Couldn't find message for key command.pr.openReview.title.
2023-12-18 14:31:37.827 [warning] [vscode-pull-request-github]: Couldn't find message for key command.pull.request.category.
2023-12-18 14:31:37.827 [warning] [vscode-pull-request-github]: Couldn't find message for key command.pr.collapseAllComments.title.
2023-12-18 14:31:37.827 [warning] [vscode-pull-request-github]: Couldn't find message for key command.comments.category.
2023-12-18 14:31:37.827 [warning] [vscode-pull-request-github]: Couldn't find message for key command.pr.editQuery.title.
2023-12-18 14:31:37.828 [warning] [vscode-pull-request-github]: Couldn't find message for key command.pull.request.category.
2023-12-18 14:31:37.828 [warning] [vscode-pull-request-github]: Couldn't find message for key command.pr.openPullsWebsite.title.
2023-12-18 14:31:37.828 [warning] [vscode-pull-request-github]: Couldn't find message for key command.pull.request.category.
2023-12-18 14:31:37.828 [warning] [vscode-pull-request-github]: Couldn't find message for key command.pr.resetViewedFiles.title.
2023-12-18 14:31:37.829 [warning] [vscode-pull-request-github]: Couldn't find message for key command.pull.request.category.
2023-12-18 14:31:37.832 [warning] [vscode-pull-request-github]: Couldn't find message for key command.pr.goToNextDiffInPr.title.
2023-12-18 14:31:37.833 [warning] [vscode-pull-request-github]: Couldn't find message for key command.pull.request.category.
2023-12-18 14:31:37.833 [warning] [vscode-pull-request-github]: Couldn't find message for key command.pr.goToPreviousDiffInPr.title.
2023-12-18 14:31:37.834 [warning] [vscode-pull-request-github]: Couldn't find message for key command.pull.request.category.
2023-12-18 14:31:37.834 [warning] [vscode-pull-request-github]: Couldn't find message for key command.pr.copyCommentLink.title.
2023-12-18 14:31:37.834 [warning] [vscode-pull-request-github]: Couldn't find message for key command.pull.request.category.
2023-12-18 14:31:37.835 [warning] [vscode-pull-request-github]: Couldn't find message for key command.pr.applySuggestion.title.
2023-12-18 14:31:37.835 [warning] [vscode-pull-request-github]: Couldn't find message for key command.pull.request.category.
2023-12-18 14:31:37.836 [warning] [vscode-pull-request-github]: Couldn't find message for key command.pr.addAssigneesToNewPr.title.
2023-12-18 14:31:37.836 [warning] [vscode-pull-request-github]: Couldn't find message for key command.pull.request.category.
2023-12-18 14:31:37.838 [warning] [vscode-pull-request-github]: Couldn't find message for key command.pr.addReviewersToNewPr.title.
2023-12-18 14:31:37.838 [warning] [vscode-pull-request-github]: Couldn't find message for key command.pull.request.category.
2023-12-18 14:31:37.842 [warning] [vscode-pull-request-github]: Couldn't find message for key command.pr.addLabelsToNewPr.title.
2023-12-18 14:31:37.843 [warning] [vscode-pull-request-github]: Couldn't find message for key command.pull.request.category.
2023-12-18 14:31:37.843 [warning] [vscode-pull-request-github]: Couldn't find message for key command.pr.addMilestoneToNewPr.title.
2023-12-18 14:31:37.844 [warning] [vscode-pull-request-github]: Couldn't find message for key command.pull.request.category.
2023-12-18 14:31:37.844 [warning] [vscode-pull-request-github]: Couldn't find message for key command.pr.addFileComment.title.
2023-12-18 14:31:37.844 [warning] [vscode-pull-request-github]: Couldn't find message for key command.pull.request.category.
2023-12-18 14:31:37.844 [warning] [vscode-pull-request-github]: Couldn't find message for key command.pr.pick.title.
2023-12-18 14:31:37.845 [warning] [vscode-pull-request-github]: Couldn't find message for key command.pull.request.category.
2023-12-18 14:31:37.849 [warning] [vscode-pull-request-github]: Couldn't find message for key command.review.diffWithPrHead.title.
2023-12-18 14:31:37.850 [warning] [vscode-pull-request-github]: Couldn't find message for key command.pull.request.category.
2023-12-18 14:31:37.850 [warning] [vscode-pull-request-github]: Couldn't find message for key command.review.diffLocalWithPrHead.title.
2023-12-18 14:31:37.850 [warning] [vscode-pull-request-github]: Couldn't find message for key command.pull.request.category.
2023-12-18 14:31:37.851 [warning] [vscode-pull-request-github]: Couldn't find message for key command.review.approve.title.
2023-12-18 14:31:37.851 [warning] [vscode-pull-request-github]: Couldn't find message for key command.pull.request.category.
2023-12-18 14:31:37.852 [warning] [vscode-pull-request-github]: Couldn't find message for key command.review.comment.title.
2023-12-18 14:31:37.853 [warning] [vscode-pull-request-github]: Couldn't find message for key command.pull.request.category.
2023-12-18 14:31:37.853 [warning] [vscode-pull-request-github]: Couldn't find message for key command.review.requestChanges.title.
2023-12-18 14:31:37.853 [warning] [vscode-pull-request-github]: Couldn't find message for key command.pull.request.category.
2023-12-18 14:31:37.854 [warning] [vscode-pull-request-github]: Couldn't find message for key command.review.approveOnDotCom.title.
2023-12-18 14:31:37.854 [warning] [vscode-pull-request-github]: Couldn't find message for key command.pull.request.category.
2023-12-18 14:31:37.854 [warning] [vscode-pull-request-github]: Couldn't find message for key command.review.requestChangesOnDotCom.title.
2023-12-18 14:31:37.855 [warning] [vscode-pull-request-github]: Couldn't find message for key command.pull.request.category.
2023-12-18 14:31:37.855 [warning] [vscode-pull-request-github]: Couldn't find message for key command.pr.createPrMenuCreate.title.
2023-12-18 14:31:37.860 [warning] [vscode-pull-request-github]: Couldn't find message for key command.pull.request.category.
2023-12-18 14:31:37.860 [warning] [vscode-pull-request-github]: Couldn't find message for key command.pr.createPrMenuDraft.title.
2023-12-18 14:31:37.860 [warning] [vscode-pull-request-github]: Couldn't find message for key command.pull.request.category.
2023-12-18 14:31:37.861 [warning] [vscode-pull-request-github]: Couldn't find message for key command.pr.createPrMenuMerge.title.
2023-12-18 14:31:37.861 [warning] [vscode-pull-request-github]: Couldn't find message for key command.pull.request.category.
2023-12-18 14:31:37.861 [warning] [vscode-pull-request-github]: Couldn't find message for key command.pr.createPrMenuSquash.title.
2023-12-18 14:31:37.861 [warning] [vscode-pull-request-github]: Couldn't find message for key command.pull.request.category.
2023-12-18 14:31:37.862 [warning] [vscode-pull-request-github]: Couldn't find message for key command.pr.createPrMenuRebase.title.
2023-12-18 14:31:37.862 [warning] [vscode-pull-request-github]: Couldn't find message for key command.pull.request.category.
2023-12-18 14:31:37.863 [warning] [vscode-pull-request-github]: Couldn't find message for key command.issue.createIssueFromSelection.title.
2023-12-18 14:31:37.865 [warning] [vscode-pull-request-github]: Couldn't find message for key command.issues.category.
2023-12-18 14:31:37.866 [warning] [vscode-pull-request-github]: Couldn't find message for key command.issue.createIssueFromClipboard.title.
2023-12-18 14:31:37.866 [warning] [vscode-pull-request-github]: Couldn't find message for key command.issues.category.
2023-12-18 14:31:37.866 [warning] [vscode-pull-request-github]: Couldn't find message for key command.pr.copyVscodeDevPrLink.title.
2023-12-18 14:31:37.867 [warning] [vscode-pull-request-github]: Couldn't find message for key command.issues.category.
2023-12-18 14:31:37.868 [warning] [vscode-pull-request-github]: Couldn't find message for key command.pr.refreshComments.title.
2023-12-18 14:31:37.868 [warning] [vscode-pull-request-github]: Couldn't find message for key command.pull.request.category.
2023-12-18 14:31:37.868 [warning] [vscode-pull-request-github]: Couldn't find message for key command.issue.copyGithubDevLink.title.
2023-12-18 14:31:37.869 [warning] [vscode-pull-request-github]: Couldn't find message for key command.issues.category.
2023-12-18 14:31:37.869 [warning] [vscode-pull-request-github]: Couldn't find message for key command.issue.copyGithubDevLink.title.
2023-12-18 14:31:37.870 [warning] [vscode-pull-request-github]: Couldn't find message for key command.issues.category.
2023-12-18 14:31:37.870 [warning] [vscode-pull-request-github]: Couldn't find message for key command.issue.copyGithubDevLink.title.
2023-12-18 14:31:37.870 [warning] [vscode-pull-request-github]: Couldn't find message for key command.issues.category.
2023-12-18 14:31:37.871 [warning] [vscode-pull-request-github]: Couldn't find message for key command.issue.copyGithubPermalink.title.
2023-12-18 14:31:37.871 [warning] [vscode-pull-request-github]: Couldn't find message for key command.issues.category.
2023-12-18 14:31:37.872 [warning] [vscode-pull-request-github]: Couldn't find message for key command.issue.copyGithubHeadLink.title.
2023-12-18 14:31:37.872 [warning] [vscode-pull-request-github]: Couldn't find message for key command.issues.category.
2023-12-18 14:31:37.873 [warning] [vscode-pull-request-github]: Couldn't find message for key command.issue.copyGithubPermalink.title.
2023-12-18 14:31:37.873 [warning] [vscode-pull-request-github]: Couldn't find message for key command.issues.category.
2023-12-18 14:31:37.873 [warning] [vscode-pull-request-github]: Couldn't find message for key command.issue.copyGithubHeadLink.title.
2023-12-18 14:31:37.874 [warning] [vscode-pull-request-github]: Couldn't find message for key command.issues.category.
2023-12-18 14:31:37.874 [warning] [vscode-pull-request-github]: Couldn't find message for key command.issue.copyMarkdownGithubPermalink.title.
2023-12-18 14:31:37.874 [warning] [vscode-pull-request-github]: Couldn't find message for key command.issues.category.
2023-12-18 14:31:37.874 [warning] [vscode-pull-request-github]: Couldn't find message for key command.issue.copyMarkdownGithubPermalink.title.
2023-12-18 14:31:37.875 [warning] [vscode-pull-request-github]: Couldn't find message for key command.issues.category.
2023-12-18 14:31:37.875 [warning] [vscode-pull-request-github]: Couldn't find message for key command.issue.openGithubPermalink.title.
2023-12-18 14:31:37.875 [warning] [vscode-pull-request-github]: Couldn't find message for key command.issues.category.
2023-12-18 14:31:37.875 [warning] [vscode-pull-request-github]: Couldn't find message for key command.issue.openIssue.title.
2023-12-18 14:31:37.876 [warning] [vscode-pull-request-github]: Couldn't find message for key command.issues.category.
2023-12-18 14:31:37.876 [warning] [vscode-pull-request-github]: Couldn't find message for key command.issue.copyIssueNumber.title.
2023-12-18 14:31:37.876 [warning] [vscode-pull-request-github]: Couldn't find message for key command.issues.category.
2023-12-18 14:31:37.876 [warning] [vscode-pull-request-github]: Couldn't find message for key command.issue.copyIssueUrl.title.
2023-12-18 14:31:37.876 [warning] [vscode-pull-request-github]: Couldn't find message for key command.issues.category.
2023-12-18 14:31:37.877 [warning] [vscode-pull-request-github]: Couldn't find message for key command.issue.refresh.title.
2023-12-18 14:31:37.877 [warning] [vscode-pull-request-github]: Couldn't find message for key command.issues.category.
2023-12-18 14:31:37.877 [warning] [vscode-pull-request-github]: Couldn't find message for key command.issue.suggestRefresh.title.
2023-12-18 14:31:37.878 [warning] [vscode-pull-request-github]: Couldn't find message for key command.issues.category.
2023-12-18 14:31:37.878 [warning] [vscode-pull-request-github]: Couldn't find message for key command.issue.startWorking.title.
2023-12-18 14:31:37.878 [warning] [vscode-pull-request-github]: Couldn't find message for key command.issues.category.
2023-12-18 14:31:37.885 [warning] [vscode-pull-request-github]: Couldn't find message for key command.issue.startWorkingBranchDescriptiveTitle.title.
2023-12-18 14:31:37.886 [warning] [vscode-pull-request-github]: Couldn't find message for key command.issues.category.
2023-12-18 14:31:37.890 [warning] [vscode-pull-request-github]: Couldn't find message for key command.issue.continueWorking.title.
2023-12-18 14:31:37.890 [warning] [vscode-pull-request-github]: Couldn't find message for key command.issues.category.
2023-12-18 14:31:37.890 [warning] [vscode-pull-request-github]: Couldn't find message for key command.issue.startWorkingBranchPrompt.title.
2023-12-18 14:31:37.891 [warning] [vscode-pull-request-github]: Couldn't find message for key command.issues.category.
2023-12-18 14:31:37.891 [warning] [vscode-pull-request-github]: Couldn't find message for key command.issue.stopWorking.title.
2023-12-18 14:31:37.891 [warning] [vscode-pull-request-github]: Couldn't find message for key command.issues.category.
2023-12-18 14:31:37.892 [warning] [vscode-pull-request-github]: Couldn't find message for key command.issue.stopWorkingBranchDescriptiveTitle.title.
2023-12-18 14:31:37.892 [warning] [vscode-pull-request-github]: Couldn't find message for key command.issues.category.
2023-12-18 14:31:37.893 [warning] [vscode-pull-request-github]: Couldn't find message for key command.issue.statusBar.title.
2023-12-18 14:31:37.897 [warning] [vscode-pull-request-github]: Couldn't find message for key command.issues.category.
2023-12-18 14:31:37.897 [warning] [vscode-pull-request-github]: Couldn't find message for key command.issue.getCurrent.title.
2023-12-18 14:31:37.897 [warning] [vscode-pull-request-github]: Couldn't find message for key command.issues.category.
2023-12-18 14:31:37.898 [warning] [vscode-pull-request-github]: Couldn't find message for key command.issue.editQuery.title.
2023-12-18 14:31:37.898 [warning] [vscode-pull-request-github]: Couldn't find message for key command.issues.category.
2023-12-18 14:31:37.898 [warning] [vscode-pull-request-github]: Couldn't find message for key command.issue.createIssue.title.
2023-12-18 14:31:37.899 [warning] [vscode-pull-request-github]: Couldn't find message for key command.issues.category.
2023-12-18 14:31:37.899 [warning] [vscode-pull-request-github]: Couldn't find message for key command.issue.createIssueFromFile.title.
2023-12-18 14:31:37.899 [warning] [vscode-pull-request-github]: Couldn't find message for key command.issue.issueCompletion.title.
2023-12-18 14:31:37.899 [warning] [vscode-pull-request-github]: Couldn't find message for key command.issue.userCompletion.title.
2023-12-18 14:31:37.907 [warning] [vscode-pull-request-github]: Couldn't find message for key command.issue.signinAndRefreshList.title.
2023-12-18 14:31:37.907 [warning] [vscode-pull-request-github]: Couldn't find message for key command.issues.category.
2023-12-18 14:31:37.907 [warning] [vscode-pull-request-github]: Couldn't find message for key command.issue.goToLinkedCode.title.
2023-12-18 14:31:37.908 [warning] [vscode-pull-request-github]: Couldn't find message for key command.issues.category.
2023-12-18 14:31:37.908 [warning] [vscode-pull-request-github]: Couldn't find message for key command.issues.openIssuesWebsite.title.
2023-12-18 14:31:37.908 [warning] [vscode-pull-request-github]: Couldn't find message for key command.pull.request.category.
2023-12-18 14:31:37.909 [warning] [vscode-pull-request-github]: Couldn't find message for key welcome.github.login.contents.
2023-12-18 14:31:37.909 [warning] [vscode-pull-request-github]: Couldn't find message for key welcome.github.noGit.contents.
2023-12-18 14:31:37.909 [warning] [vscode-pull-request-github]: Couldn't find message for key welcome.github.loginNoEnterprise.contents.
2023-12-18 14:31:37.909 [warning] [vscode-pull-request-github]: Couldn't find message for key welcome.github.loginWithEnterprise.contents.
2023-12-18 14:31:37.910 [warning] [vscode-pull-request-github]: Couldn't find message for key welcome.pr.github.uninitialized.contents.
2023-12-18 14:31:37.910 [warning] [vscode-pull-request-github]: Couldn't find message for key welcome.pr.github.uninitialized.contents.
2023-12-18 14:31:37.910 [warning] [vscode-pull-request-github]: Couldn't find message for key welcome.pr.github.noFolder.contents.
2023-12-18 14:31:37.910 [warning] [vscode-pull-request-github]: Couldn't find message for key welcome.pr.github.noRepo.contents.
2023-12-18 14:31:37.911 [warning] [vscode-pull-request-github]: Couldn't find message for key welcome.pr.github.parentRepo.contents.
2023-12-18 14:31:37.911 [warning] [vscode-pull-request-github]: Couldn't find message for key welcome.pr.github.parentRepo.contents.
2023-12-18 14:31:37.911 [warning] [vscode-pull-request-github]: Couldn't find message for key welcome.issues.github.uninitialized.contents.
2023-12-18 14:31:37.911 [warning] [vscode-pull-request-github]: Couldn't find message for key welcome.issues.github.uninitialized.contents.
2023-12-18 14:31:37.912 [warning] [vscode-pull-request-github]: Couldn't find message for key welcome.issues.github.noFolder.contents.
2023-12-18 14:31:37.912 [warning] [vscode-pull-request-github]: Couldn't find message for key welcome.issues.github.noRepo.contents.
2023-12-18 14:31:37.912 [warning] [vscode-pull-request-github]: Couldn't find message for key welcome.pr.github.parentRepo.contents.
2023-12-18 14:31:37.913 [warning] [vscode-pull-request-github]: Couldn't find message for key welcome.pr.github.parentRepo.contents.
2023-12-18 14:31:37.913 [warning] [vscode-pull-request-github]: Couldn't find message for key welcome.github.activePullRequest.contents.
2023-12-18 14:31:38.229 [info] Deleted uninstalled extension from disk github.vscode-pull-request-github /home/main/.vscode-oss/extensions/github.vscode-pull-request-github-0.76.1-universal
2023-12-18 14:31:42.007 [info] Getting Manifest... github.vscode-pull-request-github
2023-12-18 14:31:43.164 [info] Installing extension: github.vscode-pull-request-github
2023-12-18 14:31:45.139 [info] Extension signature verification is not done: github.vscode-pull-request-github
2023-12-18 14:31:45.444 [info] Extracted extension to file:///home/main/.vscode-oss/extensions/github.vscode-pull-request-github-0.78.1-universal: github.vscode-pull-request-github
2023-12-18 14:31:45.455 [info] Renamed to /home/main/.vscode-oss/extensions/github.vscode-pull-request-github-0.78.1-universal
2023-12-18 14:31:45.471 [info] Extracting extension completed. github.vscode-pull-request-github
2023-12-18 14:31:45.502 [info] Extension installed successfully: github.vscode-pull-request-github
2023-12-18 14:31:45.523 [info] Marked extension as uninstalled github.vscode-pull-request-github-0.78.0-universal
2023-12-18 14:31:45.576 [error] [uncaught exception in sharedProcess]: Error: ENOENT: no such file or directory, stat '/home/main/.vscode-oss/extensions/extensions.json.vsctmp': EntryNotFound (FileSystemError): Error: ENOENT: no such file or directory, stat '/home/main/.vscode-oss/extensions/extensions.json.vsctmp'
    at r.create (/usr/lib/code/out/vs/code/node/sharedProcess/sharedProcessMain.js:51:30056)
    at a (/usr/lib/code/out/vs/code/node/sharedProcess/sharedProcessMain.js:51:30170)
    at s.fb (/usr/lib/code/out/vs/code/node/sharedProcess/sharedProcessMain.js:56:36175)
    at s.stat (/usr/lib/code/out/vs/code/node/sharedProcess/sharedProcessMain.js:56:28621)
    at async E.stat (/usr/lib/code/out/vs/code/node/sharedProcess/sharedProcessMain.js:56:15732)
    at async Y.tb (/usr/lib/code/out/vs/code/node/sharedProcess/sharedProcessMain.js:100:111319)
