2023-12-14 13:26:18.036 [info] Added views:workbench.panel.markers.view in workbench.panel.markers
2023-12-14 13:26:18.036 [info] Added views:workbench.panel.output in workbench.panel.output
2023-12-14 13:26:18.036 [info] Added views:terminal in terminal
2023-12-14 13:26:18.036 [info] Added views:outline in workbench.view.explorer
2023-12-14 13:26:18.036 [info] Added views:workbench.scm in workbench.view.scm
2023-12-14 13:26:18.036 [info] Added views:workbench.view.search in workbench.view.search
2023-12-14 13:26:18.036 [info] Added views:timeline in workbench.view.explorer
2023-12-14 13:26:18.036 [info] Added views:workbench.explorer.openEditorsView,workbench.explorer.fileView in workbench.view.explorer
2023-12-14 13:26:18.455 [info] Added views:pr:github,issues:github in workbench.view.extension.github-pull-requests
2023-12-14 13:26:19.176 [info] Added views:workbench.debug.welcome in workbench.view.debug
2023-12-14 13:26:19.285 [info] Added views:workbench.panel.repl.view in workbench.panel.repl
2023-12-14 13:26:20.214 [info] Added views:~remote.forwardedPorts in ~remote.forwardedPortsContainer
2023-12-14 13:26:27.207 [info] Added views:github:activePullRequest:welcome in workbench.view.extension.github-pull-request
2023-12-14 13:26:27.213 [info] Removed views:github:activePullRequest:welcome from workbench.view.extension.github-pull-request
2023-12-14 13:26:27.389 [info] Added views:workbench.view.testing in workbench.view.extension.test
2023-12-14 13:26:27.712 [info] Added views:workbench.panel.comments in workbench.panel.comments
2023-12-14 13:34:22.672 [info] Removed views:workbench.view.testing from workbench.view.extension.test
2023-12-14 13:34:24.774 [info] Added views:workbench.panel.markers.view in workbench.panel.markers
2023-12-14 13:34:24.774 [info] Added views:workbench.panel.output in workbench.panel.output
2023-12-14 13:34:24.774 [info] Added views:terminal in terminal
2023-12-14 13:34:24.774 [info] Added views:outline in workbench.view.explorer
2023-12-14 13:34:24.775 [info] Added views:workbench.scm in workbench.view.scm
2023-12-14 13:34:24.775 [info] Added views:workbench.view.search in workbench.view.search
2023-12-14 13:34:24.775 [info] Added views:timeline in workbench.view.explorer
2023-12-14 13:34:24.775 [info] Added views:workbench.explorer.openEditorsView,workbench.explorer.emptyView in workbench.view.explorer
2023-12-14 13:34:25.527 [info] Added views:pr:github,issues:github in workbench.view.extension.github-pull-requests
2023-12-14 13:34:25.935 [info] Added views:workbench.debug.variablesView,workbench.debug.watchExpressionsView,workbench.debug.callStackView,workbench.debug.breakPointsView in workbench.view.debug
2023-12-14 13:34:26.131 [info] Added views:~remote.forwardedPorts in ~remote.forwardedPortsContainer
2023-12-14 13:34:26.678 [info] Added views:workbench.panel.repl.view in workbench.panel.repl
2023-12-14 13:34:26.680 [info] Removed views:workbench.debug.breakPointsView,workbench.debug.callStackView,workbench.debug.watchExpressionsView,workbench.debug.variablesView from workbench.view.debug
2023-12-14 13:34:26.682 [info] Added views:workbench.debug.welcome in workbench.view.debug
2023-12-14 13:34:45.069 [info] Added views:workbench.explorer.fileView in workbench.view.explorer
2023-12-14 13:34:45.075 [info] Removed views:workbench.explorer.emptyView from workbench.view.explorer
2023-12-14 13:34:45.811 [info] Removed views:workbench.panel.repl.view from workbench.panel.repl
2023-12-14 13:34:46.372 [info] Added views:workbench.panel.repl.view in workbench.panel.repl
2023-12-14 13:34:47.635 [info] Added views:workbench.panel.comments in workbench.panel.comments
2023-12-14 13:34:47.704 [info] Added views:github:activePullRequest:welcome in workbench.view.extension.github-pull-request
2023-12-14 13:34:47.716 [info] Removed views:github:activePullRequest:welcome from workbench.view.extension.github-pull-request
2023-12-14 13:34:50.931 [info] Added views:prStatus:github,github:activePullRequest in workbench.view.extension.github-pull-request
2023-12-14 13:35:10.912 [info] Added views:workbench.view.testing in workbench.view.extension.test
2023-12-14 20:21:30.942 [info] Removed views:github:activePullRequest,prStatus:github from workbench.view.extension.github-pull-request
2023-12-14 20:21:30.944 [info] Added views:github:createPullRequestWebview,github:compareChangesFiles,github:compareChangesCommits in workbench.view.extension.github-pull-request
2023-12-14 20:24:00.425 [info] Added views:workbench.views.extensions.installed,workbench.views.extensions.popular,extensions.recommendedList in workbench.view.extensions
2023-12-14 20:24:00.450 [info] Removed views:workbench.views.extensions.popular from workbench.view.extensions
2023-12-14 20:24:03.324 [info] Removed views:extensions.recommendedList,workbench.views.extensions.installed from workbench.view.extensions
2023-12-14 20:24:03.336 [info] Added views:workbench.views.extensions.marketplace in workbench.view.extensions
2023-12-14 20:25:04.498 [info] Removed views:workbench.views.extensions.marketplace from workbench.view.extensions
2023-12-14 20:25:04.535 [info] Added views:workbench.views.extensions.installed,extensions.recommendedList in workbench.view.extensions
2023-12-14 21:06:11.916 [info] Removed views:workbench.view.testing from workbench.view.extension.test
