2024-01-17 15:47:11.775 [info] Getting Manifest... jdinhlife.gruvbox
2024-01-17 15:47:11.837 [info] Getting Manifest... ms-python.python
2024-01-17 15:47:12.399 [info] Installing extension: jdinhlife.gruvbox
2024-01-17 15:47:12.455 [info] Installing extension: ms-python.python
2024-01-17 15:47:14.592 [info] Extension signature verification is not done: jdinhlife.gruvbox
2024-01-17 15:47:14.857 [info] Extracted extension to file:///home/main/.vscode-oss/extensions/jdinhlife.gruvbox-1.18.0-universal: jdinhlife.gruvbox
2024-01-17 15:47:14.867 [info] Renamed to /home/main/.vscode-oss/extensions/jdinhlife.gruvbox-1.18.0-universal
2024-01-17 15:47:14.881 [info] Extracting extension completed. jdinhlife.gruvbox
2024-01-17 15:47:14.931 [info] Extension installed successfully: jdinhlife.gruvbox
2024-01-17 15:47:14.948 [info] Marked extension as uninstalled jdinhlife.gruvbox-1.17.0-universal
2024-01-17 15:47:14.999 [error] [uncaught exception in sharedProcess]: Error: ENOENT: no such file or directory, stat '/home/main/.vscode-oss/extensions/extensions.json.vsctmp': EntryNotFound (FileSystemError): Error: ENOENT: no such file or directory, stat '/home/main/.vscode-oss/extensions/extensions.json.vsctmp'
    at r.create (/usr/lib/code/out/vs/code/node/sharedProcess/sharedProcessMain.js:51:30056)
    at a (/usr/lib/code/out/vs/code/node/sharedProcess/sharedProcessMain.js:51:30170)
    at s.fb (/usr/lib/code/out/vs/code/node/sharedProcess/sharedProcessMain.js:56:36175)
    at s.stat (/usr/lib/code/out/vs/code/node/sharedProcess/sharedProcessMain.js:56:28621)
    at async E.stat (/usr/lib/code/out/vs/code/node/sharedProcess/sharedProcessMain.js:56:15732)
    at async Y.tb (/usr/lib/code/out/vs/code/node/sharedProcess/sharedProcessMain.js:100:111319)
2024-01-17 15:47:16.541 [info] Extension signature verification is not done: ms-python.python
2024-01-17 15:47:22.264 [info] Extracted extension to file:///home/main/.vscode-oss/extensions/ms-python.python-2023.22.1-universal: ms-python.python
2024-01-17 15:47:22.280 [info] Renamed to /home/main/.vscode-oss/extensions/ms-python.python-2023.22.1-universal
2024-01-17 15:47:22.299 [info] Extracting extension completed. ms-python.python
2024-01-17 15:47:22.366 [info] Extension installed successfully: ms-python.python
2024-01-17 15:47:22.405 [info] Marked extension as uninstalled ms-python.python-2023.20.0-universal
2024-01-17 15:47:22.462 [error] [uncaught exception in sharedProcess]: Error: ENOENT: no such file or directory, stat '/home/main/.vscode-oss/extensions/extensions.json.vsctmp': EntryNotFound (FileSystemError): Error: ENOENT: no such file or directory, stat '/home/main/.vscode-oss/extensions/extensions.json.vsctmp'
    at r.create (/usr/lib/code/out/vs/code/node/sharedProcess/sharedProcessMain.js:51:30056)
    at a (/usr/lib/code/out/vs/code/node/sharedProcess/sharedProcessMain.js:51:30170)
    at s.fb (/usr/lib/code/out/vs/code/node/sharedProcess/sharedProcessMain.js:56:36175)
    at s.stat (/usr/lib/code/out/vs/code/node/sharedProcess/sharedProcessMain.js:56:28621)
    at async E.stat (/usr/lib/code/out/vs/code/node/sharedProcess/sharedProcessMain.js:56:15732)
    at async Y.tb (/usr/lib/code/out/vs/code/node/sharedProcess/sharedProcessMain.js:100:111319)
