2023-12-06 22:58:17.485 [info] Added views:workbench.panel.markers.view in workbench.panel.markers
2023-12-06 22:58:17.485 [info] Added views:workbench.panel.output in workbench.panel.output
2023-12-06 22:58:17.485 [info] Added views:terminal in terminal
2023-12-06 22:58:17.485 [info] Added views:outline in workbench.view.explorer
2023-12-06 22:58:17.485 [info] Added views:workbench.scm in workbench.view.scm
2023-12-06 22:58:17.485 [info] Added views:workbench.view.search in workbench.view.search
2023-12-06 22:58:17.485 [info] Added views:timeline in workbench.view.explorer
2023-12-06 22:58:17.485 [info] Added views:workbench.explorer.openEditorsView,workbench.explorer.emptyView in workbench.view.explorer
2023-12-06 22:58:17.756 [info] Added views:workbench.debug.variablesView,workbench.debug.watchExpressionsView,workbench.debug.callStackView,workbench.debug.breakPointsView in workbench.view.debug
2023-12-06 22:58:18.824 [info] Added views:pr:github,issues:github in workbench.view.extension.github-pull-requests
2023-12-06 22:58:19.299 [info] Added views:workbench.panel.repl.view in workbench.panel.repl
2023-12-06 22:58:19.300 [info] Removed views:workbench.debug.breakPointsView,workbench.debug.callStackView,workbench.debug.watchExpressionsView,workbench.debug.variablesView from workbench.view.debug
2023-12-06 22:58:19.301 [info] Added views:workbench.debug.welcome in workbench.view.debug
2023-12-06 22:58:19.585 [info] Added views:~remote.forwardedPorts in ~remote.forwardedPortsContainer
2023-12-06 22:59:16.497 [info] Added views:workbench.explorer.fileView in workbench.view.explorer
2023-12-06 22:59:16.505 [info] Removed views:workbench.explorer.emptyView from workbench.view.explorer
2023-12-06 22:59:17.238 [info] Removed views:workbench.panel.repl.view from workbench.panel.repl
2023-12-06 22:59:17.715 [info] Added views:workbench.panel.repl.view in workbench.panel.repl
2023-12-06 23:01:20.538 [info] Added views:workbench.view.testing in workbench.view.extension.test
2023-12-06 23:15:29.948 [info] Added views:workbench.views.extensions.installed,workbench.views.extensions.popular,extensions.recommendedList in workbench.view.extensions
2023-12-06 23:15:29.956 [info] Removed views:workbench.views.extensions.popular from workbench.view.extensions
2023-12-06 23:15:33.535 [info] Removed views:extensions.recommendedList,workbench.views.extensions.installed from workbench.view.extensions
2023-12-06 23:15:33.566 [info] Added views:workbench.views.extensions.marketplace in workbench.view.extensions
2023-12-06 23:16:04.264 [info] Removed views:workbench.view.testing from workbench.view.extension.test
2023-12-06 23:16:04.548 [info] Added views:workbench.view.testing in workbench.view.extension.test
2023-12-06 23:16:29.667 [info] Added views:github:activePullRequest:welcome in workbench.view.extension.github-pull-request
2023-12-06 23:16:29.679 [info] Removed views:github:activePullRequest:welcome from workbench.view.extension.github-pull-request
2023-12-06 23:16:29.884 [info] Added views:workbench.panel.comments in workbench.panel.comments
2023-12-06 23:16:31.809 [info] Added views:prStatus:github,github:activePullRequest in workbench.view.extension.github-pull-request
2023-12-06 23:16:41.431 [info] Removed views:github:activePullRequest,prStatus:github from workbench.view.extension.github-pull-request
2023-12-06 23:16:47.226 [info] Removed views:workbench.view.testing from workbench.view.extension.test
