2023-12-14 13:26:20.668 [info] Reading sessions from keychain...
2023-12-14 13:26:20.668 [info] Getting sessions for all scopes...
2023-12-14 13:26:21.020 [info] Got stored sessions!
2023-12-14 13:26:21.021 [info] Got 1 verified sessions.
2023-12-14 13:26:21.021 [info] Got 1 sessions for ...
2023-12-14 13:26:21.023 [info] Getting sessions for all scopes...
2023-12-14 13:26:21.023 [info] Got 1 sessions for ...
2023-12-14 13:26:21.216 [info] Getting sessions for project,read:org,read:user,repo,user:email,workflow...
2023-12-14 13:26:21.216 [info] Got 0 sessions for project,read:org,read:user,repo,user:email,workflow...
2023-12-14 13:26:21.284 [info] Getting sessions for read:user,repo,user:email,workflow...
2023-12-14 13:26:21.284 [info] Got 1 sessions for read:user,repo,user:email,workflow...
2023-12-14 13:26:27.117 [info] Getting sessions for read:user,repo,user:email,workflow...
2023-12-14 13:26:27.117 [info] Got 1 sessions for read:user,repo,user:email,workflow...
2023-12-14 13:26:28.329 [info] Getting sessions for read:user,repo,user:email,workflow...
2023-12-14 13:26:28.330 [info] Got 1 sessions for read:user,repo,user:email,workflow...
2023-12-14 13:34:27.607 [info] Reading sessions from keychain...
2023-12-14 13:34:27.607 [info] Getting sessions for all scopes...
2023-12-14 13:34:27.609 [info] Got stored sessions!
2023-12-14 13:34:27.609 [info] Got 1 verified sessions.
2023-12-14 13:34:27.609 [info] Got 1 sessions for ...
2023-12-14 13:34:27.610 [info] Getting sessions for all scopes...
2023-12-14 13:34:27.610 [info] Got 1 sessions for ...
2023-12-14 13:34:27.705 [info] Getting sessions for project,read:org,read:user,repo,user:email,workflow...
2023-12-14 13:34:27.706 [info] Got 0 sessions for project,read:org,read:user,repo,user:email,workflow...
2023-12-14 13:34:27.738 [info] Getting sessions for read:user,repo,user:email,workflow...
2023-12-14 13:34:27.738 [info] Got 1 sessions for read:user,repo,user:email,workflow...
2023-12-14 13:34:46.771 [info] Reading sessions from keychain...
2023-12-14 13:34:46.771 [info] Getting sessions for all scopes...
2023-12-14 13:34:46.771 [info] Got stored sessions!
2023-12-14 13:34:46.771 [info] Got 1 verified sessions.
2023-12-14 13:34:46.771 [info] Got 1 sessions for ...
2023-12-14 13:34:46.771 [info] Getting sessions for all scopes...
2023-12-14 13:34:46.771 [info] Got 1 sessions for ...
2023-12-14 13:34:47.158 [info] Getting sessions for project,read:org,read:user,repo,user:email,workflow...
2023-12-14 13:34:47.159 [info] Got 0 sessions for project,read:org,read:user,repo,user:email,workflow...
2023-12-14 13:34:47.306 [info] Getting sessions for read:user,repo,user:email,workflow...
2023-12-14 13:34:47.306 [info] Got 1 sessions for read:user,repo,user:email,workflow...
2023-12-14 13:34:47.669 [info] Getting sessions for read:user,repo,user:email,workflow...
2023-12-14 13:34:47.669 [info] Got 1 sessions for read:user,repo,user:email,workflow...
2023-12-14 13:34:48.436 [info] Getting sessions for read:user,repo,user:email,workflow...
2023-12-14 13:34:48.436 [info] Got 1 sessions for read:user,repo,user:email,workflow...
