2023-11-30 16:21:51.058 [warning] /home/main/.ssh/config: ENOENT: no such file or directory, open '/home/main/.ssh/config'
2023-11-30 16:21:51.058 [info] Activation> Extension version: 0.76.1
2023-11-30 16:21:52.193 [info] Looking for git repository
2023-11-30 16:21:52.193 [info] Found 0 repositories during activation
2023-11-30 16:21:52.193 [info] Git repository found, initializing review manager and pr tree view.
2023-11-30 16:21:52.209 [info] Registering git provider
2023-11-30 16:21:52.209 [info] Review> Validate state in progress
2023-11-30 16:21:52.209 [info] Review> Validating state...
2023-11-30 16:21:52.275 [info] Found GitHub remote for folder /home/main/Desktop/uni/oop/assignment_1_OOP
2023-11-30 16:21:52.869 [info] Review> Queuing additional validate state
2023-11-30 16:21:52.869 [info] Repo state for file:///home/main/Desktop/uni/oop/assignment_1_OOP changed.
2023-11-30 16:21:52.869 [info] Repo file:///home/main/Desktop/uni/oop/assignment_1_OOP has already been setup.
2023-11-30 16:21:52.905 [info] Found GitHub remote for folder /home/main/Desktop/uni/oop/assignment_1_OOP
2023-11-30 16:21:52.957 [info] Review> No matching pull request metadata found locally for current branch main
2023-11-30 16:21:53.453 [info] Trying to use globalState for assignableUsers.
2023-11-30 16:21:53.558 [info] GlobalState does not exist for assignableUsers.
2023-11-30 16:21:53.722 [info] Review> No matching pull request metadata found on GitHub for current branch main
2023-11-30 16:21:53.738 [info] Review> Validating state...
2023-11-30 16:21:53.740 [info] Found GitHub remote for folder /home/main/Desktop/uni/oop/assignment_1_OOP
2023-11-30 16:21:53.742 [info] Trying to use globalState for assignableUsers.
2023-11-30 16:21:53.761 [info] GlobalState does not exist for assignableUsers.
2023-11-30 16:21:53.812 [info] Review> No matching pull request metadata found locally for current branch main
2023-11-30 16:21:54.554 [info] Review> No matching pull request metadata found on GitHub for current branch main
