2023-11-30 16:47:21.894 [info] Log level: Info
2023-11-30 16:47:21.894 [info] Validating found git in: "git"
2023-11-30 16:47:21.894 [info] Using git "2.43.0" from "git"
2023-11-30 16:47:21.894 [info] > git rev-parse --show-toplevel [19ms]
2023-11-30 16:47:21.894 [info] > git rev-parse --git-dir --git-common-dir [365ms]
2023-11-30 16:47:21.894 [info] Open repository: /home/main/Desktop/uni/oop/assignment_1_OOP
2023-11-30 16:47:21.897 [info] > git config --get commit.template [14ms]
2023-11-30 16:47:21.899 [info] > git rev-parse --show-toplevel [5ms]
2023-11-30 16:47:21.930 [info] > git for-each-ref --format=%(refname)%00%(upstream:short)%00%(objectname)%00%(upstream:track)%00%(upstream:remotename)%00%(upstream:remoteref) refs/heads/main refs/remotes/main [18ms]
2023-11-30 16:47:21.947 [info] > git rev-parse --show-toplevel [19ms]
2023-11-30 16:47:21.951 [info] > git status -z -uall [7ms]
2023-11-30 16:47:22.002 [info] > git config --get commit.template [10ms]
2023-11-30 16:47:22.005 [info] > git for-each-ref --format=%(refname)%00%(upstream:short)%00%(objectname)%00%(upstream:track)%00%(upstream:remotename)%00%(upstream:remoteref) refs/heads/main refs/remotes/main [5ms]
2023-11-30 16:47:22.023 [info] > git status -z -uall [9ms]
2023-11-30 16:47:22.858 [info] > git check-ignore -v -z --stdin [4ms]
2023-11-30 16:47:51.395 [info] > git check-ignore -v -z --stdin [2ms]
2023-11-30 16:47:56.592 [info] > git config --get commit.template [12ms]
2023-11-30 16:47:56.592 [info] > git for-each-ref --format=%(refname)%00%(upstream:short)%00%(objectname)%00%(upstream:track)%00%(upstream:remotename)%00%(upstream:remoteref) refs/heads/main refs/remotes/main [3ms]
2023-11-30 16:47:56.604 [info] > git status -z -uall [3ms]
2023-11-30 16:48:07.839 [info] > git check-ignore -v -z --stdin [1ms]
2023-11-30 16:48:21.822 [info] > git check-ignore -v -z --stdin [15ms]
2023-11-30 16:48:22.108 [info] > git show --textconv :.github/workflows/style.yml [14ms]
2023-11-30 16:48:22.108 [info] > git ls-files --stage -- /home/main/Desktop/uni/oop/assignment_1_OOP/.github/workflows/style.yml [1ms]
2023-11-30 16:48:22.138 [info] > git cat-file -s 6e0116d62f263e47ef99ea5f16447f197a34e7fe [12ms]
2023-11-30 16:48:32.514 [info] > git show --textconv :.github/workflows/style.yml [10ms]
2023-11-30 16:48:32.516 [info] > git ls-files --stage -- /home/main/Desktop/uni/oop/assignment_1_OOP/.github/workflows/style.yml [2ms]
2023-11-30 16:48:32.526 [info] > git cat-file -s 6e0116d62f263e47ef99ea5f16447f197a34e7fe [2ms]
