2023-12-06 21:44:25.259 [info] Added views:workbench.panel.markers.view in workbench.panel.markers
2023-12-06 21:44:25.259 [info] Added views:workbench.panel.output in workbench.panel.output
2023-12-06 21:44:25.259 [info] Added views:terminal in terminal
2023-12-06 21:44:25.259 [info] Added views:outline in workbench.view.explorer
2023-12-06 21:44:25.259 [info] Added views:workbench.scm in workbench.view.scm
2023-12-06 21:44:25.259 [info] Added views:workbench.view.search in workbench.view.search
2023-12-06 21:44:25.259 [info] Added views:timeline in workbench.view.explorer
2023-12-06 21:44:25.259 [info] Added views:workbench.explorer.openEditorsView,workbench.explorer.emptyView in workbench.view.explorer
2023-12-06 21:44:25.659 [info] Added views:workbench.debug.variablesView,workbench.debug.watchExpressionsView,workbench.debug.callStackView,workbench.debug.breakPointsView in workbench.view.debug
2023-12-06 21:44:26.369 [info] Added views:pr:github,issues:github in workbench.view.extension.github-pull-requests
2023-12-06 21:44:27.073 [info] Added views:workbench.panel.repl.view in workbench.panel.repl
2023-12-06 21:44:27.078 [info] Removed views:workbench.debug.breakPointsView,workbench.debug.callStackView,workbench.debug.watchExpressionsView,workbench.debug.variablesView from workbench.view.debug
2023-12-06 21:44:27.116 [info] Added views:workbench.debug.welcome in workbench.view.debug
2023-12-06 21:44:27.435 [info] Added views:~remote.forwardedPorts in ~remote.forwardedPortsContainer
2023-12-06 21:44:54.081 [info] Added views:workbench.panel.markers.view in workbench.panel.markers
2023-12-06 21:44:54.081 [info] Added views:workbench.panel.output in workbench.panel.output
2023-12-06 21:44:54.081 [info] Added views:terminal in terminal
2023-12-06 21:44:54.081 [info] Added views:outline in workbench.view.explorer
2023-12-06 21:44:54.081 [info] Added views:workbench.scm in workbench.view.scm
2023-12-06 21:44:54.081 [info] Added views:workbench.view.search in workbench.view.search
2023-12-06 21:44:54.081 [info] Added views:timeline in workbench.view.explorer
2023-12-06 21:44:54.081 [info] Added views:workbench.explorer.openEditorsView,workbench.explorer.fileView in workbench.view.explorer
2023-12-06 21:44:54.845 [info] Added views:pr:github,issues:github in workbench.view.extension.github-pull-requests
2023-12-06 21:44:55.979 [info] Added views:workbench.debug.welcome in workbench.view.debug
2023-12-06 21:44:56.257 [info] Added views:workbench.panel.repl.view in workbench.panel.repl
2023-12-06 21:44:57.787 [info] Added views:workbench.view.testing in workbench.view.extension.test
2023-12-06 21:45:01.206 [info] Added views:workbench.panel.comments in workbench.panel.comments
2023-12-06 21:45:01.581 [info] Added views:~remote.forwardedPorts in ~remote.forwardedPortsContainer
2023-12-06 21:45:02.063 [info] Added views:github:activePullRequest:welcome in workbench.view.extension.github-pull-request
2023-12-06 21:45:03.155 [info] Added views:prStatus:github,github:activePullRequest in workbench.view.extension.github-pull-request
2023-12-06 21:45:03.888 [info] Removed views:github:activePullRequest:welcome from workbench.view.extension.github-pull-request
2023-12-06 21:47:14.863 [info] Added views:workbench.views.extensions.installed,workbench.views.extensions.popular,extensions.recommendedList in workbench.view.extensions
2023-12-06 21:47:14.871 [info] Removed views:workbench.views.extensions.popular from workbench.view.extensions
2023-12-06 21:47:16.658 [info] Removed views:extensions.recommendedList,workbench.views.extensions.installed from workbench.view.extensions
2023-12-06 21:47:16.677 [info] Added views:workbench.views.extensions.marketplace in workbench.view.extensions
2023-12-06 21:52:39.154 [info] Removed views:workbench.views.extensions.marketplace from workbench.view.extensions
2023-12-06 21:52:39.173 [info] Added views:workbench.views.extensions.installed,extensions.recommendedList in workbench.view.extensions
2023-12-06 21:52:41.200 [info] Removed views:extensions.recommendedList,workbench.views.extensions.installed from workbench.view.extensions
2023-12-06 21:52:41.217 [info] Added views:workbench.views.extensions.marketplace in workbench.view.extensions
2023-12-06 21:52:48.708 [info] Removed views:workbench.views.extensions.marketplace from workbench.view.extensions
2023-12-06 21:52:48.781 [info] Added views:workbench.views.extensions.installed,extensions.recommendedList in workbench.view.extensions
2023-12-06 21:53:15.498 [info] Removed views:extensions.recommendedList,workbench.views.extensions.installed from workbench.view.extensions
2023-12-06 21:53:15.512 [info] Added views:workbench.views.extensions.marketplace in workbench.view.extensions
2023-12-06 22:00:41.252 [info] Removed views:workbench.view.testing from workbench.view.extension.test
