2023-11-30 16:21:50.439 [info] Log level: Info
2023-11-30 16:21:50.439 [info] Validating found git in: "git"
2023-11-30 16:21:50.439 [info] Using git "2.43.0" from "git"
2023-11-30 16:21:50.439 [info] > git rev-parse --show-toplevel [29ms]
2023-11-30 16:21:50.439 [info] > git rev-parse --git-dir --git-common-dir [210ms]
2023-11-30 16:21:50.439 [info] Open repository: /home/main/Desktop/uni/oop/assignment_1_OOP
2023-11-30 16:21:50.444 [info] > git config --get commit.template [32ms]
2023-11-30 16:21:50.447 [info] > git rev-parse --show-toplevel [14ms]
2023-11-30 16:21:50.488 [info] > git rev-parse --show-toplevel [1ms]
2023-11-30 16:21:50.489 [info] > git for-each-ref --format=%(refname)%00%(upstream:short)%00%(objectname)%00%(upstream:track)%00%(upstream:remotename)%00%(upstream:remoteref) refs/heads/main refs/remotes/main [20ms]
2023-11-30 16:21:50.510 [info] > git status -z -uall [5ms]
2023-11-30 16:21:50.546 [info] > git config --get commit.template [1ms]
2023-11-30 16:21:50.562 [info] > git for-each-ref --format=%(refname)%00%(upstream:short)%00%(objectname)%00%(upstream:track)%00%(upstream:remotename)%00%(upstream:remoteref) refs/heads/main refs/remotes/main [2ms]
2023-11-30 16:21:50.574 [info] > git status -z -uall [4ms]
2023-11-30 16:21:52.781 [info] > git remote add upstream https://github.com/rug-oop-2023/assignment_1.git [31ms]
2023-11-30 16:21:52.834 [info] > git config --get commit.template [13ms]
2023-11-30 16:21:52.852 [info] > git for-each-ref --format=%(refname)%00%(upstream:short)%00%(objectname)%00%(upstream:track)%00%(upstream:remotename)%00%(upstream:remoteref) refs/heads/main refs/remotes/main [3ms]
2023-11-30 16:21:52.865 [info] > git status -z -uall [2ms]
2023-11-30 16:21:52.884 [info] > git config --local branch.main.github-pr-owner-number [2ms]
2023-11-30 16:21:52.903 [info] > git config --get commit.template [5ms]
2023-11-30 16:21:52.940 [info] > git for-each-ref --format=%(refname)%00%(upstream:short)%00%(objectname)%00%(upstream:track)%00%(upstream:remotename)%00%(upstream:remoteref) refs/heads/main refs/remotes/main [3ms]
2023-11-30 16:21:52.952 [info] > git status -z -uall [3ms]
2023-11-30 16:21:53.762 [info] > git config --local branch.main.github-pr-owner-number [3ms]
2023-11-30 16:21:53.787 [info] > git config --get commit.template [13ms]
2023-11-30 16:21:53.788 [info] > git for-each-ref --format=%(refname)%00%(upstream:short)%00%(objectname)%00%(upstream:track)%00%(upstream:remotename)%00%(upstream:remoteref) refs/heads/main refs/remotes/main [2ms]
2023-11-30 16:21:53.803 [info] > git status -z -uall [3ms]
2023-11-30 16:22:03.318 [info] > git check-ignore -v -z --stdin [1ms]
2023-11-30 16:22:08.342 [info] > git check-ignore -v -z --stdin [2ms]
2023-11-30 16:22:09.792 [info] > git check-ignore -v -z --stdin [2ms]
2023-11-30 16:22:14.333 [info] > git check-ignore -v -z --stdin [1ms]
2023-11-30 16:22:25.203 [info] > git check-ignore -v -z --stdin [2ms]
2023-11-30 16:22:29.460 [info] > git check-ignore -v -z --stdin [1ms]
2023-11-30 16:26:52.234 [info] > git config --local branch.main.github-pr-owner-number [2ms]
2023-11-30 16:26:52.253 [info] > git config --get commit.template [10ms]
2023-11-30 16:26:52.253 [info] > git for-each-ref --format=%(refname)%00%(upstream:short)%00%(objectname)%00%(upstream:track)%00%(upstream:remotename)%00%(upstream:remoteref) refs/heads/main refs/remotes/main [2ms]
2023-11-30 16:26:52.264 [info] > git status -z -uall [2ms]
2023-11-30 16:30:31.416 [info] > git check-ignore -v -z --stdin [3ms]
2023-11-30 16:31:52.298 [info] > git config --local branch.main.github-pr-owner-number [2ms]
2023-11-30 16:31:52.321 [info] > git config --get commit.template [11ms]
2023-11-30 16:31:52.322 [info] > git for-each-ref --format=%(refname)%00%(upstream:short)%00%(objectname)%00%(upstream:track)%00%(upstream:remotename)%00%(upstream:remoteref) refs/heads/main refs/remotes/main [3ms]
2023-11-30 16:31:52.333 [info] > git status -z -uall [2ms]
2023-11-30 16:31:54.353 [info] > git show --textconv :src/__init__.py [15ms]
2023-11-30 16:31:54.356 [info] > git ls-files --stage -- /home/main/Desktop/uni/oop/assignment_1_OOP/src/__init__.py [3ms]
2023-11-30 16:31:54.371 [info] > git cat-file -s e69de29bb2d1d6434b8b29ae775ad8c2e48c5391 [2ms]
2023-11-30 16:36:52.361 [info] > git config --local branch.main.github-pr-owner-number [7ms]
2023-11-30 16:36:52.395 [info] > git config --get commit.template [14ms]
2023-11-30 16:36:52.399 [info] > git for-each-ref --format=%(refname)%00%(upstream:short)%00%(objectname)%00%(upstream:track)%00%(upstream:remotename)%00%(upstream:remoteref) refs/heads/main refs/remotes/main [6ms]
2023-11-30 16:36:52.415 [info] > git status -z -uall [6ms]
2023-11-30 16:41:52.434 [info] > git config --local branch.main.github-pr-owner-number [2ms]
2023-11-30 16:41:52.456 [info] > git config --get commit.template [12ms]
2023-11-30 16:41:52.458 [info] > git for-each-ref --format=%(refname)%00%(upstream:short)%00%(objectname)%00%(upstream:track)%00%(upstream:remotename)%00%(upstream:remoteref) refs/heads/main refs/remotes/main [2ms]
2023-11-30 16:41:52.472 [info] > git status -z -uall [2ms]
