2023-12-14 21:06:23.636 [info] Deleted uninstalled extension from disk ms-toolsai.vscode-jupyter-slideshow /home/main/.vscode-oss/extensions/ms-toolsai.vscode-jupyter-slideshow-0.1.5-universal
2023-12-14 21:06:23.644 [info] Deleted uninstalled extension from disk ms-toolsai.jupyter-keymap /home/main/.vscode-oss/extensions/ms-toolsai.jupyter-keymap-1.1.2-universal
2023-12-14 21:06:23.781 [info] Deleted uninstalled extension from disk ms-toolsai.vscode-jupyter-cell-tags /home/main/.vscode-oss/extensions/ms-toolsai.vscode-jupyter-cell-tags-0.1.8-universal
2023-12-14 21:06:24.024 [info] Deleted uninstalled extension from disk ms-toolsai.jupyter-renderers /home/main/.vscode-oss/extensions/ms-toolsai.jupyter-renderers-1.0.17-universal
2023-12-14 21:06:24.025 [info] Deleted uninstalled extension from disk ms-toolsai.jupyter /home/main/.vscode-oss/extensions/ms-toolsai.jupyter-2023.9.100-universal
2023-12-14 21:06:24.172 [error] [uncaught exception in sharedProcess]: Error: ENOENT: no such file or directory, stat '/home/main/.vscode-oss/extensions/ms-toolsai.vscode-jupyter-cell-tags-0.1.8-universal.-41fec0d1.vsctmp': EntryNotFound (FileSystemError): Error: ENOENT: no such file or directory, stat '/home/main/.vscode-oss/extensions/ms-toolsai.vscode-jupyter-cell-tags-0.1.8-universal.-41fec0d1.vsctmp'
    at r.create (/usr/lib/code/out/vs/code/node/sharedProcess/sharedProcessMain.js:51:30056)
    at a (/usr/lib/code/out/vs/code/node/sharedProcess/sharedProcessMain.js:51:30170)
    at s.fb (/usr/lib/code/out/vs/code/node/sharedProcess/sharedProcessMain.js:56:36175)
    at s.stat (/usr/lib/code/out/vs/code/node/sharedProcess/sharedProcessMain.js:56:28621)
    at async E.stat (/usr/lib/code/out/vs/code/node/sharedProcess/sharedProcessMain.js:56:15732)
    at async Y.tb (/usr/lib/code/out/vs/code/node/sharedProcess/sharedProcessMain.js:100:111319)
2023-12-14 21:06:27.969 [info] Getting Manifest... github.vscode-pull-request-github
2023-12-14 21:06:28.776 [info] Installing extension: github.vscode-pull-request-github
2023-12-14 21:06:30.277 [info] Extension signature verification is not done: github.vscode-pull-request-github
2023-12-14 21:06:30.441 [info] Extracted extension to file:///home/main/.vscode-oss/extensions/github.vscode-pull-request-github-0.78.0-universal: github.vscode-pull-request-github
2023-12-14 21:06:30.457 [info] Renamed to /home/main/.vscode-oss/extensions/github.vscode-pull-request-github-0.78.0-universal
2023-12-14 21:06:30.499 [info] Extracting extension completed. github.vscode-pull-request-github
2023-12-14 21:06:30.531 [info] Extension installed successfully: github.vscode-pull-request-github
2023-12-14 21:06:30.548 [info] Marked extension as uninstalled github.vscode-pull-request-github-0.76.1-universal
2023-12-14 21:06:30.596 [error] [uncaught exception in sharedProcess]: Error: ENOENT: no such file or directory, stat '/home/main/.vscode-oss/extensions/extensions.json.vsctmp': EntryNotFound (FileSystemError): Error: ENOENT: no such file or directory, stat '/home/main/.vscode-oss/extensions/extensions.json.vsctmp'
    at r.create (/usr/lib/code/out/vs/code/node/sharedProcess/sharedProcessMain.js:51:30056)
    at a (/usr/lib/code/out/vs/code/node/sharedProcess/sharedProcessMain.js:51:30170)
    at s.fb (/usr/lib/code/out/vs/code/node/sharedProcess/sharedProcessMain.js:56:36175)
    at s.stat (/usr/lib/code/out/vs/code/node/sharedProcess/sharedProcessMain.js:56:28621)
    at async E.stat (/usr/lib/code/out/vs/code/node/sharedProcess/sharedProcessMain.js:56:15732)
    at async Y.tb (/usr/lib/code/out/vs/code/node/sharedProcess/sharedProcessMain.js:100:111319)
