2023-11-30 16:10:43.144 [error] Extension 'GitHub.vscode-pull-request-github CANNOT USE these API proposals 'tokenInformation, contribShareMenu, fileComments, contribCommentPeekContext, contribCommentThreadAdditionalMenu, codiconDecoration, diffCommand, contribCommentEditorActionsMenu, shareProvider, quickDiffProvider, readonlyMessage, treeViewMarkdownMessage'. You MUST start in extension development mode or use the --enable-proposed-api command line flag
2023-11-30 16:10:43.272 [error] [GitHub.vscode-pull-request-github]: comments/comment/editorActions is a proposed menu identifier. It requires 'package.json#enabledApiProposals: ["contribCommentEditorActionsMenu"]' and is only available when running out of dev or with the following command line switch: --enable-proposed-api GitHub.vscode-pull-request-github
2023-11-30 16:10:43.274 [error] [GitHub.vscode-pull-request-github]: comments/commentThread/additionalActions is a proposed menu identifier. It requires 'package.json#enabledApiProposals: ["contribCommentThreadAdditionalMenu"]' and is only available when running out of dev or with the following command line switch: --enable-proposed-api GitHub.vscode-pull-request-github
2023-11-30 16:10:43.275 [error] [GitHub.vscode-pull-request-github]: comments/commentThread/title/context is a proposed menu identifier. It requires 'package.json#enabledApiProposals: ["contribCommentPeekContext"]' and is only available when running out of dev or with the following command line switch: --enable-proposed-api GitHub.vscode-pull-request-github
2023-11-30 16:10:43.275 [error] [GitHub.vscode-pull-request-github]: comments/commentThread/comment/context is a proposed menu identifier. It requires 'package.json#enabledApiProposals: ["contribCommentPeekContext"]' and is only available when running out of dev or with the following command line switch: --enable-proposed-api GitHub.vscode-pull-request-github
2023-11-30 16:10:43.285 [error] [GitHub.vscode-pull-request-github]: editor/context/share is a proposed menu identifier. It requires 'package.json#enabledApiProposals: ["contribShareMenu"]' and is only available when running out of dev or with the following command line switch: --enable-proposed-api GitHub.vscode-pull-request-github
2023-11-30 16:10:43.286 [error] [GitHub.vscode-pull-request-github]: file/share is a proposed menu identifier. It requires 'package.json#enabledApiProposals: ["contribShareMenu"]' and is only available when running out of dev or with the following command line switch: --enable-proposed-api GitHub.vscode-pull-request-github
2023-11-30 16:10:43.286 [error] [GitHub.vscode-pull-request-github]: editor/title/context/share is a proposed menu identifier. It requires 'package.json#enabledApiProposals: ["contribShareMenu"]' and is only available when running out of dev or with the following command line switch: --enable-proposed-api GitHub.vscode-pull-request-github
2023-11-30 16:10:43.286 [error] [GitHub.vscode-pull-request-github]: explorer/context/share is a proposed menu identifier. It requires 'package.json#enabledApiProposals: ["contribShareMenu"]' and is only available when running out of dev or with the following command line switch: --enable-proposed-api GitHub.vscode-pull-request-github
2023-11-30 16:10:46.893 [info] [perf] Render performance baseline is 104ms
2023-11-30 16:11:45.768 [warning] [File Watcher (parcel)] Watcher shutdown because watched path got deleted (path: /home/main/Desktop/uni/oop/assignment_1_OOP)
2023-11-30 16:11:45.788 [warning] [File Watcher (node.js)] Watcher shutdown because watched path got deleted
2023-11-30 16:11:53.352 [error] [Extension Host] (node:2765) [DEP0005] DeprecationWarning: Buffer() is deprecated due to security and usability issues. Please use the Buffer.alloc(), Buffer.allocUnsafe(), or Buffer.from() methods instead.
(Use `exe --trace-deprecation ...` to show where the warning was created)
2023-11-30 16:11:53.441 [warning] [File Watcher (parcel)] Watcher restarts because watched path got created again (path: /home/main/Desktop/uni/oop/assignment_1_OOP)
2023-11-30 16:15:09.388 [error] Method not found: toJSON: CodeExpectedError: Method not found: toJSON
    at Object.call (/usr/lib/code/out/vs/code/electron-main/main.js:42:5091)
    at O.s (/usr/lib/code/out/vs/code/electron-main/main.js:40:5116)
    at O.q (/usr/lib/code/out/vs/code/electron-main/main.js:40:4639)
    at w.value (/usr/lib/code/out/vs/code/electron-main/main.js:40:4050)
    at h.y (/usr/lib/code/out/vs/code/electron-main/main.js:35:1902)
    at h.z (/usr/lib/code/out/vs/code/electron-main/main.js:35:1972)
    at h.fire (/usr/lib/code/out/vs/code/electron-main/main.js:35:2188)
    at w.value (/usr/lib/code/out/vs/code/electron-main/main.js:33:28057)
    at h.y (/usr/lib/code/out/vs/code/electron-main/main.js:35:1902)
    at h.fire (/usr/lib/code/out/vs/code/electron-main/main.js:35:2119)
    at w.value (/usr/lib/code/out/vs/code/electron-main/main.js:33:28264)
    at h.y (/usr/lib/code/out/vs/code/electron-main/main.js:35:1902)
    at h.fire (/usr/lib/code/out/vs/code/electron-main/main.js:35:2119)
    at be (/usr/lib/code/out/vs/code/electron-main/main.js:33:30704)
    at IpcMainImpl.a (/usr/lib/code/out/vs/code/electron-main/main.js:42:18869)
    at IpcMainImpl.emit (node:events:513:28)
    at WebContents.<anonymous> (node:electron/js2c/browser_init:2:88759)
    at WebContents.emit (node:events:513:28)
