2023-12-14 13:16:14.171 [info] Name: Flake8
2023-12-14 13:16:14.171 [info] Module: flake8
2023-12-14 13:16:14.171 [info] Python extension loading
2023-12-14 13:16:14.171 [info] Waiting for interpreter from Python extension.
2023-12-14 13:16:14.171 [info] No interpreter found from setting flake8.interpreter
2023-12-14 13:16:14.171 [info] Getting interpreter from ms-python.python extension for workspace /home/main/Desktop/uni
2023-12-14 13:16:14.171 [info] Python extension loaded
2023-12-14 13:16:14.171 [info] Interpreter from ms-python.python extension for /home/main/Desktop/uni: /home/main/Desktop/uni/oop/assignment_1_OOP/.conda/bin/python
2023-12-14 13:16:14.171 [info] No interpreter found from setting flake8.interpreter
2023-12-14 13:16:14.171 [info] Getting interpreter from ms-python.python extension for workspace /home/main/Desktop/uni
2023-12-14 13:16:14.171 [info] Interpreter from ms-python.python extension for /home/main/Desktop/uni: /home/main/Desktop/uni/oop/assignment_1_OOP/.conda/bin/python
2023-12-14 13:16:14.171 [info] Server run command: /home/main/Desktop/uni/oop/assignment_1_OOP/.conda/bin/python /home/main/.vscode-oss/extensions/ms-python.flake8-2023.10.0-universal/bundled/tool/lsp_server.py
2023-12-14 13:16:14.171 [info] Server: Start requested.
2023-12-14 13:16:15.688 [info] CWD Server: /home/main/Desktop/uni
2023-12-14 13:16:15.688 [info] sys.path used to run Server:
   /home/main/.vscode-oss/extensions/ms-python.flake8-2023.10.0-universal/bundled/libs
   /home/main/.vscode-oss/extensions/ms-python.flake8-2023.10.0-universal/bundled/tool
   /home/main/Desktop/uni/oop/assignment_1_OOP/.conda/lib/python310.zip
   /home/main/Desktop/uni/oop/assignment_1_OOP/.conda/lib/python3.10
   /home/main/Desktop/uni/oop/assignment_1_OOP/.conda/lib/python3.10/lib-dynload
   /home/main/Desktop/uni/oop/assignment_1_OOP/.conda/lib/python3.10/site-packages
2023-12-14 13:16:15.689 [info] Settings used to run Server:
[
    {
        "cwd": "/home/main/Desktop/uni",
        "workspace": "file:///home/main/Desktop/uni",
        "args": [],
        "severity": {
            "E": "Error",
            "F": "Error",
            "I": "Information",
            "W": "Warning"
        },
        "path": [],
        "ignorePatterns": [],
        "interpreter": [
            "/home/main/Desktop/uni/oop/assignment_1_OOP/.conda/bin/python"
        ],
        "importStrategy": "useBundled",
        "showNotifications": "off"
    }
]

2023-12-14 13:16:15.689 [info] Global settings:
{
    "cwd": "${workspaceFolder}",
    "workspace": "/home/main",
    "args": [],
    "severity": {
        "E": "Error",
        "F": "Error",
        "I": "Information",
        "W": "Warning"
    },
    "path": [],
    "ignorePatterns": [],
    "interpreter": [],
    "importStrategy": "useBundled",
    "showNotifications": "off"
}

2023-12-14 13:16:15.710 [info] /home/main/Desktop/uni/oop/assignment_1_OOP/.conda/bin/python -m flake8 --version
2023-12-14 13:16:15.710 [info] CWD Linter: /home/main/Desktop/uni
2023-12-14 13:16:15.882 [info] 
6.1.0 (mccabe: 0.7.0, pycodestyle: 2.11.1, pyflakes: 3.1.0) CPython 3.10.13 on
Linux


2023-12-14 13:16:15.883 [info] Version info for linter running for /home/main/Desktop/uni:
6.1.0 (mccabe: 0.7.0, pycodestyle: 2.11.1, pyflakes: 3.1.0) CPython 3.10.13 on
Linux

2023-12-14 13:16:15.883 [info] SUPPORTED flake8>=5.0.0
FOUND flake8==6.1.0

2023-12-14 13:16:15.946 [info] [Trace - 1:16:15 PM] Sending request 'textDocument/codeAction - (1)'.
2023-12-14 13:16:15.949 [info] [Trace - 1:16:15 PM] Received notification 'window/logMessage'.
2023-12-14 13:16:15.950 [info] /home/main/Desktop/uni/oop/assignment_1_OOP/.conda/bin/python -m flake8 --format='%(row)d,%(col)d,%(code).1s,%(code)s:%(text)s' /home/main/Desktop/uni/oop/assignment_1_OOP/src/multi_linear_regression.py
2023-12-14 13:16:15.950 [info] [Trace - 1:16:15 PM] Received notification 'window/logMessage'.
2023-12-14 13:16:15.950 [info] CWD Linter: /home/main/Desktop/uni
2023-12-14 13:16:15.997 [info] [Trace - 1:16:15 PM] Received notification 'textDocument/publishDiagnostics'.
2023-12-14 13:16:16.011 [info] [Trace - 1:16:16 PM] Received response 'textDocument/codeAction - (1)' in 66ms.
2023-12-14 13:16:16.220 [info] [Trace - 1:16:16 PM] Sending request 'textDocument/codeAction - (2)'.
2023-12-14 13:16:16.225 [info] [Trace - 1:16:16 PM] Received response 'textDocument/codeAction - (2)' in 5ms.
2023-12-14 13:16:31.207 [info] [Trace - 1:16:31 PM] Sending notification 'textDocument/didOpen'.
2023-12-14 13:16:31.216 [info] [Trace - 1:16:31 PM] Received notification 'window/logMessage'.
2023-12-14 13:16:31.216 [info] /home/main/Desktop/uni/oop/assignment_1_OOP/.conda/bin/python -m flake8 --format='%(row)d,%(col)d,%(code).1s,%(code)s:%(text)s' /home/main/Desktop/uni/oop/assignment_2_OOP/part_2/src/multi_linear_regression.py
2023-12-14 13:16:31.217 [info] [Trace - 1:16:31 PM] Received notification 'window/logMessage'.
2023-12-14 13:16:31.217 [info] CWD Linter: /home/main/Desktop/uni
2023-12-14 13:16:31.279 [info] [Trace - 1:16:31 PM] Received notification 'textDocument/publishDiagnostics'.
2023-12-14 13:16:31.280 [info] [Trace - 1:16:31 PM] Sending request 'textDocument/codeAction - (3)'.
2023-12-14 13:16:31.284 [info] [Trace - 1:16:31 PM] Received response 'textDocument/codeAction - (3)' in 4ms.
2023-12-14 13:16:33.951 [info] [Trace - 1:16:33 PM] Sending notification 'textDocument/didClose'.
2023-12-14 13:16:33.957 [info] [Trace - 1:16:33 PM] Received notification 'textDocument/publishDiagnostics'.
2023-12-14 13:16:33.977 [info] [Trace - 1:16:33 PM] Sending notification 'textDocument/didOpen'.
2023-12-14 13:16:33.982 [info] [Trace - 1:16:33 PM] Received notification 'window/logMessage'.
2023-12-14 13:16:33.982 [info] /home/main/Desktop/uni/oop/assignment_1_OOP/.conda/bin/python -m flake8 --format='%(row)d,%(col)d,%(code).1s,%(code)s:%(text)s' /home/main/Desktop/uni/oop/assignment_1_OOP/src/model_saver.py
2023-12-14 13:16:33.982 [info] [Trace - 1:16:33 PM] Received notification 'window/logMessage'.
2023-12-14 13:16:33.982 [info] CWD Linter: /home/main/Desktop/uni
2023-12-14 13:16:33.994 [info] [Trace - 1:16:33 PM] Sending request 'textDocument/codeAction - (4)'.
2023-12-14 13:16:34.031 [info] [Trace - 1:16:34 PM] Received notification 'textDocument/publishDiagnostics'.
2023-12-14 13:16:34.032 [info] [Trace - 1:16:34 PM] Received response 'textDocument/codeAction - (4)' in 38ms.
2023-12-14 13:16:40.468 [info] [Trace - 1:16:40 PM] Sending notification 'textDocument/didOpen'.
2023-12-14 13:16:40.474 [info] [Trace - 1:16:40 PM] Received notification 'window/logMessage'.
2023-12-14 13:16:40.474 [info] /home/main/Desktop/uni/oop/assignment_1_OOP/.conda/bin/python -m flake8 --format='%(row)d,%(col)d,%(code).1s,%(code)s:%(text)s' /home/main/Desktop/uni/oop/assignment_2_OOP/part_2/src/model_saver.py
2023-12-14 13:16:40.475 [info] [Trace - 1:16:40 PM] Received notification 'window/logMessage'.
2023-12-14 13:16:40.475 [info] CWD Linter: /home/main/Desktop/uni
2023-12-14 13:16:40.509 [info] [Trace - 1:16:40 PM] Received notification 'textDocument/publishDiagnostics'.
2023-12-14 13:16:40.571 [info] [Trace - 1:16:40 PM] Sending request 'textDocument/codeAction - (5)'.
2023-12-14 13:16:40.575 [info] [Trace - 1:16:40 PM] Received response 'textDocument/codeAction - (5)' in 4ms.
2023-12-14 13:16:45.749 [info] [Trace - 1:16:45 PM] Sending request 'textDocument/codeAction - (6)'.
2023-12-14 13:16:45.751 [info] [Trace - 1:16:45 PM] Received response 'textDocument/codeAction - (6)' in 2ms.
2023-12-14 13:18:55.779 [info] [Trace - 1:18:55 PM] Sending request 'textDocument/codeAction - (7)'.
2023-12-14 13:18:55.782 [info] [Trace - 1:18:55 PM] Received response 'textDocument/codeAction - (7)' in 3ms.
2023-12-14 13:18:56.665 [info] [Trace - 1:18:56 PM] Sending notification 'textDocument/didChange'.
2023-12-14 13:18:56.927 [info] [Trace - 1:18:56 PM] Sending request 'textDocument/codeAction - (8)'.
2023-12-14 13:18:56.928 [info] [Trace - 1:18:56 PM] Received response 'textDocument/codeAction - (8)' in 2ms.
2023-12-14 13:18:57.588 [info] [Trace - 1:18:57 PM] Sending notification 'textDocument/didChange'.
2023-12-14 13:18:57.828 [info] [Trace - 1:18:57 PM] Sending notification 'textDocument/didChange'.
2023-12-14 13:18:58.081 [info] [Trace - 1:18:58 PM] Sending request 'textDocument/codeAction - (9)'.
2023-12-14 13:18:58.085 [info] [Trace - 1:18:58 PM] Received response 'textDocument/codeAction - (9)' in 4ms.
2023-12-14 13:18:59.075 [info] [Trace - 1:18:59 PM] Sending notification 'textDocument/didChange'.
2023-12-14 13:18:59.331 [info] [Trace - 1:18:59 PM] Sending request 'textDocument/codeAction - (10)'.
2023-12-14 13:18:59.333 [info] [Trace - 1:18:59 PM] Received response 'textDocument/codeAction - (10)' in 2ms.
2023-12-14 13:18:59.837 [info] [Trace - 1:18:59 PM] Sending notification 'textDocument/didChange'.
2023-12-14 13:19:00.091 [info] [Trace - 1:19:00 PM] Sending request 'textDocument/codeAction - (11)'.
2023-12-14 13:19:00.093 [info] [Trace - 1:19:00 PM] Received response 'textDocument/codeAction - (11)' in 2ms.
2023-12-14 13:19:00.660 [info] [Trace - 1:19:00 PM] Sending notification 'textDocument/didChange'.
2023-12-14 13:19:00.911 [info] [Trace - 1:19:00 PM] Sending request 'textDocument/codeAction - (12)'.
2023-12-14 13:19:00.913 [info] [Trace - 1:19:00 PM] Received response 'textDocument/codeAction - (12)' in 2ms.
2023-12-14 13:19:01.773 [info] [Trace - 1:19:01 PM] Sending notification 'textDocument/didChange'.
2023-12-14 13:19:01.954 [info] [Trace - 1:19:01 PM] Sending notification 'textDocument/didChange'.
2023-12-14 13:19:02.207 [info] [Trace - 1:19:02 PM] Sending request 'textDocument/codeAction - (13)'.
2023-12-14 13:19:02.209 [info] [Trace - 1:19:02 PM] Received response 'textDocument/codeAction - (13)' in 2ms.
2023-12-14 13:19:02.458 [info] [Trace - 1:19:02 PM] Sending notification 'textDocument/didChange'.
2023-12-14 13:19:02.712 [info] [Trace - 1:19:02 PM] Sending request 'textDocument/codeAction - (14)'.
2023-12-14 13:19:02.716 [info] [Trace - 1:19:02 PM] Received response 'textDocument/codeAction - (14)' in 3ms.
2023-12-14 13:19:02.840 [info] [Trace - 1:19:02 PM] Sending notification 'textDocument/didChange'.
2023-12-14 13:19:03.096 [info] [Trace - 1:19:03 PM] Sending request 'textDocument/codeAction - (15)'.
2023-12-14 13:19:03.099 [info] [Trace - 1:19:03 PM] Received response 'textDocument/codeAction - (15)' in 2ms.
2023-12-14 13:19:03.329 [info] [Trace - 1:19:03 PM] Sending notification 'textDocument/didChange'.
2023-12-14 13:19:03.539 [info] [Trace - 1:19:03 PM] Sending notification 'textDocument/didChange'.
2023-12-14 13:19:03.790 [info] [Trace - 1:19:03 PM] Sending request 'textDocument/codeAction - (16)'.
2023-12-14 13:19:03.792 [info] [Trace - 1:19:03 PM] Received response 'textDocument/codeAction - (16)' in 2ms.
2023-12-14 13:19:03.833 [info] [Trace - 1:19:03 PM] Sending notification 'textDocument/didChange'.
2023-12-14 13:19:03.999 [info] [Trace - 1:19:03 PM] Sending notification 'textDocument/didChange'.
2023-12-14 13:19:04.226 [info] [Trace - 1:19:04 PM] Sending notification 'textDocument/didChange'.
2023-12-14 13:19:04.478 [info] [Trace - 1:19:04 PM] Sending request 'textDocument/codeAction - (17)'.
2023-12-14 13:19:04.480 [info] [Trace - 1:19:04 PM] Received response 'textDocument/codeAction - (17)' in 2ms.
2023-12-14 13:19:04.618 [info] [Trace - 1:19:04 PM] Sending notification 'textDocument/didChange'.
2023-12-14 13:19:04.852 [info] [Trace - 1:19:04 PM] Sending notification 'textDocument/didChange'.
2023-12-14 13:19:04.955 [info] [Trace - 1:19:04 PM] Sending notification 'textDocument/didChange'.
2023-12-14 13:19:05.043 [info] [Trace - 1:19:05 PM] Sending notification 'textDocument/didChange'.
2023-12-14 13:19:05.123 [info] [Trace - 1:19:05 PM] Sending notification 'textDocument/didChange'.
2023-12-14 13:19:05.375 [info] [Trace - 1:19:05 PM] Sending request 'textDocument/codeAction - (18)'.
2023-12-14 13:19:05.380 [info] [Trace - 1:19:05 PM] Received response 'textDocument/codeAction - (18)' in 5ms.
2023-12-14 13:19:08.958 [info] [Trace - 1:19:08 PM] Sending notification 'textDocument/didChange'.
2023-12-14 13:19:09.061 [info] [Trace - 1:19:09 PM] Sending notification 'textDocument/didChange'.
2023-12-14 13:19:09.179 [info] [Trace - 1:19:09 PM] Sending notification 'textDocument/didChange'.
2023-12-14 13:19:09.266 [info] [Trace - 1:19:09 PM] Sending notification 'textDocument/didChange'.
2023-12-14 13:19:09.506 [info] [Trace - 1:19:09 PM] Sending notification 'textDocument/didChange'.
2023-12-14 13:19:09.761 [info] [Trace - 1:19:09 PM] Sending request 'textDocument/codeAction - (19)'.
2023-12-14 13:19:09.764 [info] [Trace - 1:19:09 PM] Received response 'textDocument/codeAction - (19)' in 2ms.
2023-12-14 13:19:10.771 [info] [Trace - 1:19:10 PM] Sending request 'textDocument/codeAction - (20)'.
2023-12-14 13:19:10.775 [info] [Trace - 1:19:10 PM] Received response 'textDocument/codeAction - (20)' in 4ms.
2023-12-14 13:20:35.569 [info] [Trace - 1:20:35 PM] Sending request 'textDocument/codeAction - (21)'.
2023-12-14 13:20:35.574 [info] [Trace - 1:20:35 PM] Received response 'textDocument/codeAction - (21)' in 5ms.
2023-12-14 13:20:36.142 [info] [Trace - 1:20:36 PM] Sending notification 'textDocument/didChange'.
2023-12-14 13:20:36.322 [info] [Trace - 1:20:36 PM] Sending notification 'textDocument/didChange'.
2023-12-14 13:20:36.576 [info] [Trace - 1:20:36 PM] Sending request 'textDocument/codeAction - (22)'.
2023-12-14 13:20:36.581 [info] [Trace - 1:20:36 PM] Received response 'textDocument/codeAction - (22)' in 5ms.
2023-12-14 13:20:37.595 [info] [Trace - 1:20:37 PM] Sending request 'textDocument/codeAction - (23)'.
2023-12-14 13:20:37.599 [info] [Trace - 1:20:37 PM] Received response 'textDocument/codeAction - (23)' in 3ms.
2023-12-14 13:20:37.969 [info] [Trace - 1:20:37 PM] Sending request 'textDocument/codeAction - (24)'.
2023-12-14 13:20:37.973 [info] [Trace - 1:20:37 PM] Received response 'textDocument/codeAction - (24)' in 4ms.
2023-12-14 13:20:38.780 [info] [Trace - 1:20:38 PM] Sending notification 'textDocument/didChange'.
2023-12-14 13:20:39.964 [info] [Trace - 1:20:39 PM] Sending notification 'textDocument/didChange'.
2023-12-14 13:20:40.217 [info] [Trace - 1:20:40 PM] Sending request 'textDocument/codeAction - (25)'.
2023-12-14 13:20:40.219 [info] [Trace - 1:20:40 PM] Received response 'textDocument/codeAction - (25)' in 2ms.
2023-12-14 13:20:40.262 [info] [Trace - 1:20:40 PM] Sending notification 'textDocument/didChange'.
2023-12-14 13:20:40.470 [info] [Trace - 1:20:40 PM] Sending notification 'textDocument/didChange'.
2023-12-14 13:20:40.632 [info] [Trace - 1:20:40 PM] Sending notification 'textDocument/didChange'.
2023-12-14 13:20:40.728 [info] [Trace - 1:20:40 PM] Sending notification 'textDocument/didChange'.
2023-12-14 13:20:40.825 [info] [Trace - 1:20:40 PM] Sending notification 'textDocument/didChange'.
2023-12-14 13:20:40.896 [info] [Trace - 1:20:40 PM] Sending notification 'textDocument/didChange'.
2023-12-14 13:20:41.149 [info] [Trace - 1:20:41 PM] Sending request 'textDocument/codeAction - (26)'.
2023-12-14 13:20:41.151 [info] [Trace - 1:20:41 PM] Received response 'textDocument/codeAction - (26)' in 2ms.
2023-12-14 13:20:41.614 [info] [Trace - 1:20:41 PM] Sending notification 'textDocument/didChange'.
2023-12-14 13:20:41.868 [info] [Trace - 1:20:41 PM] Sending request 'textDocument/codeAction - (27)'.
2023-12-14 13:20:41.870 [info] [Trace - 1:20:41 PM] Received response 'textDocument/codeAction - (27)' in 2ms.
2023-12-14 13:20:42.046 [info] [Trace - 1:20:42 PM] Sending notification 'textDocument/didChange'.
2023-12-14 13:20:42.183 [info] [Trace - 1:20:42 PM] Sending notification 'textDocument/didChange'.
2023-12-14 13:20:42.439 [info] [Trace - 1:20:42 PM] Sending request 'textDocument/codeAction - (28)'.
2023-12-14 13:20:42.442 [info] [Trace - 1:20:42 PM] Received response 'textDocument/codeAction - (28)' in 3ms.
2023-12-14 13:20:42.855 [info] [Trace - 1:20:42 PM] Sending notification 'textDocument/didChange'.
2023-12-14 13:20:43.030 [info] [Trace - 1:20:43 PM] Sending notification 'textDocument/didChange'.
2023-12-14 13:20:43.215 [info] [Trace - 1:20:43 PM] Sending notification 'textDocument/didChange'.
2023-12-14 13:20:43.467 [info] [Trace - 1:20:43 PM] Sending request 'textDocument/codeAction - (29)'.
2023-12-14 13:20:43.469 [info] [Trace - 1:20:43 PM] Received response 'textDocument/codeAction - (29)' in 2ms.
2023-12-14 13:20:43.710 [info] [Trace - 1:20:43 PM] Sending notification 'textDocument/didChange'.
2023-12-14 13:20:43.963 [info] [Trace - 1:20:43 PM] Sending request 'textDocument/codeAction - (30)'.
2023-12-14 13:20:43.968 [info] [Trace - 1:20:43 PM] Received response 'textDocument/codeAction - (30)' in 5ms.
2023-12-14 13:20:44.101 [info] [Trace - 1:20:44 PM] Sending notification 'textDocument/didChange'.
2023-12-14 13:20:44.232 [info] [Trace - 1:20:44 PM] Sending notification 'textDocument/didChange'.
2023-12-14 13:20:44.486 [info] [Trace - 1:20:44 PM] Sending notification 'textDocument/didChange'.
2023-12-14 13:20:44.742 [info] [Trace - 1:20:44 PM] Sending request 'textDocument/codeAction - (31)'.
2023-12-14 13:20:44.744 [info] [Trace - 1:20:44 PM] Received response 'textDocument/codeAction - (31)' in 2ms.
2023-12-14 13:20:45.340 [info] [Trace - 1:20:45 PM] Sending notification 'textDocument/didChange'.
2023-12-14 13:20:45.558 [info] [Trace - 1:20:45 PM] Sending notification 'textDocument/didChange'.
2023-12-14 13:20:45.990 [info] [Trace - 1:20:45 PM] Sending request 'textDocument/codeAction - (32)'.
2023-12-14 13:20:45.995 [info] [Trace - 1:20:45 PM] Received response 'textDocument/codeAction - (32)' in 5ms.
2023-12-14 13:20:46.437 [info] [Trace - 1:20:46 PM] Sending notification 'textDocument/didChange'.
2023-12-14 13:20:46.650 [info] [Trace - 1:20:46 PM] Sending notification 'textDocument/didChange'.
2023-12-14 13:20:52.806 [info] [Trace - 1:20:52 PM] Sending notification 'textDocument/didChange'.
2023-12-14 13:20:53.059 [info] [Trace - 1:20:53 PM] Sending request 'textDocument/codeAction - (33)'.
2023-12-14 13:20:53.061 [info] [Trace - 1:20:53 PM] Received response 'textDocument/codeAction - (33)' in 3ms.
2023-12-14 13:20:53.431 [info] [Trace - 1:20:53 PM] Sending notification 'textDocument/didChange'.
2023-12-14 13:20:53.592 [info] [Trace - 1:20:53 PM] Sending notification 'textDocument/didChange'.
2023-12-14 13:20:53.680 [info] [Trace - 1:20:53 PM] Sending notification 'textDocument/didChange'.
2023-12-14 13:20:53.934 [info] [Trace - 1:20:53 PM] Sending request 'textDocument/codeAction - (34)'.
2023-12-14 13:20:53.937 [info] [Trace - 1:20:53 PM] Received response 'textDocument/codeAction - (34)' in 2ms.
2023-12-14 13:20:54.483 [info] [Trace - 1:20:54 PM] Sending notification 'textDocument/didChange'.
2023-12-14 13:20:55.992 [info] [Trace - 1:20:55 PM] Sending notification 'textDocument/didChange'.
2023-12-14 13:20:56.208 [info] [Trace - 1:20:56 PM] Sending notification 'textDocument/didChange'.
2023-12-14 13:20:56.280 [info] [Trace - 1:20:56 PM] Sending notification 'textDocument/didChange'.
2023-12-14 13:20:56.534 [info] [Trace - 1:20:56 PM] Sending request 'textDocument/codeAction - (35)'.
2023-12-14 13:20:56.536 [info] [Trace - 1:20:56 PM] Received response 'textDocument/codeAction - (35)' in 2ms.
2023-12-14 13:20:56.648 [info] [Trace - 1:20:56 PM] Sending notification 'textDocument/didChange'.
2023-12-14 13:20:56.900 [info] [Trace - 1:20:56 PM] Sending request 'textDocument/codeAction - (36)'.
2023-12-14 13:20:56.902 [info] [Trace - 1:20:56 PM] Received response 'textDocument/codeAction - (36)' in 2ms.
2023-12-14 13:20:58.431 [info] [Trace - 1:20:58 PM] Sending notification 'textDocument/didChange'.
2023-12-14 13:21:50.608 [info] [Trace - 1:21:50 PM] Sending notification 'textDocument/didChange'.
2023-12-14 13:21:50.674 [info] [Trace - 1:21:50 PM] Sending notification 'textDocument/didChange'.
2023-12-14 13:21:50.810 [info] [Trace - 1:21:50 PM] Sending notification 'textDocument/didChange'.
2023-12-14 13:21:50.867 [info] [Trace - 1:21:50 PM] Sending notification 'textDocument/didChange'.
2023-12-14 13:21:53.694 [info] [Trace - 1:21:53 PM] Sending notification 'textDocument/didChange'.
2023-12-14 13:21:53.754 [info] [Trace - 1:21:53 PM] Sending notification 'textDocument/didChange'.
2023-12-14 13:21:53.874 [info] [Trace - 1:21:53 PM] Sending notification 'textDocument/didChange'.
2023-12-14 13:21:54.012 [info] [Trace - 1:21:54 PM] Sending notification 'textDocument/didChange'.
2023-12-14 13:21:54.174 [info] [Trace - 1:21:54 PM] Sending notification 'textDocument/didChange'.
2023-12-14 13:21:54.433 [info] [Trace - 1:21:54 PM] Sending request 'textDocument/codeAction - (37)'.
2023-12-14 13:21:54.438 [info] [Trace - 1:21:54 PM] Received response 'textDocument/codeAction - (37)' in 5ms.
2023-12-14 13:21:55.440 [info] [Trace - 1:21:55 PM] Sending request 'textDocument/codeAction - (38)'.
2023-12-14 13:21:55.444 [info] [Trace - 1:21:55 PM] Received response 'textDocument/codeAction - (38)' in 4ms.
2023-12-14 13:21:55.521 [info] [Trace - 1:21:55 PM] Sending notification 'textDocument/didChange'.
2023-12-14 13:21:55.774 [info] [Trace - 1:21:55 PM] Sending request 'textDocument/codeAction - (39)'.
2023-12-14 13:21:55.776 [info] [Trace - 1:21:55 PM] Received response 'textDocument/codeAction - (39)' in 2ms.
2023-12-14 13:21:56.785 [info] [Trace - 1:21:56 PM] Sending request 'textDocument/codeAction - (40)'.
2023-12-14 13:21:56.796 [info] [Trace - 1:21:56 PM] Received response 'textDocument/codeAction - (40)' in 11ms.
2023-12-14 13:22:03.654 [info] [Trace - 1:22:03 PM] Sending notification 'textDocument/didChange'.
2023-12-14 13:22:03.748 [info] [Trace - 1:22:03 PM] Sending notification 'textDocument/didChange'.
2023-12-14 13:22:03.883 [info] [Trace - 1:22:03 PM] Sending notification 'textDocument/didChange'.
2023-12-14 13:22:03.971 [info] [Trace - 1:22:03 PM] Sending notification 'textDocument/didChange'.
2023-12-14 13:22:04.093 [info] [Trace - 1:22:04 PM] Sending notification 'textDocument/didChange'.
2023-12-14 13:22:04.163 [info] [Trace - 1:22:04 PM] Sending notification 'textDocument/didChange'.
2023-12-14 13:22:04.417 [info] [Trace - 1:22:04 PM] Sending request 'textDocument/codeAction - (41)'.
2023-12-14 13:22:04.422 [info] [Trace - 1:22:04 PM] Received response 'textDocument/codeAction - (41)' in 4ms.
2023-12-14 13:22:05.427 [info] [Trace - 1:22:05 PM] Sending request 'textDocument/codeAction - (42)'.
2023-12-14 13:22:05.432 [info] [Trace - 1:22:05 PM] Received response 'textDocument/codeAction - (42)' in 4ms.
2023-12-14 13:22:18.598 [info] [Trace - 1:22:18 PM] Sending notification 'textDocument/didChange'.
2023-12-14 13:22:18.852 [info] [Trace - 1:22:18 PM] Sending request 'textDocument/codeAction - (43)'.
2023-12-14 13:22:18.857 [info] [Trace - 1:22:18 PM] Received response 'textDocument/codeAction - (43)' in 5ms.
2023-12-14 13:22:19.192 [info] [Trace - 1:22:19 PM] Sending notification 'textDocument/didChange'.
2023-12-14 13:22:19.447 [info] [Trace - 1:22:19 PM] Sending request 'textDocument/codeAction - (44)'.
2023-12-14 13:22:19.452 [info] [Trace - 1:22:19 PM] Received response 'textDocument/codeAction - (44)' in 5ms.
2023-12-14 13:22:19.695 [info] [Trace - 1:22:19 PM] Sending notification 'textDocument/didChange'.
2023-12-14 13:22:19.948 [info] [Trace - 1:22:19 PM] Sending request 'textDocument/codeAction - (45)'.
2023-12-14 13:22:19.952 [info] [Trace - 1:22:19 PM] Received response 'textDocument/codeAction - (45)' in 4ms.
2023-12-14 13:22:20.961 [info] [Trace - 1:22:20 PM] Sending request 'textDocument/codeAction - (46)'.
2023-12-14 13:22:20.966 [info] [Trace - 1:22:20 PM] Received response 'textDocument/codeAction - (46)' in 5ms.
2023-12-14 13:22:21.060 [info] [Trace - 1:22:21 PM] Sending notification 'textDocument/didChange'.
2023-12-14 13:22:21.317 [info] [Trace - 1:22:21 PM] Sending request 'textDocument/codeAction - (47)'.
2023-12-14 13:22:21.322 [info] [Trace - 1:22:21 PM] Received response 'textDocument/codeAction - (47)' in 5ms.
2023-12-14 13:22:22.331 [info] [Trace - 1:22:22 PM] Sending request 'textDocument/codeAction - (48)'.
2023-12-14 13:22:22.336 [info] [Trace - 1:22:22 PM] Received response 'textDocument/codeAction - (48)' in 4ms.
2023-12-14 13:22:23.367 [info] [Trace - 1:22:23 PM] Sending notification 'textDocument/didChange'.
2023-12-14 13:22:23.620 [info] [Trace - 1:22:23 PM] Sending request 'textDocument/codeAction - (49)'.
2023-12-14 13:22:23.625 [info] [Trace - 1:22:23 PM] Received response 'textDocument/codeAction - (49)' in 5ms.
2023-12-14 13:22:24.133 [info] [Trace - 1:22:24 PM] Sending notification 'textDocument/didChange'.
2023-12-14 13:22:24.389 [info] [Trace - 1:22:24 PM] Sending request 'textDocument/codeAction - (50)'.
2023-12-14 13:22:24.391 [info] [Trace - 1:22:24 PM] Received response 'textDocument/codeAction - (50)' in 2ms.
2023-12-14 13:22:24.598 [info] [Trace - 1:22:24 PM] Sending notification 'textDocument/didChange'.
2023-12-14 13:22:24.708 [info] [Trace - 1:22:24 PM] Sending notification 'textDocument/didChange'.
2023-12-14 13:22:24.888 [info] [Trace - 1:22:24 PM] Sending notification 'textDocument/didChange'.
2023-12-14 13:22:24.941 [info] [Trace - 1:22:24 PM] Sending notification 'textDocument/didChange'.
2023-12-14 13:22:25.197 [info] [Trace - 1:22:25 PM] Sending request 'textDocument/codeAction - (51)'.
2023-12-14 13:22:25.202 [info] [Trace - 1:22:25 PM] Received response 'textDocument/codeAction - (51)' in 5ms.
2023-12-14 13:22:26.209 [info] [Trace - 1:22:26 PM] Sending request 'textDocument/codeAction - (52)'.
2023-12-14 13:22:26.213 [info] [Trace - 1:22:26 PM] Received response 'textDocument/codeAction - (52)' in 4ms.
2023-12-14 13:22:26.600 [info] [Trace - 1:22:26 PM] Sending notification 'textDocument/didChange'.
2023-12-14 13:22:26.644 [info] [Trace - 1:22:26 PM] Sending notification 'textDocument/didChange'.
2023-12-14 13:22:26.897 [info] [Trace - 1:22:26 PM] Sending request 'textDocument/codeAction - (53)'.
2023-12-14 13:22:26.902 [info] [Trace - 1:22:26 PM] Received response 'textDocument/codeAction - (53)' in 5ms.
2023-12-14 13:22:27.909 [info] [Trace - 1:22:27 PM] Sending request 'textDocument/codeAction - (54)'.
2023-12-14 13:22:27.913 [info] [Trace - 1:22:27 PM] Received response 'textDocument/codeAction - (54)' in 4ms.
2023-12-14 13:22:28.823 [info] [Trace - 1:22:28 PM] Sending notification 'textDocument/didChange'.
2023-12-14 13:22:28.980 [info] [Trace - 1:22:28 PM] Sending notification 'textDocument/didChange'.
2023-12-14 13:22:29.057 [info] [Trace - 1:22:29 PM] Sending notification 'textDocument/didChange'.
2023-12-14 13:22:29.261 [info] [Trace - 1:22:29 PM] Sending notification 'textDocument/didChange'.
2023-12-14 13:22:29.407 [info] [Trace - 1:22:29 PM] Sending notification 'textDocument/didChange'.
2023-12-14 13:22:29.523 [info] [Trace - 1:22:29 PM] Sending notification 'textDocument/didChange'.
2023-12-14 13:22:29.773 [info] [Trace - 1:22:29 PM] Sending request 'textDocument/codeAction - (55)'.
2023-12-14 13:22:29.776 [info] [Trace - 1:22:29 PM] Received response 'textDocument/codeAction - (55)' in 3ms.
2023-12-14 13:22:30.487 [info] [Trace - 1:22:30 PM] Sending request 'textDocument/codeAction - (56)'.
2023-12-14 13:22:30.492 [info] [Trace - 1:22:30 PM] Received response 'textDocument/codeAction - (56)' in 5ms.
2023-12-14 13:22:30.787 [info] [Trace - 1:22:30 PM] Sending request 'textDocument/codeAction - (57)'.
2023-12-14 13:22:30.789 [info] [Trace - 1:22:30 PM] Received response 'textDocument/codeAction - (57)' in 2ms.
2023-12-14 13:22:32.359 [info] [Trace - 1:22:32 PM] Sending notification 'textDocument/didChange'.
2023-12-14 13:22:32.612 [info] [Trace - 1:22:32 PM] Sending request 'textDocument/codeAction - (58)'.
2023-12-14 13:22:32.617 [info] [Trace - 1:22:32 PM] Received response 'textDocument/codeAction - (58)' in 5ms.
2023-12-14 13:22:32.676 [info] [Trace - 1:22:32 PM] Sending notification 'textDocument/didChange'.
2023-12-14 13:22:33.291 [info] [Trace - 1:22:33 PM] Sending notification 'textDocument/didChange'.
2023-12-14 13:22:33.325 [info] [Trace - 1:22:33 PM] Sending notification 'textDocument/didChange'.
2023-12-14 13:22:33.451 [info] [Trace - 1:22:33 PM] Sending notification 'textDocument/didChange'.
2023-12-14 13:22:33.663 [info] [Trace - 1:22:33 PM] Sending notification 'textDocument/didChange'.
2023-12-14 13:22:33.873 [info] [Trace - 1:22:33 PM] Sending notification 'textDocument/didChange'.
2023-12-14 13:22:33.918 [info] [Trace - 1:22:33 PM] Sending request 'textDocument/codeAction - (59)'.
2023-12-14 13:22:33.921 [info] [Trace - 1:22:33 PM] Received response 'textDocument/codeAction - (59)' in 3ms.
2023-12-14 13:22:34.474 [info] [Trace - 1:22:34 PM] Sending notification 'textDocument/didChange'.
2023-12-14 13:22:35.257 [info] [Trace - 1:22:35 PM] Sending notification 'textDocument/didChange'.
2023-12-14 13:22:36.063 [info] [Trace - 1:22:36 PM] Sending notification 'textDocument/didChange'.
2023-12-14 13:22:36.258 [info] [Trace - 1:22:36 PM] Sending notification 'textDocument/didChange'.
2023-12-14 13:22:36.367 [info] [Trace - 1:22:36 PM] Sending notification 'textDocument/didChange'.
2023-12-14 13:22:36.512 [info] [Trace - 1:22:36 PM] Sending notification 'textDocument/didChange'.
2023-12-14 13:22:39.704 [info] [Trace - 1:22:39 PM] Sending notification 'textDocument/didChange'.
2023-12-14 13:22:39.812 [info] [Trace - 1:22:39 PM] Sending notification 'textDocument/didChange'.
2023-12-14 13:22:39.861 [info] [Trace - 1:22:39 PM] Sending notification 'textDocument/didChange'.
2023-12-14 13:22:40.071 [info] [Trace - 1:22:40 PM] Sending notification 'textDocument/didChange'.
2023-12-14 13:22:40.164 [info] [Trace - 1:22:40 PM] Sending notification 'textDocument/didChange'.
2023-12-14 13:22:40.258 [info] [Trace - 1:22:40 PM] Sending notification 'textDocument/didChange'.
2023-12-14 13:22:40.514 [info] [Trace - 1:22:40 PM] Sending request 'textDocument/codeAction - (60)'.
2023-12-14 13:22:40.519 [info] [Trace - 1:22:40 PM] Received response 'textDocument/codeAction - (60)' in 5ms.
2023-12-14 13:22:40.572 [info] [Trace - 1:22:40 PM] Sending notification 'textDocument/didChange'.
2023-12-14 13:22:40.827 [info] [Trace - 1:22:40 PM] Sending request 'textDocument/codeAction - (61)'.
2023-12-14 13:22:40.830 [info] [Trace - 1:22:40 PM] Received response 'textDocument/codeAction - (61)' in 3ms.
2023-12-14 13:22:40.931 [info] [Trace - 1:22:40 PM] Sending notification 'textDocument/didChange'.
2023-12-14 13:22:40.987 [info] [Trace - 1:22:40 PM] Sending notification 'textDocument/didChange'.
2023-12-14 13:22:41.240 [info] [Trace - 1:22:41 PM] Sending request 'textDocument/codeAction - (62)'.
2023-12-14 13:22:41.245 [info] [Trace - 1:22:41 PM] Received response 'textDocument/codeAction - (62)' in 5ms.
2023-12-14 13:22:41.781 [info] [Trace - 1:22:41 PM] Sending notification 'textDocument/didChange'.
2023-12-14 13:22:42.034 [info] [Trace - 1:22:42 PM] Sending request 'textDocument/codeAction - (63)'.
2023-12-14 13:22:42.039 [info] [Trace - 1:22:42 PM] Received response 'textDocument/codeAction - (63)' in 4ms.
2023-12-14 13:22:42.944 [info] [Trace - 1:22:42 PM] Sending notification 'textDocument/didChange'.
2023-12-14 13:22:43.093 [info] [Trace - 1:22:43 PM] Sending notification 'textDocument/didChange'.
2023-12-14 13:22:43.190 [info] [Trace - 1:22:43 PM] Sending notification 'textDocument/didChange'.
2023-12-14 13:22:43.277 [info] [Trace - 1:22:43 PM] Sending notification 'textDocument/didChange'.
2023-12-14 13:22:43.413 [info] [Trace - 1:22:43 PM] Sending notification 'textDocument/didChange'.
2023-12-14 13:22:43.493 [info] [Trace - 1:22:43 PM] Sending notification 'textDocument/didChange'.
2023-12-14 13:22:43.808 [info] [Trace - 1:22:43 PM] Sending notification 'textDocument/didChange'.
2023-12-14 13:22:44.008 [info] [Trace - 1:22:44 PM] Sending notification 'textDocument/didChange'.
2023-12-14 13:22:44.124 [info] [Trace - 1:22:44 PM] Sending notification 'textDocument/didChange'.
2023-12-14 13:22:44.229 [info] [Trace - 1:22:44 PM] Sending notification 'textDocument/didChange'.
2023-12-14 13:22:44.485 [info] [Trace - 1:22:44 PM] Sending request 'textDocument/codeAction - (64)'.
2023-12-14 13:22:44.490 [info] [Trace - 1:22:44 PM] Received response 'textDocument/codeAction - (64)' in 5ms.
2023-12-14 13:22:45.493 [info] [Trace - 1:22:45 PM] Sending request 'textDocument/codeAction - (65)'.
2023-12-14 13:22:45.497 [info] [Trace - 1:22:45 PM] Received response 'textDocument/codeAction - (65)' in 4ms.
2023-12-14 13:22:45.514 [info] [Trace - 1:22:45 PM] Sending notification 'textDocument/didChange'.
2023-12-14 13:22:45.769 [info] [Trace - 1:22:45 PM] Sending request 'textDocument/codeAction - (66)'.
2023-12-14 13:22:45.773 [info] [Trace - 1:22:45 PM] Received response 'textDocument/codeAction - (66)' in 4ms.
2023-12-14 13:22:46.237 [info] [Trace - 1:22:46 PM] Sending notification 'textDocument/didChange'.
2023-12-14 13:22:46.491 [info] [Trace - 1:22:46 PM] Sending request 'textDocument/codeAction - (67)'.
2023-12-14 13:22:46.496 [info] [Trace - 1:22:46 PM] Received response 'textDocument/codeAction - (67)' in 5ms.
2023-12-14 13:22:47.018 [info] [Trace - 1:22:47 PM] Sending notification 'textDocument/didChange'.
2023-12-14 13:22:47.816 [info] [Trace - 1:22:47 PM] Sending notification 'textDocument/didChange'.
2023-12-14 13:22:47.906 [info] [Trace - 1:22:47 PM] Sending notification 'textDocument/didChange'.
2023-12-14 13:22:48.005 [info] [Trace - 1:22:48 PM] Sending notification 'textDocument/didChange'.
2023-12-14 13:22:48.217 [info] [Trace - 1:22:48 PM] Sending notification 'textDocument/didChange'.
2023-12-14 13:22:48.377 [info] [Trace - 1:22:48 PM] Sending notification 'textDocument/didChange'.
2023-12-14 13:22:48.473 [info] [Trace - 1:22:48 PM] Sending request 'textDocument/codeAction - (68)'.
2023-12-14 13:22:48.474 [info] [Trace - 1:22:48 PM] Received response 'textDocument/codeAction - (68)' in 1ms.
2023-12-14 13:22:48.889 [info] [Trace - 1:22:48 PM] Sending notification 'textDocument/didChange'.
2023-12-14 13:22:49.603 [info] [Trace - 1:22:49 PM] Sending notification 'textDocument/didChange'.
2023-12-14 13:22:50.151 [info] [Trace - 1:22:50 PM] Sending notification 'textDocument/didChange'.
2023-12-14 13:22:50.341 [info] [Trace - 1:22:50 PM] Sending notification 'textDocument/didChange'.
2023-12-14 13:22:50.413 [info] [Trace - 1:22:50 PM] Sending notification 'textDocument/didChange'.
2023-12-14 13:22:50.668 [info] [Trace - 1:22:50 PM] Sending request 'textDocument/codeAction - (69)'.
2023-12-14 13:22:50.673 [info] [Trace - 1:22:50 PM] Received response 'textDocument/codeAction - (69)' in 5ms.
2023-12-14 13:22:50.965 [info] [Trace - 1:22:50 PM] Sending notification 'textDocument/didChange'.
2023-12-14 13:22:51.343 [info] [Trace - 1:22:51 PM] Sending notification 'textDocument/didChange'.
2023-12-14 13:22:51.478 [info] [Trace - 1:22:51 PM] Sending notification 'textDocument/didChange'.
2023-12-14 13:22:51.605 [info] [Trace - 1:22:51 PM] Sending notification 'textDocument/didChange'.
2023-12-14 13:22:51.861 [info] [Trace - 1:22:51 PM] Sending request 'textDocument/codeAction - (70)'.
2023-12-14 13:22:51.866 [info] [Trace - 1:22:51 PM] Received response 'textDocument/codeAction - (70)' in 4ms.
2023-12-14 13:22:52.439 [info] [Trace - 1:22:52 PM] Sending notification 'textDocument/didChange'.
2023-12-14 13:22:52.680 [info] [Trace - 1:22:52 PM] Sending notification 'textDocument/didChange'.
2023-12-14 13:22:52.805 [info] [Trace - 1:22:52 PM] Sending notification 'textDocument/didChange'.
2023-12-14 13:22:52.835 [info] [Trace - 1:22:52 PM] Sending notification 'textDocument/didChange'.
2023-12-14 13:22:53.001 [info] [Trace - 1:22:53 PM] Sending notification 'textDocument/didChange'.
2023-12-14 13:22:53.085 [info] [Trace - 1:22:53 PM] Sending notification 'textDocument/didChange'.
2023-12-14 13:22:53.224 [info] [Trace - 1:22:53 PM] Sending notification 'textDocument/didChange'.
2023-12-14 13:22:53.482 [info] [Trace - 1:22:53 PM] Sending request 'textDocument/codeAction - (71)'.
2023-12-14 13:22:53.487 [info] [Trace - 1:22:53 PM] Received response 'textDocument/codeAction - (71)' in 5ms.
2023-12-14 13:22:54.488 [info] [Trace - 1:22:54 PM] Sending request 'textDocument/codeAction - (72)'.
2023-12-14 13:22:54.490 [info] [Trace - 1:22:54 PM] Received response 'textDocument/codeAction - (72)' in 2ms.
2023-12-14 13:22:55.057 [info] [Trace - 1:22:55 PM] Sending notification 'textDocument/didChange'.
2023-12-14 13:22:55.312 [info] [Trace - 1:22:55 PM] Sending request 'textDocument/codeAction - (73)'.
2023-12-14 13:22:55.316 [info] [Trace - 1:22:55 PM] Received response 'textDocument/codeAction - (73)' in 4ms.
2023-12-14 13:22:55.656 [info] [Trace - 1:22:55 PM] Sending notification 'textDocument/didChange'.
2023-12-14 13:22:55.838 [info] [Trace - 1:22:55 PM] Sending notification 'textDocument/didChange'.
2023-12-14 13:22:55.956 [info] [Trace - 1:22:55 PM] Sending notification 'textDocument/didChange'.
2023-12-14 13:22:56.184 [info] [Trace - 1:22:56 PM] Sending notification 'textDocument/didChange'.
2023-12-14 13:22:56.443 [info] [Trace - 1:22:56 PM] Sending request 'textDocument/codeAction - (74)'.
2023-12-14 13:22:56.448 [info] [Trace - 1:22:56 PM] Received response 'textDocument/codeAction - (74)' in 5ms.
2023-12-14 13:22:57.449 [info] [Trace - 1:22:57 PM] Sending request 'textDocument/codeAction - (75)'.
2023-12-14 13:22:57.451 [info] [Trace - 1:22:57 PM] Received response 'textDocument/codeAction - (75)' in 2ms.
2023-12-14 13:22:58.250 [info] [Trace - 1:22:58 PM] Sending request 'textDocument/codeAction - (76)'.
2023-12-14 13:22:58.254 [info] [Trace - 1:22:58 PM] Received response 'textDocument/codeAction - (76)' in 3ms.
2023-12-14 13:22:58.408 [info] [Trace - 1:22:58 PM] Sending notification 'textDocument/didChange'.
2023-12-14 13:22:58.662 [info] [Trace - 1:22:58 PM] Sending request 'textDocument/codeAction - (77)'.
2023-12-14 13:22:58.666 [info] [Trace - 1:22:58 PM] Received response 'textDocument/codeAction - (77)' in 3ms.
2023-12-14 13:22:58.680 [info] [Trace - 1:22:58 PM] Sending notification 'textDocument/didChange'.
2023-12-14 13:22:59.169 [info] [Trace - 1:22:59 PM] Sending notification 'textDocument/didChange'.
2023-12-14 13:22:59.245 [info] [Trace - 1:22:59 PM] Sending notification 'textDocument/didChange'.
2023-12-14 13:22:59.341 [info] [Trace - 1:22:59 PM] Sending notification 'textDocument/didChange'.
2023-12-14 13:22:59.557 [info] [Trace - 1:22:59 PM] Sending notification 'textDocument/didChange'.
2023-12-14 13:22:59.812 [info] [Trace - 1:22:59 PM] Sending request 'textDocument/codeAction - (78)'.
2023-12-14 13:22:59.816 [info] [Trace - 1:22:59 PM] Received response 'textDocument/codeAction - (78)' in 4ms.
2023-12-14 13:23:00.089 [info] [Trace - 1:23:00 PM] Sending notification 'textDocument/didChange'.
2023-12-14 13:23:00.308 [info] [Trace - 1:23:00 PM] Sending notification 'textDocument/didChange'.
2023-12-14 13:23:01.305 [info] [Trace - 1:23:01 PM] Sending notification 'textDocument/didChange'.
2023-12-14 13:23:01.521 [info] [Trace - 1:23:01 PM] Sending notification 'textDocument/didChange'.
2023-12-14 13:23:01.705 [info] [Trace - 1:23:01 PM] Sending notification 'textDocument/didChange'.
2023-12-14 13:23:01.805 [info] [Trace - 1:23:01 PM] Sending notification 'textDocument/didChange'.
2023-12-14 13:23:02.060 [info] [Trace - 1:23:02 PM] Sending request 'textDocument/codeAction - (79)'.
2023-12-14 13:23:02.065 [info] [Trace - 1:23:02 PM] Received response 'textDocument/codeAction - (79)' in 5ms.
2023-12-14 13:23:02.673 [info] [Trace - 1:23:02 PM] Sending notification 'textDocument/didChange'.
2023-12-14 13:23:02.889 [info] [Trace - 1:23:02 PM] Sending notification 'textDocument/didChange'.
2023-12-14 13:23:03.143 [info] [Trace - 1:23:03 PM] Sending request 'textDocument/codeAction - (80)'.
2023-12-14 13:23:03.148 [info] [Trace - 1:23:03 PM] Received response 'textDocument/codeAction - (80)' in 5ms.
2023-12-14 13:23:03.537 [info] [Trace - 1:23:03 PM] Sending notification 'textDocument/didChange'.
2023-12-14 13:23:03.709 [info] [Trace - 1:23:03 PM] Sending notification 'textDocument/didChange'.
2023-12-14 13:23:03.969 [info] [Trace - 1:23:03 PM] Sending notification 'textDocument/didChange'.
2023-12-14 13:23:04.229 [info] [Trace - 1:23:04 PM] Sending request 'textDocument/codeAction - (81)'.
2023-12-14 13:23:04.233 [info] [Trace - 1:23:04 PM] Received response 'textDocument/codeAction - (81)' in 3ms.
2023-12-14 13:23:04.445 [info] [Trace - 1:23:04 PM] Sending notification 'textDocument/didChange'.
2023-12-14 13:23:04.614 [info] [Trace - 1:23:04 PM] Sending notification 'textDocument/didChange'.
2023-12-14 13:23:04.778 [info] [Trace - 1:23:04 PM] Sending notification 'textDocument/didChange'.
2023-12-14 13:23:04.959 [info] [Trace - 1:23:04 PM] Sending notification 'textDocument/didChange'.
2023-12-14 13:23:05.094 [info] [Trace - 1:23:05 PM] Sending notification 'textDocument/didChange'.
2023-12-14 13:23:05.236 [info] [Trace - 1:23:05 PM] Sending notification 'textDocument/didChange'.
2023-12-14 13:23:05.357 [info] [Trace - 1:23:05 PM] Sending notification 'textDocument/didChange'.
2023-12-14 13:23:05.614 [info] [Trace - 1:23:05 PM] Sending request 'textDocument/codeAction - (82)'.
2023-12-14 13:23:05.619 [info] [Trace - 1:23:05 PM] Received response 'textDocument/codeAction - (82)' in 4ms.
2023-12-14 13:23:05.831 [info] [Trace - 1:23:05 PM] Sending notification 'textDocument/didChange'.
2023-12-14 13:23:06.049 [info] [Trace - 1:23:06 PM] Sending notification 'textDocument/didChange'.
2023-12-14 13:23:06.117 [info] [Trace - 1:23:06 PM] Sending notification 'textDocument/didChange'.
2023-12-14 13:23:06.182 [info] [Trace - 1:23:06 PM] Sending notification 'textDocument/didChange'.
2023-12-14 13:23:06.353 [info] [Trace - 1:23:06 PM] Sending notification 'textDocument/didChange'.
2023-12-14 13:23:06.430 [info] [Trace - 1:23:06 PM] Sending notification 'textDocument/didChange'.
2023-12-14 13:23:06.542 [info] [Trace - 1:23:06 PM] Sending notification 'textDocument/didChange'.
2023-12-14 13:23:06.797 [info] [Trace - 1:23:06 PM] Sending request 'textDocument/codeAction - (83)'.
2023-12-14 13:23:06.801 [info] [Trace - 1:23:06 PM] Received response 'textDocument/codeAction - (83)' in 4ms.
2023-12-14 13:23:07.170 [info] [Trace - 1:23:07 PM] Sending notification 'textDocument/didChange'.
2023-12-14 13:23:07.425 [info] [Trace - 1:23:07 PM] Sending request 'textDocument/codeAction - (84)'.
2023-12-14 13:23:07.430 [info] [Trace - 1:23:07 PM] Received response 'textDocument/codeAction - (84)' in 5ms.
2023-12-14 13:23:08.105 [info] [Trace - 1:23:08 PM] Sending notification 'textDocument/didChange'.
2023-12-14 13:23:08.298 [info] [Trace - 1:23:08 PM] Sending notification 'textDocument/didChange'.
2023-12-14 13:23:08.381 [info] [Trace - 1:23:08 PM] Sending notification 'textDocument/didChange'.
2023-12-14 13:23:08.510 [info] [Trace - 1:23:08 PM] Sending notification 'textDocument/didChange'.
2023-12-14 13:23:08.689 [info] [Trace - 1:23:08 PM] Sending notification 'textDocument/didChange'.
2023-12-14 13:23:08.732 [info] [Trace - 1:23:08 PM] Sending notification 'textDocument/didChange'.
2023-12-14 13:23:08.985 [info] [Trace - 1:23:08 PM] Sending request 'textDocument/codeAction - (85)'.
2023-12-14 13:23:08.990 [info] [Trace - 1:23:08 PM] Received response 'textDocument/codeAction - (85)' in 5ms.
2023-12-14 13:23:09.993 [info] [Trace - 1:23:09 PM] Sending request 'textDocument/codeAction - (86)'.
2023-12-14 13:23:09.998 [info] [Trace - 1:23:09 PM] Received response 'textDocument/codeAction - (86)' in 5ms.
2023-12-14 13:23:10.833 [info] [Trace - 1:23:10 PM] Sending notification 'textDocument/didChange'.
2023-12-14 13:23:11.085 [info] [Trace - 1:23:11 PM] Sending request 'textDocument/codeAction - (87)'.
2023-12-14 13:23:11.087 [info] [Trace - 1:23:11 PM] Received response 'textDocument/codeAction - (87)' in 2ms.
2023-12-14 13:23:11.186 [info] [Trace - 1:23:11 PM] Sending notification 'textDocument/didChange'.
2023-12-14 13:23:11.329 [info] [Trace - 1:23:11 PM] Sending notification 'textDocument/didChange'.
2023-12-14 13:23:11.465 [info] [Trace - 1:23:11 PM] Sending notification 'textDocument/didChange'.
2023-12-14 13:23:11.725 [info] [Trace - 1:23:11 PM] Sending request 'textDocument/codeAction - (88)'.
2023-12-14 13:23:11.730 [info] [Trace - 1:23:11 PM] Received response 'textDocument/codeAction - (88)' in 5ms.
2023-12-14 13:23:11.953 [info] [Trace - 1:23:11 PM] Sending notification 'textDocument/didChange'.
2023-12-14 13:23:12.213 [info] [Trace - 1:23:12 PM] Sending request 'textDocument/codeAction - (89)'.
2023-12-14 13:23:12.218 [info] [Trace - 1:23:12 PM] Received response 'textDocument/codeAction - (89)' in 5ms.
2023-12-14 13:23:12.596 [info] [Trace - 1:23:12 PM] Sending notification 'textDocument/didChange'.
2023-12-14 13:23:13.320 [info] [Trace - 1:23:13 PM] Sending notification 'textDocument/didChange'.
2023-12-14 13:23:13.570 [info] [Trace - 1:23:13 PM] Sending notification 'textDocument/didChange'.
2023-12-14 13:23:13.744 [info] [Trace - 1:23:13 PM] Sending notification 'textDocument/didChange'.
2023-12-14 13:23:13.789 [info] [Trace - 1:23:13 PM] Sending notification 'textDocument/didChange'.
2023-12-14 13:23:14.009 [info] [Trace - 1:23:14 PM] Sending notification 'textDocument/didChange'.
2023-12-14 13:23:14.267 [info] [Trace - 1:23:14 PM] Sending request 'textDocument/codeAction - (90)'.
2023-12-14 13:23:14.272 [info] [Trace - 1:23:14 PM] Received response 'textDocument/codeAction - (90)' in 4ms.
2023-12-14 13:23:14.583 [info] [Trace - 1:23:14 PM] Sending notification 'textDocument/didChange'.
2023-12-14 13:23:14.785 [info] [Trace - 1:23:14 PM] Sending notification 'textDocument/didChange'.
2023-12-14 13:23:14.900 [info] [Trace - 1:23:14 PM] Sending notification 'textDocument/didChange'.
2023-12-14 13:23:14.998 [info] [Trace - 1:23:14 PM] Sending notification 'textDocument/didChange'.
2023-12-14 13:23:15.217 [info] [Trace - 1:23:15 PM] Sending notification 'textDocument/didChange'.
2023-12-14 13:23:15.474 [info] [Trace - 1:23:15 PM] Sending request 'textDocument/codeAction - (91)'.
2023-12-14 13:23:15.478 [info] [Trace - 1:23:15 PM] Received response 'textDocument/codeAction - (91)' in 5ms.
2023-12-14 13:23:16.484 [info] [Trace - 1:23:16 PM] Sending request 'textDocument/codeAction - (92)'.
2023-12-14 13:23:16.488 [info] [Trace - 1:23:16 PM] Received response 'textDocument/codeAction - (92)' in 4ms.
2023-12-14 13:23:20.517 [info] [Trace - 1:23:20 PM] Sending request 'textDocument/codeAction - (93)'.
2023-12-14 13:23:20.519 [info] [Trace - 1:23:20 PM] Received response 'textDocument/codeAction - (93)' in 2ms.
2023-12-14 13:23:21.227 [info] [Trace - 1:23:21 PM] Sending request 'textDocument/codeAction - (94)'.
2023-12-14 13:23:21.234 [info] [Trace - 1:23:21 PM] Received response 'textDocument/codeAction - (94)' in 6ms.
2023-12-14 13:23:22.420 [info] [Trace - 1:23:22 PM] Sending notification 'textDocument/didChange'.
2023-12-14 13:23:22.674 [info] [Trace - 1:23:22 PM] Sending request 'textDocument/codeAction - (95)'.
2023-12-14 13:23:22.676 [info] [Trace - 1:23:22 PM] Received response 'textDocument/codeAction - (95)' in 2ms.
2023-12-14 13:23:22.769 [info] [Trace - 1:23:22 PM] Sending notification 'textDocument/didChange'.
2023-12-14 13:23:22.994 [info] [Trace - 1:23:22 PM] Sending notification 'textDocument/didChange'.
2023-12-14 13:23:23.252 [info] [Trace - 1:23:23 PM] Sending request 'textDocument/codeAction - (96)'.
2023-12-14 13:23:23.257 [info] [Trace - 1:23:23 PM] Received response 'textDocument/codeAction - (96)' in 5ms.
2023-12-14 13:23:23.954 [info] [Trace - 1:23:23 PM] Sending notification 'textDocument/didChange'.
2023-12-14 13:23:24.209 [info] [Trace - 1:23:24 PM] Sending request 'textDocument/codeAction - (97)'.
2023-12-14 13:23:24.214 [info] [Trace - 1:23:24 PM] Received response 'textDocument/codeAction - (97)' in 5ms.
2023-12-14 13:23:24.231 [info] [Trace - 1:23:24 PM] Sending notification 'textDocument/didChange'.
2023-12-14 13:23:24.423 [info] [Trace - 1:23:24 PM] Sending notification 'textDocument/didChange'.
2023-12-14 13:23:24.610 [info] [Trace - 1:23:24 PM] Sending notification 'textDocument/didChange'.
2023-12-14 13:23:24.751 [info] [Trace - 1:23:24 PM] Sending notification 'textDocument/didChange'.
2023-12-14 13:23:24.902 [info] [Trace - 1:23:24 PM] Sending notification 'textDocument/didChange'.
2023-12-14 13:23:24.982 [info] [Trace - 1:23:24 PM] Sending notification 'textDocument/didChange'.
2023-12-14 13:23:25.236 [info] [Trace - 1:23:25 PM] Sending request 'textDocument/codeAction - (98)'.
2023-12-14 13:23:25.241 [info] [Trace - 1:23:25 PM] Received response 'textDocument/codeAction - (98)' in 4ms.
2023-12-14 13:23:25.769 [info] [Trace - 1:23:25 PM] Sending notification 'textDocument/didChange'.
2023-12-14 13:23:26.025 [info] [Trace - 1:23:26 PM] Sending request 'textDocument/codeAction - (99)'.
2023-12-14 13:23:26.030 [info] [Trace - 1:23:26 PM] Received response 'textDocument/codeAction - (99)' in 5ms.
2023-12-14 13:23:27.030 [info] [Trace - 1:23:27 PM] Sending request 'textDocument/codeAction - (100)'.
2023-12-14 13:23:27.037 [info] [Trace - 1:23:27 PM] Received response 'textDocument/codeAction - (100)' in 6ms.
2023-12-14 13:23:27.839 [info] [Trace - 1:23:27 PM] Sending request 'textDocument/codeAction - (101)'.
2023-12-14 13:23:27.843 [info] [Trace - 1:23:27 PM] Received response 'textDocument/codeAction - (101)' in 4ms.
2023-12-14 13:23:29.234 [info] [Trace - 1:23:29 PM] Sending notification 'textDocument/didChange'.
2023-12-14 13:23:29.466 [info] [Trace - 1:23:29 PM] Sending notification 'textDocument/didChange'.
2023-12-14 13:23:29.719 [info] [Trace - 1:23:29 PM] Sending request 'textDocument/codeAction - (102)'.
2023-12-14 13:23:29.724 [info] [Trace - 1:23:29 PM] Received response 'textDocument/codeAction - (102)' in 4ms.
2023-12-14 13:23:30.199 [info] [Trace - 1:23:30 PM] Sending notification 'textDocument/didChange'.
2023-12-14 13:23:30.453 [info] [Trace - 1:23:30 PM] Sending request 'textDocument/codeAction - (103)'.
2023-12-14 13:23:30.458 [info] [Trace - 1:23:30 PM] Received response 'textDocument/codeAction - (103)' in 5ms.
2023-12-14 13:23:30.688 [info] [Trace - 1:23:30 PM] Sending notification 'textDocument/didChange'.
2023-12-14 13:23:30.943 [info] [Trace - 1:23:30 PM] Sending request 'textDocument/codeAction - (104)'.
2023-12-14 13:23:30.945 [info] [Trace - 1:23:30 PM] Received response 'textDocument/codeAction - (104)' in 2ms.
2023-12-14 13:23:31.497 [info] [Trace - 1:23:31 PM] Sending notification 'textDocument/didChange'.
2023-12-14 13:23:31.755 [info] [Trace - 1:23:31 PM] Sending notification 'textDocument/didChange'.
2023-12-14 13:23:31.996 [info] [Trace - 1:23:31 PM] Sending notification 'textDocument/didChange'.
2023-12-14 13:23:32.256 [info] [Trace - 1:23:32 PM] Sending notification 'textDocument/didChange'.
2023-12-14 13:23:32.512 [info] [Trace - 1:23:32 PM] Sending request 'textDocument/codeAction - (105)'.
2023-12-14 13:23:32.520 [info] [Trace - 1:23:32 PM] Received response 'textDocument/codeAction - (105)' in 7ms.
2023-12-14 13:23:32.524 [info] [Trace - 1:23:32 PM] Sending notification 'textDocument/didChange'.
2023-12-14 13:23:32.639 [info] [Trace - 1:23:32 PM] Sending notification 'textDocument/didChange'.
2023-12-14 13:23:32.818 [info] [Trace - 1:23:32 PM] Sending notification 'textDocument/didChange'.
2023-12-14 13:23:33.076 [info] [Trace - 1:23:33 PM] Sending request 'textDocument/codeAction - (106)'.
2023-12-14 13:23:33.080 [info] [Trace - 1:23:33 PM] Received response 'textDocument/codeAction - (106)' in 4ms.
2023-12-14 13:23:33.110 [info] [Trace - 1:23:33 PM] Sending notification 'textDocument/didChange'.
2023-12-14 13:23:33.312 [info] [Trace - 1:23:33 PM] Sending notification 'textDocument/didChange'.
2023-12-14 13:23:33.408 [info] [Trace - 1:23:33 PM] Sending notification 'textDocument/didChange'.
2023-12-14 13:23:33.663 [info] [Trace - 1:23:33 PM] Sending request 'textDocument/codeAction - (107)'.
2023-12-14 13:23:33.668 [info] [Trace - 1:23:33 PM] Received response 'textDocument/codeAction - (107)' in 5ms.
2023-12-14 13:23:33.691 [info] [Trace - 1:23:33 PM] Sending notification 'textDocument/didChange'.
2023-12-14 13:23:33.948 [info] [Trace - 1:23:33 PM] Sending request 'textDocument/codeAction - (108)'.
2023-12-14 13:23:33.951 [info] [Trace - 1:23:33 PM] Received response 'textDocument/codeAction - (108)' in 4ms.
2023-12-14 13:23:35.021 [info] [Trace - 1:23:35 PM] Sending request 'textDocument/codeAction - (109)'.
2023-12-14 13:23:35.030 [info] [Trace - 1:23:35 PM] Received response 'textDocument/codeAction - (109)' in 9ms.
2023-12-14 13:23:35.599 [info] [Trace - 1:23:35 PM] Sending request 'textDocument/codeAction - (110)'.
2023-12-14 13:23:35.601 [info] [Trace - 1:23:35 PM] Received response 'textDocument/codeAction - (110)' in 1ms.
2023-12-14 13:23:36.383 [info] [Trace - 1:23:36 PM] Sending notification 'textDocument/didChange'.
2023-12-14 13:23:36.634 [info] [Trace - 1:23:36 PM] Sending request 'textDocument/codeAction - (111)'.
2023-12-14 13:23:36.636 [info] [Trace - 1:23:36 PM] Received response 'textDocument/codeAction - (111)' in 2ms.
2023-12-14 13:23:36.730 [info] [Trace - 1:23:36 PM] Sending notification 'textDocument/didChange'.
2023-12-14 13:23:36.943 [info] [Trace - 1:23:36 PM] Sending notification 'textDocument/didChange'.
2023-12-14 13:23:37.176 [info] [Trace - 1:23:37 PM] Sending notification 'textDocument/didChange'.
2023-12-14 13:23:37.430 [info] [Trace - 1:23:37 PM] Sending request 'textDocument/codeAction - (112)'.
2023-12-14 13:23:37.434 [info] [Trace - 1:23:37 PM] Received response 'textDocument/codeAction - (112)' in 4ms.
2023-12-14 13:23:38.066 [info] [Trace - 1:23:38 PM] Sending notification 'textDocument/didChange'.
2023-12-14 13:23:38.213 [info] [Trace - 1:23:38 PM] Sending notification 'textDocument/didChange'.
2023-12-14 13:23:38.470 [info] [Trace - 1:23:38 PM] Sending request 'textDocument/codeAction - (113)'.
2023-12-14 13:23:38.473 [info] [Trace - 1:23:38 PM] Received response 'textDocument/codeAction - (113)' in 3ms.
2023-12-14 13:23:38.683 [info] [Trace - 1:23:38 PM] Sending notification 'textDocument/didChange'.
2023-12-14 13:23:38.891 [info] [Trace - 1:23:38 PM] Sending notification 'textDocument/didChange'.
2023-12-14 13:23:39.058 [info] [Trace - 1:23:39 PM] Sending notification 'textDocument/didChange'.
2023-12-14 13:23:39.143 [info] [Trace - 1:23:39 PM] Sending notification 'textDocument/didChange'.
2023-12-14 13:23:39.377 [info] [Trace - 1:23:39 PM] Sending notification 'textDocument/didChange'.
2023-12-14 13:23:39.634 [info] [Trace - 1:23:39 PM] Sending request 'textDocument/codeAction - (114)'.
2023-12-14 13:23:39.638 [info] [Trace - 1:23:39 PM] Received response 'textDocument/codeAction - (114)' in 4ms.
2023-12-14 13:23:40.642 [info] [Trace - 1:23:40 PM] Sending request 'textDocument/codeAction - (115)'.
2023-12-14 13:23:40.646 [info] [Trace - 1:23:40 PM] Received response 'textDocument/codeAction - (115)' in 4ms.
2023-12-14 13:23:41.058 [info] [Trace - 1:23:41 PM] Sending request 'textDocument/codeAction - (116)'.
2023-12-14 13:23:41.067 [info] [Trace - 1:23:41 PM] Received response 'textDocument/codeAction - (116)' in 9ms.
2023-12-14 13:23:44.610 [info] [Trace - 1:23:44 PM] Sending request 'textDocument/codeAction - (117)'.
2023-12-14 13:23:44.613 [info] [Trace - 1:23:44 PM] Received response 'textDocument/codeAction - (117)' in 3ms.
2023-12-14 13:23:45.116 [info] [Trace - 1:23:45 PM] Sending notification 'textDocument/didChange'.
2023-12-14 13:23:45.369 [info] [Trace - 1:23:45 PM] Sending request 'textDocument/codeAction - (118)'.
2023-12-14 13:23:45.374 [info] [Trace - 1:23:45 PM] Received response 'textDocument/codeAction - (118)' in 5ms.
2023-12-14 13:23:45.713 [info] [Trace - 1:23:45 PM] Sending notification 'textDocument/didChange'.
2023-12-14 13:23:45.967 [info] [Trace - 1:23:45 PM] Sending request 'textDocument/codeAction - (119)'.
2023-12-14 13:23:45.974 [info] [Trace - 1:23:45 PM] Received response 'textDocument/codeAction - (119)' in 7ms.
2023-12-14 13:23:46.138 [info] [Trace - 1:23:46 PM] Sending notification 'textDocument/didChange'.
2023-12-14 13:23:46.310 [info] [Trace - 1:23:46 PM] Sending notification 'textDocument/didChange'.
2023-12-14 13:23:46.563 [info] [Trace - 1:23:46 PM] Sending request 'textDocument/codeAction - (120)'.
2023-12-14 13:23:46.567 [info] [Trace - 1:23:46 PM] Received response 'textDocument/codeAction - (120)' in 4ms.
2023-12-14 13:23:47.574 [info] [Trace - 1:23:47 PM] Sending request 'textDocument/codeAction - (121)'.
2023-12-14 13:23:47.578 [info] [Trace - 1:23:47 PM] Received response 'textDocument/codeAction - (121)' in 4ms.
2023-12-14 13:23:50.675 [info] [Trace - 1:23:50 PM] Sending notification 'textDocument/didChange'.
2023-12-14 13:23:50.927 [info] [Trace - 1:23:50 PM] Sending request 'textDocument/codeAction - (122)'.
2023-12-14 13:23:50.931 [info] [Trace - 1:23:50 PM] Received response 'textDocument/codeAction - (122)' in 4ms.
2023-12-14 13:23:51.941 [info] [Trace - 1:23:51 PM] Sending request 'textDocument/codeAction - (123)'.
2023-12-14 13:23:51.944 [info] [Trace - 1:23:51 PM] Received response 'textDocument/codeAction - (123)' in 4ms.
2023-12-14 13:23:52.147 [info] [Trace - 1:23:52 PM] Sending notification 'textDocument/didChange'.
2023-12-14 13:23:52.329 [info] [Trace - 1:23:52 PM] Sending notification 'textDocument/didChange'.
2023-12-14 13:23:52.456 [info] [Trace - 1:23:52 PM] Sending notification 'textDocument/didChange'.
2023-12-14 13:23:52.711 [info] [Trace - 1:23:52 PM] Sending request 'textDocument/codeAction - (124)'.
2023-12-14 13:23:52.716 [info] [Trace - 1:23:52 PM] Received response 'textDocument/codeAction - (124)' in 5ms.
2023-12-14 13:23:53.705 [info] [Trace - 1:23:53 PM] Sending notification 'textDocument/didChange'.
2023-12-14 13:23:53.886 [info] [Trace - 1:23:53 PM] Sending notification 'textDocument/didChange'.
2023-12-14 13:23:54.047 [info] [Trace - 1:23:54 PM] Sending notification 'textDocument/didChange'.
2023-12-14 13:23:54.198 [info] [Trace - 1:23:54 PM] Sending notification 'textDocument/didChange'.
2023-12-14 13:23:54.455 [info] [Trace - 1:23:54 PM] Sending request 'textDocument/codeAction - (125)'.
2023-12-14 13:23:54.460 [info] [Trace - 1:23:54 PM] Received response 'textDocument/codeAction - (125)' in 4ms.
2023-12-14 13:23:54.461 [info] [Trace - 1:23:54 PM] Sending notification 'textDocument/didChange'.
2023-12-14 13:23:54.558 [info] [Trace - 1:23:54 PM] Sending notification 'textDocument/didChange'.
2023-12-14 13:23:54.648 [info] [Trace - 1:23:54 PM] Sending notification 'textDocument/didChange'.
2023-12-14 13:23:54.899 [info] [Trace - 1:23:54 PM] Sending notification 'textDocument/didChange'.
2023-12-14 13:23:55.156 [info] [Trace - 1:23:55 PM] Sending request 'textDocument/codeAction - (126)'.
2023-12-14 13:23:55.160 [info] [Trace - 1:23:55 PM] Received response 'textDocument/codeAction - (126)' in 4ms.
2023-12-14 13:23:56.241 [info] [Trace - 1:23:56 PM] Sending request 'textDocument/codeAction - (127)'.
2023-12-14 13:23:56.245 [info] [Trace - 1:23:56 PM] Received response 'textDocument/codeAction - (127)' in 4ms.
2023-12-14 13:23:58.216 [info] [Trace - 1:23:58 PM] Sending request 'textDocument/codeAction - (128)'.
2023-12-14 13:23:58.218 [info] [Trace - 1:23:58 PM] Received response 'textDocument/codeAction - (128)' in 2ms.
2023-12-14 13:23:58.996 [info] [Trace - 1:23:58 PM] Sending notification 'textDocument/didChange'.
2023-12-14 13:23:59.097 [info] [Trace - 1:23:59 PM] Sending notification 'textDocument/didChange'.
2023-12-14 13:23:59.350 [info] [Trace - 1:23:59 PM] Sending request 'textDocument/codeAction - (129)'.
2023-12-14 13:23:59.355 [info] [Trace - 1:23:59 PM] Received response 'textDocument/codeAction - (129)' in 5ms.
2023-12-14 13:23:59.490 [info] [Trace - 1:23:59 PM] Sending notification 'textDocument/didChange'.
2023-12-14 13:23:59.624 [info] [Trace - 1:23:59 PM] Sending notification 'textDocument/didChange'.
2023-12-14 13:23:59.782 [info] [Trace - 1:23:59 PM] Sending notification 'textDocument/didChange'.
2023-12-14 13:24:00.035 [info] [Trace - 1:24:00 PM] Sending request 'textDocument/codeAction - (130)'.
2023-12-14 13:24:00.039 [info] [Trace - 1:24:00 PM] Received response 'textDocument/codeAction - (130)' in 4ms.
2023-12-14 13:24:00.055 [info] [Trace - 1:24:00 PM] Sending notification 'textDocument/didChange'.
2023-12-14 13:24:00.186 [info] [Trace - 1:24:00 PM] Sending notification 'textDocument/didChange'.
2023-12-14 13:24:00.274 [info] [Trace - 1:24:00 PM] Sending notification 'textDocument/didChange'.
2023-12-14 13:24:00.531 [info] [Trace - 1:24:00 PM] Sending request 'textDocument/codeAction - (131)'.
2023-12-14 13:24:00.536 [info] [Trace - 1:24:00 PM] Received response 'textDocument/codeAction - (131)' in 4ms.
2023-12-14 13:24:00.824 [info] [Trace - 1:24:00 PM] Sending notification 'textDocument/didChange'.
2023-12-14 13:24:01.078 [info] [Trace - 1:24:01 PM] Sending request 'textDocument/codeAction - (132)'.
2023-12-14 13:24:01.081 [info] [Trace - 1:24:01 PM] Received response 'textDocument/codeAction - (132)' in 3ms.
2023-12-14 13:24:01.112 [info] [Trace - 1:24:01 PM] Sending notification 'textDocument/didChange'.
2023-12-14 13:24:01.671 [info] [Trace - 1:24:01 PM] Sending notification 'textDocument/didChange'.
2023-12-14 13:24:01.762 [info] [Trace - 1:24:01 PM] Sending notification 'textDocument/didChange'.
2023-12-14 13:24:01.809 [info] [Trace - 1:24:01 PM] Sending notification 'textDocument/didChange'.
2023-12-14 13:24:02.011 [info] [Trace - 1:24:02 PM] Sending notification 'textDocument/didChange'.
2023-12-14 13:24:02.213 [info] [Trace - 1:24:02 PM] Sending notification 'textDocument/didChange'.
2023-12-14 13:24:02.267 [info] [Trace - 1:24:02 PM] Sending request 'textDocument/codeAction - (133)'.
2023-12-14 13:24:02.270 [info] [Trace - 1:24:02 PM] Received response 'textDocument/codeAction - (133)' in 3ms.
2023-12-14 13:24:02.779 [info] [Trace - 1:24:02 PM] Sending notification 'textDocument/didChange'.
2023-12-14 13:24:03.123 [info] [Trace - 1:24:03 PM] Sending notification 'textDocument/didChange'.
2023-12-14 13:24:03.376 [info] [Trace - 1:24:03 PM] Sending request 'textDocument/codeAction - (134)'.
2023-12-14 13:24:03.379 [info] [Trace - 1:24:03 PM] Received response 'textDocument/codeAction - (134)' in 3ms.
2023-12-14 13:24:03.940 [info] [Trace - 1:24:03 PM] Sending notification 'textDocument/didChange'.
2023-12-14 13:24:04.016 [info] [Trace - 1:24:04 PM] Sending notification 'textDocument/didChange'.
2023-12-14 13:24:04.902 [info] [Trace - 1:24:04 PM] Sending notification 'textDocument/didSave'.
2023-12-14 13:24:04.909 [info] [Trace - 1:24:04 PM] Received notification 'window/logMessage'.
2023-12-14 13:24:04.909 [info] /home/main/Desktop/uni/oop/assignment_1_OOP/.conda/bin/python -m flake8 --format='%(row)d,%(col)d,%(code).1s,%(code)s:%(text)s' /home/main/Desktop/uni/oop/assignment_2_OOP/part_2/src/multi_linear_regression.py
2023-12-14 13:24:04.909 [info] [Trace - 1:24:04 PM] Received notification 'window/logMessage'.
2023-12-14 13:24:04.909 [info] CWD Linter: /home/main/Desktop/uni
2023-12-14 13:24:04.972 [info] [Trace - 1:24:04 PM] Received notification 'window/logMessage'.
2023-12-14 13:24:04.972 [info] file:///home/main/Desktop/uni/oop/assignment_2_OOP/part_2/src/multi_linear_regression.py :
'5,1,E,E302:expected 2 blank lines, found 1'
'7,25,E,E231:missing whitespace after ':''
'7,44,E,E231:missing whitespace after ':''
'10,27,E,E231:missing whitespace after ':''
'16,36,E,E231:missing whitespace after ':''
'19,1,E,E302:expected 2 blank lines, found 1'

2023-12-14 13:24:04.973 [info] [Trace - 1:24:04 PM] Received notification 'textDocument/publishDiagnostics'.
2023-12-14 13:24:05.647 [info] [Trace - 1:24:05 PM] Sending notification 'textDocument/didSave'.
2023-12-14 13:24:05.652 [info] [Trace - 1:24:05 PM] Received notification 'window/logMessage'.
2023-12-14 13:24:05.652 [info] /home/main/Desktop/uni/oop/assignment_1_OOP/.conda/bin/python -m flake8 --format='%(row)d,%(col)d,%(code).1s,%(code)s:%(text)s' /home/main/Desktop/uni/oop/assignment_2_OOP/part_2/src/multi_linear_regression.py
2023-12-14 13:24:05.652 [info] [Trace - 1:24:05 PM] Received notification 'window/logMessage'.
2023-12-14 13:24:05.652 [info] CWD Linter: /home/main/Desktop/uni
2023-12-14 13:24:05.686 [info] [Trace - 1:24:05 PM] Received notification 'window/logMessage'.
2023-12-14 13:24:05.686 [info] file:///home/main/Desktop/uni/oop/assignment_2_OOP/part_2/src/multi_linear_regression.py :
'5,1,E,E302:expected 2 blank lines, found 1'
'7,25,E,E231:missing whitespace after ':''
'7,44,E,E231:missing whitespace after ':''
'10,27,E,E231:missing whitespace after ':''
'16,36,E,E231:missing whitespace after ':''
'19,1,E,E302:expected 2 blank lines, found 1'

2023-12-14 13:24:05.687 [info] [Trace - 1:24:05 PM] Received notification 'textDocument/publishDiagnostics'.
2023-12-14 13:24:16.651 [info] [Trace - 1:24:16 PM] Sending notification 'textDocument/didClose'.
2023-12-14 13:24:16.655 [info] [Trace - 1:24:16 PM] Received notification 'textDocument/publishDiagnostics'.
2023-12-14 13:24:50.337 [info] [Trace - 1:24:50 PM] Sending notification 'textDocument/didOpen'.
2023-12-14 13:24:50.343 [info] [Trace - 1:24:50 PM] Received notification 'window/logMessage'.
2023-12-14 13:24:50.343 [info] /home/main/Desktop/uni/oop/assignment_1_OOP/.conda/bin/python -m flake8 --format='%(row)d,%(col)d,%(code).1s,%(code)s:%(text)s' /home/main/Desktop/uni/oop/template/src/__init__.py
2023-12-14 13:24:50.343 [info] [Trace - 1:24:50 PM] Received notification 'window/logMessage'.
2023-12-14 13:24:50.343 [info] CWD Linter: /home/main/Desktop/uni
2023-12-14 13:24:50.392 [info] [Trace - 1:24:50 PM] Received notification 'textDocument/publishDiagnostics'.
2023-12-14 13:25:00.096 [info] [Trace - 1:25:00 PM] Sending notification 'textDocument/didClose'.
2023-12-14 13:25:00.107 [info] [Trace - 1:25:00 PM] Received notification 'textDocument/publishDiagnostics'.
2023-12-14 13:25:00.177 [info] [Trace - 1:25:00 PM] Sending request 'textDocument/codeAction - (135)'.
2023-12-14 13:25:00.180 [info] [Trace - 1:25:00 PM] Received response 'textDocument/codeAction - (135)' in 3ms.
2023-12-14 13:25:05.132 [info] [Trace - 1:25:05 PM] Sending notification 'textDocument/didOpen'.
2023-12-14 13:25:05.137 [info] [Trace - 1:25:05 PM] Received notification 'window/logMessage'.
2023-12-14 13:25:05.137 [info] /home/main/Desktop/uni/oop/assignment_1_OOP/.conda/bin/python -m flake8 --format='%(row)d,%(col)d,%(code).1s,%(code)s:%(text)s' /home/main/Desktop/uni/oop/assignment_2_OOP/part_2/main.py
2023-12-14 13:25:05.137 [info] [Trace - 1:25:05 PM] Received notification 'window/logMessage'.
2023-12-14 13:25:05.137 [info] CWD Linter: /home/main/Desktop/uni
2023-12-14 13:25:05.161 [info] [Trace - 1:25:05 PM] Received notification 'textDocument/publishDiagnostics'.
2023-12-14 13:25:09.342 [info] [Trace - 1:25:09 PM] Sending request 'textDocument/codeAction - (136)'.
2023-12-14 13:25:09.350 [info] [Trace - 1:25:09 PM] Received response 'textDocument/codeAction - (136)' in 8ms.
2023-12-14 13:25:26.410 [info] [Trace - 1:25:26 PM] Sending request 'textDocument/codeAction - (137)'.
2023-12-14 13:25:26.414 [info] [Trace - 1:25:26 PM] Received response 'textDocument/codeAction - (137)' in 4ms.
2023-12-14 13:25:27.909 [info] [Trace - 1:25:27 PM] Sending notification 'textDocument/didSave'.
2023-12-14 13:25:27.914 [info] [Trace - 1:25:27 PM] Received notification 'window/logMessage'.
2023-12-14 13:25:27.914 [info] /home/main/Desktop/uni/oop/assignment_1_OOP/.conda/bin/python -m flake8 --format='%(row)d,%(col)d,%(code).1s,%(code)s:%(text)s' /home/main/Desktop/uni/oop/assignment_2_OOP/part_2/src/multi_linear_regression.py
2023-12-14 13:25:27.914 [info] [Trace - 1:25:27 PM] Received notification 'window/logMessage'.
2023-12-14 13:25:27.914 [info] CWD Linter: /home/main/Desktop/uni
2023-12-14 13:25:27.948 [info] [Trace - 1:25:27 PM] Received notification 'window/logMessage'.
2023-12-14 13:25:27.948 [info] file:///home/main/Desktop/uni/oop/assignment_2_OOP/part_2/src/multi_linear_regression.py :
'5,1,E,E302:expected 2 blank lines, found 1'
'7,25,E,E231:missing whitespace after ':''
'7,44,E,E231:missing whitespace after ':''
'10,27,E,E231:missing whitespace after ':''
'16,36,E,E231:missing whitespace after ':''
'19,1,E,E302:expected 2 blank lines, found 1'

2023-12-14 13:25:27.949 [info] [Trace - 1:25:27 PM] Received notification 'textDocument/publishDiagnostics'.
2023-12-14 13:25:28.349 [info] [Trace - 1:25:28 PM] Sending notification 'textDocument/didSave'.
2023-12-14 13:25:28.353 [info] [Trace - 1:25:28 PM] Received notification 'window/logMessage'.
2023-12-14 13:25:28.353 [info] /home/main/Desktop/uni/oop/assignment_1_OOP/.conda/bin/python -m flake8 --format='%(row)d,%(col)d,%(code).1s,%(code)s:%(text)s' /home/main/Desktop/uni/oop/assignment_2_OOP/part_2/src/multi_linear_regression.py
2023-12-14 13:25:28.353 [info] [Trace - 1:25:28 PM] Received notification 'window/logMessage'.
2023-12-14 13:25:28.353 [info] CWD Linter: /home/main/Desktop/uni
2023-12-14 13:25:28.388 [info] [Trace - 1:25:28 PM] Received notification 'window/logMessage'.
2023-12-14 13:25:28.388 [info] file:///home/main/Desktop/uni/oop/assignment_2_OOP/part_2/src/multi_linear_regression.py :
'5,1,E,E302:expected 2 blank lines, found 1'
'7,25,E,E231:missing whitespace after ':''
'7,44,E,E231:missing whitespace after ':''
'10,27,E,E231:missing whitespace after ':''
'16,36,E,E231:missing whitespace after ':''
'19,1,E,E302:expected 2 blank lines, found 1'

2023-12-14 13:25:28.389 [info] [Trace - 1:25:28 PM] Received notification 'textDocument/publishDiagnostics'.
2023-12-14 13:25:28.544 [info] [Trace - 1:25:28 PM] Sending notification 'textDocument/didSave'.
2023-12-14 13:25:28.547 [info] [Trace - 1:25:28 PM] Received notification 'window/logMessage'.
2023-12-14 13:25:28.547 [info] /home/main/Desktop/uni/oop/assignment_1_OOP/.conda/bin/python -m flake8 --format='%(row)d,%(col)d,%(code).1s,%(code)s:%(text)s' /home/main/Desktop/uni/oop/assignment_2_OOP/part_2/src/multi_linear_regression.py
2023-12-14 13:25:28.547 [info] [Trace - 1:25:28 PM] Received notification 'window/logMessage'.
2023-12-14 13:25:28.547 [info] CWD Linter: /home/main/Desktop/uni
2023-12-14 13:25:28.581 [info] [Trace - 1:25:28 PM] Received notification 'window/logMessage'.
2023-12-14 13:25:28.581 [info] file:///home/main/Desktop/uni/oop/assignment_2_OOP/part_2/src/multi_linear_regression.py :
'5,1,E,E302:expected 2 blank lines, found 1'
'7,25,E,E231:missing whitespace after ':''
'7,44,E,E231:missing whitespace after ':''
'10,27,E,E231:missing whitespace after ':''
'16,36,E,E231:missing whitespace after ':''
'19,1,E,E302:expected 2 blank lines, found 1'

2023-12-14 13:25:28.582 [info] [Trace - 1:25:28 PM] Received notification 'textDocument/publishDiagnostics'.
2023-12-14 13:25:28.698 [info] [Trace - 1:25:28 PM] Sending notification 'textDocument/didSave'.
2023-12-14 13:25:28.700 [info] [Trace - 1:25:28 PM] Received notification 'window/logMessage'.
2023-12-14 13:25:28.700 [info] /home/main/Desktop/uni/oop/assignment_1_OOP/.conda/bin/python -m flake8 --format='%(row)d,%(col)d,%(code).1s,%(code)s:%(text)s' /home/main/Desktop/uni/oop/assignment_2_OOP/part_2/src/multi_linear_regression.py
2023-12-14 13:25:28.701 [info] [Trace - 1:25:28 PM] Received notification 'window/logMessage'.
2023-12-14 13:25:28.701 [info] CWD Linter: /home/main/Desktop/uni
2023-12-14 13:25:28.736 [info] [Trace - 1:25:28 PM] Received notification 'window/logMessage'.
2023-12-14 13:25:28.736 [info] file:///home/main/Desktop/uni/oop/assignment_2_OOP/part_2/src/multi_linear_regression.py :
'5,1,E,E302:expected 2 blank lines, found 1'
'7,25,E,E231:missing whitespace after ':''
'7,44,E,E231:missing whitespace after ':''
'10,27,E,E231:missing whitespace after ':''
'16,36,E,E231:missing whitespace after ':''
'19,1,E,E302:expected 2 blank lines, found 1'

2023-12-14 13:25:28.737 [info] [Trace - 1:25:28 PM] Received notification 'textDocument/publishDiagnostics'.
2023-12-14 13:25:28.912 [info] [Trace - 1:25:28 PM] Sending notification 'textDocument/didSave'.
2023-12-14 13:25:28.918 [info] [Trace - 1:25:28 PM] Received notification 'window/logMessage'.
2023-12-14 13:25:28.918 [info] /home/main/Desktop/uni/oop/assignment_1_OOP/.conda/bin/python -m flake8 --format='%(row)d,%(col)d,%(code).1s,%(code)s:%(text)s' /home/main/Desktop/uni/oop/assignment_2_OOP/part_2/src/multi_linear_regression.py
2023-12-14 13:25:28.918 [info] [Trace - 1:25:28 PM] Received notification 'window/logMessage'.
2023-12-14 13:25:28.918 [info] CWD Linter: /home/main/Desktop/uni
2023-12-14 13:25:29.001 [info] [Trace - 1:25:29 PM] Received notification 'window/logMessage'.
2023-12-14 13:25:29.001 [info] file:///home/main/Desktop/uni/oop/assignment_2_OOP/part_2/src/multi_linear_regression.py :
'5,1,E,E302:expected 2 blank lines, found 1'
'7,25,E,E231:missing whitespace after ':''
'7,44,E,E231:missing whitespace after ':''
'10,27,E,E231:missing whitespace after ':''
'16,36,E,E231:missing whitespace after ':''
'19,1,E,E302:expected 2 blank lines, found 1'

2023-12-14 13:25:29.004 [info] [Trace - 1:25:29 PM] Received notification 'textDocument/publishDiagnostics'.
2023-12-14 13:25:29.084 [info] [Trace - 1:25:29 PM] Sending notification 'textDocument/didSave'.
2023-12-14 13:25:29.086 [info] [Trace - 1:25:29 PM] Received notification 'window/logMessage'.
2023-12-14 13:25:29.086 [info] /home/main/Desktop/uni/oop/assignment_1_OOP/.conda/bin/python -m flake8 --format='%(row)d,%(col)d,%(code).1s,%(code)s:%(text)s' /home/main/Desktop/uni/oop/assignment_2_OOP/part_2/src/multi_linear_regression.py
2023-12-14 13:25:29.087 [info] [Trace - 1:25:29 PM] Received notification 'window/logMessage'.
2023-12-14 13:25:29.087 [info] CWD Linter: /home/main/Desktop/uni
2023-12-14 13:25:29.121 [info] [Trace - 1:25:29 PM] Received notification 'window/logMessage'.
2023-12-14 13:25:29.121 [info] file:///home/main/Desktop/uni/oop/assignment_2_OOP/part_2/src/multi_linear_regression.py :
'5,1,E,E302:expected 2 blank lines, found 1'
'7,25,E,E231:missing whitespace after ':''
'7,44,E,E231:missing whitespace after ':''
'10,27,E,E231:missing whitespace after ':''
'16,36,E,E231:missing whitespace after ':''
'19,1,E,E302:expected 2 blank lines, found 1'

2023-12-14 13:25:29.122 [info] [Trace - 1:25:29 PM] Received notification 'textDocument/publishDiagnostics'.
2023-12-14 13:25:29.271 [info] [Trace - 1:25:29 PM] Sending notification 'textDocument/didSave'.
2023-12-14 13:25:29.274 [info] [Trace - 1:25:29 PM] Received notification 'window/logMessage'.
2023-12-14 13:25:29.274 [info] /home/main/Desktop/uni/oop/assignment_1_OOP/.conda/bin/python -m flake8 --format='%(row)d,%(col)d,%(code).1s,%(code)s:%(text)s' /home/main/Desktop/uni/oop/assignment_2_OOP/part_2/src/multi_linear_regression.py
2023-12-14 13:25:29.274 [info] [Trace - 1:25:29 PM] Received notification 'window/logMessage'.
2023-12-14 13:25:29.275 [info] CWD Linter: /home/main/Desktop/uni
2023-12-14 13:25:29.309 [info] [Trace - 1:25:29 PM] Received notification 'window/logMessage'.
2023-12-14 13:25:29.309 [info] file:///home/main/Desktop/uni/oop/assignment_2_OOP/part_2/src/multi_linear_regression.py :
'5,1,E,E302:expected 2 blank lines, found 1'
'7,25,E,E231:missing whitespace after ':''
'7,44,E,E231:missing whitespace after ':''
'10,27,E,E231:missing whitespace after ':''
'16,36,E,E231:missing whitespace after ':''
'19,1,E,E302:expected 2 blank lines, found 1'

2023-12-14 13:25:29.309 [info] [Trace - 1:25:29 PM] Received notification 'textDocument/publishDiagnostics'.
2023-12-14 13:25:29.466 [info] [Trace - 1:25:29 PM] Sending notification 'textDocument/didSave'.
2023-12-14 13:25:29.469 [info] [Trace - 1:25:29 PM] Received notification 'window/logMessage'.
2023-12-14 13:25:29.469 [info] /home/main/Desktop/uni/oop/assignment_1_OOP/.conda/bin/python -m flake8 --format='%(row)d,%(col)d,%(code).1s,%(code)s:%(text)s' /home/main/Desktop/uni/oop/assignment_2_OOP/part_2/src/multi_linear_regression.py
2023-12-14 13:25:29.469 [info] [Trace - 1:25:29 PM] Received notification 'window/logMessage'.
2023-12-14 13:25:29.469 [info] CWD Linter: /home/main/Desktop/uni
2023-12-14 13:25:29.506 [info] [Trace - 1:25:29 PM] Received notification 'window/logMessage'.
2023-12-14 13:25:29.506 [info] file:///home/main/Desktop/uni/oop/assignment_2_OOP/part_2/src/multi_linear_regression.py :
'5,1,E,E302:expected 2 blank lines, found 1'
'7,25,E,E231:missing whitespace after ':''
'7,44,E,E231:missing whitespace after ':''
'10,27,E,E231:missing whitespace after ':''
'16,36,E,E231:missing whitespace after ':''
'19,1,E,E302:expected 2 blank lines, found 1'

2023-12-14 13:25:29.507 [info] [Trace - 1:25:29 PM] Received notification 'textDocument/publishDiagnostics'.
2023-12-14 13:25:29.649 [info] [Trace - 1:25:29 PM] Sending notification 'textDocument/didSave'.
2023-12-14 13:25:29.663 [info] [Trace - 1:25:29 PM] Received notification 'window/logMessage'.
2023-12-14 13:25:29.663 [info] /home/main/Desktop/uni/oop/assignment_1_OOP/.conda/bin/python -m flake8 --format='%(row)d,%(col)d,%(code).1s,%(code)s:%(text)s' /home/main/Desktop/uni/oop/assignment_2_OOP/part_2/src/multi_linear_regression.py
2023-12-14 13:25:29.664 [info] [Trace - 1:25:29 PM] Received notification 'window/logMessage'.
2023-12-14 13:25:29.664 [info] CWD Linter: /home/main/Desktop/uni
2023-12-14 13:25:29.709 [info] [Trace - 1:25:29 PM] Received notification 'window/logMessage'.
2023-12-14 13:25:29.709 [info] file:///home/main/Desktop/uni/oop/assignment_2_OOP/part_2/src/multi_linear_regression.py :
'5,1,E,E302:expected 2 blank lines, found 1'
'7,25,E,E231:missing whitespace after ':''
'7,44,E,E231:missing whitespace after ':''
'10,27,E,E231:missing whitespace after ':''
'16,36,E,E231:missing whitespace after ':''
'19,1,E,E302:expected 2 blank lines, found 1'

2023-12-14 13:25:29.709 [info] [Trace - 1:25:29 PM] Received notification 'textDocument/publishDiagnostics'.
2023-12-14 13:25:29.830 [info] [Trace - 1:25:29 PM] Sending notification 'textDocument/didSave'.
2023-12-14 13:25:29.833 [info] [Trace - 1:25:29 PM] Received notification 'window/logMessage'.
2023-12-14 13:25:29.833 [info] /home/main/Desktop/uni/oop/assignment_1_OOP/.conda/bin/python -m flake8 --format='%(row)d,%(col)d,%(code).1s,%(code)s:%(text)s' /home/main/Desktop/uni/oop/assignment_2_OOP/part_2/src/multi_linear_regression.py
2023-12-14 13:25:29.833 [info] [Trace - 1:25:29 PM] Received notification 'window/logMessage'.
2023-12-14 13:25:29.833 [info] CWD Linter: /home/main/Desktop/uni
2023-12-14 13:25:29.867 [info] [Trace - 1:25:29 PM] Received notification 'window/logMessage'.
2023-12-14 13:25:29.867 [info] file:///home/main/Desktop/uni/oop/assignment_2_OOP/part_2/src/multi_linear_regression.py :
'5,1,E,E302:expected 2 blank lines, found 1'
'7,25,E,E231:missing whitespace after ':''
'7,44,E,E231:missing whitespace after ':''
'10,27,E,E231:missing whitespace after ':''
'16,36,E,E231:missing whitespace after ':''
'19,1,E,E302:expected 2 blank lines, found 1'

2023-12-14 13:25:29.868 [info] [Trace - 1:25:29 PM] Received notification 'textDocument/publishDiagnostics'.
2023-12-14 13:25:50.039 [info] [Trace - 1:25:50 PM] Sending request 'textDocument/codeAction - (138)'.
2023-12-14 13:25:50.045 [info] [Trace - 1:25:50 PM] Received response 'textDocument/codeAction - (138)' in 6ms.
2023-12-14 13:26:03.051 [info] [Trace - 1:26:03 PM] Sending notification 'textDocument/didSave'.
2023-12-14 13:26:03.055 [info] [Trace - 1:26:03 PM] Received notification 'window/logMessage'.
2023-12-14 13:26:03.055 [info] /home/main/Desktop/uni/oop/assignment_1_OOP/.conda/bin/python -m flake8 --format='%(row)d,%(col)d,%(code).1s,%(code)s:%(text)s' /home/main/Desktop/uni/oop/assignment_2_OOP/part_2/src/multi_linear_regression.py
2023-12-14 13:26:03.055 [info] [Trace - 1:26:03 PM] Received notification 'window/logMessage'.
2023-12-14 13:26:03.055 [info] CWD Linter: /home/main/Desktop/uni
2023-12-14 13:26:03.089 [info] [Trace - 1:26:03 PM] Received notification 'window/logMessage'.
2023-12-14 13:26:03.089 [info] file:///home/main/Desktop/uni/oop/assignment_2_OOP/part_2/src/multi_linear_regression.py :
'5,1,E,E302:expected 2 blank lines, found 1'
'7,25,E,E231:missing whitespace after ':''
'7,44,E,E231:missing whitespace after ':''
'10,27,E,E231:missing whitespace after ':''
'16,36,E,E231:missing whitespace after ':''
'19,1,E,E302:expected 2 blank lines, found 1'

2023-12-14 13:26:03.090 [info] [Trace - 1:26:03 PM] Received notification 'textDocument/publishDiagnostics'.
2023-12-14 13:26:11.559 [info] [Trace - 1:26:11 PM] Sending request 'shutdown - (139)'.
2023-12-14 13:26:11.633 [info] [Trace - 1:26:11 PM] Received response 'shutdown - (139)' in 85ms.
2023-12-14 13:26:11.634 [info] [Trace - 1:26:11 PM] Sending notification 'exit'.
