2023-12-06 22:00:49.774 [info] Reading sessions from keychain...
2023-12-06 22:00:49.774 [info] Getting sessions for all scopes...
2023-12-06 22:00:49.774 [info] Getting sessions for all scopes...
2023-12-06 22:00:49.774 [info] Got stored sessions!
2023-12-06 22:00:49.774 [info] Got 1 verified sessions.
2023-12-06 22:00:49.774 [info] Got 1 sessions for ...
2023-12-06 22:00:49.774 [info] Got 1 sessions for ...
2023-12-06 22:00:49.774 [info] Getting sessions for project,read:org,read:user,repo,user:email,workflow...
2023-12-06 22:00:49.774 [info] Got 0 sessions for project,read:org,read:user,repo,user:email,workflow...
2023-12-06 22:00:49.863 [info] Getting sessions for read:user,repo,user:email,workflow...
2023-12-06 22:00:49.863 [info] Got 1 sessions for read:user,repo,user:email,workflow...
2023-12-06 22:01:10.707 [info] Reading sessions from keychain...
2023-12-06 22:01:10.707 [info] Getting sessions for all scopes...
2023-12-06 22:01:10.707 [info] Getting sessions for all scopes...
2023-12-06 22:01:10.707 [info] Got stored sessions!
2023-12-06 22:01:10.707 [info] Got 1 verified sessions.
2023-12-06 22:01:10.707 [info] Got 1 sessions for ...
2023-12-06 22:01:10.707 [info] Got 1 sessions for ...
2023-12-06 22:01:10.948 [info] Getting sessions for project,read:org,read:user,repo,user:email,workflow...
2023-12-06 22:01:10.949 [info] Got 0 sessions for project,read:org,read:user,repo,user:email,workflow...
2023-12-06 22:01:11.366 [info] Getting sessions for read:user,repo,user:email,workflow...
2023-12-06 22:01:11.366 [info] Got 1 sessions for read:user,repo,user:email,workflow...
2023-12-06 22:01:11.854 [info] Getting sessions for read:user,repo,user:email,workflow...
2023-12-06 22:01:11.854 [info] Got 1 sessions for read:user,repo,user:email,workflow...
2023-12-06 22:01:14.606 [info] Getting sessions for read:user,repo,user:email,workflow...
2023-12-06 22:01:14.606 [info] Got 1 sessions for read:user,repo,user:email,workflow...
