2023-12-21 17:25:09.597 [info] Reading sessions from keychain...
2023-12-21 17:25:09.597 [info] Getting sessions for all scopes...
2023-12-21 17:25:09.597 [info] Getting sessions for all scopes...
2023-12-21 17:25:09.597 [info] Got stored sessions!
2023-12-21 17:25:09.597 [info] Got 1 verified sessions.
2023-12-21 17:25:09.597 [info] Got 1 sessions for ...
2023-12-21 17:25:09.597 [info] Got 1 sessions for ...
2023-12-21 17:25:10.341 [info] Getting sessions for project,read:org,read:user,repo,user:email,workflow...
2023-12-21 17:25:10.342 [info] Got 0 sessions for project,read:org,read:user,repo,user:email,workflow...
2023-12-21 17:25:10.864 [info] Getting sessions for read:user,repo,user:email,workflow...
2023-12-21 17:25:10.865 [info] Got 1 sessions for read:user,repo,user:email,workflow...
2023-12-21 17:25:11.947 [info] Getting sessions for read:user,repo,user:email,workflow...
2023-12-21 17:25:11.947 [info] Got 1 sessions for read:user,repo,user:email,workflow...
2023-12-21 17:25:12.156 [info] Getting sessions for read:user,repo,user:email,workflow...
2023-12-21 17:25:12.156 [info] Got 1 sessions for read:user,repo,user:email,workflow...
2023-12-21 17:25:16.923 [info] Getting sessions for read:user,repo,user:email,workflow...
2023-12-21 17:25:16.923 [info] Got 1 sessions for read:user,repo,user:email,workflow...
2023-12-22 12:36:19.136 [info] Getting sessions for read:user,repo,user:email,workflow...
2023-12-22 12:36:19.137 [info] Got 1 sessions for read:user,repo,user:email,workflow...
2023-12-22 14:45:01.872 [info] Getting sessions for read:user,repo,user:email,workflow...
2023-12-22 14:45:01.872 [info] Got 1 sessions for read:user,repo,user:email,workflow...
2023-12-22 14:45:02.323 [info] Getting sessions for read:user,repo,user:email,workflow...
2023-12-22 14:45:02.323 [info] Got 1 sessions for read:user,repo,user:email,workflow...
