2023-12-06 21:44:59.867 [info] Name: Flake8
2023-12-06 21:44:59.867 [info] Module: flake8
2023-12-06 21:44:59.867 [info] Python extension loading
2023-12-06 21:44:59.867 [info] Waiting for interpreter from Python extension.
2023-12-06 21:44:59.867 [info] No interpreter found from setting flake8.interpreter
2023-12-06 21:44:59.867 [info] Getting interpreter from ms-python.python extension for workspace /home/main/Desktop/uni/oop/assignment_1_OOP
2023-12-06 21:44:59.867 [info] Python extension loaded
2023-12-06 21:44:59.867 [info] Interpreter from ms-python.python extension for /home/main/Desktop/uni/oop/assignment_1_OOP: /home/main/.conda/envs/assignment1/bin/python
2023-12-06 21:44:59.867 [info] No interpreter found from setting flake8.interpreter
2023-12-06 21:44:59.867 [info] Getting interpreter from ms-python.python extension for workspace /home/main/Desktop/uni/oop/assignment_1_OOP
2023-12-06 21:44:59.867 [info] Interpreter from ms-python.python extension for /home/main/Desktop/uni/oop/assignment_1_OOP: /home/main/.conda/envs/assignment1/bin/python
2023-12-06 21:44:59.867 [info] Server run command: /home/main/.conda/envs/assignment1/bin/python /home/main/.vscode-oss/extensions/ms-python.flake8-2023.10.0-universal/bundled/tool/lsp_server.py
2023-12-06 21:44:59.867 [info] Server: Start requested.
2023-12-06 21:45:02.140 [info] CWD Server: /home/main/Desktop/uni/oop/assignment_1_OOP
2023-12-06 21:45:02.140 [info] sys.path used to run Server:
   /home/main/.vscode-oss/extensions/ms-python.flake8-2023.10.0-universal/bundled/libs
   /home/main/.vscode-oss/extensions/ms-python.flake8-2023.10.0-universal/bundled/tool
   /home/main/.conda/envs/assignment1/lib/python310.zip
   /home/main/.conda/envs/assignment1/lib/python3.10
   /home/main/.conda/envs/assignment1/lib/python3.10/lib-dynload
   /home/main/.conda/envs/assignment1/lib/python3.10/site-packages
2023-12-06 21:45:02.142 [info] Settings used to run Server:
[
    {
        "cwd": "/home/main/Desktop/uni/oop/assignment_1_OOP",
        "workspace": "file:///home/main/Desktop/uni/oop/assignment_1_OOP",
        "args": [],
        "severity": {
            "E": "Error",
            "F": "Error",
            "I": "Information",
            "W": "Warning"
        },
        "path": [],
        "ignorePatterns": [],
        "interpreter": [
            "/home/main/.conda/envs/assignment1/bin/python"
        ],
        "importStrategy": "useBundled",
        "showNotifications": "off"
    }
]

2023-12-06 21:45:02.142 [info] Global settings:
{
    "cwd": "${workspaceFolder}",
    "workspace": "/home/main",
    "args": [],
    "severity": {
        "E": "Error",
        "F": "Error",
        "I": "Information",
        "W": "Warning"
    },
    "path": [],
    "ignorePatterns": [],
    "interpreter": [],
    "importStrategy": "useBundled",
    "showNotifications": "off"
}

2023-12-06 21:45:02.142 [info] /home/main/.conda/envs/assignment1/bin/python -m flake8 --version
2023-12-06 21:45:02.142 [info] CWD Linter: /home/main/Desktop/uni/oop/assignment_1_OOP
2023-12-06 21:45:02.349 [info] 
6.1.0 (mccabe: 0.7.0, pycodestyle: 2.11.1, pyflakes: 3.1.0) CPython 3.10.13 on
Linux


2023-12-06 21:45:02.349 [info] Version info for linter running for /home/main/Desktop/uni/oop/assignment_1_OOP:
6.1.0 (mccabe: 0.7.0, pycodestyle: 2.11.1, pyflakes: 3.1.0) CPython 3.10.13 on
Linux

2023-12-06 21:45:02.350 [info] SUPPORTED flake8>=5.0.0
FOUND flake8==6.1.0

2023-12-06 21:45:12.614 [info] [Trace - 9:45:12 PM] Sending notification 'textDocument/didOpen'.
2023-12-06 21:45:12.632 [info] [Trace - 9:45:12 PM] Sending request 'textDocument/codeAction - (1)'.
2023-12-06 21:45:12.639 [info] [Trace - 9:45:12 PM] Received notification 'window/logMessage'.
2023-12-06 21:45:12.639 [info] /home/main/.conda/envs/assignment1/bin/python -m flake8 --format='%(row)d,%(col)d,%(code).1s,%(code)s:%(text)s' /home/main/Desktop/uni/oop/assignment_1_OOP/src/model_saver.py
2023-12-06 21:45:12.643 [info] [Trace - 9:45:12 PM] Received notification 'window/logMessage'.
2023-12-06 21:45:12.643 [info] CWD Linter: /home/main/Desktop/uni/oop/assignment_1_OOP
2023-12-06 21:45:12.706 [info] [Trace - 9:45:12 PM] Received notification 'window/logMessage'.
2023-12-06 21:45:12.706 [info] file:///home/main/Desktop/uni/oop/assignment_1_OOP/src/model_saver.py :
'1,1,F,F401:'pandas as pd' imported but unused'
'6,1,E,E302:expected 2 blank lines, found 1'
'7,30,E,E231:missing whitespace after ':''
'7,34,E,E252:missing whitespace around parameter equals'
'7,35,E,E252:missing whitespace around parameter equals'
'12,80,E,E501:line too long (81 > 79 characters)'
'14,26,E,E225:missing whitespace around operator'
'16,80,E,E501:line too long (130 > 79 characters)'
'19,32,E,E231:missing whitespace after ':''
'21,80,E,E501:line too long (98 > 79 characters)'
'21,99,W,W291:trailing whitespace'
'25,80,E,E501:line too long (120 > 79 characters)'
'32,32,E,E231:missing whitespace after ':''
'32,51,E,E231:missing whitespace after ':''
'38,80,E,E501:line too long (94 > 79 characters)'
'45,39,E,E231:missing whitespace after ':''
'45,50,E,E231:missing whitespace after ':''
'47,80,E,E501:line too long (142 > 79 characters)'
'49,80,E,E501:line too long (84 > 79 characters)'
'50,80,E,E501:line too long (99 > 79 characters)'
'58,1,W,W293:blank line contains whitespace'
'59,39,E,E231:missing whitespace after ':''
'59,50,E,E231:missing whitespace after ':''
'61,80,E,E501:line too long (144 > 79 characters)'
'63,80,E,E501:line too long (93 > 79 characters)'
'64,80,E,E501:line too long (91 > 79 characters)'
'73,36,E,E231:missing whitespace after ':''
'73,52,E,E231:missing whitespace after ':''
'75,80,E,E501:line too long (102 > 79 characters)'
'77,80,E,E501:line too long (84 > 79 characters)'
'78,80,E,E501:line too long (86 > 79 characters)'
'83,36,E,E231:missing whitespace after ':''
'85,80,E,E501:line too long (116 > 79 characters)'
'87,80,E,E501:line too long (99 > 79 characters)'
'90,38,F,F841:local variable 'openfile' is assigned to but never used'
'93,1,W,W293:blank line contains whitespace'
'94,34,E,E231:missing whitespace after ':''
'94,50,E,E231:missing whitespace after ':''
'96,80,E,E501:line too long (100 > 79 characters)'
'98,80,E,E501:line too long (84 > 79 characters)'
'99,80,E,E501:line too long (86 > 79 characters)'
'107,34,E,E231:missing whitespace after ':''
'109,80,E,E501:line too long (114 > 79 characters)'
'111,80,E,E501:line too long (99 > 79 characters)'
'117,1,W,W391:blank line at end of file'

2023-12-06 21:45:12.716 [info] [Trace - 9:45:12 PM] Received notification 'textDocument/publishDiagnostics'.
2023-12-06 21:45:12.732 [info] [Trace - 9:45:12 PM] Received response 'textDocument/codeAction - (1)' in 99ms.
2023-12-06 21:45:20.796 [info] [Trace - 9:45:20 PM] Sending request 'textDocument/codeAction - (2)'.
2023-12-06 21:45:20.804 [info] [Trace - 9:45:20 PM] Received response 'textDocument/codeAction - (2)' in 8ms.
2023-12-06 21:52:51.716 [info] [Trace - 9:52:51 PM] Sending request 'textDocument/codeAction - (3)'.
2023-12-06 21:52:51.721 [info] [Trace - 9:52:51 PM] Received response 'textDocument/codeAction - (3)' in 5ms.
2023-12-06 21:52:52.003 [info] [Trace - 9:52:52 PM] Sending request 'textDocument/codeAction - (4)'.
2023-12-06 21:52:52.035 [info] [Trace - 9:52:52 PM] Received response 'textDocument/codeAction - (4)' in 31ms.
2023-12-06 21:58:54.985 [info] No interpreter found from setting flake8.interpreter
2023-12-06 21:58:54.985 [info] Getting interpreter from ms-python.python extension for workspace /home/main/Desktop/uni/oop/assignment_1_OOP
2023-12-06 21:58:54.988 [info] Interpreter from ms-python.python extension for /home/main/Desktop/uni/oop/assignment_1_OOP: /home/main/.conda/envs/assignment1/bin/python
2023-12-06 21:58:54.990 [info] Server: Stop requested
2023-12-06 21:58:55.005 [info] No interpreter found from setting flake8.interpreter
2023-12-06 21:58:55.005 [info] Getting interpreter from ms-python.python extension for workspace /home/main/Desktop/uni/oop/assignment_1_OOP
2023-12-06 21:58:55.009 [info] Interpreter from ms-python.python extension for /home/main/Desktop/uni/oop/assignment_1_OOP: /home/main/.conda/envs/assignment1/bin/python
2023-12-06 21:58:55.034 [info] Server run command: /home/main/.conda/envs/assignment1/bin/python /home/main/.vscode-oss/extensions/ms-python.flake8-2023.10.0-universal/bundled/tool/lsp_server.py
2023-12-06 21:58:55.035 [info] Server: Start requested.
2023-12-06 21:58:56.386 [info] CWD Server: /home/main/Desktop/uni/oop/assignment_1_OOP
2023-12-06 21:58:56.386 [info] sys.path used to run Server:
   /home/main/.vscode-oss/extensions/ms-python.flake8-2023.10.0-universal/bundled/libs
   /home/main/.vscode-oss/extensions/ms-python.flake8-2023.10.0-universal/bundled/tool
   /home/main/.conda/envs/assignment1/lib/python310.zip
   /home/main/.conda/envs/assignment1/lib/python3.10
   /home/main/.conda/envs/assignment1/lib/python3.10/lib-dynload
   /home/main/.conda/envs/assignment1/lib/python3.10/site-packages
2023-12-06 21:58:56.386 [info] Settings used to run Server:
[
    {
        "cwd": "/home/main/Desktop/uni/oop/assignment_1_OOP",
        "workspace": "file:///home/main/Desktop/uni/oop/assignment_1_OOP",
        "args": [
            "--max-line-length",
            "88",
            "--extend-ignore",
            "E203"
        ],
        "severity": {
            "E": "Error",
            "F": "Error",
            "I": "Information",
            "W": "Warning"
        },
        "path": [],
        "ignorePatterns": [],
        "interpreter": [
            "/home/main/.conda/envs/assignment1/bin/python"
        ],
        "importStrategy": "useBundled",
        "showNotifications": "off"
    }
]

2023-12-06 21:58:56.386 [info] Global settings:
{
    "cwd": "${workspaceFolder}",
    "workspace": "/home/main",
    "args": [],
    "severity": {
        "E": "Error",
        "F": "Error",
        "I": "Information",
        "W": "Warning"
    },
    "path": [],
    "ignorePatterns": [],
    "interpreter": [],
    "importStrategy": "useBundled",
    "showNotifications": "off"
}

2023-12-06 21:58:56.390 [info] /home/main/.conda/envs/assignment1/bin/python -m flake8 --version
2023-12-06 21:58:56.390 [info] CWD Linter: /home/main/Desktop/uni/oop/assignment_1_OOP
2023-12-06 21:58:56.442 [info] 
6.1.0 (mccabe: 0.7.0, pycodestyle: 2.11.1, pyflakes: 3.1.0) CPython 3.10.13 on
Linux


2023-12-06 21:58:56.442 [info] Version info for linter running for /home/main/Desktop/uni/oop/assignment_1_OOP:
6.1.0 (mccabe: 0.7.0, pycodestyle: 2.11.1, pyflakes: 3.1.0) CPython 3.10.13 on
Linux

2023-12-06 21:58:56.442 [info] SUPPORTED flake8>=5.0.0
FOUND flake8==6.1.0

2023-12-06 21:58:56.462 [info] [Trace - 9:58:56 PM] Received notification 'window/logMessage'.
2023-12-06 21:58:56.462 [info] /home/main/.conda/envs/assignment1/bin/python -m flake8 --format='%(row)d,%(col)d,%(code).1s,%(code)s:%(text)s' --max-line-length 88 --extend-ignore E203 /home/main/Desktop/uni/oop/assignment_1_OOP/src/model_saver.py
2023-12-06 21:58:56.463 [info] [Trace - 9:58:56 PM] Received notification 'window/logMessage'.
2023-12-06 21:58:56.463 [info] CWD Linter: /home/main/Desktop/uni/oop/assignment_1_OOP
2023-12-06 21:58:56.500 [info] [Trace - 9:58:56 PM] Received notification 'window/logMessage'.
2023-12-06 21:58:56.500 [info] file:///home/main/Desktop/uni/oop/assignment_1_OOP/src/model_saver.py :
'1,1,F,F401:'pandas as pd' imported but unused'
'6,1,E,E302:expected 2 blank lines, found 1'
'7,30,E,E231:missing whitespace after ':''
'7,34,E,E252:missing whitespace around parameter equals'
'7,35,E,E252:missing whitespace around parameter equals'
'14,26,E,E225:missing whitespace around operator'
'16,89,E,E501:line too long (130 > 88 characters)'
'19,32,E,E231:missing whitespace after ':''
'21,89,E,E501:line too long (98 > 88 characters)'
'21,99,W,W291:trailing whitespace'
'25,89,E,E501:line too long (120 > 88 characters)'
'32,32,E,E231:missing whitespace after ':''
'32,51,E,E231:missing whitespace after ':''
'38,89,E,E501:line too long (94 > 88 characters)'
'45,39,E,E231:missing whitespace after ':''
'45,50,E,E231:missing whitespace after ':''
'47,89,E,E501:line too long (142 > 88 characters)'
'50,89,E,E501:line too long (99 > 88 characters)'
'58,1,W,W293:blank line contains whitespace'
'59,39,E,E231:missing whitespace after ':''
'59,50,E,E231:missing whitespace after ':''
'61,89,E,E501:line too long (144 > 88 characters)'
'63,89,E,E501:line too long (93 > 88 characters)'
'64,89,E,E501:line too long (91 > 88 characters)'
'73,36,E,E231:missing whitespace after ':''
'73,52,E,E231:missing whitespace after ':''
'75,89,E,E501:line too long (102 > 88 characters)'
'83,36,E,E231:missing whitespace after ':''
'85,89,E,E501:line too long (116 > 88 characters)'
'87,89,E,E501:line too long (99 > 88 characters)'
'90,38,F,F841:local variable 'openfile' is assigned to but never used'
'93,1,W,W293:blank line contains whitespace'
'94,34,E,E231:missing whitespace after ':''
'94,50,E,E231:missing whitespace after ':''
'96,89,E,E501:line too long (100 > 88 characters)'
'107,34,E,E231:missing whitespace after ':''
'109,89,E,E501:line too long (114 > 88 characters)'
'111,89,E,E501:line too long (99 > 88 characters)'
'117,1,W,W391:blank line at end of file'

2023-12-06 21:58:56.503 [info] [Trace - 9:58:56 PM] Received notification 'textDocument/publishDiagnostics'.
2023-12-06 21:59:00.927 [info] [Trace - 9:59:00 PM] Sending request 'textDocument/codeAction - (1)'.
2023-12-06 21:59:00.939 [info] [Trace - 9:59:00 PM] Received response 'textDocument/codeAction - (1)' in 12ms.
2023-12-06 21:59:01.227 [info] [Trace - 9:59:01 PM] Sending request 'textDocument/codeAction - (2)'.
2023-12-06 21:59:01.237 [info] [Trace - 9:59:01 PM] Received response 'textDocument/codeAction - (2)' in 10ms.
2023-12-06 21:59:02.227 [info] [Trace - 9:59:02 PM] Sending request 'textDocument/codeAction - (3)'.
2023-12-06 21:59:02.231 [info] [Trace - 9:59:02 PM] Received response 'textDocument/codeAction - (3)' in 3ms.
2023-12-06 21:59:02.511 [info] [Trace - 9:59:02 PM] Sending notification 'textDocument/didSave'.
2023-12-06 21:59:02.516 [info] [Trace - 9:59:02 PM] Received notification 'window/logMessage'.
2023-12-06 21:59:02.516 [info] /home/main/.conda/envs/assignment1/bin/python -m flake8 --format='%(row)d,%(col)d,%(code).1s,%(code)s:%(text)s' --max-line-length 88 --extend-ignore E203 /home/main/Desktop/uni/oop/assignment_1_OOP/src/model_saver.py
2023-12-06 21:59:02.516 [info] [Trace - 9:59:02 PM] Received notification 'window/logMessage'.
2023-12-06 21:59:02.516 [info] CWD Linter: /home/main/Desktop/uni/oop/assignment_1_OOP
2023-12-06 21:59:02.544 [info] [Trace - 9:59:02 PM] Received notification 'window/logMessage'.
2023-12-06 21:59:02.544 [info] file:///home/main/Desktop/uni/oop/assignment_1_OOP/src/model_saver.py :
'1,1,F,F401:'pandas as pd' imported but unused'
'6,1,E,E302:expected 2 blank lines, found 1'
'7,30,E,E231:missing whitespace after ':''
'7,34,E,E252:missing whitespace around parameter equals'
'7,35,E,E252:missing whitespace around parameter equals'
'14,26,E,E225:missing whitespace around operator'
'16,89,E,E501:line too long (130 > 88 characters)'
'19,32,E,E231:missing whitespace after ':''
'21,89,E,E501:line too long (98 > 88 characters)'
'21,99,W,W291:trailing whitespace'
'25,89,E,E501:line too long (120 > 88 characters)'
'32,32,E,E231:missing whitespace after ':''
'32,51,E,E231:missing whitespace after ':''
'38,89,E,E501:line too long (94 > 88 characters)'
'45,39,E,E231:missing whitespace after ':''
'45,50,E,E231:missing whitespace after ':''
'47,89,E,E501:line too long (142 > 88 characters)'
'50,89,E,E501:line too long (99 > 88 characters)'
'58,1,W,W293:blank line contains whitespace'
'59,39,E,E231:missing whitespace after ':''
'59,50,E,E231:missing whitespace after ':''
'61,89,E,E501:line too long (144 > 88 characters)'
'63,89,E,E501:line too long (93 > 88 characters)'
'64,89,E,E501:line too long (91 > 88 characters)'
'73,36,E,E231:missing whitespace after ':''
'73,52,E,E231:missing whitespace after ':''
'75,89,E,E501:line too long (102 > 88 characters)'
'83,36,E,E231:missing whitespace after ':''
'85,89,E,E501:line too long (116 > 88 characters)'
'87,89,E,E501:line too long (99 > 88 characters)'
'90,38,F,F841:local variable 'openfile' is assigned to but never used'
'93,1,W,W293:blank line contains whitespace'
'94,34,E,E231:missing whitespace after ':''
'94,50,E,E231:missing whitespace after ':''
'96,89,E,E501:line too long (100 > 88 characters)'
'107,34,E,E231:missing whitespace after ':''
'109,89,E,E501:line too long (114 > 88 characters)'
'111,89,E,E501:line too long (99 > 88 characters)'
'117,1,W,W391:blank line at end of file'

2023-12-06 21:59:02.546 [info] [Trace - 9:59:02 PM] Received notification 'textDocument/publishDiagnostics'.
2023-12-06 21:59:02.801 [info] [Trace - 9:59:02 PM] Sending request 'textDocument/codeAction - (4)'.
2023-12-06 21:59:02.804 [info] [Trace - 9:59:02 PM] Received response 'textDocument/codeAction - (4)' in 3ms.
2023-12-06 21:59:05.313 [info] [Trace - 9:59:05 PM] Sending notification 'textDocument/didSave'.
2023-12-06 21:59:05.320 [info] [Trace - 9:59:05 PM] Received notification 'window/logMessage'.
2023-12-06 21:59:05.320 [info] /home/main/.conda/envs/assignment1/bin/python -m flake8 --format='%(row)d,%(col)d,%(code).1s,%(code)s:%(text)s' --max-line-length 88 --extend-ignore E203 /home/main/Desktop/uni/oop/assignment_1_OOP/src/model_saver.py
2023-12-06 21:59:05.320 [info] [Trace - 9:59:05 PM] Received notification 'window/logMessage'.
2023-12-06 21:59:05.320 [info] CWD Linter: /home/main/Desktop/uni/oop/assignment_1_OOP
2023-12-06 21:59:05.386 [info] [Trace - 9:59:05 PM] Received notification 'window/logMessage'.
2023-12-06 21:59:05.386 [info] file:///home/main/Desktop/uni/oop/assignment_1_OOP/src/model_saver.py :
'1,1,F,F401:'pandas as pd' imported but unused'
'6,1,E,E302:expected 2 blank lines, found 1'
'7,30,E,E231:missing whitespace after ':''
'7,34,E,E252:missing whitespace around parameter equals'
'7,35,E,E252:missing whitespace around parameter equals'
'14,26,E,E225:missing whitespace around operator'
'16,89,E,E501:line too long (130 > 88 characters)'
'19,32,E,E231:missing whitespace after ':''
'21,89,E,E501:line too long (98 > 88 characters)'
'21,99,W,W291:trailing whitespace'
'25,89,E,E501:line too long (120 > 88 characters)'
'32,32,E,E231:missing whitespace after ':''
'32,51,E,E231:missing whitespace after ':''
'38,89,E,E501:line too long (94 > 88 characters)'
'45,39,E,E231:missing whitespace after ':''
'45,50,E,E231:missing whitespace after ':''
'47,89,E,E501:line too long (142 > 88 characters)'
'50,89,E,E501:line too long (99 > 88 characters)'
'58,1,W,W293:blank line contains whitespace'
'59,39,E,E231:missing whitespace after ':''
'59,50,E,E231:missing whitespace after ':''
'61,89,E,E501:line too long (144 > 88 characters)'
'63,89,E,E501:line too long (93 > 88 characters)'
'64,89,E,E501:line too long (91 > 88 characters)'
'73,36,E,E231:missing whitespace after ':''
'73,52,E,E231:missing whitespace after ':''
'75,89,E,E501:line too long (102 > 88 characters)'
'83,36,E,E231:missing whitespace after ':''
'85,89,E,E501:line too long (116 > 88 characters)'
'87,89,E,E501:line too long (99 > 88 characters)'
'90,38,F,F841:local variable 'openfile' is assigned to but never used'
'93,1,W,W293:blank line contains whitespace'
'94,34,E,E231:missing whitespace after ':''
'94,50,E,E231:missing whitespace after ':''
'96,89,E,E501:line too long (100 > 88 characters)'
'107,34,E,E231:missing whitespace after ':''
'109,89,E,E501:line too long (114 > 88 characters)'
'111,89,E,E501:line too long (99 > 88 characters)'
'117,1,W,W391:blank line at end of file'

2023-12-06 21:59:05.387 [info] [Trace - 9:59:05 PM] Received notification 'textDocument/publishDiagnostics'.
2023-12-06 21:59:05.644 [info] [Trace - 9:59:05 PM] Sending request 'textDocument/codeAction - (5)'.
2023-12-06 21:59:05.646 [info] [Trace - 9:59:05 PM] Received response 'textDocument/codeAction - (5)' in 2ms.
2023-12-06 21:59:07.110 [info] [Trace - 9:59:07 PM] Sending request 'textDocument/codeAction - (6)'.
2023-12-06 21:59:07.116 [info] [Trace - 9:59:07 PM] Received response 'textDocument/codeAction - (6)' in 6ms.
2023-12-06 21:59:07.630 [info] [Trace - 9:59:07 PM] Sending notification 'textDocument/didChange'.
2023-12-06 21:59:07.898 [info] [Trace - 9:59:07 PM] Sending request 'textDocument/codeAction - (7)'.
2023-12-06 21:59:07.900 [info] [Trace - 9:59:07 PM] Received response 'textDocument/codeAction - (7)' in 2ms.
2023-12-06 21:59:08.114 [info] [Trace - 9:59:08 PM] Sending notification 'textDocument/didChange'.
2023-12-06 21:59:08.367 [info] [Trace - 9:59:08 PM] Sending request 'textDocument/codeAction - (8)'.
2023-12-06 21:59:08.370 [info] [Trace - 9:59:08 PM] Received response 'textDocument/codeAction - (8)' in 2ms.
2023-12-06 21:59:09.989 [info] [Trace - 9:59:09 PM] Sending notification 'textDocument/didSave'.
2023-12-06 21:59:09.993 [info] [Trace - 9:59:09 PM] Received notification 'window/logMessage'.
2023-12-06 21:59:09.993 [info] /home/main/.conda/envs/assignment1/bin/python -m flake8 --format='%(row)d,%(col)d,%(code).1s,%(code)s:%(text)s' --max-line-length 88 --extend-ignore E203 /home/main/Desktop/uni/oop/assignment_1_OOP/src/model_saver.py
2023-12-06 21:59:09.993 [info] [Trace - 9:59:09 PM] Received notification 'window/logMessage'.
2023-12-06 21:59:09.993 [info] CWD Linter: /home/main/Desktop/uni/oop/assignment_1_OOP
2023-12-06 21:59:10.047 [info] [Trace - 9:59:10 PM] Received notification 'window/logMessage'.
2023-12-06 21:59:10.047 [info] file:///home/main/Desktop/uni/oop/assignment_1_OOP/src/model_saver.py :
'1,1,F,F401:'pandas as pd' imported but unused'
'6,1,E,E302:expected 2 blank lines, found 1'
'7,30,E,E231:missing whitespace after ':''
'7,34,E,E252:missing whitespace around parameter equals'
'7,35,E,E252:missing whitespace around parameter equals'
'14,26,E,E225:missing whitespace around operator'
'16,89,E,E501:line too long (130 > 88 characters)'
'19,32,E,E231:missing whitespace after ':''
'21,89,E,E501:line too long (98 > 88 characters)'
'21,99,W,W291:trailing whitespace'
'25,89,E,E501:line too long (120 > 88 characters)'
'32,32,E,E231:missing whitespace after ':''
'32,51,E,E231:missing whitespace after ':''
'38,89,E,E501:line too long (94 > 88 characters)'
'45,39,E,E231:missing whitespace after ':''
'45,50,E,E231:missing whitespace after ':''
'47,89,E,E501:line too long (142 > 88 characters)'
'50,89,E,E501:line too long (99 > 88 characters)'
'58,1,W,W293:blank line contains whitespace'
'59,39,E,E231:missing whitespace after ':''
'59,50,E,E231:missing whitespace after ':''
'61,89,E,E501:line too long (144 > 88 characters)'
'63,89,E,E501:line too long (93 > 88 characters)'
'64,89,E,E501:line too long (91 > 88 characters)'
'73,36,E,E231:missing whitespace after ':''
'73,52,E,E231:missing whitespace after ':''
'75,89,E,E501:line too long (102 > 88 characters)'
'83,36,E,E231:missing whitespace after ':''
'85,89,E,E501:line too long (116 > 88 characters)'
'87,89,E,E501:line too long (99 > 88 characters)'
'90,38,F,F841:local variable 'openfile' is assigned to but never used'
'93,1,W,W293:blank line contains whitespace'
'94,34,E,E231:missing whitespace after ':''
'94,50,E,E231:missing whitespace after ':''
'96,89,E,E501:line too long (100 > 88 characters)'
'107,34,E,E231:missing whitespace after ':''
'109,89,E,E501:line too long (114 > 88 characters)'
'111,89,E,E501:line too long (99 > 88 characters)'
'117,1,W,W391:blank line at end of file'

2023-12-06 21:59:10.048 [info] [Trace - 9:59:10 PM] Received notification 'textDocument/publishDiagnostics'.
2023-12-06 21:59:10.304 [info] [Trace - 9:59:10 PM] Sending request 'textDocument/codeAction - (9)'.
2023-12-06 21:59:10.308 [info] [Trace - 9:59:10 PM] Received response 'textDocument/codeAction - (9)' in 4ms.
2023-12-06 21:59:40.177 [info] [Trace - 9:59:40 PM] Sending notification 'textDocument/didOpen'.
2023-12-06 21:59:40.182 [info] [Trace - 9:59:40 PM] Received notification 'window/logMessage'.
2023-12-06 21:59:40.182 [info] /home/main/.conda/envs/assignment1/bin/python -m flake8 --format='%(row)d,%(col)d,%(code).1s,%(code)s:%(text)s' --max-line-length 88 --extend-ignore E203 /home/main/Desktop/uni/oop/assignment_1_OOP/src/multi_linear_regression.py
2023-12-06 21:59:40.182 [info] [Trace - 9:59:40 PM] Received notification 'window/logMessage'.
2023-12-06 21:59:40.182 [info] CWD Linter: /home/main/Desktop/uni/oop/assignment_1_OOP
2023-12-06 21:59:40.195 [info] [Trace - 9:59:40 PM] Sending request 'textDocument/codeAction - (10)'.
2023-12-06 21:59:40.267 [info] [Trace - 9:59:40 PM] Received notification 'window/logMessage'.
2023-12-06 21:59:40.267 [info] file:///home/main/Desktop/uni/oop/assignment_1_OOP/src/multi_linear_regression.py :
'6,37,E,E231:missing whitespace after ':''
'6,48,E,E252:missing whitespace around parameter equals'
'6,49,E,E252:missing whitespace around parameter equals'
'6,72,E,E231:missing whitespace after ':''
'6,78,E,E252:missing whitespace around parameter equals'
'6,79,E,E252:missing whitespace around parameter equals'
'15,1,W,W293:blank line contains whitespace'
'16,36,E,E231:missing whitespace after ':''
'20,89,E,E501:line too long (93 > 88 characters)'
'26,39,E,E231:missing whitespace after ':''
'35,31,E,E231:missing whitespace after ':''
'56,1,W,W293:blank line contains whitespace'
'60,1,W,W293:blank line contains whitespace'
'61,1,W,W293:blank line contains whitespace'
'62,5,E,E303:too many blank lines (2)'
'71,5,E,E303:too many blank lines (2)'
'71,22,E,E231:missing whitespace after ':''
'71,38,E,E231:missing whitespace after ':''
'73,89,E,E501:line too long (90 > 88 characters)'
'93,89,E,E501:line too long (117 > 88 characters)'
'101,16,F,F821:undefined name 'LinAlgError''
'103,1,W,W293:blank line contains whitespace'
'109,24,E,E231:missing whitespace after ':''
'116,89,E,E501:line too long (126 > 88 characters)'
'127,12,E,E721:do not compare types, for exact checks use `is` / `is not`, for instance checks use `isinstance()`'
'127,24,E,E711:comparison to None should be 'if cond is None:''
'128,89,E,E501:line too long (143 > 88 characters)'
'130,12,E,E721:do not compare types, for exact checks use `is` / `is not`, for instance checks use `isinstance()`'
'130,28,E,E711:comparison to None should be 'if cond is None:''
'131,89,E,E501:line too long (147 > 88 characters)'
'134,89,E,E501:line too long (139 > 88 characters)'
'135,1,W,W293:blank line contains whitespace'
'140,1,W,W391:blank line at end of file'

2023-12-06 21:59:40.274 [info] [Trace - 9:59:40 PM] Received notification 'textDocument/publishDiagnostics'.
2023-12-06 21:59:40.276 [info] [Trace - 9:59:40 PM] Received response 'textDocument/codeAction - (10)' in 81ms.
2023-12-06 21:59:40.616 [info] [Trace - 9:59:40 PM] Sending request 'textDocument/codeAction - (11)'.
2023-12-06 21:59:40.624 [info] [Trace - 9:59:40 PM] Received response 'textDocument/codeAction - (11)' in 8ms.
2023-12-06 21:59:41.519 [info] [Trace - 9:59:41 PM] Sending notification 'textDocument/didSave'.
2023-12-06 21:59:41.523 [info] [Trace - 9:59:41 PM] Received notification 'window/logMessage'.
2023-12-06 21:59:41.523 [info] /home/main/.conda/envs/assignment1/bin/python -m flake8 --format='%(row)d,%(col)d,%(code).1s,%(code)s:%(text)s' --max-line-length 88 --extend-ignore E203 /home/main/Desktop/uni/oop/assignment_1_OOP/src/multi_linear_regression.py
2023-12-06 21:59:41.524 [info] [Trace - 9:59:41 PM] Received notification 'window/logMessage'.
2023-12-06 21:59:41.524 [info] CWD Linter: /home/main/Desktop/uni/oop/assignment_1_OOP
2023-12-06 21:59:41.566 [info] [Trace - 9:59:41 PM] Received notification 'window/logMessage'.
2023-12-06 21:59:41.566 [info] file:///home/main/Desktop/uni/oop/assignment_1_OOP/src/multi_linear_regression.py :
'6,37,E,E231:missing whitespace after ':''
'6,48,E,E252:missing whitespace around parameter equals'
'6,49,E,E252:missing whitespace around parameter equals'
'6,72,E,E231:missing whitespace after ':''
'6,78,E,E252:missing whitespace around parameter equals'
'6,79,E,E252:missing whitespace around parameter equals'
'15,1,W,W293:blank line contains whitespace'
'16,36,E,E231:missing whitespace after ':''
'20,89,E,E501:line too long (93 > 88 characters)'
'26,39,E,E231:missing whitespace after ':''
'35,31,E,E231:missing whitespace after ':''
'56,1,W,W293:blank line contains whitespace'
'60,1,W,W293:blank line contains whitespace'
'61,1,W,W293:blank line contains whitespace'
'62,5,E,E303:too many blank lines (2)'
'71,5,E,E303:too many blank lines (2)'
'71,22,E,E231:missing whitespace after ':''
'71,38,E,E231:missing whitespace after ':''
'73,89,E,E501:line too long (90 > 88 characters)'
'93,89,E,E501:line too long (117 > 88 characters)'
'101,16,F,F821:undefined name 'LinAlgError''
'103,1,W,W293:blank line contains whitespace'
'109,24,E,E231:missing whitespace after ':''
'116,89,E,E501:line too long (126 > 88 characters)'
'127,12,E,E721:do not compare types, for exact checks use `is` / `is not`, for instance checks use `isinstance()`'
'127,24,E,E711:comparison to None should be 'if cond is None:''
'128,89,E,E501:line too long (143 > 88 characters)'
'130,12,E,E721:do not compare types, for exact checks use `is` / `is not`, for instance checks use `isinstance()`'
'130,28,E,E711:comparison to None should be 'if cond is None:''
'131,89,E,E501:line too long (147 > 88 characters)'
'134,89,E,E501:line too long (139 > 88 characters)'
'135,1,W,W293:blank line contains whitespace'
'140,1,W,W391:blank line at end of file'

2023-12-06 21:59:41.567 [info] [Trace - 9:59:41 PM] Received notification 'textDocument/publishDiagnostics'.
2023-12-06 21:59:41.825 [info] [Trace - 9:59:41 PM] Sending request 'textDocument/codeAction - (12)'.
2023-12-06 21:59:41.829 [info] [Trace - 9:59:41 PM] Received response 'textDocument/codeAction - (12)' in 5ms.
2023-12-06 21:59:42.779 [info] [Trace - 9:59:42 PM] Sending notification 'textDocument/didOpen'.
2023-12-06 21:59:42.783 [info] [Trace - 9:59:42 PM] Received notification 'window/logMessage'.
2023-12-06 21:59:42.783 [info] /home/main/.conda/envs/assignment1/bin/python -m flake8 --format='%(row)d,%(col)d,%(code).1s,%(code)s:%(text)s' --max-line-length 88 --extend-ignore E203 /home/main/Desktop/uni/oop/assignment_1_OOP/src/regression_plotter.py
2023-12-06 21:59:42.784 [info] [Trace - 9:59:42 PM] Received notification 'window/logMessage'.
2023-12-06 21:59:42.784 [info] CWD Linter: /home/main/Desktop/uni/oop/assignment_1_OOP
2023-12-06 21:59:42.798 [info] [Trace - 9:59:42 PM] Sending request 'textDocument/codeAction - (13)'.
2023-12-06 21:59:42.861 [info] [Trace - 9:59:42 PM] Received notification 'window/logMessage'.
2023-12-06 21:59:42.862 [info] file:///home/main/Desktop/uni/oop/assignment_1_OOP/src/regression_plotter.py :
'5,1,E,E302:expected 2 blank lines, found 1'
'6,28,E,E231:missing whitespace after ':''
'6,49,E,E231:missing whitespace after ':''
'8,89,E,E501:line too long (102 > 88 characters)'
'18,1,W,W293:blank line contains whitespace'
'19,25,E,E231:missing whitespace after ':''
'21,89,E,E501:line too long (95 > 88 characters)'
'21,96,W,W291:trailing whitespace'
'24,89,E,E501:line too long (99 > 88 characters)'
'32,25,E,E225:missing whitespace around operator'
'35,56,E,E251:unexpected spaces around keyword / parameter equals'
'35,58,E,E251:unexpected spaces around keyword / parameter equals'
'36,61,E,E251:unexpected spaces around keyword / parameter equals'
'36,63,E,E251:unexpected spaces around keyword / parameter equals'
'36,88,E,E251:unexpected spaces around keyword / parameter equals'
'36,89,E,E501:line too long (99 > 88 characters)'
'36,90,E,E251:unexpected spaces around keyword / parameter equals'
'46,43,E,E231:missing whitespace after ',''
'46,65,E,E231:missing whitespace after ',''
'46,89,E,E501:line too long (122 > 88 characters)'
'46,89,E,E251:unexpected spaces around keyword / parameter equals'
'46,91,E,E251:unexpected spaces around keyword / parameter equals'
'46,107,E,E251:unexpected spaces around keyword / parameter equals'
'46,109,E,E251:unexpected spaces around keyword / parameter equals'
'49,29,E,E231:missing whitespace after ':''
'49,30,F,F821:undefined name 'MultiLinearRegression''
'51,89,E,E501:line too long (89 > 88 characters)'
'54,89,E,E501:line too long (99 > 88 characters)'
'62,25,E,E225:missing whitespace around operator'
'65,89,E,E501:line too long (101 > 88 characters)'
'66,83,E,E251:unexpected spaces around keyword / parameter equals'
'66,85,E,E251:unexpected spaces around keyword / parameter equals'
'66,89,E,E501:line too long (94 > 88 characters)'
'67,42,E,E231:missing whitespace after ',''
'67,66,E,E251:unexpected spaces around keyword / parameter equals'
'67,68,E,E251:unexpected spaces around keyword / parameter equals'
'73,1,W,W391:blank line at end of file'

2023-12-06 21:59:42.865 [info] [Trace - 9:59:42 PM] Received notification 'textDocument/publishDiagnostics'.
2023-12-06 21:59:42.869 [info] [Trace - 9:59:42 PM] Received response 'textDocument/codeAction - (13)' in 71ms.
2023-12-06 21:59:43.270 [info] [Trace - 9:59:43 PM] Sending request 'textDocument/codeAction - (14)'.
2023-12-06 21:59:43.275 [info] [Trace - 9:59:43 PM] Received response 'textDocument/codeAction - (14)' in 5ms.
2023-12-06 21:59:43.486 [info] [Trace - 9:59:43 PM] Sending notification 'textDocument/didSave'.
2023-12-06 21:59:43.489 [info] [Trace - 9:59:43 PM] Received notification 'window/logMessage'.
2023-12-06 21:59:43.489 [info] /home/main/.conda/envs/assignment1/bin/python -m flake8 --format='%(row)d,%(col)d,%(code).1s,%(code)s:%(text)s' --max-line-length 88 --extend-ignore E203 /home/main/Desktop/uni/oop/assignment_1_OOP/src/regression_plotter.py
2023-12-06 21:59:43.490 [info] [Trace - 9:59:43 PM] Received notification 'window/logMessage'.
2023-12-06 21:59:43.490 [info] CWD Linter: /home/main/Desktop/uni/oop/assignment_1_OOP
2023-12-06 21:59:43.553 [info] [Trace - 9:59:43 PM] Received notification 'window/logMessage'.
2023-12-06 21:59:43.553 [info] file:///home/main/Desktop/uni/oop/assignment_1_OOP/src/regression_plotter.py :
'5,1,E,E302:expected 2 blank lines, found 1'
'6,28,E,E231:missing whitespace after ':''
'6,49,E,E231:missing whitespace after ':''
'8,89,E,E501:line too long (102 > 88 characters)'
'18,1,W,W293:blank line contains whitespace'
'19,25,E,E231:missing whitespace after ':''
'21,89,E,E501:line too long (95 > 88 characters)'
'21,96,W,W291:trailing whitespace'
'24,89,E,E501:line too long (99 > 88 characters)'
'32,25,E,E225:missing whitespace around operator'
'35,56,E,E251:unexpected spaces around keyword / parameter equals'
'35,58,E,E251:unexpected spaces around keyword / parameter equals'
'36,61,E,E251:unexpected spaces around keyword / parameter equals'
'36,63,E,E251:unexpected spaces around keyword / parameter equals'
'36,88,E,E251:unexpected spaces around keyword / parameter equals'
'36,89,E,E501:line too long (99 > 88 characters)'
'36,90,E,E251:unexpected spaces around keyword / parameter equals'
'46,43,E,E231:missing whitespace after ',''
'46,65,E,E231:missing whitespace after ',''
'46,89,E,E501:line too long (122 > 88 characters)'
'46,89,E,E251:unexpected spaces around keyword / parameter equals'
'46,91,E,E251:unexpected spaces around keyword / parameter equals'
'46,107,E,E251:unexpected spaces around keyword / parameter equals'
'46,109,E,E251:unexpected spaces around keyword / parameter equals'
'49,29,E,E231:missing whitespace after ':''
'49,30,F,F821:undefined name 'MultiLinearRegression''
'51,89,E,E501:line too long (89 > 88 characters)'
'54,89,E,E501:line too long (99 > 88 characters)'
'62,25,E,E225:missing whitespace around operator'
'65,89,E,E501:line too long (101 > 88 characters)'
'66,83,E,E251:unexpected spaces around keyword / parameter equals'
'66,85,E,E251:unexpected spaces around keyword / parameter equals'
'66,89,E,E501:line too long (94 > 88 characters)'
'67,42,E,E231:missing whitespace after ',''
'67,66,E,E251:unexpected spaces around keyword / parameter equals'
'67,68,E,E251:unexpected spaces around keyword / parameter equals'
'73,1,W,W391:blank line at end of file'

2023-12-06 21:59:43.555 [info] [Trace - 9:59:43 PM] Received notification 'textDocument/publishDiagnostics'.
2023-12-06 21:59:43.814 [info] [Trace - 9:59:43 PM] Sending request 'textDocument/codeAction - (15)'.
2023-12-06 21:59:43.819 [info] [Trace - 9:59:43 PM] Received response 'textDocument/codeAction - (15)' in 6ms.
2023-12-06 21:59:44.706 [info] [Trace - 9:59:44 PM] Sending notification 'textDocument/didSave'.
2023-12-06 21:59:44.708 [info] [Trace - 9:59:44 PM] Received notification 'window/logMessage'.
2023-12-06 21:59:44.708 [info] /home/main/.conda/envs/assignment1/bin/python -m flake8 --format='%(row)d,%(col)d,%(code).1s,%(code)s:%(text)s' --max-line-length 88 --extend-ignore E203 /home/main/Desktop/uni/oop/assignment_1_OOP/src/regression_plotter.py
2023-12-06 21:59:44.709 [info] [Trace - 9:59:44 PM] Received notification 'window/logMessage'.
2023-12-06 21:59:44.709 [info] CWD Linter: /home/main/Desktop/uni/oop/assignment_1_OOP
2023-12-06 21:59:44.737 [info] [Trace - 9:59:44 PM] Received notification 'window/logMessage'.
2023-12-06 21:59:44.737 [info] file:///home/main/Desktop/uni/oop/assignment_1_OOP/src/regression_plotter.py :
'5,1,E,E302:expected 2 blank lines, found 1'
'6,28,E,E231:missing whitespace after ':''
'6,49,E,E231:missing whitespace after ':''
'8,89,E,E501:line too long (102 > 88 characters)'
'18,1,W,W293:blank line contains whitespace'
'19,25,E,E231:missing whitespace after ':''
'21,89,E,E501:line too long (95 > 88 characters)'
'21,96,W,W291:trailing whitespace'
'24,89,E,E501:line too long (99 > 88 characters)'
'32,25,E,E225:missing whitespace around operator'
'35,56,E,E251:unexpected spaces around keyword / parameter equals'
'35,58,E,E251:unexpected spaces around keyword / parameter equals'
'36,61,E,E251:unexpected spaces around keyword / parameter equals'
'36,63,E,E251:unexpected spaces around keyword / parameter equals'
'36,88,E,E251:unexpected spaces around keyword / parameter equals'
'36,89,E,E501:line too long (99 > 88 characters)'
'36,90,E,E251:unexpected spaces around keyword / parameter equals'
'46,43,E,E231:missing whitespace after ',''
'46,65,E,E231:missing whitespace after ',''
'46,89,E,E501:line too long (122 > 88 characters)'
'46,89,E,E251:unexpected spaces around keyword / parameter equals'
'46,91,E,E251:unexpected spaces around keyword / parameter equals'
'46,107,E,E251:unexpected spaces around keyword / parameter equals'
'46,109,E,E251:unexpected spaces around keyword / parameter equals'
'49,29,E,E231:missing whitespace after ':''
'49,30,F,F821:undefined name 'MultiLinearRegression''
'51,89,E,E501:line too long (89 > 88 characters)'
'54,89,E,E501:line too long (99 > 88 characters)'
'62,25,E,E225:missing whitespace around operator'
'65,89,E,E501:line too long (101 > 88 characters)'
'66,83,E,E251:unexpected spaces around keyword / parameter equals'
'66,85,E,E251:unexpected spaces around keyword / parameter equals'
'66,89,E,E501:line too long (94 > 88 characters)'
'67,42,E,E231:missing whitespace after ',''
'67,66,E,E251:unexpected spaces around keyword / parameter equals'
'67,68,E,E251:unexpected spaces around keyword / parameter equals'
'73,1,W,W391:blank line at end of file'

2023-12-06 21:59:44.739 [info] [Trace - 9:59:44 PM] Received notification 'textDocument/publishDiagnostics'.
2023-12-06 21:59:44.990 [info] [Trace - 9:59:44 PM] Sending notification 'textDocument/didSave'.
2023-12-06 21:59:44.993 [info] [Trace - 9:59:44 PM] Received notification 'window/logMessage'.
2023-12-06 21:59:44.993 [info] /home/main/.conda/envs/assignment1/bin/python -m flake8 --format='%(row)d,%(col)d,%(code).1s,%(code)s:%(text)s' --max-line-length 88 --extend-ignore E203 /home/main/Desktop/uni/oop/assignment_1_OOP/src/regression_plotter.py
2023-12-06 21:59:44.993 [info] [Trace - 9:59:44 PM] Received notification 'window/logMessage'.
2023-12-06 21:59:44.993 [info] CWD Linter: /home/main/Desktop/uni/oop/assignment_1_OOP
2023-12-06 21:59:44.994 [info] [Trace - 9:59:44 PM] Sending request 'textDocument/codeAction - (16)'.
2023-12-06 21:59:45.037 [info] [Trace - 9:59:45 PM] Received notification 'window/logMessage'.
2023-12-06 21:59:45.037 [info] file:///home/main/Desktop/uni/oop/assignment_1_OOP/src/regression_plotter.py :
'5,1,E,E302:expected 2 blank lines, found 1'
'6,28,E,E231:missing whitespace after ':''
'6,49,E,E231:missing whitespace after ':''
'8,89,E,E501:line too long (102 > 88 characters)'
'18,1,W,W293:blank line contains whitespace'
'19,25,E,E231:missing whitespace after ':''
'21,89,E,E501:line too long (95 > 88 characters)'
'21,96,W,W291:trailing whitespace'
'24,89,E,E501:line too long (99 > 88 characters)'
'32,25,E,E225:missing whitespace around operator'
'35,56,E,E251:unexpected spaces around keyword / parameter equals'
'35,58,E,E251:unexpected spaces around keyword / parameter equals'
'36,61,E,E251:unexpected spaces around keyword / parameter equals'
'36,63,E,E251:unexpected spaces around keyword / parameter equals'
'36,88,E,E251:unexpected spaces around keyword / parameter equals'
'36,89,E,E501:line too long (99 > 88 characters)'
'36,90,E,E251:unexpected spaces around keyword / parameter equals'
'46,43,E,E231:missing whitespace after ',''
'46,65,E,E231:missing whitespace after ',''
'46,89,E,E501:line too long (122 > 88 characters)'
'46,89,E,E251:unexpected spaces around keyword / parameter equals'
'46,91,E,E251:unexpected spaces around keyword / parameter equals'
'46,107,E,E251:unexpected spaces around keyword / parameter equals'
'46,109,E,E251:unexpected spaces around keyword / parameter equals'
'49,29,E,E231:missing whitespace after ':''
'49,30,F,F821:undefined name 'MultiLinearRegression''
'51,89,E,E501:line too long (89 > 88 characters)'
'54,89,E,E501:line too long (99 > 88 characters)'
'62,25,E,E225:missing whitespace around operator'
'65,89,E,E501:line too long (101 > 88 characters)'
'66,83,E,E251:unexpected spaces around keyword / parameter equals'
'66,85,E,E251:unexpected spaces around keyword / parameter equals'
'66,89,E,E501:line too long (94 > 88 characters)'
'67,42,E,E231:missing whitespace after ',''
'67,66,E,E251:unexpected spaces around keyword / parameter equals'
'67,68,E,E251:unexpected spaces around keyword / parameter equals'
'73,1,W,W391:blank line at end of file'

2023-12-06 21:59:45.038 [info] [Trace - 9:59:45 PM] Received notification 'textDocument/publishDiagnostics'.
2023-12-06 21:59:45.040 [info] [Trace - 9:59:45 PM] Received response 'textDocument/codeAction - (16)' in 47ms.
2023-12-06 21:59:45.059 [info] [Trace - 9:59:45 PM] Sending notification 'textDocument/didOpen'.
2023-12-06 21:59:45.071 [info] [Trace - 9:59:45 PM] Sending notification 'textDocument/didClose'.
2023-12-06 21:59:45.076 [info] [Trace - 9:59:45 PM] Received notification 'window/logMessage'.
2023-12-06 21:59:45.076 [info] [Warn  - 9:59:45 PM] Skipping standard library file (stdlib excluded): /home/main/.conda/envs/assignment1/lib/python3.10/site-packages/matplotlib/pyplot.py
2023-12-06 21:59:45.076 [info] [Trace - 9:59:45 PM] Received notification 'textDocument/publishDiagnostics'.
2023-12-06 21:59:45.078 [info] [Trace - 9:59:45 PM] Received notification 'textDocument/publishDiagnostics'.
2023-12-06 21:59:45.188 [info] [Trace - 9:59:45 PM] Sending notification 'textDocument/didSave'.
2023-12-06 21:59:45.191 [info] [Trace - 9:59:45 PM] Received notification 'window/logMessage'.
2023-12-06 21:59:45.191 [info] /home/main/.conda/envs/assignment1/bin/python -m flake8 --format='%(row)d,%(col)d,%(code).1s,%(code)s:%(text)s' --max-line-length 88 --extend-ignore E203 /home/main/Desktop/uni/oop/assignment_1_OOP/src/regression_plotter.py
2023-12-06 21:59:45.191 [info] [Trace - 9:59:45 PM] Received notification 'window/logMessage'.
2023-12-06 21:59:45.191 [info] CWD Linter: /home/main/Desktop/uni/oop/assignment_1_OOP
2023-12-06 21:59:45.222 [info] [Trace - 9:59:45 PM] Received notification 'window/logMessage'.
2023-12-06 21:59:45.222 [info] file:///home/main/Desktop/uni/oop/assignment_1_OOP/src/regression_plotter.py :
'5,1,E,E302:expected 2 blank lines, found 1'
'6,28,E,E231:missing whitespace after ':''
'6,49,E,E231:missing whitespace after ':''
'8,89,E,E501:line too long (102 > 88 characters)'
'18,1,W,W293:blank line contains whitespace'
'19,25,E,E231:missing whitespace after ':''
'21,89,E,E501:line too long (95 > 88 characters)'
'21,96,W,W291:trailing whitespace'
'24,89,E,E501:line too long (99 > 88 characters)'
'32,25,E,E225:missing whitespace around operator'
'35,56,E,E251:unexpected spaces around keyword / parameter equals'
'35,58,E,E251:unexpected spaces around keyword / parameter equals'
'36,61,E,E251:unexpected spaces around keyword / parameter equals'
'36,63,E,E251:unexpected spaces around keyword / parameter equals'
'36,88,E,E251:unexpected spaces around keyword / parameter equals'
'36,89,E,E501:line too long (99 > 88 characters)'
'36,90,E,E251:unexpected spaces around keyword / parameter equals'
'46,43,E,E231:missing whitespace after ',''
'46,65,E,E231:missing whitespace after ',''
'46,89,E,E501:line too long (122 > 88 characters)'
'46,89,E,E251:unexpected spaces around keyword / parameter equals'
'46,91,E,E251:unexpected spaces around keyword / parameter equals'
'46,107,E,E251:unexpected spaces around keyword / parameter equals'
'46,109,E,E251:unexpected spaces around keyword / parameter equals'
'49,29,E,E231:missing whitespace after ':''
'49,30,F,F821:undefined name 'MultiLinearRegression''
'51,89,E,E501:line too long (89 > 88 characters)'
'54,89,E,E501:line too long (99 > 88 characters)'
'62,25,E,E225:missing whitespace around operator'
'65,89,E,E501:line too long (101 > 88 characters)'
'66,83,E,E251:unexpected spaces around keyword / parameter equals'
'66,85,E,E251:unexpected spaces around keyword / parameter equals'
'66,89,E,E501:line too long (94 > 88 characters)'
'67,42,E,E231:missing whitespace after ',''
'67,66,E,E251:unexpected spaces around keyword / parameter equals'
'67,68,E,E251:unexpected spaces around keyword / parameter equals'
'73,1,W,W391:blank line at end of file'

2023-12-06 21:59:45.224 [info] [Trace - 9:59:45 PM] Received notification 'textDocument/publishDiagnostics'.
2023-12-06 21:59:45.479 [info] [Trace - 9:59:45 PM] Sending request 'textDocument/codeAction - (17)'.
2023-12-06 21:59:45.482 [info] [Trace - 9:59:45 PM] Received response 'textDocument/codeAction - (17)' in 3ms.
2023-12-06 21:59:48.198 [info] [Trace - 9:59:48 PM] Sending request 'textDocument/codeAction - (18)'.
2023-12-06 21:59:48.205 [info] [Trace - 9:59:48 PM] Received response 'textDocument/codeAction - (18)' in 7ms.
2023-12-06 21:59:48.503 [info] [Trace - 9:59:48 PM] Sending request 'textDocument/codeAction - (19)'.
2023-12-06 21:59:48.505 [info] [Trace - 9:59:48 PM] Received response 'textDocument/codeAction - (19)' in 2ms.
2023-12-06 21:59:48.528 [info] [Trace - 9:59:48 PM] Sending request 'textDocument/codeAction - (20)'.
2023-12-06 21:59:48.530 [info] [Trace - 9:59:48 PM] Received response 'textDocument/codeAction - (20)' in 2ms.
2023-12-06 22:00:41.277 [info] [Trace - 10:00:41 PM] Sending request 'shutdown - (21)'.
2023-12-06 22:00:41.311 [info] [Trace - 10:00:41 PM] Received response 'shutdown - (21)' in 53ms.
2023-12-06 22:00:41.311 [info] [Trace - 10:00:41 PM] Sending notification 'exit'.
