2023-12-21 10:55:21.095 [info] Log level: Info
2023-12-21 10:55:21.095 [info] Validating found git in: "git"
2023-12-21 10:55:21.095 [info] Using git "2.43.0" from "git"
2023-12-21 10:55:21.095 [info] > git rev-parse --show-toplevel [37ms]
2023-12-21 10:55:21.095 [info] fatal: not a git repository (or any of the parent directories): .git
2023-12-21 10:55:21.095 [info] > git rev-parse --show-toplevel [18ms]
2023-12-21 10:55:21.095 [info] fatal: not a git repository (or any of the parent directories): .git
2023-12-21 10:55:21.095 [info] > git rev-parse --show-toplevel [76ms]
2023-12-21 10:55:21.095 [info] fatal: not a git repository (or any of the parent directories): .git
2023-12-21 10:55:21.151 [info] > git rev-parse --show-toplevel [3ms]
2023-12-21 10:55:21.764 [info] > git rev-parse --git-dir --git-common-dir [5ms]
2023-12-21 10:55:21.928 [info] Open repository: /home/main/Desktop/uni/oop/assignment_1_OOP
2023-12-21 10:55:22.034 [info] > git rev-parse --show-toplevel [11ms]
2023-12-21 10:55:22.035 [info] > git config --get commit.template [50ms]
2023-12-21 10:55:22.106 [info] > git rev-parse --git-dir --git-common-dir [52ms]
2023-12-21 10:55:22.158 [info] Open repository: /home/main/Desktop/uni/oop/assignment_2_OOP
2023-12-21 10:55:22.252 [info] > git for-each-ref --format=%(refname)%00%(upstream:short)%00%(objectname)%00%(upstream:track)%00%(upstream:remotename)%00%(upstream:remoteref) refs/heads/main refs/remotes/main [153ms]
2023-12-21 10:55:22.274 [info] > git rev-parse --show-toplevel [23ms]
2023-12-21 10:55:22.274 [info] fatal: not a git repository (or any of the parent directories): .git
2023-12-21 10:55:22.275 [info] > git config --get commit.template [63ms]
2023-12-21 10:55:22.452 [info] > git status -z -uall [77ms]
2023-12-21 10:55:22.485 [info] > git for-each-ref --format=%(refname)%00%(upstream:short)%00%(objectname)%00%(upstream:track)%00%(upstream:remotename)%00%(upstream:remoteref) refs/heads/main refs/remotes/main [145ms]
2023-12-21 10:55:22.520 [info] > git rev-parse --show-toplevel [69ms]
2023-12-21 10:55:22.520 [info] fatal: not a git repository (or any of the parent directories): .git
2023-12-21 10:55:22.536 [info] > git config --get commit.template [18ms]
2023-12-21 10:55:22.607 [info] > git for-each-ref --format=%(refname)%00%(upstream:short)%00%(objectname)%00%(upstream:track)%00%(upstream:remotename)%00%(upstream:remoteref) refs/heads/main refs/remotes/main [34ms]
2023-12-21 10:55:22.638 [info] > git status -z -uall [35ms]
2023-12-21 10:55:22.697 [info] > git status -z -uall [63ms]
2023-12-21 10:55:22.716 [info] > git config --get commit.template [18ms]
2023-12-21 10:55:22.734 [info] > git for-each-ref --format=%(refname)%00%(upstream:short)%00%(objectname)%00%(upstream:track)%00%(upstream:remotename)%00%(upstream:remoteref) refs/heads/main refs/remotes/main [2ms]
2023-12-21 10:55:22.757 [info] > git status -z -uall [8ms]
2023-12-21 10:55:23.642 [info] > git check-ignore -v -z --stdin [53ms]
2023-12-21 10:55:23.655 [info] > git check-ignore -v -z --stdin [16ms]
2023-12-21 10:55:24.279 [info] > git fetch [2122ms]
2023-12-21 10:55:24.279 [info] Missing or invalid credentials.
Skip silent fetch commands
git@github.com: Permission denied (publickey).
fatal: Could not read from remote repository.

Please make sure you have the correct access rights
and the repository exists.
2023-12-21 10:55:24.287 [info] > git fetch [2360ms]
2023-12-21 10:55:24.287 [info] Missing or invalid credentials.
Skip silent fetch commands
git@github.com: Permission denied (publickey).
fatal: Could not read from remote repository.

Please make sure you have the correct access rights
and the repository exists.
2023-12-21 10:55:24.387 [info] > git config --get commit.template [16ms]
2023-12-21 10:55:24.387 [info] > git config --get commit.template [45ms]
2023-12-21 10:55:24.450 [info] > git for-each-ref --format=%(refname)%00%(upstream:short)%00%(objectname)%00%(upstream:track)%00%(upstream:remotename)%00%(upstream:remoteref) refs/heads/main refs/remotes/main [11ms]
2023-12-21 10:55:24.451 [info] > git for-each-ref --format=%(refname)%00%(upstream:short)%00%(objectname)%00%(upstream:track)%00%(upstream:remotename)%00%(upstream:remoteref) refs/heads/main refs/remotes/main [35ms]
2023-12-21 10:55:24.605 [info] > git status -z -uall [123ms]
2023-12-21 10:55:24.605 [info] > git status -z -uall [101ms]
2023-12-21 10:55:25.623 [info] > git rev-parse --show-toplevel [55ms]
2023-12-21 10:55:25.623 [info] fatal: not a git repository (or any of the parent directories): .git
2023-12-21 10:55:26.740 [info] > git config --local branch.main.github-pr-owner-number [198ms]
2023-12-21 10:55:26.934 [info] > git config --local branch.main.github-pr-owner-number [52ms]
2023-12-21 10:55:28.586 [info] > git config --local -l [148ms]
2023-12-21 10:55:29.336 [info] > git show --textconv e7de2ef916f7d711b54ef03ac5509bfe98318616:main.py [203ms]
2023-12-21 10:55:29.336 [info] > git show --textconv e7de2ef916f7d711b54ef03ac5509bfe98318616:requirements.txt [166ms]
2023-12-21 10:55:29.336 [info] > git show --textconv e7de2ef916f7d711b54ef03ac5509bfe98318616:src/model_saver.py [149ms]
2023-12-21 10:55:29.336 [info] > git show --textconv e7de2ef916f7d711b54ef03ac5509bfe98318616:src/multi_linear_regression.py [130ms]
2023-12-21 10:55:29.336 [info] > git show --textconv e7de2ef916f7d711b54ef03ac5509bfe98318616:src/regression_plotter.py [110ms]
2023-12-21 10:55:29.732 [info] > git fetch origin main [1560ms]
2023-12-21 10:55:29.732 [info] git@github.com: Permission denied (publickey).
fatal: Could not read from remote repository.

Please make sure you have the correct access rights
and the repository exists.
2023-12-21 10:55:29.768 [info] > git config --get commit.template [15ms]
2023-12-21 10:55:29.832 [info] > git for-each-ref --format=%(refname)%00%(upstream:short)%00%(objectname)%00%(upstream:track)%00%(upstream:remotename)%00%(upstream:remoteref) refs/heads/main refs/remotes/main [38ms]
2023-12-21 10:55:29.887 [info] > git status -z -uall [9ms]
2023-12-21 10:55:30.703 [info] > git show --textconv 5a2f345891ffe719a697853d376f106c57641bf0:.gitignore [694ms]
2023-12-21 10:55:30.704 [info] > git show --textconv 5a2f345891ffe719a697853d376f106c57641bf0:.vscode/settings.json [646ms]
2023-12-21 10:55:30.704 [info] > git show --textconv 5a2f345891ffe719a697853d376f106c57641bf0:README.md [594ms]
2023-12-21 10:55:30.704 [info] > git show --textconv 5a2f345891ffe719a697853d376f106c57641bf0:part_1/main.py [543ms]
2023-12-21 10:55:30.704 [info] > git show --textconv 5a2f345891ffe719a697853d376f106c57641bf0:part_1/src/codeBreaker.py [494ms]
2023-12-21 10:55:30.704 [info] > git show --textconv 5a2f345891ffe719a697853d376f106c57641bf0:part_1/src/codeMaker.py [453ms]
2023-12-21 10:55:30.704 [info] > git show --textconv 5a2f345891ffe719a697853d376f106c57641bf0:part_1/src/tests/test_codeBreaker.py [377ms]
2023-12-21 10:55:30.704 [info] > git show --textconv 5a2f345891ffe719a697853d376f106c57641bf0:part_1/src/tests/test_codeMaker.py [341ms]
2023-12-21 10:55:30.704 [info] > git show --textconv 5a2f345891ffe719a697853d376f106c57641bf0:part_2/main.py [306ms]
2023-12-21 10:55:30.704 [info] > git show --textconv 5a2f345891ffe719a697853d376f106c57641bf0:part_2/src/model_saver.py [277ms]
2023-12-21 10:55:30.704 [info] > git show --textconv 5a2f345891ffe719a697853d376f106c57641bf0:part_2/src/multi_linear_regression.py [231ms]
2023-12-21 10:55:30.704 [info] > git show --textconv 5a2f345891ffe719a697853d376f106c57641bf0:part_2/src/regression_plotter.py [189ms]
2023-12-21 10:55:30.704 [info] > git show --textconv 5a2f345891ffe719a697853d376f106c57641bf0:saving_file.sav [166ms]
2023-12-21 10:55:31.175 [info] > git ls-tree -l 5a2f345891ffe719a697853d376f106c57641bf0 -- .vscode/ [62ms]
2023-12-21 10:55:31.184 [info] > git ls-tree -l 5a2f345891ffe719a697853d376f106c57641bf0 -- part_1/src/ [119ms]
2023-12-21 10:55:31.194 [info] > git ls-tree -l 5a2f345891ffe719a697853d376f106c57641bf0 -- part_1/src/ [184ms]
2023-12-21 10:55:31.195 [info] > git ls-tree -l 5a2f345891ffe719a697853d376f106c57641bf0 -- part_1/src/tests/ [219ms]
2023-12-21 10:55:31.201 [info] > git ls-tree -l 5a2f345891ffe719a697853d376f106c57641bf0 -- part_1/src/tests/ [289ms]
2023-12-21 10:55:31.206 [info] > git ls-tree -l 5a2f345891ffe719a697853d376f106c57641bf0 -- part_2/src/ [330ms]
2023-12-21 10:55:31.208 [info] > git ls-tree -l 5a2f345891ffe719a697853d376f106c57641bf0 -- part_2/src/ [390ms]
2023-12-21 10:55:31.210 [info] > git ls-tree -l 5a2f345891ffe719a697853d376f106c57641bf0 -- part_2/src/ [429ms]
2023-12-21 10:55:31.211 [info] > git ls-tree -l 5a2f345891ffe719a697853d376f106c57641bf0 -- ./ [463ms]
2023-12-21 11:00:25.644 [info] > git config --local branch.main.github-pr-owner-number [10ms]
2023-12-21 11:00:25.663 [info] > git config --local branch.main.github-pr-owner-number [20ms]
2023-12-21 11:00:27.477 [info] > git show --textconv e7de2ef916f7d711b54ef03ac5509bfe98318616:main.py [95ms]
2023-12-21 11:00:27.477 [info] > git show --textconv e7de2ef916f7d711b54ef03ac5509bfe98318616:requirements.txt [81ms]
2023-12-21 11:00:27.477 [info] > git show --textconv e7de2ef916f7d711b54ef03ac5509bfe98318616:src/model_saver.py [66ms]
2023-12-21 11:00:27.477 [info] > git show --textconv e7de2ef916f7d711b54ef03ac5509bfe98318616:src/multi_linear_regression.py [51ms]
2023-12-21 11:00:27.477 [info] > git show --textconv e7de2ef916f7d711b54ef03ac5509bfe98318616:src/regression_plotter.py [39ms]
2023-12-21 11:00:33.045 [info] > git show --textconv 5a2f345891ffe719a697853d376f106c57641bf0:.gitignore [141ms]
2023-12-21 11:00:33.045 [info] > git show --textconv 5a2f345891ffe719a697853d376f106c57641bf0:.vscode/settings.json [131ms]
2023-12-21 11:00:33.045 [info] > git show --textconv 5a2f345891ffe719a697853d376f106c57641bf0:README.md [121ms]
2023-12-21 11:00:33.045 [info] > git show --textconv 5a2f345891ffe719a697853d376f106c57641bf0:part_1/main.py [112ms]
2023-12-21 11:00:33.045 [info] > git show --textconv 5a2f345891ffe719a697853d376f106c57641bf0:part_1/src/codeBreaker.py [103ms]
2023-12-21 11:00:33.045 [info] > git show --textconv 5a2f345891ffe719a697853d376f106c57641bf0:part_1/src/codeMaker.py [95ms]
2023-12-21 11:00:33.045 [info] > git show --textconv 5a2f345891ffe719a697853d376f106c57641bf0:part_1/src/tests/test_codeBreaker.py [85ms]
2023-12-21 11:00:33.045 [info] > git show --textconv 5a2f345891ffe719a697853d376f106c57641bf0:part_1/src/tests/test_codeMaker.py [76ms]
2023-12-21 11:00:33.045 [info] > git show --textconv 5a2f345891ffe719a697853d376f106c57641bf0:part_2/main.py [67ms]
2023-12-21 11:00:33.045 [info] > git show --textconv 5a2f345891ffe719a697853d376f106c57641bf0:part_2/src/model_saver.py [58ms]
2023-12-21 11:00:33.045 [info] > git show --textconv 5a2f345891ffe719a697853d376f106c57641bf0:part_2/src/multi_linear_regression.py [48ms]
2023-12-21 11:00:33.045 [info] > git show --textconv 5a2f345891ffe719a697853d376f106c57641bf0:part_2/src/regression_plotter.py [39ms]
2023-12-21 11:00:33.045 [info] > git show --textconv 5a2f345891ffe719a697853d376f106c57641bf0:saving_file.sav [31ms]
2023-12-21 11:00:33.128 [info] > git ls-tree -l 5a2f345891ffe719a697853d376f106c57641bf0 -- .vscode/ [7ms]
2023-12-21 11:00:33.129 [info] > git ls-tree -l 5a2f345891ffe719a697853d376f106c57641bf0 -- part_1/src/ [17ms]
2023-12-21 11:00:33.130 [info] > git ls-tree -l 5a2f345891ffe719a697853d376f106c57641bf0 -- part_1/src/ [26ms]
2023-12-21 11:00:33.130 [info] > git ls-tree -l 5a2f345891ffe719a697853d376f106c57641bf0 -- part_1/src/tests/ [35ms]
2023-12-21 11:00:33.131 [info] > git ls-tree -l 5a2f345891ffe719a697853d376f106c57641bf0 -- part_1/src/tests/ [44ms]
2023-12-21 11:00:33.132 [info] > git ls-tree -l 5a2f345891ffe719a697853d376f106c57641bf0 -- part_2/src/ [54ms]
2023-12-21 11:00:33.132 [info] > git ls-tree -l 5a2f345891ffe719a697853d376f106c57641bf0 -- part_2/src/ [62ms]
2023-12-21 11:00:33.133 [info] > git ls-tree -l 5a2f345891ffe719a697853d376f106c57641bf0 -- part_2/src/ [72ms]
2023-12-21 11:00:33.134 [info] > git ls-tree -l 5a2f345891ffe719a697853d376f106c57641bf0 -- ./ [81ms]
2023-12-21 11:05:28.270 [info] > git config --local branch.main.github-pr-owner-number [3ms]
2023-12-21 11:05:30.151 [info] > git show --textconv e7de2ef916f7d711b54ef03ac5509bfe98318616:main.py [83ms]
2023-12-21 11:05:30.151 [info] > git show --textconv e7de2ef916f7d711b54ef03ac5509bfe98318616:requirements.txt [71ms]
2023-12-21 11:05:30.151 [info] > git show --textconv e7de2ef916f7d711b54ef03ac5509bfe98318616:src/model_saver.py [60ms]
2023-12-21 11:05:30.151 [info] > git show --textconv e7de2ef916f7d711b54ef03ac5509bfe98318616:src/multi_linear_regression.py [47ms]
2023-12-21 11:05:30.151 [info] > git show --textconv e7de2ef916f7d711b54ef03ac5509bfe98318616:src/regression_plotter.py [34ms]
2023-12-21 11:05:33.938 [info] > git config --local branch.main.github-pr-owner-number [5ms]
2023-12-21 11:05:36.532 [info] > git show --textconv 5a2f345891ffe719a697853d376f106c57641bf0:.gitignore [187ms]
2023-12-21 11:05:36.532 [info] > git show --textconv 5a2f345891ffe719a697853d376f106c57641bf0:.vscode/settings.json [176ms]
2023-12-21 11:05:36.532 [info] > git show --textconv 5a2f345891ffe719a697853d376f106c57641bf0:README.md [164ms]
2023-12-21 11:05:36.532 [info] > git show --textconv 5a2f345891ffe719a697853d376f106c57641bf0:part_1/main.py [152ms]
2023-12-21 11:05:36.532 [info] > git show --textconv 5a2f345891ffe719a697853d376f106c57641bf0:part_1/src/codeBreaker.py [135ms]
2023-12-21 11:05:36.532 [info] > git show --textconv 5a2f345891ffe719a697853d376f106c57641bf0:part_1/src/codeMaker.py [124ms]
2023-12-21 11:05:36.532 [info] > git show --textconv 5a2f345891ffe719a697853d376f106c57641bf0:part_1/src/tests/test_codeBreaker.py [111ms]
2023-12-21 11:05:36.533 [info] > git show --textconv 5a2f345891ffe719a697853d376f106c57641bf0:part_1/src/tests/test_codeMaker.py [97ms]
2023-12-21 11:05:36.533 [info] > git show --textconv 5a2f345891ffe719a697853d376f106c57641bf0:part_2/main.py [86ms]
2023-12-21 11:05:36.533 [info] > git show --textconv 5a2f345891ffe719a697853d376f106c57641bf0:part_2/src/model_saver.py [75ms]
2023-12-21 11:05:36.533 [info] > git show --textconv 5a2f345891ffe719a697853d376f106c57641bf0:part_2/src/multi_linear_regression.py [62ms]
2023-12-21 11:05:36.533 [info] > git show --textconv 5a2f345891ffe719a697853d376f106c57641bf0:part_2/src/regression_plotter.py [50ms]
2023-12-21 11:05:36.533 [info] > git show --textconv 5a2f345891ffe719a697853d376f106c57641bf0:saving_file.sav [38ms]
2023-12-21 11:05:36.639 [info] > git ls-tree -l 5a2f345891ffe719a697853d376f106c57641bf0 -- .vscode/ [6ms]
2023-12-21 11:05:36.640 [info] > git ls-tree -l 5a2f345891ffe719a697853d376f106c57641bf0 -- part_1/src/ [20ms]
2023-12-21 11:05:36.641 [info] > git ls-tree -l 5a2f345891ffe719a697853d376f106c57641bf0 -- part_1/src/ [34ms]
2023-12-21 11:05:36.642 [info] > git ls-tree -l 5a2f345891ffe719a697853d376f106c57641bf0 -- part_1/src/tests/ [45ms]
2023-12-21 11:05:36.643 [info] > git ls-tree -l 5a2f345891ffe719a697853d376f106c57641bf0 -- part_1/src/tests/ [56ms]
2023-12-21 11:05:36.645 [info] > git ls-tree -l 5a2f345891ffe719a697853d376f106c57641bf0 -- part_2/src/ [71ms]
2023-12-21 11:05:36.646 [info] > git ls-tree -l 5a2f345891ffe719a697853d376f106c57641bf0 -- part_2/src/ [82ms]
2023-12-21 11:05:36.648 [info] > git ls-tree -l 5a2f345891ffe719a697853d376f106c57641bf0 -- part_2/src/ [95ms]
2023-12-21 11:05:36.649 [info] > git ls-tree -l 5a2f345891ffe719a697853d376f106c57641bf0 -- ./ [108ms]
2023-12-21 11:07:12.624 [info] > git fetch [1123ms]
2023-12-21 11:07:12.624 [info] Missing or invalid credentials.
Skip silent fetch commands
git@github.com: Permission denied (publickey).
fatal: Could not read from remote repository.

Please make sure you have the correct access rights
and the repository exists.
2023-12-21 11:07:12.643 [info] > git config --get commit.template [11ms]
2023-12-21 11:07:12.644 [info] > git for-each-ref --format=%(refname)%00%(upstream:short)%00%(objectname)%00%(upstream:track)%00%(upstream:remotename)%00%(upstream:remoteref) refs/heads/main refs/remotes/main [2ms]
2023-12-21 11:07:12.658 [info] > git status -z -uall [5ms]
2023-12-21 11:10:29.038 [info] > git config --local branch.main.github-pr-owner-number [19ms]
2023-12-21 11:10:31.024 [info] > git show --textconv e7de2ef916f7d711b54ef03ac5509bfe98318616:main.py [181ms]
2023-12-21 11:10:31.024 [info] > git show --textconv e7de2ef916f7d711b54ef03ac5509bfe98318616:requirements.txt [164ms]
2023-12-21 11:10:31.025 [info] > git show --textconv e7de2ef916f7d711b54ef03ac5509bfe98318616:src/model_saver.py [148ms]
2023-12-21 11:10:31.025 [info] > git show --textconv e7de2ef916f7d711b54ef03ac5509bfe98318616:src/multi_linear_regression.py [130ms]
2023-12-21 11:10:31.025 [info] > git show --textconv e7de2ef916f7d711b54ef03ac5509bfe98318616:src/regression_plotter.py [110ms]
2023-12-21 11:10:35.473 [info] > git config --local branch.main.github-pr-owner-number [6ms]
2023-12-21 11:10:38.063 [info] > git show --textconv 5a2f345891ffe719a697853d376f106c57641bf0:.gitignore [370ms]
2023-12-21 11:10:38.063 [info] > git show --textconv 5a2f345891ffe719a697853d376f106c57641bf0:.vscode/settings.json [350ms]
2023-12-21 11:10:38.063 [info] > git show --textconv 5a2f345891ffe719a697853d376f106c57641bf0:README.md [316ms]
2023-12-21 11:10:38.063 [info] > git show --textconv 5a2f345891ffe719a697853d376f106c57641bf0:part_1/main.py [296ms]
2023-12-21 11:10:38.064 [info] > git show --textconv 5a2f345891ffe719a697853d376f106c57641bf0:part_1/src/codeBreaker.py [268ms]
2023-12-21 11:10:38.064 [info] > git show --textconv 5a2f345891ffe719a697853d376f106c57641bf0:part_1/src/codeMaker.py [242ms]
2023-12-21 11:10:38.064 [info] > git show --textconv 5a2f345891ffe719a697853d376f106c57641bf0:part_1/src/tests/test_codeBreaker.py [208ms]
2023-12-21 11:10:38.064 [info] > git show --textconv 5a2f345891ffe719a697853d376f106c57641bf0:part_1/src/tests/test_codeMaker.py [183ms]
2023-12-21 11:10:38.064 [info] > git show --textconv 5a2f345891ffe719a697853d376f106c57641bf0:part_2/main.py [167ms]
2023-12-21 11:10:38.064 [info] > git show --textconv 5a2f345891ffe719a697853d376f106c57641bf0:part_2/src/model_saver.py [151ms]
2023-12-21 11:10:38.064 [info] > git show --textconv 5a2f345891ffe719a697853d376f106c57641bf0:part_2/src/multi_linear_regression.py [136ms]
2023-12-21 11:10:38.064 [info] > git show --textconv 5a2f345891ffe719a697853d376f106c57641bf0:part_2/src/regression_plotter.py [116ms]
2023-12-21 11:10:38.064 [info] > git show --textconv 5a2f345891ffe719a697853d376f106c57641bf0:saving_file.sav [83ms]
2023-12-21 11:10:38.264 [info] > git ls-tree -l 5a2f345891ffe719a697853d376f106c57641bf0 -- .vscode/ [10ms]
2023-12-21 11:10:38.264 [info] > git ls-tree -l 5a2f345891ffe719a697853d376f106c57641bf0 -- part_1/src/ [25ms]
2023-12-21 11:10:38.265 [info] > git ls-tree -l 5a2f345891ffe719a697853d376f106c57641bf0 -- part_1/src/ [41ms]
2023-12-21 11:10:38.266 [info] > git ls-tree -l 5a2f345891ffe719a697853d376f106c57641bf0 -- part_1/src/tests/ [56ms]
2023-12-21 11:10:38.267 [info] > git ls-tree -l 5a2f345891ffe719a697853d376f106c57641bf0 -- part_1/src/tests/ [73ms]
2023-12-21 11:10:38.268 [info] > git ls-tree -l 5a2f345891ffe719a697853d376f106c57641bf0 -- part_2/src/ [99ms]
2023-12-21 11:10:38.271 [info] > git ls-tree -l 5a2f345891ffe719a697853d376f106c57641bf0 -- part_2/src/ [126ms]
2023-12-21 11:10:38.273 [info] > git ls-tree -l 5a2f345891ffe719a697853d376f106c57641bf0 -- part_2/src/ [159ms]
2023-12-21 11:10:38.278 [info] > git ls-tree -l 5a2f345891ffe719a697853d376f106c57641bf0 -- ./ [186ms]
2023-12-21 11:14:18.587 [info] > git fetch [1532ms]
2023-12-21 11:14:18.587 [info] Missing or invalid credentials.
Skip silent fetch commands
git@github.com: Permission denied (publickey).
fatal: Could not read from remote repository.

Please make sure you have the correct access rights
and the repository exists.
2023-12-21 11:14:18.623 [info] > git config --get commit.template [3ms]
2023-12-21 11:14:18.655 [info] > git for-each-ref --format=%(refname)%00%(upstream:short)%00%(objectname)%00%(upstream:track)%00%(upstream:remotename)%00%(upstream:remoteref) refs/heads/main refs/remotes/main [7ms]
2023-12-21 11:14:18.686 [info] > git status -z -uall [10ms]
2023-12-21 11:15:31.804 [info] > git config --local branch.main.github-pr-owner-number [1ms]
2023-12-21 11:15:33.586 [info] > git show --textconv e7de2ef916f7d711b54ef03ac5509bfe98318616:main.py [63ms]
2023-12-21 11:15:33.587 [info] > git show --textconv e7de2ef916f7d711b54ef03ac5509bfe98318616:requirements.txt [55ms]
2023-12-21 11:15:33.587 [info] > git show --textconv e7de2ef916f7d711b54ef03ac5509bfe98318616:src/model_saver.py [46ms]
2023-12-21 11:15:33.587 [info] > git show --textconv e7de2ef916f7d711b54ef03ac5509bfe98318616:src/multi_linear_regression.py [37ms]
2023-12-21 11:15:33.587 [info] > git show --textconv e7de2ef916f7d711b54ef03ac5509bfe98318616:src/regression_plotter.py [28ms]
2023-12-21 11:15:39.000 [info] > git config --local branch.main.github-pr-owner-number [2ms]
2023-12-21 11:15:41.378 [info] > git show --textconv 5a2f345891ffe719a697853d376f106c57641bf0:.gitignore [133ms]
2023-12-21 11:15:41.378 [info] > git show --textconv 5a2f345891ffe719a697853d376f106c57641bf0:.vscode/settings.json [124ms]
2023-12-21 11:15:41.378 [info] > git show --textconv 5a2f345891ffe719a697853d376f106c57641bf0:README.md [116ms]
2023-12-21 11:15:41.378 [info] > git show --textconv 5a2f345891ffe719a697853d376f106c57641bf0:part_1/main.py [107ms]
2023-12-21 11:15:41.378 [info] > git show --textconv 5a2f345891ffe719a697853d376f106c57641bf0:part_1/src/codeBreaker.py [97ms]
2023-12-21 11:15:41.378 [info] > git show --textconv 5a2f345891ffe719a697853d376f106c57641bf0:part_1/src/codeMaker.py [89ms]
2023-12-21 11:15:41.378 [info] > git show --textconv 5a2f345891ffe719a697853d376f106c57641bf0:part_1/src/tests/test_codeBreaker.py [80ms]
2023-12-21 11:15:41.378 [info] > git show --textconv 5a2f345891ffe719a697853d376f106c57641bf0:part_1/src/tests/test_codeMaker.py [72ms]
2023-12-21 11:15:41.378 [info] > git show --textconv 5a2f345891ffe719a697853d376f106c57641bf0:part_2/main.py [63ms]
2023-12-21 11:15:41.378 [info] > git show --textconv 5a2f345891ffe719a697853d376f106c57641bf0:part_2/src/model_saver.py [53ms]
2023-12-21 11:15:41.378 [info] > git show --textconv 5a2f345891ffe719a697853d376f106c57641bf0:part_2/src/multi_linear_regression.py [44ms]
2023-12-21 11:15:41.378 [info] > git show --textconv 5a2f345891ffe719a697853d376f106c57641bf0:part_2/src/regression_plotter.py [35ms]
2023-12-21 11:15:41.378 [info] > git show --textconv 5a2f345891ffe719a697853d376f106c57641bf0:saving_file.sav [27ms]
2023-12-21 11:15:41.459 [info] > git ls-tree -l 5a2f345891ffe719a697853d376f106c57641bf0 -- .vscode/ [6ms]
2023-12-21 11:15:41.460 [info] > git ls-tree -l 5a2f345891ffe719a697853d376f106c57641bf0 -- part_1/src/ [16ms]
2023-12-21 11:15:41.461 [info] > git ls-tree -l 5a2f345891ffe719a697853d376f106c57641bf0 -- part_1/src/ [25ms]
2023-12-21 11:15:41.462 [info] > git ls-tree -l 5a2f345891ffe719a697853d376f106c57641bf0 -- part_1/src/tests/ [34ms]
2023-12-21 11:15:41.463 [info] > git ls-tree -l 5a2f345891ffe719a697853d376f106c57641bf0 -- part_1/src/tests/ [43ms]
2023-12-21 11:15:41.464 [info] > git ls-tree -l 5a2f345891ffe719a697853d376f106c57641bf0 -- part_2/src/ [55ms]
2023-12-21 11:15:41.465 [info] > git ls-tree -l 5a2f345891ffe719a697853d376f106c57641bf0 -- part_2/src/ [63ms]
2023-12-21 11:15:41.466 [info] > git ls-tree -l 5a2f345891ffe719a697853d376f106c57641bf0 -- part_2/src/ [72ms]
2023-12-21 11:15:41.467 [info] > git ls-tree -l 5a2f345891ffe719a697853d376f106c57641bf0 -- ./ [80ms]
