2023-11-30 16:57:21.716 [info] Log level: Info
2023-11-30 16:57:21.716 [info] Validating found git in: "git"
2023-11-30 16:57:21.716 [info] Using git "2.43.0" from "git"
2023-11-30 16:57:21.716 [info] > git rev-parse --show-toplevel [44ms]
2023-11-30 16:57:21.716 [info] > git rev-parse --git-dir --git-common-dir [26ms]
2023-11-30 16:57:21.716 [info] Open repository: /home/main/Desktop/uni/oop/assignment_1_OOP
2023-11-30 16:57:21.720 [info] > git rev-parse --show-toplevel [423ms]
2023-11-30 16:57:21.722 [info] > git config --get commit.template [451ms]
2023-11-30 16:57:21.769 [info] > git rev-parse --show-toplevel [22ms]
2023-11-30 16:57:21.776 [info] > git for-each-ref --format=%(refname)%00%(upstream:short)%00%(objectname)%00%(upstream:track)%00%(upstream:remotename)%00%(upstream:remoteref) refs/heads/main refs/remotes/main [12ms]
2023-11-30 16:57:21.919 [info] > git status -z -uall [119ms]
2023-11-30 16:57:21.921 [info] > git rev-parse --show-toplevel [87ms]
2023-11-30 16:57:22.029 [info] > git config --get commit.template [12ms]
2023-11-30 16:57:22.030 [info] > git rev-parse --show-toplevel [31ms]
2023-11-30 16:57:22.333 [info] > git show --textconv :.github/workflows/style.yml [99ms]
2023-11-30 16:57:22.333 [info] > git check-ignore -v -z --stdin [9ms]
2023-11-30 16:57:22.340 [info] > git ls-files --stage -- /home/main/Desktop/uni/oop/assignment_1_OOP/.github/workflows/style.yml [55ms]
2023-11-30 16:57:22.392 [info] > git cat-file -s 6e0116d62f263e47ef99ea5f16447f197a34e7fe [35ms]
2023-11-30 16:57:22.399 [info] > git for-each-ref --format=%(refname)%00%(upstream:short)%00%(objectname)%00%(upstream:track)%00%(upstream:remotename)%00%(upstream:remoteref) refs/heads/main refs/remotes/main [13ms]
2023-11-30 16:57:22.442 [info] > git status -z -uall [31ms]
2023-11-30 16:57:23.336 [info] > git config --local branch.main.github-pr-owner-number [92ms]
2023-11-30 16:57:23.380 [info] > git config --get commit.template [30ms]
2023-11-30 16:57:23.393 [info] > git for-each-ref --format=%(refname)%00%(upstream:short)%00%(objectname)%00%(upstream:track)%00%(upstream:remotename)%00%(upstream:remoteref) refs/heads/main refs/remotes/main [4ms]
2023-11-30 16:57:23.418 [info] > git status -z -uall [16ms]
2023-11-30 17:00:37.597 [info] > git check-ignore -v -z --stdin [3ms]
2023-11-30 17:01:53.766 [info] > git show --textconv :.conda/.gitignore [24ms]
2023-11-30 17:01:53.772 [info] > git ls-files --stage -- /home/main/Desktop/uni/oop/assignment_1_OOP/.conda/.gitignore [9ms]
2023-11-30 17:01:59.399 [info] > git show --textconv :.gitignore [14ms]
2023-11-30 17:01:59.403 [info] > git ls-files --stage -- /home/main/Desktop/uni/oop/assignment_1_OOP/.gitignore [6ms]
2023-11-30 17:01:59.421 [info] > git cat-file -s 68bc17f9ff2104a9d7b6777058bb4c343ca72609 [2ms]
2023-11-30 17:02:22.766 [info] > git config --local branch.main.github-pr-owner-number [2ms]
2023-11-30 17:02:22.798 [info] > git config --get commit.template [17ms]
2023-11-30 17:02:22.800 [info] > git for-each-ref --format=%(refname)%00%(upstream:short)%00%(objectname)%00%(upstream:track)%00%(upstream:remotename)%00%(upstream:remoteref) refs/heads/main refs/remotes/main [4ms]
2023-11-30 17:02:22.825 [info] > git status -z -uall [9ms]
2023-11-30 17:02:58.276 [info] > git check-ignore -v -z --stdin [2ms]
2023-11-30 17:02:58.736 [info] > git config --get commit.template [10ms]
2023-11-30 17:02:58.737 [info] > git for-each-ref --format=%(refname)%00%(upstream:short)%00%(objectname)%00%(upstream:track)%00%(upstream:remotename)%00%(upstream:remoteref) refs/heads/main refs/remotes/main [2ms]
2023-11-30 17:02:58.749 [info] > git status -z -uall [3ms]
2023-11-30 17:03:07.696 [info] > git check-ignore -v -z --stdin [1ms]
2023-11-30 17:03:08.144 [info] > git config --get commit.template [9ms]
2023-11-30 17:03:08.145 [info] > git for-each-ref --format=%(refname)%00%(upstream:short)%00%(objectname)%00%(upstream:track)%00%(upstream:remotename)%00%(upstream:remoteref) refs/heads/main refs/remotes/main [2ms]
2023-11-30 17:03:08.155 [info] > git status -z -uall [2ms]
2023-11-30 17:03:24.125 [info] > git add -A -- . [3ms]
2023-11-30 17:03:24.821 [info] > git show --textconv :.git/COMMIT_EDITMSG [16ms]
2023-11-30 17:03:24.824 [info] > git ls-files --stage -- /home/main/Desktop/uni/oop/assignment_1_OOP/.git/COMMIT_EDITMSG [4ms]
2023-11-30 17:03:25.135 [info] > git check-ignore -v -z --stdin [2ms]
2023-11-30 17:03:25.341 [info] > git ls-files --stage -- /home/main/Desktop/uni/oop/assignment_1_OOP/.git/COMMIT_EDITMSG [2ms]
2023-11-30 17:03:25.358 [info] > git show --textconv :.git/COMMIT_EDITMSG [2ms]
2023-11-30 17:03:43.658 [info] > git ls-files --stage -- /home/main/Desktop/uni/oop/assignment_1_OOP/.git/COMMIT_EDITMSG [3ms]
2023-11-30 17:03:43.678 [info] > git show --textconv :.git/COMMIT_EDITMSG [2ms]
2023-11-30 17:03:50.458 [info] > git ls-files --stage -- /home/main/Desktop/uni/oop/assignment_1_OOP/.git/COMMIT_EDITMSG [2ms]
2023-11-30 17:03:50.475 [info] > git show --textconv :.git/COMMIT_EDITMSG [2ms]
2023-11-30 17:03:57.024 [info] > git -c user.useConfigOnly=true commit --quiet [32888ms]
2023-11-30 17:03:57.046 [info] > git config --get commit.template [2ms]
2023-11-30 17:03:57.068 [info] > git for-each-ref --format=%(refname)%00%(upstream:short)%00%(objectname)%00%(upstream:track)%00%(upstream:remotename)%00%(upstream:remoteref) refs/heads/main refs/remotes/main [4ms]
2023-11-30 17:03:57.088 [info] > git status -z -uall [6ms]
2023-11-30 17:03:57.287 [info] > git config --local branch.main.github-pr-owner-number [15ms]
2023-11-30 17:03:57.330 [info] > git config --get commit.template [26ms]
2023-11-30 17:03:57.332 [info] > git config --get commit.template [6ms]
2023-11-30 17:03:57.360 [info] > git for-each-ref --format=%(refname)%00%(upstream:short)%00%(objectname)%00%(upstream:track)%00%(upstream:remotename)%00%(upstream:remoteref) refs/heads/main refs/remotes/main [16ms]
2023-11-30 17:03:57.384 [info] > git for-each-ref --format=%(refname)%00%(upstream:short)%00%(objectname)%00%(upstream:track)%00%(upstream:remotename)%00%(upstream:remoteref) refs/heads/main refs/remotes/main [26ms]
2023-11-30 17:03:57.402 [info] > git status -z -uall [6ms]
2023-11-30 17:03:57.654 [info] > git show --textconv :.gitignore [18ms]
2023-11-30 17:03:57.656 [info] > git ls-files --stage -- /home/main/Desktop/uni/oop/assignment_1_OOP/.gitignore [8ms]
2023-11-30 17:03:57.672 [info] > git cat-file -s e5a7a7bccfb44bbe723b7f53e0ad6a7038d5ab53 [2ms]
2023-11-30 17:04:02.048 [info] > git log --oneline --cherry main...main@{upstream} -- [3ms]
2023-11-30 17:04:02.482 [info] > git pull --tags origin main [417ms]
2023-11-30 17:04:02.482 [info] From https://github.com/lamalunderscore/assignment_1_OOP
 * branch            main       -> FETCH_HEAD
2023-11-30 17:04:03.728 [info] > git ls-files --stage -- /home/main/Desktop/uni/oop/assignment_1_OOP/.gitignore [2ms]
2023-11-30 17:04:03.742 [info] > git cat-file -s e5a7a7bccfb44bbe723b7f53e0ad6a7038d5ab53 [2ms]
2023-11-30 17:04:03.759 [info] > git show --textconv :.gitignore [3ms]
2023-11-30 17:04:04.159 [info] > git push origin main:main [1667ms]
2023-11-30 17:04:04.159 [info] To https://github.com/lamalunderscore/assignment_1_OOP.git
   30d4b02..bbf231a  main -> main
2023-11-30 17:04:04.186 [info] > git config --get commit.template [13ms]
2023-11-30 17:04:04.187 [info] > git for-each-ref --format=%(refname)%00%(upstream:short)%00%(objectname)%00%(upstream:track)%00%(upstream:remotename)%00%(upstream:remoteref) refs/heads/main refs/remotes/main [4ms]
2023-11-30 17:04:04.200 [info] > git status -z -uall [3ms]
2023-11-30 17:04:04.393 [info] > git config --local branch.main.github-pr-owner-number [105ms]
2023-11-30 17:04:04.409 [info] > git config --get commit.template [2ms]
2023-11-30 17:04:04.424 [info] > git for-each-ref --format=%(refname)%00%(upstream:short)%00%(objectname)%00%(upstream:track)%00%(upstream:remotename)%00%(upstream:remoteref) refs/heads/main refs/remotes/main [3ms]
2023-11-30 17:04:04.441 [info] > git status -z -uall [3ms]
2023-11-30 17:04:05.523 [info] > git ls-files --stage -- /home/main/Desktop/uni/oop/assignment_1_OOP/.gitignore [5ms]
2023-11-30 17:04:05.535 [info] > git cat-file -s e5a7a7bccfb44bbe723b7f53e0ad6a7038d5ab53 [2ms]
2023-11-30 17:04:05.551 [info] > git show --textconv :.gitignore [2ms]
2023-11-30 17:07:22.860 [info] > git config --local branch.main.github-pr-owner-number [3ms]
2023-11-30 17:07:22.884 [info] > git config --get commit.template [11ms]
2023-11-30 17:07:22.885 [info] > git for-each-ref --format=%(refname)%00%(upstream:short)%00%(objectname)%00%(upstream:track)%00%(upstream:remotename)%00%(upstream:remoteref) refs/heads/main refs/remotes/main [3ms]
2023-11-30 17:07:22.897 [info] > git status -z -uall [2ms]
2023-11-30 17:09:32.721 [info] > git config --get commit.template [12ms]
2023-11-30 17:09:32.721 [info] > git for-each-ref --format=%(refname)%00%(upstream:short)%00%(objectname)%00%(upstream:track)%00%(upstream:remotename)%00%(upstream:remoteref) refs/heads/main refs/remotes/main [2ms]
2023-11-30 17:09:32.732 [info] > git status -z -uall [1ms]
2023-11-30 17:09:32.809 [info] > git ls-files --stage -- /home/main/Desktop/uni/oop/assignment_1_OOP/.gitignore [1ms]
2023-11-30 17:09:32.819 [info] > git cat-file -s e5a7a7bccfb44bbe723b7f53e0ad6a7038d5ab53 [1ms]
2023-11-30 17:09:32.831 [info] > git show --textconv :.gitignore [2ms]
2023-11-30 17:09:38.259 [info] > git config --get commit.template [10ms]
2023-11-30 17:09:38.260 [info] > git for-each-ref --format=%(refname)%00%(upstream:short)%00%(objectname)%00%(upstream:track)%00%(upstream:remotename)%00%(upstream:remoteref) refs/heads/main refs/remotes/main [2ms]
2023-11-30 17:09:38.270 [info] > git status -z -uall [2ms]
2023-11-30 17:09:38.356 [info] > git ls-files --stage -- /home/main/Desktop/uni/oop/assignment_1_OOP/.gitignore [2ms]
2023-11-30 17:09:38.367 [info] > git cat-file -s e5a7a7bccfb44bbe723b7f53e0ad6a7038d5ab53 [2ms]
2023-11-30 17:09:38.379 [info] > git show --textconv :.gitignore [2ms]
2023-11-30 17:12:22.919 [info] > git config --local branch.main.github-pr-owner-number [1ms]
2023-11-30 17:12:22.938 [info] > git config --get commit.template [9ms]
2023-11-30 17:12:22.939 [info] > git for-each-ref --format=%(refname)%00%(upstream:short)%00%(objectname)%00%(upstream:track)%00%(upstream:remotename)%00%(upstream:remoteref) refs/heads/main refs/remotes/main [2ms]
2023-11-30 17:12:22.952 [info] > git status -z -uall [3ms]
2023-11-30 17:17:22.969 [info] > git config --local branch.main.github-pr-owner-number [2ms]
2023-11-30 17:17:22.993 [info] > git config --get commit.template [12ms]
2023-11-30 17:17:22.994 [info] > git for-each-ref --format=%(refname)%00%(upstream:short)%00%(objectname)%00%(upstream:track)%00%(upstream:remotename)%00%(upstream:remoteref) refs/heads/main refs/remotes/main [2ms]
2023-11-30 17:17:23.004 [info] > git status -z -uall [2ms]
2023-11-30 17:18:22.193 [info] > git config --get commit.template [10ms]
2023-11-30 17:18:22.194 [info] > git for-each-ref --format=%(refname)%00%(upstream:short)%00%(objectname)%00%(upstream:track)%00%(upstream:remotename)%00%(upstream:remoteref) refs/heads/main refs/remotes/main [2ms]
2023-11-30 17:18:22.204 [info] > git status -z -uall [2ms]
2023-11-30 17:18:22.281 [info] > git ls-files --stage -- /home/main/Desktop/uni/oop/assignment_1_OOP/.gitignore [1ms]
2023-11-30 17:18:22.291 [info] > git cat-file -s e5a7a7bccfb44bbe723b7f53e0ad6a7038d5ab53 [1ms]
2023-11-30 17:18:22.304 [info] > git show --textconv :.gitignore [2ms]
2023-11-30 17:18:31.093 [info] > git config --get commit.template [11ms]
2023-11-30 17:18:31.094 [info] > git for-each-ref --format=%(refname)%00%(upstream:short)%00%(objectname)%00%(upstream:track)%00%(upstream:remotename)%00%(upstream:remoteref) refs/heads/main refs/remotes/main [1ms]
2023-11-30 17:18:31.105 [info] > git status -z -uall [2ms]
2023-11-30 17:18:31.193 [info] > git ls-files --stage -- /home/main/Desktop/uni/oop/assignment_1_OOP/.gitignore [2ms]
2023-11-30 17:18:31.203 [info] > git cat-file -s e5a7a7bccfb44bbe723b7f53e0ad6a7038d5ab53 [2ms]
2023-11-30 17:18:31.216 [info] > git show --textconv :.gitignore [1ms]
2023-11-30 17:22:19.276 [info] > git check-ignore -v -z --stdin [35ms]
2023-11-30 17:22:19.304 [info] > git show --textconv :multi_linear_regression.py [15ms]
2023-11-30 17:22:19.388 [info] > git ls-files --stage -- /home/main/Desktop/uni/oop/assignment_1_OOP/multi_linear_regression.py [87ms]
2023-11-30 17:22:19.812 [info] > git config --get commit.template [46ms]
2023-11-30 17:22:19.821 [info] > git for-each-ref --format=%(refname)%00%(upstream:short)%00%(objectname)%00%(upstream:track)%00%(upstream:remotename)%00%(upstream:remoteref) refs/heads/main refs/remotes/main [15ms]
2023-11-30 17:22:19.846 [info] > git status -z -uall [3ms]
2023-11-30 17:22:23.021 [info] > git config --local branch.main.github-pr-owner-number [2ms]
2023-11-30 17:22:23.040 [info] > git config --get commit.template [10ms]
2023-11-30 17:22:23.040 [info] > git for-each-ref --format=%(refname)%00%(upstream:short)%00%(objectname)%00%(upstream:track)%00%(upstream:remotename)%00%(upstream:remoteref) refs/heads/main refs/remotes/main [1ms]
2023-11-30 17:22:23.051 [info] > git status -z -uall [2ms]
2023-11-30 17:22:41.728 [info] > git check-ignore -v -z --stdin [5ms]
2023-11-30 17:22:42.622 [info] > git check-ignore -v -z --stdin [2ms]
2023-11-30 17:22:43.705 [info] > git check-ignore -v -z --stdin [2ms]
2023-11-30 17:22:58.062 [info] > git show --textconv :multi_linear_regression.py [11ms]
2023-11-30 17:22:58.064 [info] > git ls-files --stage -- /home/main/Desktop/uni/oop/assignment_1_OOP/multi_linear_regression.py [3ms]
2023-11-30 17:23:25.362 [info] > git show --textconv :multi_linear_regression.py [13ms]
2023-11-30 17:23:25.366 [info] > git ls-files --stage -- /home/main/Desktop/uni/oop/assignment_1_OOP/multi_linear_regression.py [6ms]
2023-11-30 17:23:43.156 [info] > git show --textconv :multi_linear_regression.py [10ms]
2023-11-30 17:23:43.158 [info] > git ls-files --stage -- /home/main/Desktop/uni/oop/assignment_1_OOP/multi_linear_regression.py [3ms]
2023-11-30 17:24:00.694 [info] > git show --textconv :multi_linear_regression.py [16ms]
2023-11-30 17:24:00.697 [info] > git ls-files --stage -- /home/main/Desktop/uni/oop/assignment_1_OOP/multi_linear_regression.py [4ms]
2023-11-30 17:24:15.424 [info] > git show --textconv :multi_linear_regression.py [10ms]
2023-11-30 17:24:15.427 [info] > git ls-files --stage -- /home/main/Desktop/uni/oop/assignment_1_OOP/multi_linear_regression.py [4ms]
2023-11-30 17:24:45.889 [info] > git show --textconv :multi_linear_regression.py [14ms]
2023-11-30 17:24:45.891 [info] > git ls-files --stage -- /home/main/Desktop/uni/oop/assignment_1_OOP/multi_linear_regression.py [4ms]
2023-11-30 17:25:04.032 [info] > git add -A -- . [6ms]
2023-11-30 17:25:04.754 [info] > git show --textconv :.git/COMMIT_EDITMSG [16ms]
2023-11-30 17:25:04.757 [info] > git ls-files --stage -- /home/main/Desktop/uni/oop/assignment_1_OOP/.git/COMMIT_EDITMSG [5ms]
2023-11-30 17:25:05.308 [info] > git ls-files --stage -- /home/main/Desktop/uni/oop/assignment_1_OOP/.git/COMMIT_EDITMSG [2ms]
2023-11-30 17:25:05.329 [info] > git show --textconv :.git/COMMIT_EDITMSG [1ms]
2023-11-30 17:25:39.238 [info] > git -c user.useConfigOnly=true commit --quiet [35188ms]
2023-11-30 17:25:39.238 [info] Aborting commit due to empty commit message.
2023-11-30 17:25:39.273 [info] > git config --get commit.template [19ms]
2023-11-30 17:25:39.280 [info] > git for-each-ref --format=%(refname)%00%(upstream:short)%00%(objectname)%00%(upstream:track)%00%(upstream:remotename)%00%(upstream:remoteref) refs/heads/main refs/remotes/main [9ms]
2023-11-30 17:25:39.304 [info] > git status -z -uall [3ms]
2023-11-30 17:25:39.331 [info] > git config --get commit.template [3ms]
2023-11-30 17:25:39.354 [info] > git for-each-ref --format=%(refname)%00%(upstream:short)%00%(objectname)%00%(upstream:track)%00%(upstream:remotename)%00%(upstream:remoteref) refs/heads/main refs/remotes/main [3ms]
2023-11-30 17:25:39.381 [info] > git status -z -uall [9ms]
2023-11-30 17:25:39.816 [info] > git show --textconv :multi_linear_regression.py [16ms]
2023-11-30 17:25:39.818 [info] > git ls-files --stage -- /home/main/Desktop/uni/oop/assignment_1_OOP/multi_linear_regression.py [3ms]
2023-11-30 17:25:39.834 [info] > git cat-file -s 234e75656e5d02a268febd85424376b1f2356e68 [2ms]
2023-11-30 17:25:47.817 [info] > git show --textconv :src/multi_linear_regression.py [19ms]
2023-11-30 17:25:47.822 [info] > git ls-files --stage -- /home/main/Desktop/uni/oop/assignment_1_OOP/src/multi_linear_regression.py [7ms]
2023-11-30 17:25:48.043 [info] > git check-ignore -v -z --stdin [1ms]
2023-11-30 17:25:48.545 [info] > git config --get commit.template [13ms]
2023-11-30 17:25:48.545 [info] > git for-each-ref --format=%(refname)%00%(upstream:short)%00%(objectname)%00%(upstream:track)%00%(upstream:remotename)%00%(upstream:remoteref) refs/heads/main refs/remotes/main [2ms]
2023-11-30 17:25:48.557 [info] > git status -z -uall [2ms]
2023-11-30 17:25:50.028 [info] > git show --textconv :src/__init__.py [12ms]
2023-11-30 17:25:50.030 [info] > git ls-files --stage -- /home/main/Desktop/uni/oop/assignment_1_OOP/src/__init__.py [3ms]
2023-11-30 17:25:50.045 [info] > git cat-file -s e69de29bb2d1d6434b8b29ae775ad8c2e48c5391 [2ms]
2023-11-30 17:25:51.385 [info] > git show --textconv :src/multi_linear_regression.py [10ms]
2023-11-30 17:25:51.386 [info] > git ls-files --stage -- /home/main/Desktop/uni/oop/assignment_1_OOP/src/multi_linear_regression.py [2ms]
2023-11-30 17:26:00.283 [info] > git show --textconv :.git/COMMIT_EDITMSG [13ms]
2023-11-30 17:26:00.287 [info] > git ls-files --stage -- /home/main/Desktop/uni/oop/assignment_1_OOP/.git/COMMIT_EDITMSG [5ms]
2023-11-30 17:26:00.913 [info] > git ls-files --stage -- /home/main/Desktop/uni/oop/assignment_1_OOP/.git/COMMIT_EDITMSG [2ms]
2023-11-30 17:26:00.931 [info] > git show --textconv :.git/COMMIT_EDITMSG [2ms]
2023-11-30 17:26:17.313 [info] > git ls-files --stage -- /home/main/Desktop/uni/oop/assignment_1_OOP/.git/COMMIT_EDITMSG [3ms]
2023-11-30 17:26:17.330 [info] > git show --textconv :.git/COMMIT_EDITMSG [3ms]
2023-11-30 17:26:17.419 [info] > git -c user.useConfigOnly=true commit --quiet [17754ms]
2023-11-30 17:26:17.456 [info] > git config --get commit.template [18ms]
2023-11-30 17:26:17.466 [info] > git for-each-ref --format=%(refname)%00%(upstream:short)%00%(objectname)%00%(upstream:track)%00%(upstream:remotename)%00%(upstream:remoteref) refs/heads/main refs/remotes/main [12ms]
2023-11-30 17:26:17.489 [info] > git status -z -uall [4ms]
2023-11-30 17:26:17.886 [info] > git config --local branch.main.github-pr-owner-number [9ms]
2023-11-30 17:26:17.942 [info] > git config --get commit.template [3ms]
2023-11-30 17:26:17.942 [info] > git config --get commit.template [22ms]
2023-11-30 17:26:17.979 [info] > git for-each-ref --format=%(refname)%00%(upstream:short)%00%(objectname)%00%(upstream:track)%00%(upstream:remotename)%00%(upstream:remoteref) refs/heads/main refs/remotes/main [19ms]
2023-11-30 17:26:18.016 [info] > git for-each-ref --format=%(refname)%00%(upstream:short)%00%(objectname)%00%(upstream:track)%00%(upstream:remotename)%00%(upstream:remoteref) refs/heads/main refs/remotes/main [40ms]
2023-11-30 17:26:18.039 [info] > git status -z -uall [10ms]
2023-11-30 17:26:18.393 [info] > git show --textconv :src/multi_linear_regression.py [17ms]
2023-11-30 17:26:18.395 [info] > git ls-files --stage -- /home/main/Desktop/uni/oop/assignment_1_OOP/src/multi_linear_regression.py [3ms]
2023-11-30 17:26:24.387 [info] > git add -A -- . [5ms]
2023-11-30 17:26:25.027 [info] > git show --textconv :.git/COMMIT_EDITMSG [16ms]
2023-11-30 17:26:25.028 [info] > git ls-files --stage -- /home/main/Desktop/uni/oop/assignment_1_OOP/.git/COMMIT_EDITMSG [4ms]
2023-11-30 17:26:25.661 [info] > git ls-files --stage -- /home/main/Desktop/uni/oop/assignment_1_OOP/.git/COMMIT_EDITMSG [2ms]
2023-11-30 17:26:25.679 [info] > git show --textconv :.git/COMMIT_EDITMSG [1ms]
2023-11-30 17:26:31.453 [info] > git ls-files --stage -- /home/main/Desktop/uni/oop/assignment_1_OOP/.git/COMMIT_EDITMSG [2ms]
2023-11-30 17:26:31.473 [info] > git show --textconv :.git/COMMIT_EDITMSG [2ms]
2023-11-30 17:26:31.682 [info] > git -c user.useConfigOnly=true commit --quiet [7277ms]
2023-11-30 17:26:31.718 [info] > git config --get commit.template [10ms]
2023-11-30 17:26:31.741 [info] > git for-each-ref --format=%(refname)%00%(upstream:short)%00%(objectname)%00%(upstream:track)%00%(upstream:remotename)%00%(upstream:remoteref) refs/heads/main refs/remotes/main [6ms]
2023-11-30 17:26:31.763 [info] > git status -z -uall [3ms]
2023-11-30 17:26:31.985 [info] > git config --local branch.main.github-pr-owner-number [35ms]
2023-11-30 17:26:32.005 [info] > git config --get commit.template [24ms]
2023-11-30 17:26:32.009 [info] > git config --get commit.template [5ms]
2023-11-30 17:26:32.045 [info] > git for-each-ref --format=%(refname)%00%(upstream:short)%00%(objectname)%00%(upstream:track)%00%(upstream:remotename)%00%(upstream:remoteref) refs/heads/main refs/remotes/main [20ms]
2023-11-30 17:26:32.049 [info] > git for-each-ref --format=%(refname)%00%(upstream:short)%00%(objectname)%00%(upstream:track)%00%(upstream:remotename)%00%(upstream:remoteref) refs/heads/main refs/remotes/main [5ms]
2023-11-30 17:26:32.067 [info] > git status -z -uall [3ms]
2023-11-30 17:26:32.309 [info] > git show --textconv :src/multi_linear_regression.py [18ms]
2023-11-30 17:26:32.311 [info] > git ls-files --stage -- /home/main/Desktop/uni/oop/assignment_1_OOP/src/multi_linear_regression.py [5ms]
2023-11-30 17:26:32.326 [info] > git cat-file -s 234e75656e5d02a268febd85424376b1f2356e68 [2ms]
2023-11-30 17:26:35.341 [info] > git log --oneline --cherry main...main@{upstream} -- [2ms]
2023-11-30 17:26:35.842 [info] > git pull --tags origin main [475ms]
2023-11-30 17:26:35.842 [info] From https://github.com/lamalunderscore/assignment_1_OOP
 * branch            main       -> FETCH_HEAD
2023-11-30 17:26:37.088 [info] > git ls-files --stage -- /home/main/Desktop/uni/oop/assignment_1_OOP/src/multi_linear_regression.py [2ms]
2023-11-30 17:26:37.102 [info] > git cat-file -s 234e75656e5d02a268febd85424376b1f2356e68 [3ms]
2023-11-30 17:26:37.120 [info] > git show --textconv :src/multi_linear_regression.py [3ms]
2023-11-30 17:26:37.524 [info] > git push origin main:main [1668ms]
2023-11-30 17:26:37.524 [info] To https://github.com/lamalunderscore/assignment_1_OOP.git
   bbf231a..406a541  main -> main
2023-11-30 17:26:37.558 [info] > git config --get commit.template [16ms]
2023-11-30 17:26:37.559 [info] > git for-each-ref --format=%(refname)%00%(upstream:short)%00%(objectname)%00%(upstream:track)%00%(upstream:remotename)%00%(upstream:remoteref) refs/heads/main refs/remotes/main [2ms]
2023-11-30 17:26:37.574 [info] > git status -z -uall [2ms]
2023-11-30 17:26:37.747 [info] > git config --local branch.main.github-pr-owner-number [83ms]
2023-11-30 17:26:37.778 [info] > git config --get commit.template [16ms]
2023-11-30 17:26:37.779 [info] > git for-each-ref --format=%(refname)%00%(upstream:short)%00%(objectname)%00%(upstream:track)%00%(upstream:remotename)%00%(upstream:remoteref) refs/heads/main refs/remotes/main [3ms]
2023-11-30 17:26:37.796 [info] > git status -z -uall [2ms]
2023-11-30 17:26:38.655 [info] > git config --get commit.template [14ms]
2023-11-30 17:26:38.657 [info] > git for-each-ref --format=%(refname)%00%(upstream:short)%00%(objectname)%00%(upstream:track)%00%(upstream:remotename)%00%(upstream:remoteref) refs/heads/main refs/remotes/main [4ms]
2023-11-30 17:26:38.673 [info] > git status -z -uall [5ms]
2023-11-30 17:26:38.747 [info] > git ls-files --stage -- /home/main/Desktop/uni/oop/assignment_1_OOP/src/multi_linear_regression.py [2ms]
2023-11-30 17:26:38.761 [info] > git cat-file -s 234e75656e5d02a268febd85424376b1f2356e68 [1ms]
2023-11-30 17:26:38.782 [info] > git show --textconv :src/multi_linear_regression.py [3ms]
2023-11-30 17:27:23.071 [info] > git config --local branch.main.github-pr-owner-number [2ms]
2023-11-30 17:27:23.106 [info] > git config --get commit.template [19ms]
2023-11-30 17:27:23.108 [info] > git for-each-ref --format=%(refname)%00%(upstream:short)%00%(objectname)%00%(upstream:track)%00%(upstream:remotename)%00%(upstream:remoteref) refs/heads/main refs/remotes/main [3ms]
2023-11-30 17:27:23.127 [info] > git status -z -uall [4ms]
2023-11-30 17:32:23.158 [info] > git config --local branch.main.github-pr-owner-number [2ms]
2023-11-30 17:32:23.183 [info] > git config --get commit.template [12ms]
2023-11-30 17:32:23.184 [info] > git for-each-ref --format=%(refname)%00%(upstream:short)%00%(objectname)%00%(upstream:track)%00%(upstream:remotename)%00%(upstream:remoteref) refs/heads/main refs/remotes/main [2ms]
2023-11-30 17:32:23.197 [info] > git status -z -uall [3ms]
2023-11-30 17:37:23.217 [info] > git config --local branch.main.github-pr-owner-number [2ms]
2023-11-30 17:37:23.242 [info] > git config --get commit.template [13ms]
2023-11-30 17:37:23.243 [info] > git for-each-ref --format=%(refname)%00%(upstream:short)%00%(objectname)%00%(upstream:track)%00%(upstream:remotename)%00%(upstream:remoteref) refs/heads/main refs/remotes/main [2ms]
2023-11-30 17:37:23.255 [info] > git status -z -uall [2ms]
